avgspins2 = {{{{-0.006842879976636056, -0.01229429803132448, 
        0.9991645047410479}, {0.015451770278112677, 0.0016831290910549453, 
        -0.9838297485836217}, {-0.010913932308823433, 0.004273252732110136, 
        0.003421734570824642}}, {{0.507946979443713, 0.5261155870404379, 
        -0.0050846394152652685}, {0.49199355096536324, 0.48595310278430676, 
        -0.004031899180780396}, {0.9953949601154097, 0.9760616997802856, 
        -0.021586196945455296}}}, 
     {{{0.017397542565054443, 0.0034004554665294628, 0.9987904881232134}, 
       {-0.017262869147700664, -0.018345237466311233, -0.983488599412951}, 
       {-0.013972901169014004, 0.008957573248492176, 0.0034546020179857715}}, 
      {{0.5179013463961768, 0.5158376727108841, -0.004130125669025042}, 
       {0.5118387780129767, 0.4660121292435209, -0.0036591230311961986}, 
       {0.9959394323302486, 0.9745745776787407, -0.02078238824804807}}}, 
     {{{0.010471897054149498, -0.007857778826318045, 0.9974307256875911}, 
       {-0.003103431433641321, 0.016613473886915163, -0.9824312269032511}, 
       {0.0007408496377737754, 0.015125000085131195, 0.0037569919438966075}}, 
      {{0.5108782303341026, 0.5241621494611279, -0.0025742669546107155}, 
       {0.501745302404138, 0.47780247402196063, -0.0029283071337381505}, 
       {0.984448822485906, 0.9848831751919198, -0.019556334384791756}}}, 
     {{{-0.002710741971436115, -0.01170369045573793, 0.996541837562366}, 
       {0.008488535828115075, 0.0143261760757609, -0.9815426093816794}, 
       {0.0020199368088708388, 0.00222434030966428, 0.003757262547565554}}, 
      {{0.5217106785217559, 0.5135965273325716, -0.0010416002965892845}, 
       {0.4886206507233732, 0.4914317082025933, -0.0016792939355777525}, 
       {0.9867156290139358, 0.9816416806855752, -0.018361326400952702}}}, 
     {{{-0.006912643070682374, -0.007139143513670184, 0.9957994709801833}, 
       {0.00017068363477144798, -0.023999712305960715, -0.9805429392720457}, 
       {-0.0020951484585484447, 0.0028439129210153665, 
        0.0034999590201056957}}, {{0.5384407260895471, 0.4975456154026445, 
        -0.0001961037589706116}, {0.5022562761124799, 0.4781173929569436, 
        -0.00033776799926477086}, {0.9814395669848262, 0.9857354065876147, 
        -0.017180578750563634}}}, 
     {{{-0.01956640191292389, 0.003016155578222547, 0.994872803134836}, 
       {-0.006406505904633887, 0.016797345098142548, -0.9796576706074063}, 
       {0.0053409991460744485, -0.0038256028332138196, 
        0.003541358200813126}}, {{0.5175854432302547, 0.5188338661078723, 
        0.0009224160749593535}, {0.49853694860394226, 0.48289481675591023, 
        0.0005922963077500398}, {0.9543421597257241, 1.0119905956747928, 
        -0.01636928677887187}}}, 
     {{{-0.003001784891701779, 0.001539261126788334, 0.9940846063298601}, 
       {0.00576929197593659, -0.021316243122597174, -0.9792331407627273}, 
       {-0.006459852160304075, 0.003758918504301393, 0.0039050251611193027}}, 
      {{0.5332513303625442, 0.5039300495296101, 0.0021086108151174843}, 
       {0.48734024632934825, 0.4940609985003652, 0.0012900158266248019}, 
       {0.9879663854349402, 0.9775679780372026, -0.015586307971114198}}}, 
     {{{0.01595237010970499, -0.0011038479163753118, 0.9932257637482628}, 
       {-0.014731770519695153, 0.024898157034464352, -0.978642428872218}, 
       {0.005425124952390387, 0.007072662279520382, 0.00417315585220428}}, 
      {{0.5198370752486965, 0.5176924756014654, 0.0032229090577811093}, 
       {0.49811739326743043, 0.4830933942544135, 0.002287809887799641}, 
       {1.005388578175969, 0.9592929765300635, -0.014759238027029128}}}, 
     {{{0.013881679198210864, -0.004764102289723047, 0.9928537848869698}, 
       {0.03536019519471885, 0.005295670712344088, -0.9778287283941381}, 
       {0.0011840647135887823, 0.01566018772603568, 0.0037314342353990584}}, 
      {{0.5033975984074076, 0.5344501515824133, 0.0036837866818432152}, 
       {0.48634886467850513, 0.49510656383613005, 0.0031937877159426975}, 
       {0.9643969864901115, 0.9989424821291745, -0.013580826698167403}}}, 
     {{{-0.008134919654253217, -0.013485588914915761, 0.9925180047179343}, 
       {-0.02152502177444573, -0.04578355833510423, -0.9773532809252736}, 
       {0.011074449534699202, -0.0034219607729391657, 
        0.0035917669355710244}}, {{0.5273360101810614, 0.5110354884745361, 
        0.003794056222062192}, {0.48454664809399073, 0.4962718648344306, 
        0.0034792937286124426}, {0.9607229717388064, 1.0022489582954859, 
        -0.013099973433781964}}}, 
     {{{-0.006910778406642617, -0.01095937709358489, 0.9923920206216222}, 
       {-0.009047716048864986, 0.03825286523538273, -0.977108738143615}, 
       {0.006330750774497204, 0.009463989829353018, 0.0034732082502478634}}, 
      {{0.5188136852213944, 0.5200153722974643, 0.003666725708285301}, 
       {0.4819944253809498, 0.49999306965372514, 0.003802648816435439}, 
       {0.9875086601393247, 0.9747634067955754, -0.012394554695038676}}}, 
     {{{-0.0008861782117205084, -0.00576809888211443, 0.992732838702756}, 
       {0.008909391673272954, -0.011295586604899467, -0.9769113381399157}, 
       {0.015475830641693986, 0.00669600105968484, 0.0029349901654135532}}, 
      {{0.5184387357222825, 0.519774218520235, 0.003740050245627402}, 
       {0.4834496365945426, 0.5003501558412132, 0.003714316607082657}, 
       {0.9902271350927259, 0.9711545282903804, -0.011655375464756227}}}, 
     {{{-0.0009103184136208881, 0.00815501585272594, 0.9926920992143803}, 
       {-0.005032387239426338, -0.006921558407083983, -0.9768844025498696}, 
       {-0.007482206134261334, 0.002484727557927357, 0.002948794063716731}}, 
      {{0.5195565848340666, 0.5193154194742547, 0.0031286260793738085}, 
       {0.4962260436836644, 0.48720166173663704, 0.004272828302608445}, 
       {0.996946784917992, 0.9643489617864056, -0.011347327799624912}}}, 
     {{{0.009971082786876917, -0.005023346625175144, 0.9925958565509794}, 
       {0.0025195496870456875, 0.02880860675189911, -0.9768068822731456}, 
       {0.014885620118903823, 0.01413866053056592, 0.0029675164504225633}}, 
      {{0.5189577516186942, 0.5204369802408815, 0.0027396464712000634}, 
       {0.48757905308112226, 0.49501687877881856, 0.004493069330801069}, 
       {0.968499450664308, 0.992116925409896, -0.011027380638531382}}}, 
     {{{0.0059185009251139864, -0.009134305454688465, 0.9926661794121605}, 
       {0.005442488933691298, -0.022318858029980883, -0.9771019153084266}, 
       {0.02251140874567806, -0.011592358412480836, 0.0031922266245151443}}, 
      {{0.5169937265837586, 0.5223675529707423, 0.0026396845279081926}, 
       {0.49102802988435035, 0.49174721637848673, 0.00404589797581989}, 
       {0.9878698936654671, 0.972322718667405, -0.01082461927337354}}}, 
     {{{-0.0035031747279672563, 0.00008210100134976739, 0.9923544830144085}, 
       {-0.0005979617214571919, 0.006226902083793174, -0.9771711724936971}, 
       {-0.012863288661499894, -0.0027487100232597523, 
        0.0035731802075428913}}, {{0.5170771839270911, 0.5233792745533541, 
        0.002269411744818872}, {0.50441046619359, 0.47933814333268027, 
        0.003425858576454943}, {0.981536572064997, 0.9788973573718107, 
        -0.010600400359332136}}}, 
     {{{-0.009766200496307007, 0.005269785126356789, 0.9926161255102267}, 
       {-0.00647150869053047, -0.006509542668822556, -0.9775524104794421}, 
       {-0.0001734120543563792, 0.0189879242740622, 0.0036927756974674715}}, 
      {{0.5329133576308122, 0.5073401342427345, 0.0018421576044285182}, 
       {0.48248833614190845, 0.501183270981855, 0.0027125791919059283}, 
       {0.9786258854241882, 0.9814137345224443, -0.010394469835005792}}}, 
     {{{-0.015333867550934365, 0.01668363516397415, 0.9928231855266277}, 
       {0.018747038965060258, 0.008403829253303342, -0.9777951141024861}, 
       {0.03706654361683839, 0.0030871769518635572, 0.0037284193040836777}}, 
      {{0.5047120382608413, 0.5351268325497897, 0.0014553479558288007}, 
       {0.48525833932788714, 0.49771872990937355, 0.0025948044647797763}, 
       {0.9833143915760633, 0.9754933078405833, -0.010185719298524775}}}, 
     {{{-0.00008361269972462809, 0.024479860630691727, 0.9931777991055872}, 
       {-0.005791487230704182, -0.017135525245259912, -0.9777638202308541}, 
       {-0.007227118148129935, -0.013960657310132466, 0.003342511853514421}}, 
      {{0.529523914122146, 0.5100593342468424, 0.0009209186741676589}, 
       {0.47966488820871933, 0.5034832312993968, 0.0025799336433907083}, 
       {0.971810206921274, 0.9879593382998646, -0.010008453244051965}}}, 
     {{{-0.0008398133152642688, 0.0031579135212825692, 0.9932716380232136}, 
       {0.0019026382085362127, 0.005325411143999348, -0.9776520742889719}, 
       {-0.008132670735268414, 0.03653610223009189, 0.0031369269940059053}}, 
      {{0.514423711186525, 0.5260405802794145, 0.0004420568750563847}, 
       {0.5036324564803254, 0.4802716972910892, 0.0023376778906303297}, 
       {0.9788408943301236, 0.9801366291157649, -0.010369010616659152}}}, 
     {{{-0.004399198147947151, 0.0013755603236973593, 0.9938899030941662}, 
       {0.01136611887445068, -0.006318098581777195, -0.9779263670898447}, 
       {0.025596737672572974, 0.0005071285245585008, 0.0027929547239479687}}, 
      {{0.5112649933755264, 0.5285134042769598, -0.00011121394927104955}, 
       {0.49747454611029307, 0.48608513882769505, 0.0020086833483257127}, 
       {0.9943939012980858, 0.9656339802626498, -0.010671707530652521}}}, 
     {{{0.003269660294024234, -0.00024151885069617052, 0.9940030222104939}, 
       {-0.017749780767142377, -0.0021384795035106073, -0.9781071901868906}, 
       {-0.018126903722261622, 0.01268561504179274, 0.0028606587046450457}}, 
      {{0.5197563739775625, 0.519892284215496, -0.00019584415725171223}, 
       {0.48295379174546166, 0.5001686053271971, 0.001941807801434936}, 
       {0.9628269281641615, 0.9978763396209792, -0.011181500643361918}}}, 
     {{{0.001236443879536251, -0.006040465947884499, 0.9942877058725125}, 
       {0.0002603881127618766, 0.0017629484964661415, -0.9782324349784007}, 
       {0.025980032390242106, 0.02109695405864908, 0.0027012198341326305}}, 
      {{0.5238320104825168, 0.5151944028854781, -0.00016689009159753798}, 
       {0.49297691183555004, 0.4906495168941226, 0.0015092536785727972}, 
       {1.0009509409488793, 0.9597807276547394, -0.011839533720133098}}}, 
     {{{-0.004234895726389136, 0.007895256388185258, 0.9946517198430737}, 
       {0.010915751547306413, -0.016002631095333397, -0.978461965575738}, 
       {-0.01091854401435957, -0.01511458375488556, 0.0025667364609211194}}, 
      {{0.5357043007678979, 0.5030102519465505, -0.0006213013544154045}, 
       {0.49650709232786766, 0.4859835345296567, 0.0018239686787548948}, 
       {0.9951186210095229, 0.9667279056756594, -0.012181301937179648}}}, 
     {{{0.003800443260885437, 0.020386181317333215, 0.9948734968186906}, 
       {-0.019850396333069103, 0.01403913258462017, -0.978314159497656}, 
       {-0.008739282130843233, 0.017543623767214443, 0.002197153407228634}}, 
      {{0.5151211218337267, 0.5234382393716607, -0.001257101066035493}, 
       {0.5038959699860521, 0.4792191499137999, 0.0012728895242111182}, 
       {0.9705832345356059, 0.9912075305609827, -0.012160255213662222}}}, 
     {{{0.011889297813012942, 0.009066163323577639, 0.9952467565044053}, 
       {0.011151462480231833, 0.00902253507533713, -0.9783964306001866}, 
       {0.012275702222080595, 0.007727921658988436, 0.0019061648240120336}}, 
      {{0.5318246312187643, 0.5064843434046926, -0.0015430511048152296}, 
       {0.4802837822206916, 0.5032665459334459, 0.001062111424662504}, 
       {0.9842959616047406, 0.9772383422645677, -0.01172883706079119}}}, 
     {{{0.024259719846329783, 0.023311964160630368, 0.9949654697873319}, 
       {0.006654340152309976, -0.013705136307595572, -0.9785239215682743}, 
       {0.024441282028047507, 0.006778350796728229, 0.002314942509186446}}, 
      {{0.5179109320121913, 0.5198195296176368, -0.0013131412045307433}, 
       {0.47968753015430055, 0.5037343753070676, 0.0009147885207416717}, 
       {0.9850841216580818, 0.9763147186279915, -0.012027959233329097}}}, 
     {{{0.03288638634389238, 0.014547286847423301, 0.994769852647476}, 
       {-0.013648099766648639, 0.013235506618408412, -0.9792308095105696}, 
       {0.00294519648552196, -0.029542149135932876, 0.003217447591343842}}, 
      {{0.5068146900139845, 0.5313456098429832, -0.0015149348256061623}, 
       {0.501078878209205, 0.4809296750509582, 0.0008149619481616632}, 
       {0.9723079540203236, 0.989113965021314, -0.01229411778053722}}}, 
     {{{0.020281837430097295, -0.01777035228595579, 0.9944824798609241}, 
       {0.0034482188942470114, 0.005673386278383567, -0.979236652397552}, 
       {-0.0040247604125941095, -0.012675502485561697, 
        0.0035106632648826907}}, {{0.5158729895054235, 0.5231332470556991, 
        -0.0012232084069335736}, {0.4773805101029822, 0.5049809692940233, 
        0.0007680063903561241}, {1.0103209215044504, 0.952023282598477, 
        -0.012513815955634892}}}, 
     {{{0.0019411355785765097, -0.017973549090716284, 0.9945609674512297}, 
       {0.0068058740609034255, 0.0020579124770107376, -0.9792635730792729}, 
       {-0.023021927552248172, -0.0073783085581091675, 
        0.0034590963563044617}}, {{0.5293384424908473, 0.5096896744963952, 
        -0.001000887518990079}, {0.5022005839068225, 0.4804220547619864, 
        0.00044769008410960875}, {0.9831224966677714, 0.9790613425960197, 
        -0.012760656708263885}}}, 
     {{{-0.004048863969191355, -0.00963386508792229, 0.9952270361634159}, 
       {0.0013655964188077137, 0.004359442703169544, -0.9794800502007359}, 
       {-0.008572067207052537, -0.010760861510911868, 
        0.0030095047655866376}}, {{0.5288853228861139, 0.5091689697127606, 
        -0.001134781641465632}, {0.5022041733614997, 0.4807366219232689, 
        -0.0002647052931843419}, {0.974283426503617, 0.9885222597585843, 
        -0.012984401021944963}}}, 
     {{{0.002530666186342795, -0.020133855814231175, 0.9953790579202914}, 
       {0.029602000874779606, -0.007487282474147693, -0.9797012279552624}, 
       {-0.026288443987951687, -0.003941674946391385, 
        0.0030786607632191402}}, {{0.5329602291510214, 0.5047000721514314, 
        -0.0013459746466062406}, {0.49603642156592204, 0.48595289408640374, 
        -0.0006579503591577218}, {0.9817746736827904, 0.980738347644184, 
        -0.013209469932414316}}}, 
     {{{-0.012791113706275444, -0.020594926050556267, 0.9952819763581765}, 
       {-0.03604512151650608, -0.024668818656020906, -0.9799041656440046}, 
       {0.01147762157195982, 0.020932049109976533, 0.003378680014080195}}, 
      {{0.5163246199502614, 0.5209855945531008, -0.0009786198371216637}, 
       {0.4841488540238864, 0.4965375695961355, -0.0007280898731427676}, 
       {0.9832878927136225, 0.9797792150206555, -0.013628778493990327}}}, 
     {{{-0.016829399104244896, -0.014876553552503656, 0.9948957242682563}, 
       {0.0037474373438600994, 0.014973751198937825, -0.9797861835053221}, 
       {0.010034018152980854, -0.011418325474141471, 0.0036469499653186375}}, 
      {{0.5246194029473783, 0.513045923897442, -0.0004817993821923938}, 
       {0.4883500286859886, 0.49386283423650035, -0.0003537501690736855}, 
       {0.9635739738698009, 0.9997672013095565, -0.013565870446232309}}}, 
     {{{-0.003291902854181737, -0.005337114868576489, 0.9948902754357938}, 
       {-0.002213123494774619, 0.005540263305106063, -0.9797141747850997}, 
       {0.0030201244159615997, -0.006949456675737484, 0.003580390077559086}}, 
      {{0.49830727367559, 0.5396464615841974, -0.000294149773823027}, 
       {0.4924060548744221, 0.4899669778183298, -0.00017004713749835254}, 
       {0.9990630143634103, 0.9645832388460065, -0.013696815079243236}}}, 
     {{{0.004493687657029432, -0.011892945222123625, 0.99495901045123}, 
       {0.0004074465078958145, -0.007659888828433625, -0.9794647474934944}, 
       {0.00009900713156200601, -0.0019173988195518678, 
        0.003262227770508623}}, {{0.5006112535207563, 0.5368950716226761, 
        -0.00010582539327796958}, {0.49914211684120297, 0.4834612797757921, 
        0.00006507881392181503}, {0.9728269562274002, 0.9909753791885729, 
        -0.013796973710398565}}}, 
     {{{0.008230727980099727, -0.007209993061767684, 0.9950581411776168}, 
       {0.003290434796213435, 0.0006637040944222522, -0.9794508984808674}, 
       {-0.016887553076287528, -0.006837132713829664, 0.00314924803147357}}, 
      {{0.5136439690886911, 0.5237631519836863, -0.000161981937662925}, 
       {0.4901950710149598, 0.49239484621752816, 0.00015330676532798737}, 
       {0.9983208462004378, 0.9652623524799234, -0.013905355479121142}}}, 
     {{{0.014357746022199467, -0.002604438554894978, 0.9949857943028404}, 
       {-0.007560059070617085, -0.009169466823850942, -0.9792874520825905}, 
       {0.0008083516559061957, -0.0015016471735153757, 
        0.0030581485080058636}}, {{0.5200022470545154, 0.5173563941461954, 
        -0.00006272173929267044}, {0.49540767352822046, 0.48727215011660896, 
        0.00025369370680428105}, {0.9935033244794408, 0.9710429029769374, 
        -0.014538745249190656}}}, 
     {{{0.00469703395021088, -0.0031900543491326224, 0.995136473412402}, 
       {-0.0018397206878302775, 0.004934295893777019, -0.9791696192871789}, 
       {-0.007703775624342382, -0.012623782577883873, 0.002789636603031189}}, 
      {{0.5360960624502971, 0.5016192692865451, -0.000538608279170294}, 
       {0.4889000743806619, 0.49374754799222487, 0.0006301754988352615}, 
       {0.9978261256600003, 0.9663081105194782, -0.01434098138653562}}}, 
     {{{-0.010963768320208568, 0.002344854371364474, 0.9952701872953191}, 
       {0.0032804035006692616, 0.004319197341637851, -0.9791518749662153}, 
       {-0.026453990947381566, 0.0020223420950134206, 0.002638178399140399}}, 
      {{0.512808570132328, 0.5247768880940624, -0.0007683284329392803}, 
       {0.48287200293638793, 0.49911458066876657, 0.0013243729320493447}, 
       {0.9740073962207323, 0.9893864111970705, -0.014084903828618505}}}, 
     {{{-0.008128825274323357, -0.0011660822767936996, 0.9949845397892106}, 
       {-0.0033779877981330196, -0.012095873172738561, -0.9788681688507744}, 
       {0.006057325982918998, 0.04081634496727489, 0.002640119789802082}}, 
      {{0.5212385732864067, 0.5168935555252929, -0.0006882229429489017}, 
       {0.48601247615186643, 0.49602503753180094, 0.001700739182441846}, 
       {0.995405836681283, 0.967001439679034, -0.014097109988066757}}}, 
     {{{-0.0178078596670292, 0.002149097520261559, 0.9950681184918955}, 
       {-0.00268755720823961, 0.006134832928241443, -0.978843974308896}, 
       {0.011309127126499771, -0.011843757832131029, 0.0025323465452656772}}, 
      {{0.5301079101526813, 0.5075786272703463, -0.000663276778753108}, 
       {0.49924250657232205, 0.4831832156468115, 0.0014727357906293426}, 
       {0.9925512323578884, 0.9711031273215278, -0.013909149759430977}}}, 
     {{{-0.01404726947325568, 0.010737910419195862, 0.995401045056206}, 
       {0.007673074341083397, -0.005568172937879416, -0.9789934016105764}, 
       {-0.01224522199606286, 0.00385336077843281, 0.002348847282634691}}, 
      {{0.5116208899880901, 0.5258964754596176, -0.0011476632849902746}, 
       {0.5085057127806756, 0.4736687473911829, 0.0013865265245288638}, 
       {0.9766813504861027, 0.9866589901028155, -0.013490829658770905}}}, 
     {{{-0.006239542253942445, 0.007859428787892727, 0.9953209748720809}, 
       {-0.01773537410115915, 0.0057626424592054516, -0.9787732461218261}, 
       {-0.000685576696296199, -0.02217190657140727, 0.0022087619779782245}}, 
      {{0.5130211495750949, 0.5247033785068688, -0.000983501324499314}, 
       {0.5012313131482614, 0.48110092354745654, 0.0014019901690091041}, 
       {1.0018723948077006, 0.9613217445911488, -0.01367122734796507}}}, 
     {{{-0.002166399590039795, -0.0005455642860089623, 0.9947986708249431}, 
       {0.013624384281167882, -0.001109986825623092, -0.9786364280155474}, 
       {-0.003390830839588109, 0.015815395356453345, 0.0025942479188581233}}, 
      {{0.5167017474262218, 0.5214669222662129, -0.0002924709145245563}, 
       {0.5026090771714359, 0.47985119020737804, 0.0017027118558744503}, 
       {0.9756049424908438, 0.9878516700164323, -0.013705099028385404}}}, 
     {{{-0.0026974170765542375, 0.006307146293715563, 0.9948155713248035}, 
       {0.008608841215944157, 0.00818963411900018, -0.9789124757547809}, 
       {0.006345113215726992, -0.012910147933179503, 0.0028533951582191083}}, 
      {{0.5288673155585414, 0.5089947809586228, -0.0000615946018543978}, 
       {0.48653328568605053, 0.49553629652075487, 0.0015987774832856294}, 
       {0.9736450841083463, 0.9901282930677341, -0.013968591290448546}}}, 
     {{{-0.0012279457612023523, 0.032421230789220136, 0.9950608307734407}, 
       {0.0025332744683960674, -0.0009735847022461983, -0.9791522518419962}, 
       {-0.028452158290634414, 0.002446413023019563, 0.002847911796817077}}, 
      {{0.5284242992748573, 0.5082582408588957, -0.0003756767771103675}, 
       {0.48662660629258747, 0.49564087961569886, 0.0010652501480555854}, 
       {0.9831923290545663, 0.9801722601123654, -0.014168338495510493}}}, 
     {{{0.013225044609198405, 0.02624687168709556, 0.9953166662330712}, 
       {-0.01020619251137872, -0.027951223874695664, -0.978906251435334}, 
       {-0.007977978386612778, 0.02165866971410649, 0.002346075930509108}}, 
      {{0.5121830749751217, 0.5240893685794649, -0.0002859335569603827}, 
       {0.47598846752190005, 0.5064042747769594, 0.0005437045328037238}, 
       {0.9867785283037621, 0.976803198745963, -0.01410006524008533}}}, 
     {{{0.0052417818551959644, -0.0021790361109964205, 0.9951106440560381}, 
       {0.0025861177727805554, 0.02357380729648738, -0.9788806065902148}, 
       {0.01136583747570041, 0.01426845339379871, 0.0025264532624397736}}, 
      {{0.5276028985190513, 0.5102403967352068, -0.0006151377071543784}, 
       {0.4983091147679368, 0.4839279913605782, 0.001072653721090333}, 
       {0.980628141560343, 0.9825461651864674, -0.01349352624530098}}}, 
     {{{-0.0151469392987255, -0.0036072316268684103, 0.9949468040326063}, 
       {0.0005718506269139076, -0.01472479582892321, -0.9786915934732404}, 
       {-0.0007989492337800067, 0.0009106638063350078, 
        0.002501280168875906}}, {{0.5102918984654705, 0.5275545570951335, 
        -0.0005024573935514809}, {0.49728079034490974, 0.4858149829130953, 
        0.0009293106121714967}, {0.9744201846947175, 0.9891479585279251, 
        -0.013555903746465538}}}, 
     {{{-0.019694510693656773, 0.009440985142094854, 0.9948060220634787}, 
       {-0.005654214372104668, -0.01014888054442469, -0.9785023451250606}, 
       {0.00868602062157749, 0.008714905598234035, 0.0024528137898436743}}, 
      {{0.5218603262711848, 0.5162370246331055, -0.0007077968978600468}, 
       {0.47201535519253707, 0.5108625257548994, 0.0015998481085650607}, 
       {1.0075543544873007, 0.9557493827683821, -0.013441177776883502}}}, 
     {{{0.0073897923114030675, 0.013022944491479026, 0.9949689508404141}, 
       {-0.004507612772482931, 0.025138286046854814, -0.9787897626633676}, 
       {0.020020233865278122, -0.010635455679292171, 0.0025773025511997374}}, 
      {{0.5229822484214611, 0.5150868375678836, -0.0007509398309039073}, 
       {0.5045015919179487, 0.4770840778247102, 0.0018122546246406301}, 
       {0.9861779742427874, 0.9766212767753754, -0.01329983341263654}}}, 
     {{{0.012569506465717032, -0.006049738890744636, 0.995151749532227}, 
       {0.01580439589334795, -0.01640711224891153, -0.9788357147414395}, 
       {-0.023222668677877065, -0.02427096757908607, 0.00244045593744603}}, 
      {{0.5166286523693258, 0.5214986857091232, -0.0011433432800861398}, 
       {0.495842103524305, 0.4858968047134689, 0.0017023943755225535}, 
       {0.9728573666987873, 0.99001169372011, -0.013983379625043726}}}, 
     {{{-0.00968925964984172, -0.005745755888406271, 0.9951664259100566}, 
       {-0.019599748146041217, 0.012403879071979242, -0.9786765933010401}, 
       {-0.026442340898949587, 0.012704094745958246, 0.002266658119244471}}, 
      {{0.5221529596393573, 0.5159786296847692, -0.001109128507120083}, 
       {0.480843319078599, 0.5008544375275567, 0.0020361168304824373}, 
       {0.9711671976347142, 0.9921241982458966, -0.014137074108979299}}}, 
     {{{-0.022472550734687166, 0.0038242968582960146, 0.9949241547251026}, 
       {0.012792021755161864, 0.0007824720303023168, -0.9786270859143048}, 
       {0.0018195833120254615, 0.02176883582995707, 0.0024594219174417873}}, 
      {{0.5105758936307038, 0.5274214424536713, -0.0008854707397835115}, 
       {0.4802084194690597, 0.5016848454282904, 0.0023113092559885473}, 
       {0.9819891464927222, 0.9814744196689469, -0.013926756659774992}}}, 
     {{{-0.0025912499834418526, 0.011221177822267643, 0.995002508026375}, 
       {-0.002699088115920968, -0.010897550035032566, -0.9787064902225653}, 
       {0.0071777421628007095, -0.020987724549932047, 0.002460472924431681}}, 
      {{0.5198030684830798, 0.5179692544331442, -0.00042935256537901534}, 
       {0.48949108783447715, 0.49204001218419163, 0.0025563712534076855}, 
       {0.9876329470725084, 0.9760325755337282, -0.014143492498358778}}}, 
     {{{0.005817536141527931, 0.003426227386804038, 0.9950188311540262}, 
       {-0.008038148832699014, 0.021204952013863684, -0.9783413801063762}, 
       {-0.00786637687142722, -0.011328506981386098, 0.0020790396805968163}}, 
      {{0.5298576005143103, 0.5079570318110905, -0.00041710595078336965}, 
       {0.4945479471705083, 0.48670307786814626, 0.0031628067767818235}, 
       {0.9825570547196307, 0.9813686357960187, -0.014100145351812234}}}, 
     {{{0.001892827914518785, 0.02448330461672391, 0.9947503915505336}, 
       {0.015239914031781904, -0.0027896758761934456, -0.978065944609004}, 
       {0.0005755042181905519, -0.014371515740310892, 
        0.0020720437867180136}}, {{0.5373862439963678, 0.5002541512256994, 
        -0.0002661701064092803}, {0.49728096073489864, 0.48427782940906094, 
        0.0036681887413565484}, {0.9721858764398863, 0.991734431663057, 
        -0.01411138925197846}}}, 
     {{{0.009493744748689454, 0.025160588470849676, 0.9940755438530404}, 
       {-0.015441022903683073, -0.011180773446113866, -0.9779140323862999}, 
       {-0.0276986772422337, -0.009743575554115407, 0.002594979261523888}}, 
      {{0.509327122589216, 0.5285866777372337, 0.0006824027679948053}, 
       {0.4977467953486372, 0.4836398528845562, 0.004014146405470154}, 
       {0.9806819352186863, 0.9823668608323267, -0.013897538415193374}}}, 
     {{{0.015805161105151018, 0.0033690837135350424, 0.993653821132307}, 
       {-0.0014528259854894056, -0.003910761470546494, -0.9776844536452003}, 
       {-0.007730674084826266, 0.019903570062520793, 0.0027871232411408385}}, 
      {{0.5214177023240165, 0.5169776804860702, 0.0015011270773784835}, 
       {0.4864606312773897, 0.4955581084180984, 0.00417711191815906}, 
       {0.9976358126044054, 0.965909852971748, -0.013989214120519577}}}, 
     {{{0.003639171494589746, -0.004853631928891934, 0.9933123605541045}, 
       {0.0015107281765640798, 0.013507071176440325, -0.9776915911535042}, 
       {0.007009488412587481, 0.02998843702841026, 0.0031357213276427868}}, 
      {{0.5182108537408657, 0.520749776996336, 0.0018386993169664523}, 
       {0.489872612088275, 0.4920598322076266, 0.004082204870600181}, 
       {0.9817181025931497, 0.9810246967364208, -0.013680910479117805}}}, 
     {{{-0.006629442378163208, 0.00575266245736532, 0.9932304532843916}, 
       {-0.0011219274660020544, -0.0031485233276270517, -0.9782065810018626}, 
       {0.020971619969720166, -0.007569123734050416, 0.003732618445742227}}, 
      {{0.519428358996542, 0.519432952401401, 0.0020604910181625247}, 
       {0.48770774211442175, 0.49368766945380665, 0.0037855800507475834}, 
       {0.9763493078602736, 0.9869614634022535, -0.013801633584970288}}}, 
     {{{0.005073656940596876, 0.016078211943970227, 0.9935365674119915}, 
       {-0.009031854727688575, -0.018483168459141813, -0.978326184266172}, 
       {0.0017316487204589936, -0.014900782135261354, 0.003546107582425564}}, 
      {{0.5231478444883144, 0.5153089576971163, 0.0016496057948531817}, 
       {0.5059295086375422, 0.47519847286845446, 0.0034070104163990145}, 
       {0.9769537856750853, 0.9867509038071318, -0.013922095956638432}}}, 
     {{{0.00014617713912491061, 0.006705042591424753, 0.9937131217679185}, 
       {-0.006796837642082582, 0.0181945629850088, -0.9785772841812497}, 
       {0.0019093298749961291, -0.0035233897577178364, 
        0.0036206531415830375}}, {{0.5177777779099085, 0.5208123788450703, 
        0.0014046804572598326}, {0.4847302506237739, 0.496465851565564, 
        0.002893531799776361}, {0.9770626043587843, 0.9867466537996616, 
        -0.013818233976371356}}}, 
     {{{-0.026739632929318396, 0.009358844891848336, 0.9938889764370171}, 
       {0.009512568675000102, 0.005618580234266011, -0.9787486019295155}, 
       {0.00840574640240358, -0.028967211254447373, 0.0036161162207445966}}, 
      {{0.5215308982938729, 0.5159753335310809, 0.0013814589955666312}, 
       {0.494834563520716, 0.48668894311574196, 0.002486089068414854}, 
       {0.9917606114343372, 0.971480597496865, -0.014143782915551018}}}, 
     {{{-0.017122096928197644, 0.000057463206417673504, 0.9937928677555633}, 
       {-0.00841851078507166, -0.01213959681151898, -0.9783540307946985}, 
       {-0.03991911820720522, -0.0005200032498564645, 0.003317653767358188}}, 
      {{0.5226300311423362, 0.5156974231381422, 0.0012606882674727204}, 
       {0.4777771066405409, 0.5041184023112188, 0.002790180607331272}, 
       {0.9621010180501258, 1.0008207195459309, -0.014506282818401437}}}, 
     {{{-0.0012954733687204182, 0.0007768854884740374, 0.9938055056648053}, 
       {-0.0208884714947925, 0.01076680004833176, -0.9784876101752363}, 
       {0.007799019077628028, 0.031466363562397785, 0.0034385952386607604}}, 
      {{0.5213782250586961, 0.5172495718958292, 0.0012261269376521167}, 
       {0.4950705394064104, 0.48650580813926037, 0.00251403480611867}, 
       {0.9777270805203553, 0.985053487101847, -0.013823062406329925}}}, 
     {{{-0.0024078224617906634, -0.0014313500103854254, 0.9936653933725084}, 
       {0.02705929850285713, 0.004792777459810697, -0.9786382707927647}, 
       {-0.010757587858720868, 0.010199537202209438, 0.003729368148484714}}, 
      {{0.5197349313680552, 0.5191491562658109, 0.0012427311068337055}, 
       {0.4792289322577047, 0.5021238201116428, 0.0022399125153820254}, 
       {0.971095800312066, 0.9921218135878812, -0.013430987500659818}}}, 
     {{{-0.014954539761515093, 0.011740412532087597, 0.9937684238973833}, 
       {-0.0159048037312346, -0.017387199369360926, -0.9783959360609517}, 
       {0.014033126305853754, 0.007122664378490113, 0.00338400289180294}}, 
      {{0.5274202884759323, 0.511140087604522, 0.0010080460129887614}, 
       {0.48376695864683267, 0.4981758548974723, 0.002324058200261492}, 
       {0.9916335566011256, 0.9715390896798385, -0.01341146041295077}}}, 
     {{{-0.0023916261037516063, 0.01195712748084125, 0.9939426760065156}, 
       {0.0181209808350509, 0.02202331121236626, -0.9782630196766948}, 
       {-0.015073937819183236, 0.0034425251498086786, 0.003076834398428507}}, 
      {{0.5066028014541314, 0.5313303681920444, 0.0015016867078092577}, 
       {0.5072177893421734, 0.4747929421630468, 0.0022581465608925155}, 
       {0.9796304907928576, 0.9833753263820105, -0.013234049632807278}}}, 
     {{{0.0070724865357677654, -0.007363849246708005, 0.9939042797414513}, 
       {-0.0015868802118678468, -0.009714675046087078, -0.9783671261914845}, 
       {-0.0077709305974206395, -0.0017169062734602248, 
        0.0032193371782696847}}, {{0.5040713148608499, 0.5341582319945188, 
        0.0013260646004080723}, {0.48180959503464316, 0.5005649719507842, 
        0.002407186267402439}, {0.9933987930907802, 0.9702188448555428, 
        -0.013671015029344672}}}, 
     {{{0.007787593876575523, -0.009589954801254932, 0.9939990297777034}, 
       {-0.008737309365818662, -0.00031298174789033873, -0.9783848772863627}, 
       {-0.011795741516849213, 0.007661166700848212, 0.003142338236904572}}, 
      {{0.5217225237751304, 0.5164527723096483, 0.0011436050955573318}, 
       {0.4896759232341054, 0.49280819386884667, 0.002283450999908676}, 
       {0.9673074202500737, 0.9960664397464786, -0.01356121166114322}}}, 
     {{{0.002303310022385608, 0.01229093675661069, 0.9943613282635655}, 
       {0.008190930534602207, -0.0022542136101003996, -0.9786376463433013}, 
       {0.01818147319244912, 0.01332812957783778, 0.003032808807970961}}, 
      {{0.5284294181379119, 0.5095639970057027, 0.000601351401449679}, 
       {0.5060087003546019, 0.47609507959796066, 0.002173462156255579}, 
       {0.9803814076526096, 0.9829824165804966, -0.01386087069380233}}}, 
     {{{0.023552763548298092, 0.015317331237582093, 0.9946859057328467}, 
       {0.004253255965012604, -0.000133723174365941, -0.9788395198357448}, 
       {-0.0015099304148202728, -0.033097606644710835, 
        0.002910104831152065}}, {{0.5336950817295252, 0.5032047858425678, 
        0.0004163013560732898}, {0.4778990646475627, 0.5043726734837505, 
        0.0016644483882942707}, {0.9884358305338372, 0.9743145268168151, 
        -0.013836194860567856}}}, 
     {{{0.014629480874313153, 0.0027270380235313455, 0.994482973634413}, 
       {0.00274720161789543, 0.0025534155584737072, -0.9786649364816506}, 
       {-0.01256812091595861, 0.00972890394968201, 0.002938453575466585}}, 
      {{0.5218984228075112, 0.5162940621950741, 0.0000952569148650051}, 
       {0.4848692557796853, 0.4975649508052474, 0.0018478374236441386}, 
       {0.9674424134866519, 0.9959557333439677, -0.01363897920061949}}}, 
     {{{0.00015694877178781244, -0.0054045838187727615, 0.9943780809164456}, 
       {-0.0032280834752827408, -0.007421431426456017, -0.9786806954116785}, 
       {0.0035318880097744217, -0.012767021930203546, 
        0.0030591052234830445}}, {{0.525410302184757, 0.512795177184528, 
        0.00048310313805122185}, {0.48533672681024437, 0.4967196203245122, 
        0.002143493085459469}, {1.002565689916427, 0.9612094513130824, 
        -0.013939536958366089}}}, 
     {{{-0.003879773448462325, -0.004444477346438164, 0.9942729177530434}, 
       {0.009166372286044893, 0.010634967343634049, -0.978558039812267}, 
       {-0.019158395686700164, 0.014400694650789761, 0.003041612787452433}}, 
      {{0.530747813566954, 0.507356519316099, 0.0007878061026653782}, 
       {0.5064583593054836, 0.4756761712311128, 0.002173834071150238}, 
       {0.9863603955181671, 0.9768770376621858, -0.013800677197149495}}}, 
     {{{-0.0076092055410902585, -0.013427758972542876, 0.9946139651907138}, 
       {-0.003045021768700338, 0.00013164449605042024, -0.978346820963492}, 
       {0.012696513808847424, 0.0005199080645286171, 0.0024893465010109557}}, 
      {{0.5088527515330968, 0.528033952246744, 0.0011237320601792389}, 
       {0.5105396176596235, 0.47204011921423616, 0.002329833573615825}, 
       {0.980917324754321, 0.9831302547300704, -0.014194773762939504}}}, 
     {{{-0.014742020134698865, -0.00956901206822766, 0.9945862900361319}, 
       {-0.00901301666024985, -0.003922635776624201, -0.9781185632552809}, 
       {-0.017350515137938272, -0.0036396893714670648, 
        0.002288763947415452}}, {{0.5279978714974933, 0.508579448095088, 
        0.0014174741419217263}, {0.48473439235557714, 0.4977275091957328, 
        0.002806986363835029}, {0.9780911105389448, 0.9861672198633459, 
        -0.014557369712760665}}}, 
     {{{-0.007168701321963186, 0.006838790428903678, 0.9942462624794179}, 
       {-0.0030436744398982794, 0.015280376836786977, -0.9777151809392512}, 
       {0.002090112817187758, -0.0008628065546457827, 0.002225409188083768}}, 
      {{0.5245592232434515, 0.5125374525555427, 0.0017851177016857678}, 
       {0.4702961619518115, 0.5120470828305075, 0.003568514016340285}, 
       {0.9868306914420618, 0.9775838427132045, -0.014404119274349095}}}, 
     {{{0.0070518565530622275, 0.005770039382364632, 0.9940936801347112}, 
       {-0.010342608715309431, 0.01602711934946459, -0.9776888287345087}, 
       {-0.015256035321331813, 0.0031938661450717945, 
        0.0023516393280413267}}, {{0.5211193596133286, 0.5161795741740762, 
        0.0019013824449342076}, {0.5101274195366124, 0.4718717714409511, 
        0.003843128210604063}, {0.9756083782216538, 0.9884362138887919, 
        -0.014272542397046823}}}, 
     {{{0.002990785706201978, 0.011393993761904435, 0.9940435300292485}, 
       {0.025746509773790206, -0.01037605031686411, -0.9776675089620215}, 
       {-0.0009986026089321438, 0.009595022662962851, 
        0.0023804696610163715}}, {{0.5310726774829287, 0.5061215492409805, 
        0.0020500619833315747}, {0.48062611069512556, 0.5007652096009388, 
        0.004086040276751857}, {0.9834551628378274, 0.980543288079111, 
        -0.014076627557579394}}}, 
     {{{-0.0016473614405033874, 0.01148175267282141, 0.9936889455772476}, 
       {-0.016808987659075705, -0.004844297599344486, -0.9774207707693483}, 
       {0.01052403301116564, -0.005941838146415208, 0.0024883159203471458}}, 
      {{0.5061857347496942, 0.5316345757430262, 0.0021329988855276483}, 
       {0.48348674939695285, 0.49926578449388864, 0.0036718053756862323}, 
       {0.97740930621234, 0.9866113490539572, -0.014152347806389071}}}, 
     {{{-0.002214521822221311, 0.0051055507236119286, 0.9938049155620737}, 
       {0.03230244820682144, 0.0011540948412313216, -0.9778122379118788}, 
       {-0.010919465582159194, 0.005448806986040049, 0.002763813078045755}}, 
      {{0.5209466868678858, 0.51684022563622, 0.0020395004710447306}, 
       {0.4815620733937361, 0.5005114523014201, 0.002846754348417857}, 
       {0.9904076924159951, 0.9731477128245101, -0.013691383935984113}}}, 
     {{{-0.008878534851520592, 0.010216192599706145, 0.9936148187777177}, 
       {-0.020156293471024992, -0.015384130525373574, -0.9784236222906932}, 
       {-0.013860965009500893, -0.0000785881977905749, 
        0.0035652942412204816}}, {{0.5225406782296576, 0.5157493245944414, 
        0.0017619857949049411}, {0.47308205541250664, 0.5086506469011419, 
        0.0023934595100136846}, {0.9634271230998063, 1.0000657277127738, 
        -0.01367710822864715}}}, 
     {{{-0.016378675823414412, 0.008786693791925404, 0.9936936402400233}, 
       {-0.005750412836347447, 0.006665543953579728, -0.9784747186149718}, 
       {0.006520494018210861, 0.008226692808809114, 0.003537569103198426}}, 
      {{0.499143106184048, 0.538961914425483, 0.0016280420414942487}, 
       {0.4863619225974218, 0.4959369276952741, 0.0022928029947759665}, 
       {0.9844113565339538, 0.9793837267870273, -0.013897184268867305}}}, 
     {{{-0.00979602121200481, 0.010432894025647068, 0.9940335727264624}, 
       {0.0174752929805904, -0.015064795120595734, -0.9783079012035395}, 
       {-0.000761302256939016, -0.00002170930299950525, 
        0.003030819205315215}}, {{0.5232793898136596, 0.5146417687677246, 
        0.001276872355336689}, {0.4892500327256727, 0.49273165202700797, 
        0.002481610462737316}, {0.9641146198838437, 0.999883867510564, 
        -0.013987626180065472}}}, 
     {{{0.0006451446410297259, -0.012775552129912644, 0.994247123771781}, 
       {-0.024818368823101858, 0.011661207175281778, -0.9781734748349927}, 
       {0.0033010526145547925, -0.013233048483746257, 0.002682841791442242}}, 
      {{0.5019501491754365, 0.5358300094438209, 0.0010344574359283376}, 
       {0.5006609923834158, 0.4809807220801508, 0.0028650837613005686}, 
       {0.9718183670978693, 0.9921604787068218, -0.014151413943252896}}}, 
     {{{-0.0011583807524942378, -0.014001701095988403, 0.9941523168258115}, 
       {0.007668013239110115, -0.020407615309368743, -0.9781810412219654}, 
       {-0.017489226874941616, 0.0005141057885709068, 
        0.0027852151244128747}}, {{0.5131543562488914, 0.5246846138942032, 
        0.0011303956131587523}, {0.492822670884144, 0.4889132627142436, 
        0.003032782860254435}, {0.9778385373378649, 0.985947249405742, 
        -0.01407899034725851}}}, 
     {{{-0.007599629438246032, 0.013145182788393946, 0.9943435176450621}, 
       {-0.013918375453175475, 0.024343975063469973, -0.9781732352960963}, 
       {0.0027988094049540427, -0.00937458936865238, 0.002586208379259433}}, 
      {{0.5232869087481102, 0.5141091788684178, 0.0011599227289290637}, 
       {0.4838085740828583, 0.4978764118755846, 0.002787965047124863}, 
       {0.9916563575105383, 0.9725927343571203, -0.014330817415683735}}}, 
     {{{0.01535668185337401, 0.024889782556480992, 0.9942171956261922}, 
       {0.013482318076310947, 0.0014599704148854297, -0.9784896874376074}, 
       {-0.010438109927311534, -0.002402437625765231, 0.003028982539664476}}, 
      {{0.5231763129098361, 0.5138235350758259, 0.0011825717897639976}, 
       {0.4829570345268523, 0.49893602728741454, 0.002563237201099411}, 
       {0.9709491392676304, 0.9934472200653551, -0.014499541930297625}}}, 
     {{{0.009490390119234535, 0.010691597026853333, 0.9943990803908959}, 
       {-0.0008425301600523839, -0.012828511282974622, -0.9787729665805132}, 
       {-0.007002193882159867, -0.01218525174192381, 0.0031303769178511543}}, 
      {{0.5187425742616558, 0.5187721695988696, 0.0009569200664022448}, 
       {0.4856406022464414, 0.4956978552378915, 0.002582105787259703}, 
       {0.9878151991992987, 0.9765431184881506, -0.014544919760223284}}}, 
     {{{-0.008005823863366686, 0.0005797383118113702, 0.9940999628585376}, 
       {0.0113309917011711, -0.004848551470719576, -0.9784544239036447}, 
       {0.00015389811963843167, 0.004865174802759226, 
        0.0031109517733297386}}, {{0.5157473857797935, 0.5222312531251628, 
        0.0012277908386473246}, {0.5005339118173768, 0.48111943011232927, 
        0.0029041392575583913}, {0.9955380119534757, 0.9687818998006757, 
        -0.014332553603426829}}}, 
     {{{0.0070121565587638, -0.006671342636730674, 0.9938118303931491}, 
       {-0.008755967607353806, -0.010801105232860913, -0.9785659389811889}, 
       {-0.003356315338530402, 0.006524839797507803, 0.003510599316294543}}, 
      {{0.5236587745244731, 0.5142750030141428, 0.001816184670510923}, 
       {0.49466449467134616, 0.48704506645776413, 0.0025883270920155077}, 
       {0.9927408982423004, 0.9714238373577699, -0.01421010252266641}}}, 
     {{{-0.0014587338450346699, -0.005385054349423019, 0.9934368555599402}, 
       {-0.008899386878458895, -0.004563731546905994, -0.9785616589312389}, 
       {0.0047262754836048275, 0.007601094694056599, 0.0038812940995465797}}, 
      {{0.5087335513578378, 0.5296636630931646, 0.0021604517951380187}, 
       {0.48305946418129303, 0.49913325214210197, 0.0022069273192684147}, 
       {0.9835105840071973, 0.9806468067472627, -0.0142317734025403}}}, 
     {{{-0.01039115774883138, 0.000994261205312368, 0.993454046729532}, 
       {-0.017884157290405902, 0.015315305390894722, -0.9781889555839646}, 
       {0.013997320151338229, -0.006576028006494229, 0.003491399582705684}}, 
      {{0.5095357633263264, 0.5286256901999082, 0.0022842296897412906}, 
       {0.477269763934132, 0.5047498428574833, 0.002655027241023733}, 
       {0.9975229385719894, 0.9658954225202042, -0.013648914885896311}}}, 
     {{{0.0112910822478532, -0.001854174793832651, 0.9937107965450319}, 
       {0.02387075925658973, -0.003095728386029693, -0.9782962355119533}, 
       {-0.004197974470512007, -0.009819669978343918, 
        0.0033419296951621457}}, {{0.5025035387006779, 0.5354672525914613, 
        0.0019427265172903274}, {0.48751441308121335, 0.4941607738455839, 
        0.002764608872599217}, {0.9698439411498857, 0.9937992490838626, 
        -0.013747593230730803}}}, 
     {{{0.027271369538619257, -0.014048546938480889, 0.993888619073686}, 
       {-0.01678897749140679, -0.006540989894351808, -0.9784365641296238}, 
       {-0.0010158671127089532, 0.003739364992115989, 0.003304435784192474}}, 
      {{0.5105206052248246, 0.5263608734626722, 0.0018684405582080066}, 
       {0.5057636822757003, 0.47603109897959894, 0.002625195995334506}, 
       {0.9976882480230518, 0.9655578358250266, -0.013251194637428392}}}, 
     {{{0.028732945693651837, -0.02144810643360388, 0.9931958217548928}, 
       {0.010346413605228541, 0.007493054166118366, -0.9780571716419666}, 
       {0.008493501384745201, -0.024673677397111533, 0.0036178406153165783}}, 
      {{0.5120219490603544, 0.5256211991567163, 0.0021388893999044756}, 
       {0.500198921617841, 0.48189050456625854, 0.003234365607447609}, 
       {0.9807304965765856, 0.9820607292737892, -0.013464401474321281}}}, 
     {{{0.004641999707998416, -0.004895511003986149, 0.9929628384959078}, 
       {0.0021991738697567705, 0.0009388792038596722, -0.97768702282287}, 
       {-0.026106347452277155, -0.02435576864244124, 0.0034806750552146665}}, 
      {{0.5193347365750133, 0.5198061782566508, 0.002343979973854049}, 
       {0.4815819349340516, 0.5012573507929056, 0.0033659871328191038}, 
       {0.9765165666281762, 0.9850740278808613, -0.012856562424912185}}}, 
     {{{-0.00640481244213386, 0.011703703492101489, 0.9933896843706945}, 
       {-0.010251616223728888, -0.006931523793417216, -0.9780372985730488}, 
       {-0.026967328208606332, 0.021422668862388274, 0.003404104930612193}}, 
      {{0.5226341162634371, 0.5159246517886443, 0.0019457630215229393}, 
       {0.5029530085649689, 0.4797367874182086, 0.0026830809064573025}, 
       {0.9723219777488901, 0.9887720784018639, -0.012270899446655232}}}, 
     {{{-0.01409064756019215, 0.015109253156143056, 0.9934465921934165}, 
       {-0.012886872597950677, 0.007924055767706554, -0.9781101924244074}, 
       {0.027299345657635164, -0.0055150924787731245, 0.003420090959254156}}, 
      {{0.5237240445659337, 0.5144026048352482, 0.0020159590456905185}, 
       {0.4966614619576672, 0.4863742264002535, 0.0021189657462250544}, 
       {1.0021994416962487, 0.9590685129892563, -0.012034407149428642}}}, 
     {{{-0.014377426708932321, 0.013843902226969152, 0.9931079748023963}, 
       {0.01015299637644384, 0.015593950896972658, -0.977628186646227}, 
       {-0.02072485201740268, -0.01924234271515149, 0.003276702572090816}}, 
      {{0.5288084624579906, 0.5096410924709665, 0.0023942316155624033}, 
       {0.4833393994043932, 0.4999835879059211, 0.0026569863341652233}, 
       {0.9766067699693604, 0.9846643794915082, -0.012060709471421282}}}, 
     {{{0.009740669119071477, 0.026554745186504247, 0.9929405389968904}, 
       {0.005632034498958061, -0.014359766686308542, -0.977408587468124}, 
       {-0.010095176118448896, -0.004606429242590476, 0.00322453919946677}}, 
      {{0.5246143229649746, 0.5136755780961068, 0.002484729992259349}, 
       {0.4863586216838475, 0.49725372766323495, 0.002905327972318905}, 
       {0.9774053221169509, 0.9846171191751536, -0.012135047240846821}}}, 
     {{{0.019463947288572703, -0.0002839587033837888, 0.993418138675317}, 
       {-0.02248364807859429, 0.020076275774387656, -0.9776121649825897}, 
       {-0.007067624947187062, 0.0014823845599587907, 
        0.0029505170355105773}}, {{0.5167701475434467, 0.5209602989997805, 
        0.002516613362588016}, {0.473993949444252, 0.5082785262640931, 
        0.0031766584851861124}, {0.969835520242268, 0.9921483126747405, 
        -0.012023728269129008}}}, 
     {{{0.008138473235310778, 0.0007890043619880669, 0.9932256900869947}, 
       {0.02434286496421633, -0.02108838122333593, -0.9772537069336611}, 
       {-0.015696620842492057, 0.0014975103790163297, 
        0.0027845075749278374}}, {{0.5045037473447539, 0.5339127893030005, 
        0.0025249282747393798}, {0.49276027553207696, 0.4897745059733173, 
        0.0034864610700707788}, {0.9976729879579994, 0.9643491078287197, 
        -0.012257474345244854}}}, 
     {{{0.013754786372557637, -0.008811798879211696, 0.9934372807242638}, 
       {-0.016167868230499555, -0.0026025311633130492, -0.976983876478666}, 
       {0.007611794329854661, -0.007555641992487272, 0.0023030864826510396}}, 
      {{0.5239680452191503, 0.5135758166339373, 0.0027772599158815137}, 
       {0.49350719838640433, 0.4902160810536525, 0.0035944805332966956}, 
       {0.9985494501219975, 0.9636982752831346, -0.012347031321135323}}}, 
     {{{0.006111015296800809, -0.01384737771690125, 0.993329807669132}, 
       {-0.007663588252642577, 0.00980642126033073, -0.9766791375402609}, 
       {-0.012414253539739512, 0.015760505645413307, 0.002105820599377623}}, 
      {{0.5221495448420274, 0.5156322411398913, 0.002790600181207359}, 
       {0.48393752239644294, 0.4997040176857709, 0.004384884978696046}, 
       {0.9924778975469967, 0.9699790976716275, -0.01284291651304949}}}, 
     {{{-0.008677795958608708, 0.004924877105972413, 0.9937790904962844}, 
       {0.008481298838590492, 0.0015716112641406348, -0.9767260674506668}, 
       {0.023976255046636065, -0.010500651395846102, 0.0017034676826356927}}, 
      {{0.5259555295682657, 0.5115659651347056, 0.0022876617724050252}, 
       {0.49493956756904833, 0.4881576298013302, 0.004918113606378172}, 
       {0.9564667518118195, 1.006073946636882, -0.01320769153760153}}}, 
     {{{-0.0020518806215428947, 0.012880270952851661, 0.9940043962390318}, 
       {-0.0012676658917851649, 0.0065526240810864205, -0.9767609224294362}, 
       {-0.012053412894791518, -0.01169355549338094, 0.0015130169186634524}}, 
      {{0.5164247211853907, 0.5212779030822106, 0.001588119778160313}, 
       {0.4951085685913543, 0.48824206194871234, 0.00462648441334268}, 
       {0.9720509242584785, 0.9909073714382116, -0.013221561754447657}}}, 
     {{{-0.0045708765826222506, 0.000991475364314355, 0.9939497192268767}, 
       {-0.004024235362553659, 0.012292616949588647, -0.9771182350790096}, 
       {-0.0027575226932147444, -0.003536986972509693, 
        0.0019250065803912586}}, {{0.5303704075504001, 0.5076783259759677, 
        0.0014989374647397247}, {0.49440306243737275, 0.48835593532884897, 
        0.004397330312314485}, {0.9751318029618663, 0.9882230321951652, 
        -0.01335758673904295}}}, 
     {{{-0.009848777250390895, 0.0024265113864048483, 0.9938196160625499}, 
       {0.017980823146219134, -0.006871522181966391, -0.9774995567733543}, 
       {0.0014904362162956048, 0.010302305355930179, 0.0024364314390503163}}, 
      {{0.5269590958736045, 0.5111436129534099, 0.001622577208744591}, 
       {0.5013873716237363, 0.48100852080547096, 0.003811945536971839}, 
       {0.9885627198318524, 0.9748740968645375, -0.013530010298022751}}}, 
     {{{-0.011929340355818992, -0.007195994756035512, 0.9939470274083765}, 
       {-0.019688334980382905, 0.001678249346600589, -0.9777474120109996}, 
       {0.005294320738713972, -0.01401694290491784, 0.0025568753308867036}}, 
      {{0.5201029875482862, 0.5178277695574635, 0.0014500587384157493}, 
       {0.47992560579952753, 0.5027293417377499, 0.0030484264029586594}, 
       {0.9898559802024979, 0.9733457430073914, -0.013411633920201843}}}, 
     {{{-0.009330988639803188, 0.008671496285599658, 0.9941365231085454}, 
       {0.012453449489966541, -0.001208621667202012, -0.9778081398143477}, 
       {-0.0061973666463785715, 0.008734110830026611, 0.00242810743403877}}, 
      {{0.5368606296096834, 0.5005536768716727, 0.001621591677233969}, 
       {0.4979933241621371, 0.484762960216102, 0.00306233533035305}, 
       {0.9848421253545796, 0.9788022336937253, -0.013743796008324125}}}, 
     {{{0.0008888722254299899, 0.014413869206518477, 0.9938598291963958}, 
       {-0.008281136544495157, -0.010073076132777919, -0.9777836589556502}, 
       {0.006036168647592538, -0.007533721605206361, 0.002680320487503273}}, 
      {{0.5312692556003737, 0.5060054118619458, 0.002265030186083039}, 
       {0.48581640591494124, 0.4970889343594253, 0.0029476912337512706}, 
       {0.9939099847912203, 0.9699274261360055, -0.01391663613517426}}}, 
     {{{0.009796629888441806, 0.014734814450174948, 0.9934956769657987}, 
       {0.0033450272598952984, 0.006881237439111063, -0.9777419943007599}, 
       {0.0005134679349170878, 0.002422064592079545, 0.003002808063213485}}, 
      {{0.5376655522831169, 0.5000219917840683, 0.002471291295333633}, 
       {0.4834960720771134, 0.499077748945392, 0.0034722284623381894}, 
       {0.9943787350030295, 0.9702461109864798, -0.014618832910200991}}}, 
     {{{0.025347229917171796, 0.028118920110778607, 0.9938400535803982}, 
       {0.006290217156674755, 0.01903011838293192, -0.9780642875896903}, 
       {0.004652744921654008, -0.0046675971393272805, 0.002980724737530465}}, 
      {{0.5312794835108917, 0.5046089609276806, 0.002465948207938551}, 
       {0.48109021465463864, 0.5004845349399529, 0.0034978913736312123}, 
       {0.9764142357006617, 0.9885251804547203, -0.014970556985568597}}}, 
     {{{0.01551239228676301, 0.0035634140409934578, 0.9939821884454888}, 
       {0.003568427821697075, -0.022307484356592962, -0.977940581177396}, 
       {-0.0015350441950644676, 0.0010051967936925861, 
        0.002714883460143061}}, {{0.5243388452513233, 0.5123531758082595, 
        0.0025596590866152624}, {0.4805706840335127, 0.5006711634845734, 
        0.0039641840869499845}, {0.9700031281777788, 0.9950911410893246, 
        -0.015083791001994171}}}, 
     {{{-0.001887782825402532, -0.01323599564946993, 0.993557422739286}, 
       {0.00874883057093803, 0.0029147822511564497, -0.9776296635776002}, 
       {0.0027468244219167365, -0.012708582019264846, 0.002828731566573032}}, 
      {{0.5167676802592983, 0.5205855834788148, 0.002817221801107328}, 
       {0.4922779369487581, 0.48986253323144563, 0.0040989727627983585}, 
       {1.0015579455073356, 0.9632541510078951, -0.01496790768381117}}}, 
     {{{0.0013300003463535175, -0.011812071608986415, 0.9934596966748029}, 
       {0.009094859868744783, -0.005178625239515706, -0.9781516083169437}, 
       {-0.024182456361519354, -0.004283296228027001, 0.003448402370391672}}, 
      {{0.5182355095361874, 0.5192432503714522, 0.0029233684203113786}, 
       {0.5020377249134338, 0.47945889160960653, 0.0036975678951235436}, 
       {0.9873866265980197, 0.9769103183790617, -0.014890745648673558}}}, 
     {{{-0.00592139550495795, -0.0034254636025187646, 0.9931765091243279}, 
       {-0.010481306654166925, -0.013364352283377182, -0.9782099890001094}, 
       {-0.010845282458158188, 0.016417911702202716, 0.0037899706040405126}}, 
      {{0.5155686206571755, 0.5223246908938369, 0.0031659156457590765}, 
       {0.5009718387657339, 0.47993790255276075, 0.003991333002339226}, 
       {0.9897590665611465, 0.9739573259692541, -0.014096695790467175}}}, 
     {{{-0.0028185761601160556, -0.004627494278945796, 0.9929030274789443}, 
       {0.003386498956258916, 0.01686068314515406, -0.9775806054968856}, 
       {0.0066968469084770395, -0.0051634442838519945, 
        0.0034340687461999874}}, {{0.5151415091350023, 0.5232034153356451, 
        0.0032748795218384696}, {0.48750136999693405, 0.4942351915705075, 
        0.004388279796932015}, {0.9900410662962598, 0.9737516254132281, 
        -0.01385471249213824}}}, 
     {{{0.005520250242199831, -0.02084845105425871, 0.9929782933117862}, 
       {-0.011721116000989299, -0.010735046954452281, -0.9773986036269141}, 
       {-0.005104949505196828, -0.0070616526092593815, 
        0.0031768010433775393}}, {{0.5212740458845213, 0.5172903447094287, 
        0.0024701828770281598}, {0.4951500957097539, 0.4869438369274201, 
        0.004429922611278725}, {0.9991508263342557, 0.9643686607523924, 
        -0.013584222641254301}}}, 
     {{{-0.00028985990013698703, -0.013966540950447248, 0.9936114757589337}, 
       {0.012054651300681337, 0.000047625918352262826, -0.9777722832897692}, 
       {0.010240322630918817, 0.005185572474713005, 0.0029172982590853717}}, 
      {{0.5366778567054825, 0.5014368382950655, 0.0019319861235500557}, 
       {0.48700690213977355, 0.4948352725129754, 0.0040584368903202606}, 
       {0.9716647407010718, 0.99175625340334, -0.013539927172425142}}}, 
     {{{-0.004187722385704116, -0.012679081644093006, 0.9936236694396534}, 
       {-0.010338097677195502, -0.00502606642141752, -0.9779367215151316}, 
       {0.010703197196745253, -0.02062463189323179, 0.0030695428037274303}}, 
      {{0.5339619046618767, 0.5044077525896621, 0.0016696436478614851}, 
       {0.5072582627583355, 0.4745219228588938, 0.003812109696309074}, 
       {0.9838635340552269, 0.9788839460670256, -0.013275479994112728}}}, 
     {{{-0.005651192995814508, 0.005277662167305901, 0.9934662412363559}, 
       {-0.010457720506823111, 0.011409627407026232, -0.9778392745609841}, 
       {-0.0009942015589945474, -0.023165479699040734, 
        0.0031295240528792156}}, {{0.5176219626242675, 0.521084901170956, 
        0.0017637666454359824}, {0.4850639732189722, 0.4967709250559202, 
        0.0038405771023799495}, {0.988996704612202, 0.97375010049533, 
        -0.013272908564269166}}}, 
     {{{0.00924405958737173, -0.007950224048152158, 0.9932441369980406}, 
       {0.012122477841442282, 0.014214859443796659, -0.9772533764683536}, 
       {-0.03333193747135507, -0.01135719154521701, 0.002765730198569711}}, 
      {{0.521153089730503, 0.5181322582809995, 0.001537684782960902}, 
       {0.4880822358536634, 0.4943191447831262, 0.00431024976801575}, 
       {0.9662848511629306, 0.9959095457824213, -0.013420670854482593}}}, 
     {{{0.010553641965468652, -0.0129313409332727, 0.9935011119881856}, 
       {0.004786297172106644, -0.02046249319009787, -0.9772451537592235}, 
       {-0.002053517404596449, 0.022640600470227645, 0.0025005324992612914}}, 
      {{0.5373646927246282, 0.5014859775821985, 0.0013318731488315416}, 
       {0.5051551655025945, 0.4768378159820444, 0.004642160076767654}, 
       {0.9912098471050693, 0.9712773586859742, -0.012988861945794272}}}}
