avgspins2 = {{{0.011850772233498445, 0.00766549187017534, 1.008612516747834}, 
      {0.004791244431545521, -0.002228790169867953, -1.0055455850238708}}, 
     {{-0.002618653210165339, 0.01948424685785574, 1.0085346110439621}, 
      {-0.0031953412073996335, -0.009321351496058242, -1.0054676793200028}}, 
     {{-0.011528478975019426, -0.0006158511120185079, 1.0083325910305083}, 
      {-0.006328664020922057, -0.0014010409041789473, -1.00526565930655}}, 
     {{0.005328829445604579, -0.007688116968754431, 1.008303644506023}, 
      {-0.0034316444165996733, -0.00796023934980369, -1.005236712782047}}, 
     {{0.0038070396004576635, -0.007731833071284297, 1.0082443907293361}, 
      {-0.01125710680367183, 0.005087313594850201, -1.0051774590053928}}, 
     {{0.008447171030168909, 0.00437134599903456, 1.008063794002578}, 
      {0.0021065371035409244, -0.0054346253939932245, -1.0049968622786003}}, 
     {{-0.006672282640625919, 0.011106613562988712, 1.0078777568042063}, 
      {-0.0079362130971013, -0.007276761431308352, -1.004810825080247}}, 
     {{-0.00968740985682843, 0.0009359890802789699, 1.0077519826407944}, 
      {-0.002492291955514468, -0.0013217568995961125, -1.0046850509168266}}, 
     {{-0.0024901977616109284, -0.005930569686183397, 1.007780758545547}, 
      {-0.0023376974800082646, -0.009228353729511135, -1.004713826821589}}, 
     {{-0.001839247212762593, 0.0003328345327010328, 1.0077027900697844}, 
      {-0.013354111488207305, 0.001027042144066575, -1.0046358583458364}}, 
     {{-0.004191047859519033, -0.00010121043828210706, 1.0076528869464774}, 
      {0.002213830021790067, 0.009818190326064397, -1.004585955222521}}, 
     {{-0.007000746114943128, 0.0044408768805333666, 1.0078209432132696}, 
      {0.013335400335440352, 0.004510599145236295, -1.0047540114893148}}, 
     {{-0.005669809344341856, 0.0028973382721432356, 1.007965601079838}, 
      {0.005190582167205081, -0.012712315174861101, -1.0048986693558815}}, 
     {{-0.00566740602823426, 0.0040143519085754295, 1.0080242585711714}, 
      {-0.000494090356269414, 0.002637583537307305, -1.0049573268471945}}, 
     {{-0.004392627884514907, 0.0043924921880984, 1.0081216691176151}, 
      {0.0065020006685545485, -0.0006433588402363547, -1.0050547373936431}}, 
     {{-0.0010219024410725419, -0.0003425698099178385, 1.0081243185661628}, 
      {0.007446910936858771, 0.004511432414205548, -1.0050573868422088}}, 
     {{0.005755011179398597, 0.0023823349567905763, 1.0082207815504047}, 
      {0.008075541434442538, 0.001923286589392671, -1.0051538498264416}}, 
     {{-0.0045974706856246736, 0.006931704396123469, 1.008415780087749}, 
      {0.009203256471211695, -0.0017439875973162104, -1.0053488483637858}}, 
     {{-0.005379099834272416, -0.006142687231940744, 1.0084757655759773}, 
      {0.0038953101088602788, -0.006374978587694351, -1.005408833852039}}, 
     {{0.0017326823622941202, -0.005110886069018516, 1.0085029551836227}, 
      {0.0029798181547693774, -0.0022882688779746626, -1.0054360234596784}}, 
     {{0.0005635885167736128, -0.003369369319045873, 1.0085804355608259}, 
      {0.0020159633767106635, -0.00350617804871726, -1.0055135038368574}}, 
     {{0.00842120981953891, 0.0002265085592905754, 1.0089484726900864}, 
      {0.0008221093275054852, -0.0013390083182168067, -1.0058815409661297}}, 
     {{0.0029476851768997425, 0.008636140785976949, 1.0090049000409633}, 
      {0.003405467231995471, -0.0018069306826831292, -1.0059379683170036}}, 
     {{0.00024518749094327427, 0.006044061807975981, 1.0090051183519722}, 
      {0.0056253481778172285, -0.006210390284092259, -1.0059381866280077}}, 
     {{0.003508882348280852, 0.00293346420576989, 1.0090146907286983}, 
      {0.0007208211906206214, -0.004596315575866622, -1.0059477590047246}}, 
     {{-0.003841755446875747, 0.00651572843669767, 1.009058316478531}, 
      {0.00040530527530691156, -0.003730100447284392, -1.0059913847545778}}, 
     {{-0.0048816559456119485, -0.0071000055041911215, 1.0090049641098384}, 
      {-0.0021163954673253556, 0.004481322367395724, -1.0059380323858762}}, 
     {{0.004094020821850579, -0.0053111756539625295, 1.0091413448136337}, 
      {0.0036964331445940015, 0.007207823708048751, -1.006074413089667}}, 
     {{0.007642152727610578, 0.0054163062609692905, 1.009031475757714}, 
      {0.005388499771058616, 0.006876979457690883, -1.005964544033758}}, 
     {{-0.0008622506786493179, 0.008522853146892917, 1.0090169006721392}, 
      {0.002725807904100352, 0.006215973201648981, -1.005949968948206}}, 
     {{-0.001432249646900931, 0.0026001988351343963, 1.0090355342563724}, 
      {-0.0007738116384886842, 0.006396180143804148, -1.0059686025324073}}, 
     {{-0.0014470891800844818, 0.0011381776948153589, 1.0089849418647823}, 
      {0.00034494926859426884, 0.0029154076924189213, -1.0059180101408427}}, 
     {{-0.007952505379683728, -0.000832921730354769, 1.0089467971627095}, 
      {0.0010000148632194296, 0.004531937193877552, -1.0058798654387477}}, 
     {{-0.006037482083137701, -0.004699694893622915, 1.008948158801382}, 
      {0.0066896963223038244, -0.004034411189188254, -1.0058812270774249}}, 
     {{0.002288677411639041, -0.0041723974751315, 1.008900446254616}, 
      {-0.0009763358478627853, -0.004320617684853328, -1.00583351453066}}, 
     {{-0.006441199866580062, -0.0006802597215647588, 1.0087619539201775}, 
      {-0.0020430421310482032, 0.006620542169392432, -1.00569502219621}}, 
     {{-0.013178288091811092, -0.0026932938243847486, 1.0086622986053493}, 
      {-0.00005300962141744932, 0.008294735966412078, -1.0055953668813864}}, 
     {{-0.011425957442012594, -0.013912354946777316, 1.0086433236529537}, 
      {0.00288322708590488, 0.012282983449040287, -1.0055763919289857}}, 
     {{0.0013351685477388173, -0.002085373380961428, 1.0085633914480818}, 
      {0.0042418815382787665, 0.008219441311834457, -1.0054964597241474}}, 
     {{-0.0024894150710448523, -0.006324196586548715, 1.0084968157115435}, 
      {-0.0000423267477212987, -0.0020177915563151976, -1.0054298839875915}}, 
     {{0.009075163051044612, -0.0045500038443308565, 1.0084893756860136}, 
      {0.00036212461852100635, -0.0008178241735940474, -1.0054224439620607}}, 
     {{0.0019737919405291298, 0.0019196881123039378, 1.0084685502396145}, 
      {-0.0036839908805780027, -0.0065906050674706465, -1.0054016185156425}}, 
     {{0.003227303590629935, -0.002553720090043455, 1.0085012338083428}, 
      {-0.005645617899067421, 0.002276350269927748, -1.005434302084387}}, 
     {{0.0012670786105860136, 0.004590439561088409, 1.008451760362182}, 
      {-0.001256447113260596, 0.01603707643552401, -1.0053848286382003}}, 
     {{-0.0039347085215157345, 0.01040637544459981, 1.008333538595764}, 
      {0.01344423071255898, 0.006564038612584988, -1.005266606871821}}, 
     {{-0.007642378444184106, -0.0009118533194853242, 1.008263797327123}, 
      {0.006349178723953172, -0.001287213312359477, -1.005196865603137}}, 
     {{-0.0022292053824531895, -0.011097924501331027, 1.0082436082635586}, 
      {0.0013634090796797531, -0.002683462853505047, -1.0051766765395946}}, 
     {{0.009698224725839146, -0.001435042195274521, 1.0081546263271028}, 
      {0.00418860768425555, -0.002183392531123902, -1.0050876946031502}}, 
     {{-0.00532858172958517, 0.0057060855062939534, 1.0081888173164122}, 
      {0.00017815357450097277, -0.004891300949743246, -1.0051218855924484}}, 
     {{-0.010788934315531804, -0.002284601631366393, 1.0081374785270791}, 
      {-0.00561040419972804, -0.0028407252719551664, -1.0050705468031185}}, 
     {{-0.005685676516695088, -0.008194759506718705, 1.0080024519432664}, 
      {0.0042683235086391855, 0.0030148528460009288, -1.0049355202193029}}, 
     {{0.00157701965639959, -0.005231635664147036, 1.0079702343198567}, 
      {0.0017175397675787758, -0.014476394144235448, -1.004903302595903}}, 
     {{0.0004382761528549894, -0.0071127872207902365, 1.0079245251164102}, 
      {-0.008004461307693805, 0.000059400446933418274, -1.0048575933924415}}, 
     {{0.007481188319166933, -0.004692003220223734, 1.007981844604091}, 
      {0.007559660235834265, 0.006530337081613873, -1.0049149128801362}}, 
     {{0.00507727937566889, 0.00039672332523150154, 1.0080679127590904}, 
      {0.009777384130931094, -0.006581634718326949, -1.0050009810351486}}, 
     {{0.00658509884787015, -0.0011246041745690354, 1.0080783703599783}, 
      {0.00376525724300275, -0.00923806091095886, -1.005011438636022}}, 
     {{0.007275721431541589, 0.003276890840349444, 1.0081474580198988}, 
      {0.001708487268546763, -0.007608707533083162, -1.005080526295942}}, 
     {{0.0033450659427610853, 0.005372208517287784, 1.0082848216649596}, 
      {-0.0038503161211390505, -0.003936049534315571, -1.0052178899409905}}, 
     {{-0.00041238385516071573, -0.006777425063738291, 1.0082937606260969}, 
      {-0.006067505080284603, 0.0035453779002747768, -1.00522682890214}}, 
     {{0.010261947147466265, -0.0028481290666694686, 1.0083440013544653}, 
      {0.0005041270787610274, 0.008844148918601953, -1.0052770696305038}}, 
     {{-0.003797491798022709, -0.0015624483894813705, 1.008339338172493}, 
      {0.006000070057583851, 0.00553800043425752, -1.0052724064485277}}, 
     {{0.0030992906683342944, 0.0012102049064578123, 1.0082241258011353}, 
      {0.006474361166602213, -0.008170239015626203, -1.0051571940771784}}, 
     {{-0.004945253120333337, -0.000657158710648582, 1.0082458206346878}, 
      {0.0009483544321606759, -0.004664142174723212, -1.0051788889107331}}, 
     {{0.005705471987614327, -0.0055011690679847985, 1.0081830284274633}, 
      {-0.0013970812301184025, -0.004431014944223083, -1.0051160967034714}}, 
     {{0.000947103821463403, -0.00787968553865876, 1.0082407161863167}, 
      {-0.00037234108179388475, -0.0028072231855646693, -1.005173784462374}}, 
     {{0.010462197910391083, 0.0023840160389354127, 1.0082420597625914}, 
      {-0.00710138847364794, -0.00585423131419724, -1.0051751280386338}}, 
     {{-0.010631496518517925, 0.0072133966108141045, 1.0083325113204256}, 
      {-0.008315489630272902, 0.0053153210212668915, -1.0052655795964667}}, 
     {{-0.00583715873880832, -0.007912969252062578, 1.0083177344170664}, 
      {0.003947748658575322, 0.008318356003557412, -1.0052508026931055}}, 
     {{0.003544927469794732, -0.0022840268552543263, 1.0082277416308187}, 
      {0.005188159396684682, 0.009836669135863752, -1.0051608099068585}}, 
     {{0.009238808269552963, -0.005961862839308099, 1.00832365158949}, 
      {0.014833297436076281, 0.003919877658923315, -1.0052567198655273}}, 
     {{0.012281397151213095, 0.006366311853873947, 1.0083513179661932}, 
      {0.003910151396941903, -0.006010069623300899, -1.005284386242229}}, 
     {{0.004394678629982684, 0.013509785742570729, 1.0083046576479449}, 
      {0.0009632142328071619, -0.004058942182940411, -1.0052377259239735}}, 
     {{-0.00931212974512499, 0.006213879930777801, 1.008296675292814}, 
      {-0.00947178706111176, 0.001424016946150596, -1.0052297435688686}}, 
     {{-0.0027881995472172996, -0.010068803482770871, 1.0083977445972474}, 
      {-0.003279989157963151, 0.0026348614532051254, -1.005330812873314}}, 
     {{0.004739589572039032, -0.0058501874855699, 1.0083992726229214}, 
      {0.006626654373007756, 0.003366392958835484, -1.0053323408989705}}, 
     {{0.011556000596286893, -0.006844677650724989, 1.008329168138221}, 
      {0.0007196339910574859, -0.002845416569555337, -1.005262236414287}}, 
     {{0.008731057768454908, -0.0008741157566270454, 1.0082945697461363}, 
      {-0.006426799068800289, -0.0014410264081009426, -1.0052276380221699}}, 
     {{0.00898898153504138, -0.0022554177970607538, 1.0082816779868602}, 
      {0.0007795260616555559, 0.0055038273301435845, -1.0052147462629162}}, 
     {{0.009675160779008101, 0.0048965344941899755, 1.0083070894329018}, 
      {0.008219530295598203, 0.0008268564041836391, -1.0052401577089443}}, 
     {{0.008139041568075276, 0.0010875493628504725, 1.0083281911949113}, 
      {0.0012875636143577524, -0.0033868593984186924, -1.0052612594709482}}, 
     {{0.004708988996255667, 0.0040763817400721065, 1.0083585423228754}, 
      {0.0006169596234904386, 0.006150649493178959, -1.0052916105989}}, 
     {{-0.002779076581980069, -0.0038375181804520134, 1.008310153184771}, 
      {0.005240190782865183, 0.004881026536097381, -1.0052432214608231}}, 
     {{0.0026814130798485636, -0.003309368519782255, 1.0082957389854474}, 
      {0.010300398830356619, -0.00026757981111239084, -1.0052288072614868}}, 
     {{-0.0029603573389872014, -0.002333463405423037, 1.008335843877541}, 
      {0.0025136598736327184, -0.0015326760150462758, -1.0052689121535632}}, 
     {{-0.0026082825255578307, -0.004727232114419057, 1.0083289828041138}, 
      {0.005759980336898452, -0.007188747947249888, -1.0052620510801338}}, 
     {{-0.007271161701570145, -0.007975280269503573, 1.0082743080621184}, 
      {-0.007358203536357728, -0.0026113069233888817, -1.005207376338153}}, 
     {{-0.010282743408261108, -0.014704638490337114, 1.008252886846074}, 
      {0.0047636678817391575, 0.007238754291685648, -1.0051859551221138}}, 
     {{-0.0022884010721266057, -0.01693104049818121, 1.0082180745978562}, 
      {0.004589382882785782, -0.008299269175330325, -1.0051511428738877}}, 
     {{-0.0016757434183857236, -0.011603661447229976, 1.0081341387340743}, 
      {-0.0007490919550318969, -0.003161570152548324, -1.005067207010108}}, 
     {{-0.00025579338594192944, -0.007497426616063315, 1.0080355366642784}, 
      {-0.0013303406598218534, -0.003459199367515805, -1.0049686049403193}}, 
     {{-0.0022658050633387315, -0.0003908213480575924, 1.0080075079765152}, 
      {-0.0008013120276595322, 0.005991217065127616, -1.0049405762525658}}, 
     {{-0.003496276110417379, -0.002213455455937054, 1.0080493088270397}, 
      {0.005818075973725154, -0.0028584964708526996, -1.0049823771030875}}, 
     {{0.006836416714640608, -0.005582902453918517, 1.0080535402446922}, 
      {-0.0010111022572357297, -0.0005183058526438241, -1.004986608520741}}, 
     {{0.00785305722078594, 0.013211991678006553, 1.008059914527181}, 
      {0.0014677420531620917, -0.00031674839787992085, -1.0049929828032218}}, 
     {{-0.008491736667953515, -0.00013275193206026742, 1.008239578337695}, 
      {-0.0010984370470799307, 0.0013533224504479531, -1.005172646613725}}, 
     {{0.000173953607896216, -0.0004891407563173669, 1.0082657892303555}, 
      {0.001886099052404254, -0.010229024406210981, -1.0051988575064226}}, 
     {{0.002301737178315603, -0.012820491602559991, 1.0083443259867015}, 
      {-0.006224124781235015, -0.007976210505158048, -1.005277394262749}}, 
     {{0.011385548177170362, -0.010730801053619206, 1.0084071362470615}, 
      {0.0008575093519761692, 0.0028677350187384905, -1.0053402045230995}}, 
     {{0.005386830355426697, 0.0036166410313126693, 1.0083861458300876}, 
      {0.004954922635616223, -0.0016293041035308597, -1.0053192141061393}}, 
     {{0.005564012613366482, 0.005819035271316982, 1.0083930434473882}, 
      {0.0008633450181908061, 0.0034292554680549897, -1.0053261117234251}}, 
     {{0.003919753591816445, 0.006493195221335995, 1.008402051785776}, 
      {-0.001793879928356564, 0.0056152059628591195, -1.005335120061816}}, 
     {{0.00023863393826236781, 0.008047564933849165, 1.0083399508854383}, 
      {0.002708548263423383, 0.004513216992735202, -1.0052730191614703}}, 
     {{-0.009518020362288805, 0.007560376864172118, 1.0083727197407886}, 
      {0.0020363047890849546, -0.0012610732289966905, -1.0053057880168261}}, 
     {{-0.0183468030647652, -0.006938670213698186, 1.0084597535380575}, 
      {-0.0004902599907106276, -0.003604472616648031, -1.0053928218140777}}, 
     {{-0.00028346856630001674, -0.012147962663378064, 1.0084570256459886}, 
      {-0.006036078868099097, -0.0025219382952948507, -1.0053900939220135}}, 
     {{-0.0014908977373577403, -0.0008291802935512908, 1.0084800442931914}, 
      {-0.0032817037325943927, 0.004550012426505017, -1.0054131125692287}}, 
     {{-0.0006928546337955434, -0.00021897816781631574, 1.008463692153663}, 
      {0.000971603183418437, 0.009499606597444843, -1.005396760429708}}, 
     {{-0.000547097102240276, -0.006926180847674499, 1.0084493598207178}, 
      {0.009431971638251725, -0.00018116880590699706, -1.0053824280967563}}, 
     {{-0.00108356742753871, -0.0049951383728893415, 1.0084808198652073}, 
      {0.001096251078328635, -0.005068954529750203, -1.005413888141253}}, 
     {{-0.00010083346307268568, -0.004645452233734201, 1.0085866017927243}, 
      {-0.009159262794026492, 0.005771589138063313, -1.0055196700687536}}, 
     {{-0.0004575734838401081, 0.0027799272922453566, 1.008683056403865}, 
      {0.0021759579109316305, 0.01122829801039261, -1.005616124679904}}, 
     {{-0.0023920149793579784, 0.0056570498497273015, 1.0086224317155754}, 
      {0.0057236519572104565, -0.005682813366889255, -1.005555499991622}}, 
     {{-0.008519987768407036, 0.004135238591035384, 1.0085699920699096}, 
      {-0.005214214535970916, -0.007689586120543618, -1.0055030603459731}}, 
     {{-0.014700410293152163, 0.00015101495926585117, 1.0086340707152952}, 
      {-0.004845342023958628, -0.00672307952114996, -1.00556713899135}}, 
     {{-0.005802040236115643, -0.00810266868939118, 1.0085674238563584}, 
      {0.0012748611246770306, -0.0005616441916830667, -1.0055004921323865}}, 
     {{-0.005764203867453405, 0.0007897620362177826, 1.0084878350976743}, 
      {0.008668699735692178, -0.008216610713978051, -1.0054209033737305}}, 
     {{-0.001726442735250645, -0.01091668303701355, 1.0084164249493826}, 
      {-0.0069864981956411784, 0.00014862197957954068, -1.0053494932254103}}, 
     {{0.0019394858376803293, -0.0029507479817619505, 1.0084292240627526}, 
      {0.004042978895025016, 0.006757269449766145, -1.00536229233879}}, 
     {{-0.004483349677947336, -0.00004879636688478447, 1.008434689411952}, 
      {0.0014258351676480847, 0.003540343017277614, -1.0053677576879902}}, 
     {{-0.005350622640216905, 0.0024596989268209878, 1.0084251204797885}, 
      {-0.011381253452469228, 0.0035657481157039266, -1.0053581887558112}}, 
     {{-0.0050726715447732135, 0.0009415295924298859, 1.0083953455679866}, 
      {-0.0032643901013451786, 0.003578475181934981, -1.0053284138440146}}, 
     {{-0.005428671537586742, 0.002536813255755908, 1.008345822872413}, 
      {0.005773140819107606, 0.00022906304393195044, -1.0052788911484474}}, 
     {{-0.012336084260087102, 0.0038858376893050354, 1.0082429399211716}, 
      {0.007507577847553328, -0.007340395346893957, -1.005176008197234}}, 
     {{-0.006627637982280486, -0.010933984047728938, 1.0082174208029304}, 
      {0.003690591710401256, -0.00567905901939543, -1.0051504890789837}}, 
     {{0.012413452806303958, -0.006352264574665014, 1.0083278255631922}, 
      {0.003392165874371108, -0.0033090384031060423, -1.0052608938392478}}, 
     {{0.005241091632414161, 0.0042175492466915415, 1.008243139569535}, 
      {0.0005141851592586872, -0.0023758883091609386, -1.005176207845588}}, 
     {{0.003793224694564814, -0.00433785736538442, 1.0082554534417696}, 
      {0.00011265841552224768, 0.00009404942052125911, -1.0051885217178156}}, 
     {{0.01526427619202755, -0.004007164133478204, 1.0083707490233795}, 
      {-0.0017795502421407868, -0.00412540712380017, -1.005303817299426}}}
