avgcor2 = {{{{0.6113803554443887, 0.6091447840113398, 1.0905400278097284}, 
       {-0.0036623813756768058, 0.0019215982310227303, -0.9898591071869824}, 
       {0.007839613176330888, 0.0065119532276219395, -0.009684448095635182}}, 
      {{-0.0036623813756768058, 0.0019215982310227303, -0.9898591071869824}, 
       {0.5973378119856707, 0.5857656033740583, 1.1102861100510562}, 
       {-0.01830598931104537, -0.011318412810965413, -0.01598329300878942}}, 
      {{0.007839613176330888, 0.0065119532276219395, -0.009684448095635182}, 
       {-0.01830598931104537, -0.011318412810965413, -0.01598329300878942}, 
       {1.0955172482247828, 1.1027736210078365, 0.11171503407602222}}}, 
     {{{0.6254558645351562, 0.5959399262139115, 1.0896693456512079}, 
       {-0.014642220582905156, -0.022112246615741033, -0.9889796289047392}, 
       {0.00126517528432042, 0.001596016235101698, -0.009650441197561558}}, 
      {{-0.014642220582905156, -0.022112246615741033, -0.9889796289047392}, 
       {0.5958738314076587, 0.587447929331842, 1.1100666764202214}, 
       {-0.006580231800788451, 0.004281631377940271, -0.01670499510300524}}, 
      {{0.00126517528432042, 0.001596016235101698, -0.009650441197561558}, 
       {-0.006580231800788451, 0.004281631377940271, -0.01670499510300524}, 
       {1.1001038228236917, 1.0974799922736274, 0.1124215836931341}}}, 
     {{{0.6085220585213574, 0.6135389235157358, 1.0890041455534107}, 
       {-0.01308195397928088, -0.007871288777204777, -0.9878159824027726}, 
       {-0.005297063050327491, -0.009422773925631884, 
        -0.010072934340366881}}, {{-0.01308195397928088, 
        -0.007871288777204777, -0.9878159824027726}, {0.5999606928926066, 
        0.5836247202602604, 1.1098030539714419}, {-0.0021978318633086077, 
        0.0021552053238997858, -0.017450909743862937}}, 
      {{-0.005297063050327491, -0.009422773925631884, -0.010072934340366881}, 
       {-0.0021978318633086077, 0.0021552053238997858, 
        -0.017450909743862937}, {1.12110350440203, 1.0755420356824363, 
        0.11335992880312008}}}, {{{0.6031475567531591, 0.6197233485959198, 
        1.0881942157371753}, {-0.020623388733704395, -0.019025133801325828, 
        -0.9860351093461736}, {0.006544571635448556, -0.02008699520711787, 
        -0.010994439930217053}}, {{-0.020623388733704395, 
        -0.019025133801325828, -0.9860351093461736}, {0.5993249825615311, 
        0.5857780108188114, 1.1082855191111511}, {-0.012724870505914166, 
        -0.023508112380379934, -0.01777319487226892}}, 
      {{0.006544571635448556, -0.02008699520711787, -0.010994439930217053}, 
       {-0.012724870505914166, -0.023508112380379934, -0.01777319487226892}, 
       {1.0947696067010024, 1.1006226184573928, 0.11461322880295959}}}, 
     {{{0.6120777583804055, 0.610664564708601, 1.0883228091519124}, 
       {-0.01575341915941343, -0.014064410893622797, -0.9852505376091328}, 
       {0.0020335827974793715, 0.016673830169189184, -0.011918887838724666}}, 
      {{-0.01575341915941343, -0.014064410893622797, -0.9852505376091328}, 
       {0.5909174050952405, 0.5943435188371776, 1.1081276720868984}, 
       {-0.001200693089218977, -0.00568604874911767, -0.018347586622368888}}, 
      {{0.0020335827974793715, 0.016673830169189184, -0.011918887838724666}, 
       {-0.001200693089218977, -0.00568604874911767, -0.018347586622368888}, 
       {1.09321662834069, 1.1007178660053416, 0.11607101825561791}}}, 
     {{{0.6026284669790118, 0.621232445541384, 1.0872042153432264}, 
       {-0.00451040105227121, -0.028514459674254516, -0.9840656933110816}, 
       {-0.0007388166268226995, -0.007732221645316747, 
        -0.011936864732250821}}, {{-0.00451040105227121, 
        -0.028514459674254516, -0.9840656933110816}, {0.5886882001714446, 
        0.5969972983709155, 1.1077031491777114}, {-0.0007071118167215947, 
        0.0004106994822558782, -0.01927650277937173}}, 
      {{-0.0007388166268226995, -0.007732221645316747, 
        -0.011936864732250821}, {-0.0007071118167215947, 
        0.0004106994822558782, -0.01927650277937173}, 
       {1.1124741748682523, 1.0803930865911386, 0.11713823247843837}}}, 
     {{{0.5940458793674449, 0.6302184788702199, 1.0868007624048501}, 
       {-0.019677506416259167, 0.00580318591481712, -0.9828482980705497}, 
       {0.01471930138882199, -0.006934075318199305, -0.0124482407764561}}, 
      {{-0.019677506416259167, 0.00580318591481712, -0.9828482980705497}, 
       {0.5775679064553705, 0.6089058217264928, 1.1069149361644235}, 
       {-0.011957008920494578, -0.007607933151185272, -0.02014390422475372}}, 
      {{0.01471930138882199, -0.006934075318199305, -0.0124482407764561}, 
       {-0.011957008920494578, -0.007607933151185272, -0.02014390422475372}, 
       {1.0902808476456591, 1.1010720029228205, 0.11865266292821335}}}, 
     {{{0.6029495561727282, 0.6219259272490104, 1.08618963553358}, 
       {-0.010133061743251808, -0.011139157558218527, -0.9814813989030118}, 
       {-0.005730251083870764, 0.003472947291756806, -0.01292368664971072}}, 
      {{-0.010133061743251808, -0.011139157558218527, -0.9814813989030118}, 
       {0.5818723583876562, 0.6052928769399457, 1.1062235376218656}, 
       {-0.004049384799398497, -0.01423801092174443, -0.020873728768725903}}, 
      {{-0.005730251083870764, 0.003472947291756806, -0.01292368664971072}, 
       {-0.004049384799398497, -0.01423801092174443, -0.020873728768725903}, 
       {1.0914208085688715, 1.0989527963812487, 0.11963193084142187}}}, 
     {{{0.6107979102838301, 0.6145427441692864, 1.0857244833567377}, 
       {-0.012603546478083415, -0.014638048239855816, -0.9802259376013367}, 
       {-0.0056284821977974535, -0.00847547854701947, 
        -0.013384156699170032}}, {{-0.012603546478083415, 
        -0.014638048239855816, -0.9802259376013367}, {0.614995646392513, 
        0.5727631382632269, 1.1056300733259106}, {-0.014348967279434622, 
        -0.005208217622884496, -0.02147786173494513}}, 
      {{-0.0056284821977974535, -0.00847547854701947, -0.013384156699170032}, 
       {-0.014348967279434622, -0.005208217622884496, -0.02147786173494513}, 
       {1.0993836419020204, 1.0903130711426525, 0.12030883074220586}}}, 
     {{{0.6146479311995171, 0.6112265794606723, 1.0851906164539968}, 
       {-0.015081043501917643, 0.007529880283758004, -0.9791393160960222}, 
       {-0.021643947666125728, 0.009581580873529729, -0.014053980175584414}}, 
      {{-0.015081043501917643, 0.007529880283758004, -0.9791393160960222}, 
       {0.5838329134116802, 0.6038591351744491, 1.1056968848149211}, 
       {0.001867685381912715, -0.00688458002259506, -0.022257383199436594}}, 
      {{-0.021643947666125728, 0.009581580873529729, -0.014053980175584414}, 
       {0.001867685381912715, -0.00688458002259506, -0.022257383199436594}, 
       {1.0972395788406335, 1.0912646480699122, 0.12150133302712403}}}, 
     {{{0.5987169046850838, 0.6275933490937501, 1.0847548793879902}, 
       {-0.00788346511200966, -0.020048590560409762, -0.978002639690309}, 
       {0.004207615763673863, -0.00250449644536318, -0.014719657116931356}}, 
      {{-0.00788346511200966, -0.020048590560409762, -0.978002639690309}, 
       {0.5908571089268823, 0.59766374045153, 1.1048681260591324}, 
       {-0.00842215238861805, -0.0033053296869870103, 
        -0.022595122491636765}}, {{0.004207615763673863, 
        -0.00250449644536318, -0.014719657116931356}, {-0.00842215238861805, 
        -0.0033053296869870103, -0.022595122491636765}, 
       {1.0998183598280715, 1.0876878809473587, 0.12249930850456814}}}, 
     {{{0.6110517580908182, 0.6159808015054536, 1.0840325613675568}, 
       {-0.020435842572894415, -0.02609481050220316, -0.9768286950773003}, 
       {0.007969828962384625, 0.0007104899071481048, -0.015309057752514097}}, 
      {{-0.020435842572894415, -0.02609481050220316, -0.9768286950773003}, 
       {0.5963346947247921, 0.5922895238929341, 1.1047648257952236}, 
       {-0.008672626939345913, 0.007747453469568849, -0.02317147578997226}}, 
      {{0.007969828962384625, 0.0007104899071481048, -0.015309057752514097}, 
       {-0.008672626939345913, 0.007747453469568849, -0.02317147578997226}, 
       {1.087519420278352, 1.0991776463004301, 0.12330854543075377}}}, 
     {{{0.6068825579548528, 0.6204938358401731, 1.0836887222094782}, 
       {-0.02233554591690392, -0.010424607687070556, -0.9760626042969786}, 
       {-0.0022596913396869, -0.003549749591809651, -0.015557879399129967}}, 
      {{-0.02233554591690392, -0.010424607687070556, -0.9760626042969786}, 
       {0.6070971108703763, 0.5819019154047197, 1.10439006478122}, 
       {-0.009900993238905321, 0.008363362019813183, -0.023675427456814932}}, 
      {{-0.0022596913396869, -0.003549749591809651, -0.015557879399129967}, 
       {-0.009900993238905321, 0.008363362019813183, -0.023675427456814932}, 
       {1.0967719396094437, 1.089233187133121, 0.12400051066911881}}}, 
     {{{0.6154339034404971, 0.6117788300804592, 1.0838523959294326}, 
       {-0.02245262582395898, -0.005731447919314112, -0.9753648610992429}, 
       {-0.013523310758395616, 0.01843087151700568, -0.01594568090872882}}, 
      {{-0.02245262582395898, -0.005731447919314112, -0.9753648610992429}, 
       {0.5967029174939993, 0.5930964917961289, 1.1035897655888498}, 
       {0.0046161633247825155, -0.012894447671556699, -0.02407089361135104}}, 
      {{-0.013523310758395616, 0.01843087151700568, -0.01594568090872882}, 
       {0.0046161633247825155, -0.012894447671556699, -0.02407089361135104}, 
       {1.1008651763220028, 1.08433231105294, 0.12480818507431224}}}, 
     {{{0.6147411683223257, 0.6124437038457867, 1.0838802554032871}, 
       {-0.0022578517112755675, -0.02707942872957791, -0.9747862455686446}, 
       {0.004240588521882572, 0.00021457077497231554, -0.01612031280203219}}, 
      {{-0.0022578517112755675, -0.02707942872957791, -0.9747862455686446}, 
       {0.6012586068517594, 0.5890632081835503, 1.1030674295558462}, 
       {-0.018279223726542726, -0.003954011856999673, -0.02431927162342344}}, 
      {{0.004240588521882572, 0.00021457077497231554, -0.01612031280203219}, 
       {-0.018279223726542726, -0.003954011856999673, -0.02431927162342344}, 
       {1.0709627787581542, 1.114051451661471, 0.12499145038304271}}}, 
     {{{0.6139222223996434, 0.6140556941038873, 1.083087208337923}, 
       {-0.020100179468661362, -0.01788107454232019, -0.9744604672103584}, 
       {0.0051224011890663584, -0.020278500820078864, 
        -0.016102475076635956}}, {{-0.020100179468661362, 
        -0.01788107454232019, -0.9744604672103584}, {0.5871714924618555, 
        0.6033200784023677, 1.1028977698639575}, {-0.017437868386643483, 
        -0.020910145796699402, -0.02421918774338605}}, 
      {{0.0051224011890663584, -0.020278500820078864, -0.016102475076635956}, 
       {-0.017437868386643483, -0.020910145796699402, -0.02421918774338605}, 
       {1.099920872133368, 1.0850180777280458, 0.125066757212815}}}, 
     {{{0.6188152379353209, 0.6082499492933678, 1.0839999444663282}, 
       {-0.009622141860913404, -0.009778225816533825, -0.9749560161778397}, 
       {-0.0003460102821393831, 0.016182381701848658, 
        -0.016347340018454552}}, {{-0.009622141860913404, 
        -0.009778225816533825, -0.9749560161778397}, {0.6022281259144546, 
        0.5879875818478629, 1.1031737008431473}, {-0.01454013328097947, 
        -0.007923142800321158, -0.02413335457672696}}, 
      {{-0.0003460102821393831, 0.016182381701848658, -0.016347340018454552}, 
       {-0.01454013328097947, -0.007923142800321158, -0.02413335457672696}, 
       {1.0816696535210213, 1.103148812313835, 0.1251872515905305}}}, 
     {{{0.6110193377954005, 0.6164408331677111, 1.0836049491906747}, 
       {-0.009190302316672509, -0.007357844837928829, -0.9749138109749106}, 
       {-0.011422377224166336, 0.012520868306391696, -0.016024905046115957}}, 
      {{-0.009190302316672509, -0.007357844837928829, -0.9749138109749106}, 
       {0.609151534549759, 0.5809589681297646, 1.1032789532359377}, 
       {-0.00973308770742077, -0.017953601807691795, -0.024326904193326587}}, 
      {{-0.011422377224166336, 0.012520868306391696, -0.016024905046115957}, 
       {-0.00973308770742077, -0.017953601807691795, -0.024326904193326587}, 
       {1.1129094375782815, 1.071961477173282, 0.12513481335605117}}}, 
     {{{0.6211173539782047, 0.6066176854139405, 1.0833300858434853}, 
       {0.002138400504265608, -0.019160873887931206, -0.974718444720559}, 
       {-0.01348899800296966, 0.007121044999158165, -0.015953746113094264}}, 
      {{0.002138400504265608, -0.019160873887931206, -0.974718444720559}, 
       {0.5990128472509172, 0.5907698930770058, 1.103606815368808}, 
       {-0.003254642328928959, -0.004627281249201552, 
        -0.024712069437602416}}, {{-0.01348899800296966, 
        0.007121044999158165, -0.015953746113094264}, {-0.003254642328928959, 
        -0.004627281249201552, -0.024712069437602416}, 
       {1.0718460348040573, 1.1128405996807442, 0.1253190946841197}}}, 
     {{{0.6217057250252819, 0.6055564173742928, 1.0838029758374204}, 
       {-0.014920266569140486, -0.0017625803638568719, -0.9746055356252633}, 
       {0.013616942742488734, 0.0018323631293181378, -0.01644187600908259}}, 
      {{-0.014920266569140486, -0.0017625803638568719, -0.9746055356252633}, 
       {0.6059384565938357, 0.5838763630136339, 1.1035747480264337}, 
       {-0.0008125960966584978, -0.018766674011481785, 
        -0.024441443986205628}}, {{0.013616942742488734, 
        0.0018323631293181378, -0.01644187600908259}, 
       {-0.0008125960966584978, -0.018766674011481785, 
        -0.024441443986205628}, {1.096061360101468, 1.0888569174040965, 
        0.1250874627312515}}}, {{{0.6211192958808257, 0.6067118972294173, 
        1.0832339317656143}, {-0.010396210131306005, -0.02315774048729766, 
        -0.9746969307375363}, {-0.0036515266067522444, 0.0039718850834761085, 
        -0.016262470375985515}}, {{-0.010396210131306005, 
        -0.02315774048729766, -0.9746969307375363}, {0.5899256040295122, 
        0.5996710970055844, 1.1037929402968798}, {-0.0034876703477729255, 
        -0.014369070443018843, -0.024226679224211095}}, 
      {{-0.0036515266067522444, 0.0039718850834761085, 
        -0.016262470375985515}, {-0.0034876703477729255, 
        -0.014369070443018843, -0.024226679224211095}, 
       {1.1027469935337255, 1.0824260339843572, 0.12483276396694933}}}, 
     {{{0.6180456095223171, 0.6100037446568994, 1.0830157723825495}, 
       {-0.025027037991155465, -0.009255759690332334, -0.9748322506076298}, 
       {0.00235007237654792, -0.022087202017927993, -0.01601070030559872}}, 
      {{-0.025027037991155465, -0.009255759690332334, -0.9748322506076298}, 
       {0.5865595265145203, 0.602906773009929, 1.10392342312536}, 
       {-0.011694129341952776, -0.004609458619939082, 
        -0.024150797593432197}}, {{0.00235007237654792, 
        -0.022087202017927993, -0.01601070030559872}, {-0.011694129341952776, 
        -0.004609458619939082, -0.024150797593432197}, 
       {1.089485414355157, 1.0959846074961606, 0.12453577685937456}}}, 
     {{{0.6040307431079545, 0.62316339817956, 1.083870982131921}, 
       {-0.009408250339612177, -0.0003201241383754742, -0.9754727609446501}, 
       {-0.020387300902136002, 0.006397312181647762, -0.016009893746810007}}, 
      {{-0.009408250339612177, -0.0003201241383754742, -0.9754727609446501}, 
       {0.6044698989473056, 0.5848173502578679, 1.1041025407749794}, 
       {-0.007393753563103218, -0.012093605107728552, -0.02378227162664375}}, 
      {{-0.020387300902136002, 0.006397312181647762, -0.016009893746810007}, 
       {-0.007393753563103218, -0.012093605107728552, -0.02378227162664375}, 
       {1.0970115423405014, 1.0889504734358078, 0.12404380508325098}}}, 
     {{{0.6221831802434279, 0.6045595327064047, 1.0843224326729832}, 
       {-0.00373212598996551, -0.02088100285804383, -0.9759722697930486}, 
       {0.008561954721062835, -0.011233549380325862, -0.015756414921418854}}, 
      {{-0.00373212598996551, -0.02088100285804383, -0.9759722697930486}, 
       {0.5922892963631876, 0.5969517035234877, 1.1041488635151002}, 
       {-0.012757784383419256, 0.0023016958947928495, 
        -0.023590890920333323}}, {{0.008561954721062835, 
        -0.011233549380325862, -0.015756414921418854}, 
       {-0.012757784383419256, 0.0023016958947928495, -0.023590890920333323}, 
       {1.088298344150736, 1.098052165096089, 0.12365533043548618}}}, 
     {{{0.5929479162592142, 0.6335789931864285, 1.0845382216325998}, 
       {-0.024774506581230232, -0.001286308127818896, -0.9764671882762382}, 
       {0.00013965170774490315, -0.0016516793105614922, 
        -0.015479033538893463}}, {{-0.024774506581230232, 
        -0.001286308127818896, -0.9764671882762382}, {0.600154816995125, 
        0.5888590586877956, 1.1043760448540985}, {0.00561531541922184, 
        -0.020070361535701076, -0.023330483217655965}}, 
      {{0.00013965170774490315, -0.0016516793105614922, 
        -0.015479033538893463}, {0.00561531541922184, -0.020070361535701076, 
        -0.023330483217655965}, {1.0963898837178234, 1.09048933648057, 
        0.12312661893282546}}}, {{{0.6146377688893471, 0.6117878177783488, 
        1.0846395523190733}, {-0.026159038251277526, -0.030066658246390886, 
        -0.9767764015888866}, {0.010193724419805112, -0.00360382221996857, 
        -0.015184607115350968}}, {{-0.026159038251277526, 
        -0.030066658246390886, -0.9767764015888866}, {0.6089984933946966, 
        0.5803685044641148, 1.1040229702347673}, {-0.02454472392914758, 
        -0.006756543222010745, -0.022926604303361412}}, 
      {{0.010193724419805112, -0.00360382221996857, -0.015184607115350968}, 
       {-0.02454472392914758, -0.006756543222010745, -0.022926604303361412}, 
       {1.1055767702548702, 1.081828932260991, 0.12260017881531476}}}, 
     {{{0.6025330678527717, 0.6233430177917803, 1.085189035484029}, 
       {-0.001410212910248186, -0.010001394551254527, -0.9778722671813668}, 
       {0.01471066714539021, 0.00033840783973000725, -0.014810639417341521}}, 
      {{-0.001410212910248186, -0.010001394551254527, -0.9778722671813668}, 
       {0.5825477297612695, 0.6061197932946, 1.1047225128008205}, 
       {-0.008537276773468912, -0.006897938096776749, -0.02289609957774496}}, 
      {{0.01471066714539021, 0.00033840783973000725, -0.014810639417341521}, 
       {-0.008537276773468912, -0.006897938096776749, -0.02289609957774496}, 
       {1.101042486646098, 1.08622945824995, 0.12273393942202591}}}, 
     {{{0.5874726562386396, 0.6383729816507756, 1.085219500099439}, 
       {-0.01471460543521397, 0.001621793215805315, -0.9783635026185147}, 
       {0.013138358018491787, 0.00023164775416063528, 
        -0.014586977949055622}}, {{-0.01471460543521397, 
        0.001621793215805315, -0.9783635026185147}, {0.5919959863014258, 
        0.5965622590759615, 1.1048318761103693}, {-0.029175879564671683, 
        -0.009792414907993851, -0.022359592321248345}}, 
      {{0.013138358018491787, 0.00023164775416063528, -0.014586977949055622}, 
       {-0.029175879564671683, -0.009792414907993851, -0.022359592321248345}, 
       {1.1043724561072294, 1.0835771833859655, 0.12205624492181043}}}, 
     {{{0.6163013502909508, 0.6093665423780367, 1.0853972395612705}, 
       {-0.0023576107351744786, -0.017810385902481157, -0.9786884306815177}, 
       {0.0033130121861193766, 0.0038360484202605654, 
        -0.014501347688606238}}, {{-0.0023576107351744786, 
        -0.017810385902481157, -0.9786884306815177}, {0.5842205899319804, 
        0.6039453947638138, 1.1052242225859612}, {-0.0004677606429781615, 
        -0.018081196137074727, -0.022191526668286457}}, 
      {{0.0033130121861193766, 0.0038360484202605654, -0.014501347688606238}, 
       {-0.0004677606429781615, -0.018081196137074727, 
        -0.022191526668286457}, {1.094287035182384, 1.0940902937101977, 
        0.12162862328355635}}}, {{{0.617528871656419, 0.6079616584108775, 
        1.0855746182715984}, {-0.011504212823801424, 0.0023222713153211037, 
        -0.9791571440852922}, {-0.002652205200114253, -0.024388519489976935, 
        -0.013910999618417137}}, {{-0.011504212823801424, 
        0.0023222713153211037, -0.9791571440852922}, {0.5997318088201756, 
        0.5883935694853827, 1.1052648954479227}, {0.0055544146956769255, 
        -0.01495990404399057, -0.022172558771123653}}, 
      {{-0.002652205200114253, -0.024388519489976935, -0.013910999618417137}, 
       {0.0055544146956769255, -0.01495990404399057, -0.022172558771123653}, 
       {1.1150297581911748, 1.073846831439488, 0.12112936658408648}}}, 
     {{{0.6258656119854951, 0.5998673573107624, 1.0853321549125914}, 
       {-0.021539280937348644, -0.018258799864797014, -0.9792262757112252}, 
       {-0.020636080419075824, -0.007296330824875153, 
        -0.013530818742599404}}, {{-0.021539280937348644, 
        -0.018258799864797014, -0.9792262757112252}, {0.5993751793902556, 
        0.588641103393022, 1.1053740389751185}, {0.015658669620414997, 
        -0.002438140115754968, -0.022394790072327517}}, 
      {{-0.020636080419075824, -0.007296330824875153, -0.013530818742599404}, 
       {0.015658669620414997, -0.002438140115754968, -0.022394790072327517}, 
       {1.096897664809998, 1.0920232805680647, 0.12108505051858202}}}, 
     {{{0.6359008211224447, 0.5894407715992015, 1.0857235442015374}, 
       {-0.01581429268335064, -0.013222256223089583, -0.9796389831707866}, 
       {-0.009873985021970448, -0.00935585828958846, -0.013555933039915032}}, 
      {{-0.01581429268335064, -0.013222256223089583, -0.9796389831707866}, 
       {0.5847298333281963, 0.6032136589177546, 1.1054468921515541}, 
       {-0.004424520857523012, 0.009669885843188853, -0.02207185717661486}}, 
      {{-0.009873985021970448, -0.00935585828958846, -0.013555933039915032}, 
       {-0.004424520857523012, 0.009669885843188853, -0.02207185717661486}, 
       {1.0943311221493808, 1.0948243115561587, 0.12085058577550342}}}, 
     {{{0.6151570125776571, 0.6100734026421955, 1.0858347131248005}, 
       {-0.015254435185400312, -0.022530374217454747, -0.9798833296579484}, 
       {-0.0027660795734190087, 0.0012245463816084917, 
        -0.013838025927865708}}, {{-0.015254435185400312, 
        -0.022530374217454747, -0.9798833296579484}, {0.6111977136063782, 
        0.5767130067976949, 1.1054797666653318}, {0.022582115566870873, 
        -0.01517608259177371, -0.021656425261073788}}, 
      {{-0.0027660795734190087, 0.0012245463816084917, 
        -0.013838025927865708}, {0.022582115566870873, -0.01517608259177371, 
        -0.021656425261073788}, {1.0918768731983146, 1.0972005755637133, 
        0.1209285572576327}}}, {{{0.591444374834897, 0.633906019302393, 
        1.0857147369399471}, {-0.012808134900835533, -0.018667895465060518, 
        -0.9801027103102549}, {-0.0019783193667925573, 
        -0.00039301819664757043, -0.013789104737547483}}, 
      {{-0.012808134900835533, -0.018667895465060518, -0.9801027103102549}, 
       {0.5919963312196628, 0.596189436495904, 1.105204802847832}, 
       {-0.011343009745002512, 0.004078121178392642, -0.02139404601263718}}, 
      {{-0.0019783193667925573, -0.00039301819664757043, 
        -0.013789104737547483}, {-0.011343009745002512, 0.004078121178392642, 
        -0.02139404601263718}, {1.0863752627751735, 1.102491127720508, 
        0.12113965768705207}}}, {{{0.6240246718275835, 0.6013033178506988, 
        1.085737123554654}, {-0.012638452337572421, 0.0036602428639905846, 
        -0.9805208818276594}, {0.005925630375375567, -0.0037933199211804924, 
        -0.01380874363941792}}, {{-0.012638452337572421, 
        0.0036602428639905846, -0.9805208818276594}, {0.5647331197648792, 
        0.623735558210569, 1.1049219117255922}, {-0.01714331146130863, 
        -0.02059837151957742, -0.02092148247694261}}, 
      {{0.005925630375375567, -0.0037933199211804924, -0.01380874363941792}, 
       {-0.01714331146130863, -0.02059837151957742, -0.02092148247694261}, 
       {1.1021703638651132, 1.0865050257627007, 0.1213306559617315}}}, 
     {{{0.6089470408260566, 0.6164788754214755, 1.085639206186221}, 
       {-0.0063530951186157964, -0.002158670861846182, -0.9806717770396032}, 
       {0.005694822900312596, 0.009040501933290267, -0.013703912169112875}}, 
      {{-0.0063530951186157964, -0.002158670861846182, -0.9806717770396032}, 
       {0.5816451992886518, 0.6065581878518208, 1.1051872744485483}, 
       {-0.00359012950667719, -0.008428130075056653, -0.02126334759353765}}, 
      {{0.005694822900312596, 0.009040501933290267, -0.013703912169112875}, 
       {-0.00359012950667719, -0.008428130075056653, -0.02126334759353765}, 
       {1.079091140974457, 1.1089758568638903, 0.12193906832372836}}}, 
     {{{0.6124566672465247, 0.6136592437505951, 1.084949219005827}, 
       {-0.005957313182747009, -0.017368291596281577, -0.9800854793592358}, 
       {-0.0022757273504433284, -0.003820764488509005, 
        -0.01366938936364526}}, {{-0.005957313182747009, 
        -0.017368291596281577, -0.9800854793592358}, {0.6035722279063943, 
        0.5846756209209564, 1.1051428856162957}, {-0.007646726390496822, 
        -0.017299978158092713, -0.02139842698912333}}, 
      {{-0.0022757273504433284, -0.003820764488509005, -0.01366938936364526}, 
       {-0.007646726390496822, -0.017299978158092713, -0.02139842698912333}, 
       {1.0810662542387497, 1.1072378575609076, 0.12170196215583765}}}, 
     {{{0.611449548655566, 0.6146525469756907, 1.084963023971472}, 
       {-0.01711889393568233, -0.016604557494333167, -0.9800403546196769}, 
       {0.001790332882016429, -0.0032122332584070376, 
        -0.013678115538999253}}, {{-0.01711889393568233, 
        -0.016604557494333167, -0.9800403546196769}, {0.5932338541261328, 
        0.5952789694191135, 1.1048779900818577}, {-0.01939867189775416, 
        -0.017860000400753872, -0.021254473363722427}}, 
      {{0.001790332882016429, -0.0032122332584070376, -0.013678115538999253}, 
       {-0.01939867189775416, -0.017860000400753872, -0.021254473363722427}, 
       {1.094024863909353, 1.0943888922331437, 0.12159234834543838}}}, 
     {{{0.6215014199247423, 0.6040830735736349, 1.085480640723184}, 
       {-0.004722113798696008, -0.020127500139580156, -0.9803959950394062}, 
       {0.014825590565180076, 0.0015051415830031904, -0.013782138631626556}}, 
      {{-0.004722113798696008, -0.020127500139580156, -0.9803959950394062}, 
       {0.5980677932120685, 0.5898874908811638, 1.1054355918034549}, 
       {-0.011891924895171414, 0.010941209023760338, -0.021424154224860704}}, 
      {{0.014825590565180076, 0.0015051415830031904, -0.013782138631626556}, 
       {-0.011891924895171414, 0.010941209023760338, -0.021424154224860704}, 
       {1.076124326521729, 1.1121059562870077, 0.12177581861911226}}}, 
     {{{0.6257287309252634, 0.5994784155478342, 1.0858579977252076}, 
       {-0.0265254804855621, -0.006380833138278878, -0.9804277542838697}, 
       {0.016862153709204176, -0.003147748267309577, -0.013773489864751489}}, 
      {{-0.0265254804855621, -0.006380833138278878, -0.9804277542838697}, 
       {0.5836476832499796, 0.6046692736148795, 1.105073988046032}, 
       {-0.008292957418109353, -0.00759543586709469, -0.02114493660351317}}, 
      {{0.016862153709204176, -0.003147748267309577, -0.013773489864751489}, 
       {-0.008292957418109353, -0.00759543586709469, -0.02114493660351317}, 
       {1.0941292320525835, 1.094629067380582, 0.12124785108698587}}}, 
     {{{0.6142938728789629, 0.6106533007675129, 1.0861179640488619}, 
       {0.0008784477978527645, -0.010691369687371761, -0.9809267202695502}, 
       {0.0006875625572393316, -0.002103938631769428, 
        -0.013336898712000745}}, {{0.0008784477978527645, 
        -0.010691369687371761, -0.9809267202695502}, {0.5907756536975118, 
        0.597073935670121, 1.1055414694783834}, {-0.0033837968172273996, 
        -0.010415359251184324, -0.021183080242278676}}, 
      {{0.0006875625572393316, -0.002103938631769428, -0.013336898712000745}, 
       {-0.0033837968172273996, -0.010415359251184324, 
        -0.021183080242278676}, {1.078295579667382, 1.1109891385354664, 
        0.12072144027440514}}}, {{{0.6225600636482936, 0.6026532999525896, 
        1.0858517733569608}, {-0.010205699423926075, -0.015416024146105978, 
        -0.9809878470614969}, {-0.00928076947975297, -0.010583163170677909, 
        -0.013029779938639728}}, {{-0.010205699423926075, 
        -0.015416024146105978, -0.9809878470614969}, {0.5895032405195167, 
        0.5981278405232999, 1.1057599864056908}, {-0.0024088256726888524, 
        0.005282274031093558, -0.02125323493496935}}, 
      {{-0.00928076947975297, -0.010583163170677909, -0.013029779938639728}, 
       {-0.0024088256726888524, 0.005282274031093558, -0.02125323493496935}, 
       {1.1070953495886124, 1.0824933768517302, 0.12041743946151776}}}, 
     {{{0.6005664183512807, 0.6242269942442688, 1.0862717252446221}, 
       {-0.008761520899787824, -0.011689946305727368, -0.9811046869217902}, 
       {-0.011183052545917746, -0.00321140869153425, -0.013275059539512168}}, 
      {{-0.008761520899787824, -0.011689946305727368, -0.9811046869217902}, 
       {0.6006677275942736, 0.5876422262489106, 1.1050811978880413}, 
       {-0.0031873907665564364, -0.028487186431796947, 
        -0.020652032516288856}}, {{-0.011183052545917746, 
        -0.00321140869153425, -0.013275059539512168}, 
       {-0.0031873907665564364, -0.028487186431796947, 
        -0.020652032516288856}, {1.100855759702645, 1.0889523168556654, 
        0.12019811017651741}}}, {{{0.5993550182721422, 0.6249589803209771, 
        1.086751140966963}, {-0.013752278249729145, 0.0074096782755071425, 
        -0.9811915858164971}, {0.003494495314488016, -0.002483372001146757, 
        -0.013493125988281401}}, {{-0.013752278249729145, 
        0.0074096782755071425, -0.9811915858164971}, {0.5811602105375663, 
        0.6066721939747223, 1.1055588103374454}, {-0.008290822215424196, 
        -0.010407486564616111, -0.020771974191785857}}, 
      {{0.003494495314488016, -0.002483372001146757, -0.013493125988281401}, 
       {-0.008290822215424196, -0.010407486564616111, -0.020771974191785857}, 
       {1.0944830999966781, 1.0954322170201245, 0.1200908960426578}}}, 
     {{{0.6091101586863228, 0.615695119410361, 1.0862598661170295}, 
       {-0.006220880314453226, -0.028931369676184867, -0.9807300072732191}, 
       {-0.0049503203112868065, -0.002473959562675179, 
        -0.01322603586070854}}, {{-0.006220880314453226, 
        -0.028931369676184867, -0.9807300072732191}, {0.6003034236668554, 
        0.5879643418362943, 1.105123523681332}, {-0.007640278329016302, 
        -0.01374112041523269, -0.021101361434390776}}, 
      {{-0.0049503203112868065, -0.002473959562675179, -0.01322603586070854}, 
       {-0.007640278329016302, -0.01374112041523269, -0.021101361434390776}, 
       {1.0738411765337872, 1.1159461473263523, 0.12021889469227835}}}, 
     {{{0.6012259470214818, 0.6233471231097549, 1.0864920716013098}, 
       {-0.015062172454239148, -0.0070091983059001, -0.9806100415071877}, 
       {-0.006652701441562666, 0.010799588380303463, -0.01343593197773793}}, 
      {{-0.015062172454239148, -0.0070091983059001, -0.9806100415071877}, 
       {0.6051652071324614, 0.5830146551088629, 1.10521148978931}, 
       {-0.016395188597957553, 0.00002022914148571935, 
        -0.02130801592249036}}, {{-0.006652701441562666, 
        0.010799588380303463, -0.01343593197773793}, {-0.016395188597957553, 
        0.00002022914148571935, -0.02130801592249036}, 
       {1.0953762459023222, 1.0941381394284095, 0.12049189277819959}}}, 
     {{{0.6129932773694231, 0.6116924063109757, 1.0863794512950224}, 
       {-0.005484950143230345, -0.015421768398707352, -0.9806186050420175}, 
       {0.010859612682804774, -0.0014204379245654664, -0.01348324845407278}}, 
      {{-0.005484950143230345, -0.015421768398707352, -0.9806186050420175}, 
       {0.5961014546584414, 0.5915281682673288, 1.1057617863672944}, 
       {0.011590015643910214, -0.007231134326076356, -0.02152404401248524}}, 
      {{0.010859612682804774, -0.0014204379245654664, -0.01348324845407278}, 
       {0.011590015643910214, -0.007231134326076356, -0.02152404401248524}, 
       {1.0980834769237142, 1.0913247608135324, 0.12059803270882347}}}, 
     {{{0.6108478386619888, 0.6143421969844312, 1.0858751019633561}, 
       {-0.022134303933674746, -0.021796238844238775, -0.9805068478314615}, 
       {0.004505964520255426, 0.0005401555498342013, -0.013465084221541865}}, 
      {{-0.022134303933674746, -0.021796238844238775, -0.9805068478314615}, 
       {0.5946971686608683, 0.5927609324816806, 1.1059333999466436}, 
       {-0.009467439284321089, 0.018385100276902797, -0.021425384119059716}}, 
      {{0.004505964520255426, 0.0005401555498342013, -0.013465084221541865}, 
       {-0.009467439284321089, 0.018385100276902797, -0.021425384119059716}, 
       {1.0841615499403168, 1.1053711682996523, 0.12047360578809496}}}, 
     {{{0.6209106269720714, 0.6044502425107454, 1.0857042716374485}, 
       {-0.02053187800624997, 0.007159280122567224, -0.9805839353526243}, 
       {0.004185452259985007, -0.0010196694065050227, 
        -0.013389611307172753}}, {{-0.02053187800624997, 
        0.007159280122567224, -0.9805839353526243}, {0.5737255118336997, 
        0.6139334985998837, 1.1057325232585558}, {-0.013463604918399017, 
        -0.009808870061070292, -0.021388644476225353}}, 
      {{0.004185452259985007, -0.0010196694065050227, -0.013389611307172753}, 
       {-0.013463604918399017, -0.009808870061070292, -0.021388644476225353}, 
       {1.0986014287433912, 1.090629825550356, 0.12077506273000073}}}, 
     {{{0.6297827654684955, 0.5959153329156256, 1.0853670380561158}, 
       {-0.01080093480072404, -0.02186852884443741, -0.9798991326476053}, 
       {-0.015414858960122037, 0.0037813979377956334, 
        -0.013345650175075453}}, {{-0.01080093480072404, 
        -0.02186852884443741, -0.9798991326476053}, {0.5785140716308865, 
        0.6094299687715768, 1.1054475803572081}, {-0.020368462610834026, 
        -0.008335145488042655, -0.021722135827861585}}, 
      {{-0.015414858960122037, 0.0037813979377956334, -0.013345650175075453}, 
       {-0.020368462610834026, -0.008335145488042655, -0.021722135827861585}, 
       {1.0984003337243031, 1.0909993075350586, 0.12060669424168505}}}, 
     {{{0.5896031986828317, 0.6361468339792883, 1.0853151025480303}, 
       {-0.016878604309713933, -0.01237896758727073, -0.9796694484950452}, 
       {-0.00555215266476321, -0.02498573747625788, -0.013311738943887135}}, 
      {{-0.016878604309713933, -0.01237896758727073, -0.9796694484950452}, 
       {0.5946540826812527, 0.5929617804207596, 1.105775805810282}, 
       {-0.0026594034423419355, 0.0008155252507760216, 
        -0.022099403123494493}}, {{-0.00555215266476321, 
        -0.02498573747625788, -0.013311738943887135}, 
       {-0.0026594034423419355, 0.0008155252507760216, 
        -0.022099403123494493}, {1.094024301293981, 1.095424310509276, 
        0.12055774812049198}}}, {{{0.614341083764859, 0.6111965527309673, 
        1.085527505436774}, {-0.03062971598615414, -0.02412176162583671, 
        -0.9795668307711803}, {0.0057873505326379695, -0.006629099680793021, 
        -0.013407333586395911}}, {{-0.03062971598615414, 
        -0.02412176162583671, -0.9795668307711803}, {0.5871578580486878, 
        0.6007855412882488, 1.1054483642703556}, {-0.005343042374415209, 
        -0.008722634168751358, -0.02202623084876253}}, 
      {{0.0057873505326379695, -0.006629099680793021, -0.013407333586395911}, 
       {-0.005343042374415209, -0.008722634168751358, -0.02202623084876253}, 
       {1.105056101937993, 1.0844378406963535, 0.12051239605949651}}}, 
     {{{0.6101379846169921, 0.615000374961732, 1.0859267789444371}, 
       {-0.01160863662788148, 0.011008736225270219, -0.9799098071739624}, 
       {0.00349272500081674, 0.0031580845059325084, -0.01385751307257424}}, 
      {{-0.01160863662788148, 0.011008736225270219, -0.9799098071739624}, 
       {0.5897861858733, 0.5975524541237894, 1.1060531808214424}, 
       {-0.0022688937632369508, -0.011320943576141936, 
        -0.021854274533156103}}, {{0.00349272500081674, 
        0.0031580845059325084, -0.01385751307257424}, 
       {-0.0022688937632369508, -0.011320943576141936, 
        -0.021854274533156103}, {1.0777121123002522, 1.1115435626543362, 
        0.12075070514747216}}}, {{{0.621776446043114, 0.6035769525408133, 
        1.0857117526165363}, {-0.0016799798871547375, -0.01838567752778716, 
        -0.9795214640211042}, {0.010644145819519845, -0.00014421974706109518, 
        -0.01413457238036824}}, {{-0.0016799798871547375, 
        -0.01838567752778716, -0.9795214640211042}, {0.5875558337489256, 
        0.5998823428600808, 1.1059537189618598}, {-0.0025282254829527757, 
        -0.0016042868691149798, -0.02190396550250563}}, 
      {{0.010644145819519845, -0.00014421974706109518, -0.01413457238036824}, 
       {-0.0025282254829527757, -0.0016042868691149798, 
        -0.02190396550250563}, {1.0984473819717278, 1.0906169976797087, 
        0.12094200758351441}}}, {{{0.6133074161939785, 0.6123946914634809, 
        1.0853630427471264}, {-0.015790097563309333, -0.0074744156970057716, 
        -0.9792617251693686}, {-0.011364266952807732, 0.002300226494266094, 
        -0.014074236756713748}}, {{-0.015790097563309333, 
        -0.0074744156970057716, -0.9792617251693686}, 
       {0.580599614160112, 0.6074295403928047, 1.1053628343339963}, 
       {-0.006756055771872431, -0.004139652730450765, 
        -0.021928779713357112}}, {{-0.011364266952807732, 
        0.002300226494266094, -0.014074236756713748}, {-0.006756055771872431, 
        -0.004139652730450765, -0.021928779713357112}, 
       {1.1023560760159963, 1.0863592588662354, 0.12129108155170443}}}, 
     {{{0.6081303958924695, 0.6169795488577644, 1.0859551931534122}, 
       {-0.006620818859906199, 0.0036025926912631014, -0.9795472237316595}, 
       {0.0012384406357679966, 0.002259345058969627, -0.014410428315179075}}, 
      {{-0.006620818859906199, 0.0036025926912631014, -0.9795472237316595}, 
       {0.5838461203302558, 0.6042274589527947, 1.1053184608360433}, 
       {-0.01808974969323113, -0.004858791073466228, -0.02151464213686177}}, 
      {{0.0012384406357679966, 0.002259345058969627, -0.014410428315179075}, 
       {-0.01808974969323113, -0.004858791073466228, -0.02151464213686177}, 
       {1.09297996852447, 1.0958680317229528, 0.12115840973190711}}}, 
     {{{0.6113514617068571, 0.6136632228440654, 1.0860504451560742}, 
       {-0.02074163933513732, -0.02645090004770911, -0.9790199275058747}, 
       {0.012649873747939277, 0.018915742988744814, -0.014957210873180823}}, 
      {{-0.02074163933513732, -0.02645090004770911, -0.9790199275058747}, 
       {0.6019042898523249, 0.586404207883344, 1.1050836048425414}, 
       {-0.006985652266756177, -0.004646081513947525, 
        -0.021447259283391643}}, {{0.012649873747939277, 
        0.018915742988744814, -0.014957210873180823}, {-0.006985652266756177, 
        -0.004646081513947525, -0.021447259283391643}, 
       {1.092311279753417, 1.0964929647821189, 0.12120222068026215}}}, 
     {{{0.6047974116341546, 0.6203817097116222, 1.0858860265906318}, 
       {-0.005083113823745678, -0.004337940119265065, -0.9790294461509436}, 
       {-0.0027306583893168907, -0.02432955219822473, 
        -0.014500219119091046}}, {{-0.005083113823745678, 
        -0.004337940119265065, -0.9790294461509436}, {0.6068250960598779, 
        0.5808424667166328, 1.105724593498088}, {0.004774823750338439, 
        -0.0010711785772268064, -0.021839542629384888}}, 
      {{-0.0027306583893168907, -0.02432955219822473, -0.014500219119091046}, 
       {0.004774823750338439, -0.0010711785772268064, -0.021839542629384888}, 
       {1.078599732927053, 1.1107914681720392, 0.12061527106410501}}}, 
     {{{0.6160443473977636, 0.6091916450998193, 1.0858291528803485}, 
       {-0.02253338594124386, -0.012666524060231612, -0.9782813739287388}, 
       {-0.006676483767887261, -0.004599818777113763, 
        -0.014969502899318183}}, {{-0.02253338594124386, 
        -0.012666524060231612, -0.9782813739287388}, {0.5966659864678991, 
        0.5921814976120519, 1.1045447629577272}, {-0.021321366442470405, 
        -0.019141113631980896, -0.02157672015049405}}, 
      {{-0.006676483767887261, -0.004599818777113763, -0.014969502899318183}, 
       {-0.021321366442470405, -0.019141113631980896, -0.02157672015049405}, 
       {1.1082629063807732, 1.0809748460809454, 0.12076875347298409}}}, 
     {{{0.6103560522719015, 0.614881218870498, 1.0858278659320604}, 
       {-0.01421310191086098, -0.015525168248862013, -0.9784046647480718}, 
       {0.0024336840575249655, -0.002423280194382703, 
        -0.014970113155432334}}, {{-0.01421310191086098, 
        -0.015525168248862013, -0.9784046647480718}, {0.608756653988659, 
        0.5800504744807222, 1.1045851224481844}, {-0.010975663092486678, 
        -0.01741618522232379, -0.021741008877921388}}, 
      {{0.0024336840575249655, -0.002423280194382703, -0.014970113155432334}, 
       {-0.010975663092486678, -0.01741618522232379, -0.021741008877921388}, 
       {1.0878786312882378, 1.1008218194640398, 0.12130606053656247}}}, 
     {{{0.6163104001695369, 0.6094959246375544, 1.0852588129177883}, 
       {-0.021684276144493142, -0.006138001635852646, -0.978916853673392}, 
       {-0.02222545159518691, 0.011403505606098003, -0.01443850966521876}}, 
      {{-0.021684276144493142, -0.006138001635852646, -0.978916853673392}, 
       {0.5911628738193161, 0.5966447370661375, 1.1055847562653396}, 
       {0.004946147161767285, 0.007187059159159192, -0.022076510684167234}}, 
      {{-0.02222545159518691, 0.011403505606098003, -0.01443850966521876}, 
       {0.004946147161767285, 0.007187059159159192, -0.022076510684167234}, 
       {1.105206665576807, 1.0832922257783064, 0.12150765421636876}}}, 
     {{{0.5949073056158624, 0.6310245034611615, 1.085133333505957}, 
       {-0.011280136171702164, -0.012296349393669838, -0.9791517689761846}, 
       {-0.021261692122577544, 0.005771191206074471, -0.014407772337362556}}, 
      {{-0.011280136171702164, -0.012296349393669838, -0.9791517689761846}, 
       {0.5946946011114628, 0.5936505367507401, 1.105047272796663}, 
       {-0.005199009247797083, -0.03086945456165792, -0.02138608820873321}}, 
      {{-0.021261692122577544, 0.005771191206074471, -0.014407772337362556}, 
       {-0.005199009247797083, -0.03086945456165792, -0.02138608820873321}, 
       {1.074455397921992, 1.114353021352819, 0.121198128095912}}}, 
     {{{0.635507820514864, 0.5900358902591757, 1.0855214414692989}, 
       {-0.0025846321155545923, -0.024440843393573764, -0.9793221324649996}, 
       {-0.0009226948799103787, 0.0005869359407291983, 
        -0.014528972417735202}}, {{-0.0025846321155545923, 
        -0.024440843393573764, -0.9793221324649996}, {0.5907697517702204, 
        0.5972586473951069, 1.105364127063559}, {-0.02011251969287744, 
        0.00816595385220137, -0.021452801200455673}}, 
      {{-0.0009226948799103787, 0.0005869359407291983, 
        -0.014528972417735202}, {-0.02011251969287744, 0.00816595385220137, 
        -0.021452801200455673}, {1.0905757233993634, 1.0982211156675508, 
        0.12120971898750398}}}, {{{0.6044549662762394, 0.6210764004983114, 
        1.0855337830664125}, {-0.0276636954411057, 0.00561172794030121, 
        -0.9792911967188971}, {-0.0010539140357735978, -0.006847355638175032, 
        -0.01448762476055921}}, {{-0.0276636954411057, 0.00561172794030121, 
        -0.9792911967188971}, {0.6091390320532497, 0.5791356797203248, 
        1.1051178847831151}, {-0.007705562488267014, -0.01621439476372662, 
        -0.021379430618712073}}, {{-0.0010539140357735978, 
        -0.006847355638175032, -0.01448762476055921}, {-0.007705562488267014, 
        -0.01621439476372662, -0.021379430618712073}, 
       {1.1079327760649758, 1.0809215088649027, 0.12115231170075384}}}, 
     {{{0.5941457213553845, 0.6315743426753228, 1.0853450701774767}, 
       {-0.009320138488760612, -0.02363827800083105, -0.9790877070540666}, 
       {-0.00002075212597554093, 0.0007676499943093303, 
        -0.014609517943871941}}, {{-0.009320138488760612, 
        -0.02363827800083105, -0.9790877070540666}, {0.5921069363900735, 
        0.5959004743917781, 1.105385219778793}, {-0.010135989086093068, 
        -0.004524134014391054, -0.02153104285407424}}, 
      {{-0.00002075212597554093, 0.0007676499943093303, 
        -0.014609517943871941}, {-0.010135989086093068, 
        -0.004524134014391054, -0.02153104285407424}, 
       {1.1050956210148566, 1.0836972578145165, 0.12121372110173033}}}, 
     {{{0.6265051362946092, 0.5993289976751718, 1.085231004537637}, 
       {-0.00989293859332915, -0.013269904789367277, -0.9791886076215773}, 
       {-0.0029041478107777316, -0.006189212286705137, 
        -0.014585780166543218}}, {{-0.00989293859332915, 
        -0.013269904789367277, -0.9791886076215773}, {0.5893641693764462, 
        0.5980518023502087, 1.1059767622782484}, {0.005384153736210899, 
        -0.008823499211465203, -0.021565640772846964}}, 
      {{-0.0029041478107777316, -0.006189212286705137, 
        -0.014585780166543218}, {0.005384153736210899, -0.008823499211465203, 
        -0.021565640772846964}, {1.0893719013520504, 1.0996749529847931, 
        0.12095976566003426}}}, {{{0.6128149006099031, 0.6127555053543611, 
        1.0854947321617874}, {-0.007602229099031086, -0.01618662793213466, 
        -0.9791534462923978}, {-0.004742530581925523, -0.004229261173669592, 
        -0.014596115279111664}}, {{-0.007602229099031086, 
        -0.01618662793213466, -0.9791534462923978}, {0.5880498062725367, 
        0.5994153711398469, 1.1059275934023431}, {0.007876196022619946, 
        -0.011201870105437443, -0.02158655910233134}}, 
      {{-0.004742530581925523, -0.004229261173669592, -0.014596115279111664}, 
       {0.007876196022619946, -0.011201870105437443, -0.02158655910233134}, 
       {1.08825501467974, 1.1010142234677178, 0.12073739113751042}}}, 
     {{{0.6086633410547693, 0.6161111555208818, 1.0862906464860038}, 
       {-0.0065619910828180125, -0.0153872416568765, -0.9791648986071604}, 
       {0.006830652794533265, 0.005919579861181953, -0.014698050689511534}}, 
      {{-0.0065619910828180125, -0.0153872416568765, -0.9791648986071604}, 
       {0.5880292941233657, 0.5996436389236967, 1.1057199019621662}, 
       {0.00246268150778602, 0.0043938859379050585, -0.021810610733925335}}, 
      {{0.006830652794533265, 0.005919579861181953, -0.014698050689511534}, 
       {0.00246268150778602, 0.0043938859379050585, -0.021810610733925335}, 
       {1.0971839051792258, 1.0919987275761815, 0.12082404696700043}}}, 
     {{{0.5994108759055028, 0.6255053744301446, 1.0861488898697764}, 
       {-0.004050995078353694, -0.0028098766743154587, -0.9788979335111568}, 
       {0.0026465952160547312, -0.0073932281741731255, 
        -0.014534618737948746}}, {{-0.004050995078353694, 
        -0.0028098766743154587, -0.9788979335111568}, 
       {0.6038337654584303, 0.5843677948875518, 1.1051913606694947}, 
       {-0.00890386999196237, -0.008859042977844782, -0.021970727898599024}}, 
      {{0.0026465952160547312, -0.0073932281741731255, 
        -0.014534618737948746}, {-0.00890386999196237, -0.008859042977844782, 
        -0.021970727898599024}, {1.0937325315884223, 1.0953203636261388, 
        0.12095378511009107}}}, {{{0.6033374040766761, 0.622343418907204, 
        1.085384301849278}, {-0.009936466501916402, -0.015211383214858046, 
        -0.9786259438392616}, {-0.008703261258349705, -0.005467881734083655, 
        -0.014444741901522225}}, {{-0.009936466501916402, 
        -0.015211383214858046, -0.9786259438392616}, {0.5960152796867064, 
        0.5925956925381729, 1.1047819863994737}, {-0.033900778695050496, 
        0.001328769620027705, -0.02190738858323546}}, 
      {{-0.008703261258349705, -0.005467881734083655, -0.014444741901522225}, 
       {-0.033900778695050496, 0.001328769620027705, -0.02190738858323546}, 
       {1.072686470668407, 1.1160429213096268, 0.12127733575327253}}}, 
     {{{0.6220706932989729, 0.6034892469423708, 1.0855052105336858}, 
       {-0.011755310378058808, -0.01811312158353657, -0.9788381587368823}, 
       {-0.003729090802588092, 0.0041498348830216495, 
        -0.014491423156822157}}, {{-0.011755310378058808, 
        -0.01811312158353657, -0.9788381587368823}, {0.5938572479909523, 
        0.5947159393884626, 1.1048198583428968}, {0.005863976515626972, 
        -0.00474503284828694, -0.02208411490297988}}, 
      {{-0.003729090802588092, 0.0041498348830216495, -0.014491423156822157}, 
       {0.005863976515626972, -0.00474503284828694, -0.02208411490297988}, 
       {1.118334534290699, 1.0696823596774276, 0.12198980007074975}}}, 
     {{{0.6125436683222493, 0.61305335055415, 1.0854681049555988}, 
       {-0.02483163995275759, -0.014905723004237337, -0.9784749430711264}, 
       {0.0004979123592946573, -0.0009058695707896525, 
        -0.014638346035271147}}, {{-0.02483163995275759, 
        -0.014905723004237337, -0.9784749430711264}, {0.5927119772383516, 
        0.595872524919501, 1.1048085932009108}, {-0.005209341277861593, 
        0.0024942492109675434, -0.022155091028237133}}, 
      {{0.0004979123592946573, -0.0009058695707896525, 
        -0.014638346035271147}, {-0.005209341277861593, 
        0.0024942492109675434, -0.022155091028237133}, 
       {1.0858524469161488, 1.1024067570880187, 0.12174753746671259}}}, 
     {{{0.6146288788094266, 0.6107940820455745, 1.0856421841311166}, 
       {-0.0003495204580759648, -0.01158056248759248, -0.9782984319795325}, 
       {-0.011968766522729038, 0.005514101005535706, -0.014794921933920933}}, 
      {{-0.0003495204580759648, -0.01158056248759248, -0.9782984319795325}, 
       {0.6133166753318176, 0.5755801329779794, 1.104496377655912}, 
       {-0.006852578652227399, -0.037629412521502335, 
        -0.021974962918050067}}, {{-0.011968766522729038, 
        0.005514101005535706, -0.014794921933920933}, {-0.006852578652227399, 
        -0.037629412521502335, -0.021974962918050067}, 
       {1.1006982410571757, 1.0878229575576326, 0.12148554722990935}}}, 
     {{{0.6204475434239055, 0.604723653121092, 1.0858939597909067}, 
       {-0.007742595906896717, 0.0007802660115244727, -0.9786928923175932}, 
       {-0.013738991107117484, 0.0017751129755884212, 
        -0.014457871369428171}}, {{-0.007742595906896717, 
        0.0007802660115244727, -0.9786928923175932}, {0.5978623758723631, 
        0.5905508402253138, 1.1049800326398151}, {-0.008079046242258876, 
        -0.02188870963213308, -0.02205728103000407}}, 
      {{-0.013738991107117484, 0.0017751129755884212, -0.014457871369428171}, 
       {-0.008079046242258876, -0.02188870963213308, -0.02205728103000407}, 
       {1.0823589423371802, 1.1066182483140505, 0.12102957235730091}}}, 
     {{{0.607422651647132, 0.6181401102287647, 1.0855023864941125}, 
       {-0.017293137612729336, -0.01542991076603514, -0.9788561464168365}, 
       {-0.014120134165623886, 0.001506922494966127, -0.014051372181368064}}, 
      {{-0.017293137612729336, -0.01542991076603514, -0.9788561464168365}, 
       {0.5884606262538746, 0.5997817578146568, 1.1051509298542765}, 
       {-0.01692844100402094, -0.00032889647254975596, 
        -0.022163529928625636}}, {{-0.014120134165623886, 
        0.001506922494966127, -0.014051372181368064}, {-0.01692844100402094, 
        -0.00032889647254975596, -0.022163529928625636}, 
       {1.089840927680652, 1.0991896262184087, 0.12097625605919315}}}, 
     {{{0.606915876319295, 0.6179112915933667, 1.0862379707668823}, 
       {-0.010358070858171422, -0.008271409952193704, -0.9789736537596447}, 
       {0.012336668070517325, 0.008890799196480156, -0.014602878191000142}}, 
      {{-0.010358070858171422, -0.008271409952193704, -0.9789736537596447}, 
       {0.5941524355756109, 0.5940881539004432, 1.105152806183839}, 
       {0.001880155145142311, 0.000688810370261767, -0.0221721220152718}}, 
      {{0.012336668070517325, 0.008890799196480156, -0.014602878191000142}, 
       {0.001880155145142311, 0.000688810370261767, -0.0221721220152718}, 
       {1.0870255424696957, 1.1013872868927077, 0.1215940063351163}}}, 
     {{{0.6008202394114933, 0.6240797030895617, 1.0861652008446316}, 
       {0.00187873267714966, -0.00008712545883559272, -0.9790080923888408}, 
       {-0.00556372666835229, 0.0054817392088514156, -0.014245582153244164}}, 
      {{0.00187873267714966, -0.00008712545883559272, -0.9790080923888408}, 
       {0.5968845531146325, 0.5913061572205318, 1.1052027445610035}, 
       {-0.00794463072850712, 0.0006864643265232074, -0.022387824536129277}}, 
      {{-0.00556372666835229, 0.0054817392088514156, -0.014245582153244164}, 
       {-0.00794463072850712, 0.0006864643265232074, -0.022387824536129277}, 
       {1.101782136538491, 1.086822185566426, 0.12140252810473023}}}, 
     {{{0.6011226708724439, 0.6243007782275546, 1.0856416922705927}, 
       {-0.030516701963211764, -0.015201214174000392, -0.9784213089028166}, 
       {0.006878161399213766, -0.002726102425032153, -0.014257338377592861}}, 
      {{-0.030516701963211764, -0.015201214174000392, -0.9784213089028166}, 
       {0.5986022317963046, 0.5901241007390279, 1.1046671739244034}, 
       {-0.0068004423622632015, -0.0123140544442945, -0.022411533286492036}}, 
      {{0.006878161399213766, -0.002726102425032153, -0.014257338377592861}, 
       {-0.0068004423622632015, -0.0123140544442945, -0.022411533286492036}, 
       {1.073116818930181, 1.115531061409831, 0.12135897029275623}}}, 
     {{{0.6131150848062545, 0.6122992681720653, 1.0856507958860595}, 
       {-0.013246732895387884, -0.02399499398338094, -0.9787563961905021}, 
       {-0.011560610485131276, 0.0054890487878832325, 
        -0.013901972687557078}}, {{-0.013246732895387884, 
        -0.02399499398338094, -0.9787563961905021}, {0.5981946698013295, 
        0.5903879946644597, 1.1048109554329975}, {-0.00951173757611737, 
        0.00023936376433852515, -0.0225127588446074}}, 
      {{-0.011560610485131276, 0.0054890487878832325, -0.013901972687557078}, 
       {-0.00951173757611737, 0.00023936376433852515, -0.0225127588446074}, 
       {1.0906897700456515, 1.0979491211220014, 0.12136797948022049}}}, 
     {{{0.6141492059274654, 0.6116565219844569, 1.0852594202283519}, 
       {-0.016123214124837727, -0.013233681130410253, -0.9789792742302476}, 
       {-0.005875495462933244, -0.024631865245934033, 
        -0.013784874356814275}}, {{-0.016123214124837727, 
        -0.013233681130410253, -0.9789792742302476}, {0.606814004046415, 
        0.5821817071356845, 1.104397924001013}, {-0.008000536822430302, 
        -0.02504931423610249, -0.022003694341047687}}, 
      {{-0.005875495462933244, -0.024631865245934033, -0.013784874356814275}, 
       {-0.008000536822430302, -0.02504931423610249, -0.022003694341047687}, 
       {1.0942111640270333, 1.0944299193438765, 0.1213658169808081}}}, 
     {{{0.6062615877063184, 0.6188781495917889, 1.0859254166140784}, 
       {-0.00437924147345597, -0.019082798080398835, -0.979767999524881}, 
       {0.0029509940654402584, 0.0028658514096206148, 
        -0.013917720799961723}}, {{-0.00437924147345597, 
        -0.019082798080398835, -0.979767999524881}, {0.5939449679207215, 
        0.5945639666377646, 1.1048847691803516}, {-0.0074945280318109595, 
        -0.0036916556975188936, -0.021722950154549208}}, 
      {{0.0029509940654402584, 0.0028658514096206148, -0.013917720799961723}, 
       {-0.0074945280318109595, -0.0036916556975188936, 
        -0.021722950154549208}, {1.0606455051574362, 1.1278667757936929, 
        0.1214946305183376}}}, {{{0.597997476719269, 0.6268653218932092, 
        1.0862023518217516}, {-0.013076112950658804, 0.0002444849162955078, 
        -0.980059015232486}, {0.013066935537104805, 0.004293909755306642, 
        -0.013949061469293965}}, {{-0.013076112950658804, 
        0.0002444849162955078, -0.980059015232486}, {0.602051623255047, 
        0.5863708166255207, 1.104971352643688}, {-0.003279927455768213, 
        0.0006437156104193388, -0.02170783781498981}}, 
      {{0.013066935537104805, 0.004293909755306642, -0.013949061469293965}, 
       {-0.003279927455768213, 0.0006437156104193388, -0.02170783781498981}, 
       {1.075522431883496, 1.1127389009925786, 0.12174559992210446}}}, 
     {{{0.6138257103133059, 0.6112515903133866, 1.0859878349170706}, 
       {-0.001726077851717301, -0.009593421408520719, -0.9799101189273847}, 
       {0.008228090517106207, -0.007066496578806802, -0.013849901623712644}}, 
      {{-0.001726077851717301, -0.009593421408520719, -0.9799101189273847}, 
       {0.5828872843465402, 0.6057412633456337, 1.1047653211582638}, 
       {-0.001084695339526179, -0.001544862133894685, 
        -0.021809089387724103}}, {{0.008228090517106207, 
        -0.007066496578806802, -0.013849901623712644}, 
       {-0.001084695339526179, -0.001544862133894685, -0.021809089387724103}, 
       {1.0847694203188496, 1.1033650134931503, 0.12187253915625279}}}, 
     {{{0.6067560264067067, 0.6181527700459851, 1.0861563580169171}, 
       {-0.006454270632979083, -0.005311387671619916, -0.980007610912472}, 
       {-0.0011880906248306876, 0.01333277758469395, -0.013988379322484559}}, 
      {{-0.006454270632979083, -0.005311387671619916, -0.980007610912472}, 
       {0.5891977506128216, 0.599981987139452, 1.104214153398883}, 
       {0.0007724815702830081, -0.012691993871689216, 
        -0.021585589407801867}}, {{-0.0011880906248306876, 
        0.01333277758469395, -0.013988379322484559}, {0.0007724815702830081, 
        -0.012691993871689216, -0.021585589407801867}, 
       {1.09213613181038, 1.0955906999252367, 0.12228012322370582}}}, 
     {{{0.589898842362295, 0.6353638647877649, 1.085802445761815}, 
       {-0.0035185780608388804, -0.013122252888518454, -0.9800058683855495}, 
       {-0.01423697654590947, 0.007082164845826891, -0.013879525731880928}}, 
      {{-0.0035185780608388804, -0.013122252888518454, -0.9800058683855495}, 
       {0.577890024946399, 0.611159390724412, 1.1043445808762808}, 
       {-0.0139268544848555, -0.0033544109824758584, -0.021400821190772752}}, 
      {{-0.01423697654590947, 0.007082164845826891, -0.013879525731880928}, 
       {-0.0139268544848555, -0.0033544109824758584, -0.021400821190772752}, 
       {1.092086717520932, 1.09600740659817, 0.1219128793323124}}}, 
     {{{0.6152468617670481, 0.6104740184459818, 1.085344270286896}, 
       {-0.018058611809667946, -0.010371867788342646, -0.980060676530289}, 
       {-0.011503254678257241, 0.0032059307877832896, 
        -0.013662871619776225}}, {{-0.018058611809667946, 
        -0.010371867788342646, -0.980060676530289}, {0.5944065699963622, 
        0.5941207832478071, 1.104866710908345}, {0.0010834973508866777, 
        -0.009545177730438241, -0.021521541459153953}}, 
      {{-0.011503254678257241, 0.0032059307877832896, -0.013662871619776225}, 
       {0.0010834973508866777, -0.009545177730438241, -0.021521541459153953}, 
       {1.0867759466490656, 1.1014644184834865, 0.12176667337717878}}}, 
     {{{0.6221503099122834, 0.6039568271228393, 1.0849580120966706}, 
       {-0.009656503514383633, -0.02601861255442385, -0.9797469615468888}, 
       {-0.012823601164710879, -0.0006370580879530267, 
        -0.013601598147568252}}, {{-0.009656503514383633, 
        -0.02601861255442385, -0.9797469615468888}, {0.5923704126664433, 
        0.5965238480748172, 1.1044998534922619}, {0.006770505907693246, 
        -0.027904175124894237, -0.02164573026410997}}, 
      {{-0.012823601164710879, -0.0006370580879530267, 
        -0.013601598147568252}, {0.006770505907693246, -0.027904175124894237, 
        -0.02164573026410997}, {1.0934901262360146, 1.09449872299047, 
        0.12201818968216799}}}, {{{0.6157926811664713, 0.609944592456449, 
        1.0853278892770615}, {-0.014254913930180904, -0.00844853078339914, 
        -0.9799872580765785}, {0.0027664812067154537, -0.011266563543904661, 
        -0.013392487906770867}}, {{-0.014254913930180904, 
        -0.00844853078339914, -0.9799872580765785}, {0.5903955918617027, 
        0.5980184843342546, 1.1049801029621582}, {-0.00995674653433025, 
        -0.0035772042814925602, -0.021869863492938544}}, 
      {{0.0027664812067154537, -0.011266563543904661, -0.013392487906770867}, 
       {-0.00995674653433025, -0.0035772042814925602, -0.021869863492938544}, 
       {1.0807021178904999, 1.1076261967824936, 0.12167870206729751}}}, 
     {{{0.6065730324610346, 0.6192618648431022, 1.0852302606329853}, 
       {-0.013262618691243728, -0.012768788781214919, -0.9801776245443663}, 
       {-0.004555473602156808, -0.011826387958550665, 
        -0.013181001087210426}}, {{-0.013262618691243728, 
        -0.012768788781214919, -0.9801776245443663}, {0.5945731507833873, 
        0.5935357692305546, 1.1052853953053539}, {-0.005973806181830084, 
        -0.014192375745521174, -0.02171256399643378}}, 
      {{-0.004555473602156808, -0.011826387958550665, -0.013181001087210426}, 
       {-0.005973806181830084, -0.014192375745521174, -0.02171256399643378}, 
       {1.0961708350173864, 1.0927220465393939, 0.12111419867162788}}}, 
     {{{0.6239288373947032, 0.602472945291589, 1.0846633725674588}, 
       {-0.02131813543411985, -0.019131935755609463, -0.9800881327377263}, 
       {-0.013237377212000773, 0.001894654142900004, -0.01315123291500571}}, 
      {{-0.02131813543411985, -0.019131935755609463, -0.9800881327377263}, 
       {0.598647875899772, 0.5888376319363073, 1.105908802802963}, 
       {-0.004787046996828277, 0.0076297160688594805, 
        -0.021968117698309537}}, {{-0.013237377212000773, 
        0.001894654142900004, -0.01315123291500571}, {-0.004787046996828277, 
        0.0076297160688594805, -0.021968117698309537}, 
       {1.097987507747661, 1.0906892871179714, 0.12133026668563411}}}, 
     {{{0.6033626300842994, 0.6229241711142819, 1.0847783374234918}, 
       {-0.00257804314270492, -0.008276736864232076, -0.9803686357095291}, 
       {0.0027827440631913235, -0.01075965183027001, -0.013150998598705705}}, 
      {{-0.00257804314270492, -0.008276736864232076, -0.9803686357095291}, 
       {0.6024726888486801, 0.5849784418882615, 1.1059432792758126}, 
       {-0.02534421207345044, -0.0009407667114050839, -0.02172618334943667}}, 
      {{0.0027827440631913235, -0.01075965183027001, -0.013150998598705705}, 
       {-0.02534421207345044, -0.0009407667114050839, -0.02172618334943667}, 
       {1.097362121420217, 1.091387469579113, 0.1212574939700387}}}, 
     {{{0.6204676361975557, 0.605393802624539, 1.0852037171934932}, 
       {-0.016045898252940855, -0.005384541838981635, -0.9799790369794723}, 
       {-0.0038521960858246135, 0.005246138185843026, 
        -0.013521962557695218}}, {{-0.016045898252940855, 
        -0.005384541838981635, -0.9799790369794723}, {0.5856512685932198, 
        0.6026841822420781, 1.1050589953103254}, {-0.01292562733097518, 
        -0.01979384090477579, -0.021668425201589576}}, 
      {{-0.0038521960858246135, 0.005246138185843026, -0.013521962557695218}, 
       {-0.01292562733097518, -0.01979384090477579, -0.021668425201589576}, 
       {1.0964411033510473, 1.0920024050310888, 0.12156361232766182}}}, 
     {{{0.6113808816359767, 0.613717450880382, 1.0859668155748512}, 
       {-0.008334561983892241, -0.008520611441811366, -0.9798299544219319}, 
       {-0.0014505943055478567, 0.021862938283321018, 
        -0.013930797002456155}}, {{-0.008334561983892241, 
        -0.008520611441811366, -0.9798299544219319}, {0.5908794788180742, 
        0.5973095605838155, 1.1052054954204884}, {-0.007673908028344267, 
        -0.0020423209877032675, -0.021874642412063824}}, 
      {{-0.0014505943055478567, 0.021862938283321018, -0.013930797002456155}, 
       {-0.007673908028344267, -0.0020423209877032675, 
        -0.021874642412063824}, {1.108047708123715, 1.0803734931060038, 
        0.12158595203152447}}}, {{{0.6241201468540137, 0.6016821439792049, 
        1.0852628597474894}, {-0.017880329653742557, -0.024490537681973384, 
        -0.9794750746506544}, {0.0013609755972776275, -0.010610093884327381, 
        -0.013460947878236677}}, {{-0.017880329653742557, 
        -0.024490537681973384, -0.9794750746506544}, {0.596273123369795, 
        0.5919373148522793, 1.105184143675269}, {0.005177030607926534, 
        -0.0046153482382490585, -0.022250378718364484}}, 
      {{0.0013609755972776275, -0.010610093884327381, -0.013460947878236677}, 
       {0.005177030607926534, -0.0046153482382490585, -0.022250378718364484}, 
       {1.0849054244308485, 1.1036885109730197, 0.12141327442573525}}}, 
     {{{0.6335089280854402, 0.591865301921227, 1.0856909190504944}, 
       {-0.009823757410306505, -0.0009870201457623214, -0.9797192433499241}, 
       {-0.0017563553854706196, -0.01694807214735207, 
        -0.013424385337689393}}, {{-0.009823757410306505, 
        -0.0009870201457623214, -0.9797192433499241}, 
       {0.602193270456966, 0.5858598013201463, 1.1053416223988628}, 
       {-0.021109966855136428, -0.011224183694953371, 
        -0.021934861541365407}}, {{-0.0017563553854706196, 
        -0.01694807214735207, -0.013424385337689393}, {-0.021109966855136428, 
        -0.011224183694953371, -0.021934861541365407}, 
       {1.1313334801948924, 1.058061777677643, 0.12061191436258302}}}, 
     {{{0.6037225557995187, 0.6213346534526487, 1.0860079480281477}, 
       {-0.014764918611937248, -0.01896037784461603, -0.9796492295425497}, 
       {-0.0017355232144254237, 0.015111967786306739, 
        -0.013591999002698493}}, {{-0.014764918611937248, 
        -0.01896037784461603, -0.9796492295425497}, {0.5811318898518218, 
        0.6068826919592948, 1.1053801553691984}, {-0.005404397907186547, 
        -0.025801786563892745, -0.021940205548570558}}, 
      {{-0.0017355232144254237, 0.015111967786306739, -0.013591999002698493}, 
       {-0.005404397907186547, -0.025801786563892745, -0.021940205548570558}, 
       {1.0856240529544656, 1.1039209114852129, 0.120462240144277}}}, 
     {{{0.6160110629394155, 0.608909666124079, 1.0861444122378558}, 
       {-0.030838223368567303, -0.010625771426157518, -0.9798357989118401}, 
       {0.00012837646553946273, 0.0007088763141781564, 
        -0.013373758050528872}}, {{-0.030838223368567303, 
        -0.010625771426157518, -0.9798357989118401}, {0.604525786636084, 
        0.5835278685190579, 1.1053411353042562}, {-0.01111820994226899, 
        -0.0020038007458357435, -0.021949939926810744}}, 
      {{0.00012837646553946273, 0.0007088763141781564, 
        -0.013373758050528872}, {-0.01111820994226899, 
        -0.0020038007458357435, -0.021949939926810744}, 
       {1.0945466028515891, 1.095139701517988, 0.12032092159022337}}}, 
     {{{0.5955077004389981, 0.6291597315035498, 1.086397707506979}, 
       {-0.01405952178998436, -0.004184282086319042, -0.9797965634836483}, 
       {-0.01670832082638279, -0.0017653368323720443, 
        -0.013324864309771079}}, {{-0.01405952178998436, 
        -0.004184282086319042, -0.9797965634836483}, {0.5947116900161077, 
        0.5931025424983517, 1.1055806466347258}, {-0.004847576946656355, 
        -0.0031865660758977417, -0.022128040538119915}}, 
      {{-0.01670832082638279, -0.0017653368323720443, -0.013324864309771079}, 
       {-0.004847576946656355, -0.0031865660758977417, 
        -0.022128040538119915}, {1.0860510392806848, 1.1039481127584179, 
        0.12000805787531775}}}, {{{0.6153755066221546, 0.6087814730214454, 
        1.0869081687847688}, {0.0005549118571508809, -0.005469498854814003, 
        -0.9798580023501791}, {-0.00034812369673001953, 
        -0.0004215007197301316, -0.01367394465327331}}, 
      {{0.0005549118571508809, -0.005469498854814003, -0.9798580023501791}, 
       {0.5983123218489012, 0.5895426706801, 1.105539949049877}, 
       {-0.013407011246210243, -0.004787864254638548, 
        -0.021926246468776014}}, {{-0.00034812369673001953, 
        -0.0004215007197301316, -0.01367394465327331}, 
       {-0.013407011246210243, -0.004787864254638548, -0.021926246468776014}, 
       {1.0976269823526008, 1.0924245057227344, 0.11995574446375008}}}, 
     {{{0.612281022261603, 0.6117975750180392, 1.0869865637754723}, 
       {-0.01811277783784262, -0.005429312779902488, -0.9796546549093943}, 
       {-0.0036664110917125643, 0.0075301260985551986, 
        -0.013770777980766091}}, {{-0.01811277783784262, 
        -0.005429312779902488, -0.9796546549093943}, {0.5998393972747386, 
        0.5882363971197109, 1.105319221407166}, {0.003427245704106468, 
        -0.014253444438469084, -0.021966505797728145}}, 
      {{-0.0036664110917125643, 0.0075301260985551986, 
        -0.013770777980766091}, {0.003427245704106468, -0.014253444438469084, 
        -0.021966505797728145}, {1.110999354665971, 1.0790423465259789, 
        0.11996556754707376}}}, {{{0.6127663901078041, 0.6117762354673243, 
        1.0865225216537626}, {-0.015474317165205422, -0.025000260722093524, 
        -0.9792097319165668}, {-0.005362595245036948, -0.0030130238726992346, 
        -0.014020104467672432}}, {{-0.015474317165205422, 
        -0.025000260722093524, -0.9792097319165668}, {0.6057279872474202, 
        0.5830831780620679, 1.1045839016586707}, {-0.03175539035115126, 
        -0.006370765921393634, -0.0215973846549238}}, 
      {{-0.005362595245036948, -0.0030130238726992346, 
        -0.014020104467672432}, {-0.03175539035115126, -0.006370765921393634, 
        -0.0215973846549238}, {1.0900241562194821, 1.0999476271495354, 
        0.12003549411984846}}}, {{{0.6190547117419819, 0.6051844094524598, 
        1.086826032926446}, {-0.0019334471943303908, -0.005903214719086373, 
        -0.9794219088776016}, {0.0022446405162434876, -0.008119412104992417, 
        -0.014364404323257458}}, {{-0.0019334471943303908, 
        -0.005903214719086373, -0.9794219088776016}, {0.5851439807759107, 
        0.6033688981574367, 1.104882271850759}, {-0.0025959316786460574, 
        -0.021103300676649034, -0.021536564770590617}}, 
      {{0.0022446405162434876, -0.008119412104992417, -0.014364404323257458}, 
       {-0.0025959316786460574, -0.021103300676649034, 
        -0.021536564770590617}, {1.119693201812676, 1.0698891572131102, 
        0.12042492651968124}}}, {{{0.6146574802919906, 0.6098201315057372, 
        1.0865875415518902}, {-0.013504316040631813, -0.009537309650525934, 
        -0.979054301153727}, {0.002874428704159341, -0.014092724028908217, 
        -0.014240866942447382}}, {{-0.013504316040631813, 
        -0.009537309650525934, -0.979054301153727}, {0.5726336105848611, 
        0.6158248861718723, 1.10493671047049}, {0.008063193276378111, 
        0.00939844805229838, -0.022233833751946167}}, 
      {{0.002874428704159341, -0.014092724028908217, -0.014240866942447382}, 
       {0.008063193276378111, 0.00939844805229838, -0.022233833751946167}, 
       {1.0933619838827195, 1.0956241389796588, 0.12102122702784363}}}, 
     {{{0.6117216332166655, 0.6126496090703296, 1.086693914501551}, 
       {-0.013781460065950109, -0.01352553404820852, -0.9789892027727826}, 
       {-0.0035192626292490903, 0.0031756763170893874, 
        -0.014393420283453414}}, {{-0.013781460065950109, 
        -0.01352553404820852, -0.9789892027727826}, {0.6054829885773035, 
        0.5836180098973082, 1.104294269056229}, {-0.007642538072157102, 
        -0.0018182226728042023, -0.0219432479847188}}, 
      {{-0.0035192626292490903, 0.0031756763170893874, 
        -0.014393420283453414}, {-0.007642538072157102, 
        -0.0018182226728042023, -0.0219432479847188}, 
       {1.0975261742687534, 1.091330105184945, 0.12115103387809817}}}, 
     {{{0.6014173870537094, 0.6234174340643371, 1.086230332098356}, 
       {-0.002541094634721095, -0.017304825796913403, -0.9790786098605019}, 
       {-0.007509097558713441, -0.004627344426223695, 
        -0.014181806667381154}}, {{-0.002541094634721095, 
        -0.017304825796913403, -0.9790786098605019}, {0.6025889033854787, 
        0.5860899792097094, 1.104716491323975}, {0.011370347097294895, 
        -0.0003547531535734979, -0.02222690033303819}}, 
      {{-0.007509097558713441, -0.004627344426223695, -0.014181806667381154}, 
       {0.011370347097294895, -0.0003547531535734979, -0.02222690033303819}, 
       {1.1048847985863495, 1.0836072878175973, 0.12151528565348432}}}, 
     {{{0.6095288745864292, 0.6153513434875443, 1.086184939785467}, 
       {-0.008003576513416991, -0.0016077443639613727, -0.9789485499368255}, 
       {-0.002415244269581161, -0.017599627702165353, 
        -0.014236573605608744}}, {{-0.008003576513416991, 
        -0.0016077443639613727, -0.9789485499368255}, 
       {0.5957723829037844, 0.5933883803824931, 1.1042346705520703}, 
       {-0.02368521816853961, -0.002060452823126025, -0.021958142684732753}}, 
      {{-0.002415244269581161, -0.017599627702165353, -0.014236573605608744}, 
       {-0.02368521816853961, -0.002060452823126025, -0.021958142684732753}, 
       {1.1283697786172018, 1.060283201565468, 0.12135439747071342}}}, 
     {{{0.6151683650207057, 0.6098176566913887, 1.0860791345363607}, 
       {-0.013775667319260328, -0.022755367624108926, -0.9784530500448969}, 
       {-0.002812974292234328, 0.0002511000376868313, -0.01460454931268753}}, 
      {{-0.013775667319260328, -0.022755367624108926, -0.9784530500448969}, 
       {0.5967848710065351, 0.5925164441670723, 1.1040941759502703}, 
       {-0.0004268413268525254, -0.013926796665239381, 
        -0.02210491976447643}}, {{-0.002812974292234328, 
        0.0002511000376868313, -0.01460454931268753}, 
       {-0.0004268413268525254, -0.013926796665239381, -0.02210491976447643}, 
       {1.083182077764205, 1.1051861305703528, 0.12163920311145131}}}, 
     {{{0.6005255682047395, 0.6247395364912643, 1.0858000539530417}, 
       {-0.005066186281152375, -0.00350599701151844, -0.9783130076922725}, 
       {0.0011910395902230838, -0.006686004420832254, 
        -0.014838276127098652}}, {{-0.005066186281152375, 
        -0.00350599701151844, -0.9783130076922725}, {0.5888913914749682, 
        0.5997930307088716, 1.1047111610484468}, {-0.0034122251572984838, 
        -0.01026979524326498, -0.022268209044605244}}, 
      {{0.0011910395902230838, -0.006686004420832254, -0.014838276127098652}, 
       {-0.0034122251572984838, -0.01026979524326498, -0.022268209044605244}, 
       {1.088735808692148, 1.0994563760935774, 0.12181524608041813}}}, 
     {{{0.6021064899634798, 0.6241638920025249, 1.0847947732454517}, 
       {-0.01590238439669812, -0.034128734359340905, -0.9775398324591549}, 
       {-0.0048018617925436585, 0.004034836860077268, -0.01513322575897043}}, 
      {{-0.01590238439669812, -0.034128734359340905, -0.9775398324591549}, 
       {0.5954067928964748, 0.5936048388604018, 1.1043839809227514}, 
       {-0.02427858103972802, -0.008551796170804109, -0.022187641282446675}}, 
      {{-0.0048018617925436585, 0.004034836860077268, -0.01513322575897043}, 
       {-0.02427858103972802, -0.008551796170804109, -0.022187641282446675}, 
       {1.112069587651565, 1.0759076960212064, 0.12203012018691521}}}, 
     {{{0.6055084685932943, 0.6205340034026261, 1.085022692488016}, 
       {-0.007042018957472546, -0.008018357318080567, -0.978051313106861}, 
       {0.0199751363640136, -0.01982932408065545, -0.015093352282982272}}, 
      {{-0.007042018957472546, -0.008018357318080567, -0.978051313106861}, 
       {0.5992912425542544, 0.5891814169131117, 1.1049230529735965}, 
       {-0.00922537243398572, 0.0003659550385278275, -0.022314579394926832}}, 
      {{0.0199751363640136, -0.01982932408065545, -0.015093352282982272}, 
       {-0.00922537243398572, 0.0003659550385278275, -0.022314579394926832}, 
       {1.1077513110129864, 1.079795931662162, 0.12246021946188113}}}, 
     {{{0.6276882699082736, 0.5987674005255372, 1.0846094813430704}, 
       {0.0017937991444479213, -0.0038991358546589536, -0.9784110966820174}, 
       {-0.00018983912657850966, -0.017566705977920875, 
        -0.014876398363654338}}, {{0.0017937991444479213, 
        -0.0038991358546589536, -0.9784110966820174}, 
       {0.592032616769703, 0.5962816550103249, 1.105081455319433}, 
       {-0.007997468086537911, -0.02430376888589595, -0.021887858267549545}}, 
      {{-0.00018983912657850966, -0.017566705977920875, 
        -0.014876398363654338}, {-0.007997468086537911, -0.02430376888589595, 
        -0.021887858267549545}, {1.0931959267481772, 1.094664300103372, 
        0.12214724531792308}}}, {{{0.613081453542817, 0.6133435423572321, 
        1.0846401379365618}, {-0.026365888781417726, 0.0015807918635037466, 
        -0.9782800885743657}, {0.0007458547372730774, 0.011593796738380756, 
        -0.015055538101196942}}, {{-0.026365888781417726, 
        0.0015807918635037466, -0.9782800885743657}, {0.6159219897404665, 
        0.5724808691252241, 1.1049929459861392}, {-0.016054249994967597, 
        -0.004165249308498083, -0.022034708411715367}}, 
      {{0.0007458547372730774, 0.011593796738380756, -0.015055538101196942}, 
       {-0.016054249994967597, -0.004165249308498083, -0.022034708411715367}, 
       {1.0971696994459648, 1.0902427573292943, 0.12259506160581446}}}, 
     {{{0.6127655757768558, 0.6137684953346877, 1.0845310799867447}, 
       {-0.010471700799378852, -0.01673682479898301, -0.9781993614204624}, 
       {0.011557799054927424, -0.005046023256466248, -0.014958303682145664}}, 
      {{-0.010471700799378852, -0.01673682479898301, -0.9781993614204624}, 
       {0.5913631907934879, 0.5964667089612739, 1.1055659883533466}, 
       {-0.005271771715121503, -0.007055377847751627, -0.0222090805876138}}, 
      {{0.011557799054927424, -0.005046023256466248, -0.014958303682145664}, 
       {-0.005271771715121503, -0.007055377847751627, -0.0222090805876138}, 
       {1.0967900489893667, 1.0910935858608666, 0.12212389839433707}}}, 
     {{{0.6100290916918356, 0.6161545652577661, 1.084881501278043}, 
       {-0.009455735006302701, -0.018159418595511796, -0.9785587976241095}, 
       {0.007474381270304323, 0.012231035504048821, -0.014923114276327339}}, 
      {{-0.009455735006302701, -0.018159418595511796, -0.9785587976241095}, 
       {0.5909476906697192, 0.596636417878415, 1.1058118460466466}, 
       {-0.004757236118571645, -0.004397602861791063, 
        -0.022044426914856936}}, {{0.007474381270304323, 
        0.012231035504048821, -0.014923114276327339}, {-0.004757236118571645, 
        -0.004397602861791063, -0.022044426914856936}, 
       {1.1092612606781074, 1.0788994387968351, 0.12184680565984929}}}, 
     {{{0.6149819403077238, 0.6108874648940772, 1.0851957484157377}, 
       {-0.013138996252617824, -0.01512418537670687, -0.9787998649689411}, 
       {0.000027186713461730298, 0.0026000816876328658, 
        -0.014806047760582638}}, {{-0.013138996252617824, 
        -0.01512418537670687, -0.9787998649689411}, {0.5921365657911031, 
        0.5958925955969524, 1.1053668590702745}, {-0.011571847240599712, 
        -0.02188602236756805, -0.021500134296401848}}, 
      {{0.000027186713461730298, 0.0026000816876328658, 
        -0.014806047760582638}, {-0.011571847240599712, -0.02188602236756805, 
        -0.021500134296401848}, {1.0755855573226314, 1.1132850323497205, 
        0.12113696191977895}}}, {{{0.6172226367917818, 0.6081498250863598, 
        1.0856926926913217}, {-0.006964423794990559, -0.00890971384507621, 
        -0.9793578827868442}, {-0.01193631113690021, -0.0035099963200911563, 
        -0.014447500526228231}}, {{-0.006964423794990559, 
        -0.00890971384507621, -0.9793578827868442}, {0.5777287913292573, 
        0.6101276972418727, 1.1055396016150731}, {0.0007373873928094764, 
        -0.021851897872975916, -0.021367251726907212}}, 
      {{-0.01193631113690021, -0.0035099963200911563, -0.014447500526228231}, 
       {0.0007373873928094764, -0.021851897872975916, -0.021367251726907212}, 
       {1.0945131330421904, 1.0948940391721964, 0.12060045112754708}}}, 
     {{{0.6192458891615876, 0.6060450010054178, 1.0857742583562267}, 
       {-0.019413398894700645, -0.01408764756670623, -0.9793817251062724}, 
       {-0.0011620176483321083, -0.00012103604311903097, 
        -0.014295747130381361}}, {{-0.019413398894700645, 
        -0.01408764756670623, -0.9793817251062724}, {0.5939564038402877, 
        0.5938653576878897, 1.1055744083510037}, {-0.0016681969276785705, 
        -0.013863060259839596, -0.021516358928237195}}, 
      {{-0.0011620176483321083, -0.00012103604311903097, 
        -0.014295747130381361}, {-0.0016681969276785705, 
        -0.013863060259839596, -0.021516358928237195}, 
       {1.100322477915574, 1.0891586167288727, 0.1205264709765066}}}, 
     {{{0.5947771742763373, 0.6306552826820354, 1.0856326890115784}, 
       {-0.005830888728604955, -0.011772363672143103, -0.9795029943883795}, 
       {-0.01068364141260411, -0.012894955332294367, -0.014032691427990332}}, 
      {{-0.005830888728604955, -0.011772363672143103, -0.9795029943883795}, 
       {0.5917494810935152, 0.5959142107282988, 1.1057325423865987}, 
       {-0.006371352507491478, -0.0012541273180413288, 
        -0.02167322555385667}}, {{-0.01068364141260411, 
        -0.012894955332294367, -0.014032691427990332}, 
       {-0.006371352507491478, -0.0012541273180413288, -0.02167322555385667}, 
       {1.0829727124332515, 1.1064948498855096, 0.12054006669625429}}}, 
     {{{0.6106158365619098, 0.6149598258349985, 1.085489471922956}, 
       {-0.016541838750786096, -0.007133193577804878, -0.9792543347919441}, 
       {-0.005772189030374146, -0.003946371067397686, 
        -0.014262719295946281}}, {{-0.016541838750786096, 
        -0.007133193577804878, -0.9792543347919441}, {0.5906499160207549, 
        0.5970754800176666, 1.1056708975331655}, {0.00123105047826776, 
        -0.0029355304467786492, -0.021828949935685443}}, 
      {{-0.005772189030374146, -0.003946371067397686, -0.014262719295946281}, 
       {0.00123105047826776, -0.0029355304467786492, -0.021828949935685443}, 
       {1.0861566149258643, 1.1028319161594073, 0.12101911394496907}}}, 
     {{{0.5993832649708352, 0.6264732478937627, 1.0852086337926736}, 
       {-0.01010922383835297, -0.006196033718180752, -0.9790140927564872}, 
       {-0.002209226118986407, -0.012714412583811537, 
        -0.014464923686206482}}, {{-0.01010922383835297, 
        -0.006196033718180752, -0.9790140927564872}, {0.5632994971699603, 
        0.6245005546932235, 1.1055963133053905}, {-0.027647840894535473, 
        -0.0006610137500632716, -0.02162259078450501}}, 
      {{-0.002209226118986407, -0.012714412583811537, -0.014464923686206482}, 
       {-0.027647840894535473, -0.0006610137500632716, -0.02162259078450501}, 
       {1.091176553159183, 1.0979453514128799, 0.1208857427103025}}}, 
     {{{0.6178118130105306, 0.6078648864034276, 1.0853884579149073}, 
       {-0.006929122135546623, 0.0006327773543873241, -0.9789650586304092}, 
       {0.0027176196600776988, -0.006244416531074632, 
        -0.014563316845007446}}, {{-0.006929122135546623, 
        0.0006327773543873241, -0.9789650586304092}, {0.5836114855853406, 
        0.6040280923994551, 1.1057568439345384}, {0.003900584935569777, 
        0.0008081992235963479, -0.0221174658356186}}, 
      {{0.0027176196600776988, -0.006244416531074632, -0.014563316845007446}, 
       {0.003900584935569777, 0.0008081992235963479, -0.0221174658356186}, 
       {1.098683492881154, 1.089690326209483, 0.12163385612658005}}}, 
     {{{0.6172368343387652, 0.6088722486738066, 1.0849560855424287}, 
       {-0.01929712611281978, -0.023907439817490814, -0.9786037778549399}, 
       {0.00396575005563441, 0.007184191101042991, -0.014649369634024731}}, 
      {{-0.01929712611281978, -0.023907439817490814, -0.9786037778549399}, 
       {0.5822940378210417, 0.605937519169951, 1.1051649235125092}, 
       {-0.01533189410254971, -0.014760716147035297, -0.02182236516689757}}, 
      {{0.00396575005563441, 0.007184191101042991, -0.014649369634024731}, 
       {-0.01533189410254971, -0.014760716147035297, -0.02182236516689757}, 
       {1.1031585789816012, 1.0853316178337793, 0.1215174916107477}}}, 
     {{{0.6022965301106104, 0.6238394578063386, 1.084929163943181}, 
       {-0.007406595750462754, -0.006077933488110954, -0.9788422129305803}, 
       {0.00007603013411917014, -0.001705165369842963, 
        -0.014376851071791052}}, {{-0.007406595750462754, 
        -0.006077933488110954, -0.9788422129305803}, {0.5987153178304833, 
        0.5891719956971, 1.1055092357420244}, {0.0024557199096752426, 
        -0.005740386593211224, -0.022293937495034707}}, 
      {{0.00007603013411917014, -0.001705165369842963, 
        -0.014376851071791052}, {0.0024557199096752426, 
        -0.005740386593211224, -0.022293937495034707}, 
       {1.0904874234256, 1.097445203814169, 0.1220750786635776}}}, 
     {{{0.6057730521775666, 0.6207843438975907, 1.084507769605714}, 
       {-0.01841033840684867, -0.01058297689646294, -0.9782517962393313}, 
       {0.0015083856585672792, -0.01100443922328055, -0.014341980495013468}}, 
      {{-0.01841033840684867, -0.01058297689646294, -0.9782517962393313}, 
       {0.6004379879222815, 0.5880016315228419, 1.104957016789901}, 
       {-0.011607475003383674, -0.005191640001971299, 
        -0.022550323136708152}}, {{0.0015083856585672792, 
        -0.01100443922328055, -0.014341980495013468}, {-0.011607475003383674, 
        -0.005191640001971299, -0.022550323136708152}, 
       {1.0892006637326455, 1.0984961909821074, 0.12231088870045258}}}, 
     {{{0.6216314320527784, 0.6047149071259903, 1.0847188232229603}, 
       {-0.01693844463110487, -0.016295764744383226, -0.9781948413072205}, 
       {-0.00669334565886029, -0.000029208205910277458, 
        -0.0143632083606664}}, {{-0.01693844463110487, -0.016295764744383226, 
        -0.9781948413072205}, {0.5972319160453042, 0.591607296578476, 
        1.1045574599423054}, {-0.010154257189893996, -0.010408819277337417, 
        -0.022533736671441106}}, {{-0.00669334565886029, 
        -0.000029208205910277458, -0.0143632083606664}, 
       {-0.010154257189893996, -0.010408819277337417, -0.022533736671441106}, 
       {1.1029120930755825, 1.0847008672223295, 0.12239476486733533}}}, 
     {{{0.6123559370962237, 0.613999205212156, 1.084710017844316}, 
       {-0.0013767055883505493, -0.014569966830539762, -0.9784033216687448}, 
       {-0.004875460978004174, -0.012418094361009751, -0.01416303986182428}}, 
      {{-0.0013767055883505493, -0.014569966830539762, -0.9784033216687448}, 
       {0.5996318554864738, 0.5889682664048433, 1.104796634846589}, 
       {-0.0030511356540199783, -0.02284035517672171, 
        -0.022539306045271913}}, {{-0.004875460978004174, 
        -0.012418094361009751, -0.01416303986182428}, 
       {-0.0030511356540199783, -0.02284035517672171, -0.022539306045271913}, 
       {1.0971611269353685, 1.0906544881992126, 0.12219215781476093}}}, 
     {{{0.6153955776133705, 0.6106193725303612, 1.0850502106434285}, 
       {-0.013695800138263572, -0.013892910478714441, -0.9783176259715135}, 
       {-0.007682412302090652, 0.0019054735215309842, 
        -0.014382273386836357}}, {{-0.013695800138263572, 
        -0.013892910478714441, -0.9783176259715135}, {0.5926055105047163, 
        0.5961847390803394, 1.1046065327266095}, {-0.012865265876003385, 
        -0.00907403129192734, -0.022444035841018985}}, 
      {{-0.007682412302090652, 0.0019054735215309842, -0.014382273386836357}, 
       {-0.012865265876003385, -0.00907403129192734, -0.022444035841018985}, 
       {1.1036415156990333, 1.0842476415933944, 0.12211860238268073}}}, 
     {{{0.608500723163199, 0.6167606739369134, 1.0858037588314835}, 
       {-0.003177555443248624, -0.010194045771541482, -0.9786201119310755}, 
       {0.0003150133671884155, 0.01934771248718796, -0.014576150847870697}}, 
      {{-0.003177555443248624, -0.010194045771541482, -0.9786201119310755}, 
       {0.6032701488765462, 0.5852880209870993, 1.104838704569006}, 
       {-0.005976427232690502, 0.0006829789188281317, -0.02251069902946082}}, 
      {{0.0003150133671884155, 0.01934771248718796, -0.014576150847870697}, 
       {-0.005976427232690502, 0.0006829789188281317, -0.02251069902946082}, 
       {1.123900765457219, 1.0638481223215988, 0.12225893557027956}}}}
