avgcor2 = {{{{0.6359739532581935, 0.6261549367700341, 1.1408860494716904}, 
       {-0.003520444630855668, 0.002584002764615747, -1.0056284928038917}}, 
      {{-0.003520444630855668, 0.002584002764615747, -1.0056284928038917}, 
       {0.6357077522174763, 0.6274135796868614, 1.1308566273698921}}}, 
     {{{0.6251637386927813, 0.6372348914470483, 1.140615940995597}, 
       {-0.005338357000085972, -0.008023100328050717, -1.005504243228414}}, 
      {{-0.005338357000085972, -0.008023100328050717, -1.005504243228414}, 
       {0.6318135999399066, 0.631285767615575, 1.1308782366950463}}}, 
     {{{0.6268856237171759, 0.6356455997328075, 1.1404832742105155}, 
       {-0.011874328250786456, -0.01664374319064935, -1.0053526743148637}}, 
      {{-0.011874328250786456, -0.01664374319064935, -1.0053526743148637}, 
       {0.6294865446735204, 0.6337832049971092, 1.1307077656529845}}}, 
     {{{0.6316025532833761, 0.6308969907775913, 1.140514929447902}, 
       {-0.008548244549230513, -0.013874614048218267, -1.0054136248878929}}, 
      {{-0.008548244549230513, -0.013874614048218267, -1.0054136248878929}, 
       {0.6235775623341229, 0.6396019215572673, 1.130798011561705}}}, 
     {{{0.6259811660981259, 0.6365717459203533, 1.1404615774826474}, 
       {-0.00595143800482828, -0.0133682363962637, -1.005444655822129}}, 
      {{-0.00595143800482828, -0.0133682363962637, -1.005444655822129}, 
       {0.6286802103649571, 0.6343838658010515, 1.1309134253953896}}}, 
     {{{0.6318334974865256, 0.6306785052089297, 1.1405024830823798}, 
       {-0.00685515361533509, -0.017075326470677516, -1.0053985470551603}}, 
      {{-0.00685515361533509, -0.017075326470677516, -1.0053985470551603}, 
       {0.6362599858848091, 0.6269372149909539, 1.13078030226171}}}, 
     {{{0.6385815176829407, 0.6237219807820099, 1.1407109875315355}, 
       {-0.009429201034294132, -0.016517308589245588, -1.0053783857700735}}, 
      {{-0.009429201034294132, -0.016517308589245588, -1.0053783857700735}, 
       {0.6309443768388433, 0.6325016693118393, 1.1305314752424058}}}, 
     {{{0.627155138483375, 0.6352306104031569, 1.1406287243912034}, 
       {-0.01220389384242596, -0.01860167563600828, -1.0053297945157054}}, 
      {{-0.01220389384242596, -0.01860167563600828, -1.0053297945157054}, 
       {0.6360566973028859, 0.6274042576381568, 1.1305165558740444}}}, 
     {{{0.6318326959849171, 0.6304817318229659, 1.1407000615027836}, 
       {-0.007662342501009281, -0.012238491710377278, -1.0054388408122656}}, 
      {{-0.007662342501009281, -0.012238491710377278, -1.0054388408122656}, 
       {0.6284741569390601, 0.6348400452227211, 1.1306633113555558}}}, 
     {{{0.6241595181951073, 0.6382556274447877, 1.1405993501843184}, 
       {-0.011469703452676675, -0.01473283198916292, -1.0053758231522623}}, 
      {{-0.011469703452676675, -0.01473283198916292, -1.0053758231522623}, 
       {0.6303569755947461, 0.632982546593383, 1.1306379873539711}}}, 
     {{{0.635128735905359, 0.6274327609111008, 1.1404529977986375}, 
       {-0.015474056959058066, -0.01724676588774931, -1.0053106395635798}}, 
      {{-0.015474056959058066, -0.01724676588774931, -1.0053106395635798}, 
       {0.6329085104459111, 0.630415014872635, 1.1306539725623}}}, 
     {{{0.6334487976750695, 0.6289755832031205, 1.1405901064230968}, 
       {-0.016545212136845348, -0.005292871358784555, -1.005419466077452}}, 
      {{-0.016545212136845348, -0.005292871358784555, -1.005419466077452}, 
       {0.6354132484136437, 0.6278297522709665, 1.1307345169655596}}}, 
     {{{0.6307205649695702, 0.6317561708619692, 1.1405377673681965}, 
       {-0.010631561555666712, -0.008861013572970266, -1.0054429202605135}}, 
      {{-0.010631561555666712, -0.008861013572970266, -1.0054429202605135}, 
       {0.639162399908683, 0.6239813398484377, 1.1308337643865811}}}, 
     {{{0.6257365355448111, 0.6368372342778909, 1.1404407277912856}, 
       {-0.017690575078350628, -0.006031234657218865, -1.0054006274001512}}, 
      {{-0.017690575078350628, -0.006031234657218865, -1.0054006274001512}, 
       {0.6356701558255711, 0.6274611312140232, 1.1308462182428076}}}, 
     {{{0.6344643857984762, 0.6281208838123324, 1.1404292213848077}, 
       {-0.009813375026340035, -0.008182985663688873, -1.0054578809944101}}, 
      {{-0.009813375026340035, -0.008182985663688873, -1.0054578809944101}, 
       {0.6359153459797158, 0.6270899498010124, 1.1309722318377495}}}, 
     {{{0.6235485751456527, 0.6390668417640587, 1.1403990800446027}, 
       {-0.006739899159096736, -0.018806415917570613, -1.005382380728393}}, 
      {{-0.006739899159096736, -0.018806415917570613, -1.005382380728393}, 
       {0.6376318024103963, 0.6254943500301997, 1.13085137264597}}}, 
     {{{0.627687176150733, 0.6348361354572167, 1.1404911830234306}, 
       {-0.00452122743694581, -0.016180979674957293, -1.0054308211133407}}, 
      {{-0.00452122743694581, -0.016180979674957293, -1.0054308211133407}, 
       {0.6343129202215918, 0.6288084556568294, 1.1308561504370287}}}, 
     {{{0.622215844066555, 0.6402349260231824, 1.1405637399968087}, 
       {0.001366017810838646, -0.01164852349018533, -1.0055350172991375}}, 
      {{0.001366017810838646, -0.01164852349018533, -1.0055350172991375}, 
       {0.6352550953290524, 0.6277304440311354, 1.1309919858352677}}}, 
     {{{0.6357109020511547, 0.6268443021281567, 1.1404593087522796}, 
       {-0.006322355639774726, -0.011727509402520762, -1.0054573430313607}}, 
      {{-0.006322355639774726, -0.011727509402520762, -1.0054573430313607}, 
       {0.6340782018744797, 0.6289582597225586, 1.1309410685442187}}}, 
     {{{0.6253874360685555, 0.6372524603347434, 1.140374612177073}, 
       {-0.019576463025407033, -0.006466300224779555, -1.0053774131443816}}, 
      {{-0.019576463025407033, -0.006466300224779555, -1.0053774131443816}, 
       {0.6248423558701524, 0.6382692807207863, 1.1308659053454668}}}, 
     {{{0.6293647669776943, 0.6333736094144964, 1.140276137743182}, 
       {-0.026510150272293902, -0.013910955351498708, -1.005233629460037}}, 
      {{-0.026510150272293902, -0.013910955351498708, -1.005233629460037}, 
       {0.6325636187870145, 0.6307371113614004, 1.1306768124106739}}}, 
     {{{0.6363705228404207, 0.6260238543578712, 1.140620133513046}, 
       {-0.007953537128095461, -0.0013780044638478889, -1.0055445237792193}}, 
      {{-0.007953537128095461, -0.0013780044638478889, -1.0055445237792193}, 
       {0.6244958600368675, 0.6385270777607458, 1.1309546052792048}}}, 
     {{{0.6252641025581185, 0.6371320988734616, 1.1406183205323766}, 
       {-0.008381151704060907, -0.011258923025096356, -1.005441437981744}}, 
      {{-0.008381151704060907, -0.011258923025096356, -1.005441437981744}, 
       {0.6388555042978776, 0.6243718001605296, 1.1307502466649337}}}, 
     {{{0.6310660213456093, 0.6314418477483282, 1.1405066575457827}, 
       {-0.007119382026874512, -0.015640166886104697, -1.0054102423228768}}, 
      {{-0.007119382026874512, -0.015640166886104697, -1.0054102423228768}, 
       {0.6260907025861567, 0.6370873277114866, 1.1307995183337365}}}, 
     {{{0.6375931509061594, 0.624924977710655, 1.1404964081577347}, 
       {-0.009656958988259365, -0.014072737756588785, -1.005400540377154}}, 
      {{-0.009656958988259365, -0.014072737756588785, -1.005400540377154}, 
       {0.6312719687446099, 0.6319152154587018, 1.130790363830382}}}, 
     {{{0.6308577855118905, 0.6315500444264276, 1.1406066914510318}, 
       {-0.01025244523179246, -0.002890876513441773, -1.0055064030979344}}, 
      {{-0.01025244523179246, -0.002890876513441773, -1.0055064030979344}, 
       {0.623690574205274, 0.6393951775584577, 1.1308918059786246}}}, 
     {{{0.6248262400283452, 0.6377094278133179, 1.1404788614711603}, 
       {-0.015394252508718015, -0.011789546475043265, -1.0053659978721188}}, 
      {{-0.015394252508718015, -0.011789546475043265, -1.0053659978721188}, 
       {0.6387107280342851, 0.6245279969448906, 1.1307388255068418}}}, 
     {{{0.6289172183677632, 0.6334046512494, 1.1406926437665332}, 
       {-0.007074323091773116, 0.0002945249761856853, -1.0055700367587619}}, 
      {{-0.007074323091773116, 0.0002945249761856853, -1.0055700367587619}, 
       {0.6312943032190633, 0.631750125735935, 1.1309331209847522}}}, 
     {{{0.6292050188404104, 0.6331913970195888, 1.1406181135407272}, 
       {-0.014898248279596626, -0.010428484518200422, -1.0053845671741544}}, 
      {{-0.014898248279596626, -0.010428484518200422, -1.0053845671741544}, 
       {0.6295344111302577, 0.6338064279690071, 1.1306367120414147}}}, 
     {{{0.6314435184177573, 0.6309599270644298, 1.1406110766832445}, 
       {-0.012285334888717156, -0.01248000644322552, -1.0053901800394256}}, 
      {{-0.012285334888717156, -0.01248000644322552, -1.0053901800394256}, 
       {0.6284294473616739, 0.6348931381644708, 1.1306549746293884}}}, 
     {{{0.638969720358845, 0.623474404915134, 1.14057041657478}, 
       {-0.012064022947116705, -0.011112850017298512, -1.0054060640013236}}, 
      {{-0.012064022947116705, -0.011112850017298512, -1.0054060640013236}, 
       {0.6281224757870859, 0.6351276802225174, 1.1307274026616916}}}, 
     {{{0.6269377098233214, 0.6355620461282339, 1.1405147898528984}, 
       {-0.020214601751115252, -0.00814465615681243, -1.0053542393480055}}, 
      {{-0.020214601751115252, -0.00814465615681243, -1.0053542393480055}, 
       {0.6208270179589808, 0.6424711706215372, 1.1306793800769435}}}, 
     {{{0.6330049287706363, 0.6294764226788051, 1.1405331745350777}, 
       {-0.018930562127774993, -0.009383195907140679, -1.005354693858648}}, 
      {{-0.018930562127774993, -0.009383195907140679, -1.005354693858648}, 
       {0.6346811432047813, 0.6286345287431784, 1.1306619044160215}}}, 
     {{{0.6296208865565337, 0.6327010907009659, 1.1406925550128453}, 
       {-0.012284303848209511, -0.0079531805979159, -1.005435455676822}}, 
      {{-0.012284303848209511, -0.0079531805979159, -1.005435455676822}, 
       {0.6301480506330955, 0.6331654659930285, 1.1306640475746113}}}, 
     {{{0.6268423843322289, 0.6354679009638647, 1.1407042683482245}, 
       {-0.007289038965192618, -0.012202218864744777, -1.0054429173292647}}, 
      {{-0.007289038965192618, -0.012202218864744777, -1.0054429173292647}, 
       {0.6346729019796593, 0.6286374176006775, 1.1306672575440995}}}, 
     {{{0.6276940282945737, 0.6347330356351262, 1.1405874808203318}, 
       {-0.015323921478120154, -0.010265629187292563, -1.005381933610114}}, 
      {{-0.015323921478120154, -0.010265629187292563, -1.005381933610114}, 
       {0.6321467405550169, 0.631168759572729, 1.130662077633694}}}, 
     {{{0.6291124929790815, 0.6333326769798999, 1.140569376284766}, 
       {-0.013132256228012949, -0.01286242921664267, -1.0053778814637016}}, 
      {{-0.013132256228012949, -0.01286242921664267, -1.0053778814637016}, 
       {0.6276732194123237, 0.6356322761789603, 1.13067207787642}}}, 
     {{{0.6304575522364821, 0.6318864581412093, 1.1406705364778427}, 
       {-0.004194985492167688, -0.013979491189829689, -1.005456082923579}}, 
      {{-0.004194985492167688, -0.013979491189829689, -1.005456082923579}, 
       {0.6344853491324585, 0.6287649211692475, 1.1307273206030863}}}, 
     {{{0.624875175054843, 0.6375349858257024, 1.140604406433711}, 
       {-0.013122455188453445, -0.009732449872142208, -1.0054092778762704}}, 
      {{-0.013122455188453445, -0.009732449872142208, -1.0054092778762704}, 
       {0.6304288913659435, 0.6328488575706702, 1.1306998405525963}}}, 
     {{{0.6261261455716312, 0.6362897120077933, 1.140598709965499}, 
       {-0.01426263344218196, -0.011164508909975208, -1.0053835548225354}}, 
      {{-0.01426263344218196, -0.011164508909975208, -1.0053835548225354}, 
       {0.6271902143811592, 0.6361332842436058, 1.1306540909133769}}}, 
     {{{0.6441030157316409, 0.6183065559720926, 1.1406049932678262}, 
       {-0.010993135856838736, -0.008485620916692466, -1.0054430378965717}}, 
      {{-0.010993135856838736, -0.008485620916692466, -1.0054430378965717}, 
       {0.6326081234810826, 0.6306026972194775, 1.130766773759061}}}, 
     {{{0.6273627919865707, 0.6351443951279672, 1.1405073705773179}, 
       {-0.015143174334630326, -0.003915804578558346, -1.0054472350289885}}, 
      {{-0.015143174334630326, -0.003915804578558346, -1.0054472350289885}, 
       {0.6383486903701513, 0.6247561156541993, 1.1308727907144418}}}, 
     {{{0.6368206145915377, 0.6256572988668015, 1.1405366634796947}, 
       {-0.010327647853858906, -0.0029421277223822696, -1.005505126219385}}, 
      {{-0.010327647853858906, -0.0029421277223822696, -1.005505126219385}, 
       {0.6284651370464605, 0.6345531805640922, 1.1309592801928345}}}, 
     {{{0.6302609721724283, 0.6323160647809369, 1.140437544124847}, 
       {-0.015416803484262696, -0.005470334643874172, -1.0054289521228368}}, 
      {{-0.015416803484262696, -0.005470334643874172, -1.0054289521228368}, 
       {0.6316008765004021, 0.6314706881847265, 1.1309060513546418}}}, 
     {{{0.6341801173151725, 0.6283982554235089, 1.1404362037681062}, 
       {-0.015868662683684226, -0.011457838364982943, -1.005364557520509}}, 
      {{-0.015868662683684226, -0.011457838364982943, -1.005364557520509}, 
       {0.6339447179417378, 0.6292542912616537, 1.1307786025066746}}}, 
     {{{0.6408578354413594, 0.6216685858662543, 1.140488150350917}, 
       {-0.018293686962434743, -0.008399442249590912, -1.0053708906648353}}, 
      {{-0.018293686962434743, -0.008399442249590912, -1.0053708906648353}, 
       {0.6327463479963927, 0.6304919271661394, 1.130739322212528}}}, 
     {{{0.6301103577713817, 0.6323497404470879, 1.140554478621781}, 
       {-0.00919614774156085, -0.009643585866128282, -1.0054494237419338}}, 
      {{-0.00919614774156085, -0.009643585866128282, -1.0054494237419338}, 
       {0.6276699408202936, 0.6354776209944315, 1.1308300600958645}}}, 
     {{{0.6332137319607548, 0.6292859485183593, 1.140514906823792}, 
       {-0.015768593256455698, -0.012456250336825417, -1.0053555720957603}}, 
      {{-0.015768593256455698, -0.012456250336825417, -1.0053555720957603}, 
       {0.6290484225270326, 0.6342472680097146, 1.130681928601523}}}, 
     {{{0.6335229158785535, 0.6289356706622032, 1.1405559992518786}, 
       {-0.007022286500233255, -0.014298170186683199, -1.0054246150996622}}, 
      {{-0.007022286500233255, -0.014298170186683199, -1.0054246150996622}, 
       {0.6327971600496394, 0.6304015323095448, 1.1307789221812514}}}, 
     {{{0.6224488171174641, 0.6399798188389175, 1.1405859440725048}, 
       {-0.007579661794029697, -0.013580471632086874, -1.005426217749235}}, 
      {{-0.007579661794029697, -0.013580471632086874, -1.005426217749235}, 
       {0.6385938336756717, 0.624631611306638, 1.1307521826597793}}}, 
     {{{0.6308404398065875, 0.6316501046894392, 1.1405240532529661}, 
       {-0.01140645979083851, -0.016836604259068785, -1.0053553877242931}}, 
      {{-0.01140645979083851, -0.016836604259068785, -1.0053553877242931}, 
       {0.6316851076027575, 0.6316201097538928, 1.130672413429411}}}, 
     {{{0.6309718410144745, 0.6314839254356737, 1.1405588270980103}, 
       {-0.0047315607022655045, -0.015881435594931454, -1.00543168742516}}, 
      {{-0.0047315607022655045, -0.015881435594931454, -1.00543168742516}, 
       {0.6309975985245434, 0.6321897970625546, 1.1307902389860964}}}, 
     {{{0.6262868178568283, 0.6361994346070342, 1.140528336442992}, 
       {-0.01000093795522464, -0.016680826065863016, -1.005370999254202}}, 
      {{-0.01000093795522464, -0.016680826065863016, -1.005370999254202}, 
       {0.6287915112303646, 0.6344867535286488, 1.1306993532992018}}}, 
     {{{0.6321571722447257, 0.6302618302555868, 1.1405955936298071}, 
       {-0.014743361943615287, -0.00959917143635934, -1.0053943908459118}}, 
      {{-0.014743361943615287, -0.00959917143635934, -1.0053943908459118}, 
       {0.6331309596847379, 0.6301678012048079, 1.130678879295779}}}, 
     {{{0.6304248487274536, 0.6319277549870412, 1.1406620100292466}, 
       {-0.008297952484805153, -0.011104440490404254, -1.0054437913880716}}, 
      {{-0.008297952484805153, -0.011104440490404254, -1.0054437913880716}, 
       {0.6330944825106616, 0.6301718836183632, 1.1307112639807015}}}, 
     {{{0.6369796104597882, 0.6253878490932163, 1.140647149801148}, 
       {-0.007517480963887574, -0.01656211313779371, -1.0053970186102965}}, 
      {{-0.007517480963887574, -0.01656211313779371, -1.0053970186102965}, 
       {0.6278858687255712, 0.6354591836497077, 1.1306325786532299}}}, 
     {{{0.6301491283100361, 0.6321649057491776, 1.1407005661896974}, 
       {-0.00887300685887704, -0.015408971744332317, -1.0053949943192968}}, 
      {{-0.00887300685887704, -0.015408971744332317, -1.0053949943192968}, 
       {0.6247539855134802, 0.6386485462220357, 1.1305751136826765}}}, 
     {{{0.6362675720271538, 0.6258834182582574, 1.1408636121225824}, 
       {-0.008709500760835215, -0.006063017175146908, -1.0054900878920872}}, 
      {{-0.008709500760835215, -0.006063017175146908, -1.0054900878920872}, 
       {0.6352933450526436, 0.6280820572313991, 1.1306022548953658}}}, 
     {{{0.631929887805057, 0.6303034427967581, 1.1407812730160554}, 
       {-0.01599179303541553, -0.006726160121155014, -1.0054106329708075}}, 
      {{-0.01599179303541553, -0.006726160121155014, -1.0054106329708075}, 
       {0.6297934706491237, 0.633658508266762, 1.1305256841593472}}}, 
     {{{0.6279703205662781, 0.6342765063951085, 1.1407677896104342}, 
       {-0.01076334275804902, -0.0070982152899517455, -1.0054591960952843}}, 
      {{-0.01076334275804902, -0.0070982152899517455, -1.0054591960952843}, 
       {0.6355832891472768, 0.6277580881031397, 1.1306362938139254}}}, 
     {{{0.6300088754272545, 0.6322305272502705, 1.1407752171821741}, 
       {-0.007364353944063668, -0.009581964464082575, -1.0054683478692343}}, 
      {{-0.007364353944063668, -0.009581964464082575, -1.0054683478692343}, 
       {0.6284681267596207, 0.6348623547455925, 1.1306471697900629}}}, 
     {{{0.6216697979891045, 0.6406864125085876, 1.1406584072329813}, 
       {-0.016187396793688708, -0.014288498697762832, -1.0053330514177392}}, 
      {{-0.016187396793688708, -0.014288498697762832, -1.0053330514177392}, 
       {0.6333723277353086, 0.6301119421311933, 1.1304933868362845}}}, 
     {{{0.6324188246372621, 0.629867155093393, 1.1407286377885104}, 
       {-0.011368556810657363, -0.008695733340019442, -1.005437166556023}}, 
      {{-0.011368556810657363, -0.008695733340019442, -1.005437166556023}, 
       {0.6294528716760897, 0.6338934108904855, 1.1306313865572903}}}, 
     {{{0.630987576684599, 0.6314894201026318, 1.140537629592862}, 
       {-0.013176116733751882, -0.016290587771787202, -1.0053431419421732}}, 
      {{-0.013176116733751882, -0.016290587771787202, -1.0053431419421732}, 
       {0.6281935355491166, 0.635149766135867, 1.1306343455252756}}}, 
     {{{0.6358208011508567, 0.6265028509078153, 1.14069098332177}, 
       {-0.007208854921679694, -0.010754813421958586, -1.0054581714690218}}, 
      {{-0.007208854921679694, -0.010754813421958586, -1.0054581714690218}, 
       {0.6313415328506192, 0.6319250949069266, 1.1307110508501101}}}, 
     {{{0.635723934960476, 0.6266178977488551, 1.1406727831573376}, 
       {-0.011696281453070213, -0.013699573704096055, -1.0053838489981473}}, 
      {{-0.011696281453070213, -0.013699573704096055, -1.0053838489981473}, 
       {0.6272194952629286, 0.6361775700417894, 1.1305806060727661}}}, 
     {{{0.6285771886821673, 0.6337064207761154, 1.1407310152984147}, 
       {-0.0050704395467456795, -0.009905391271879524, -1.005488048353365}}, 
      {{-0.0050704395467456795, -0.009905391271879524, -1.005488048353365}, 
       {0.6331978441198642, 0.6300490674919369, 1.1307307726421074}}}, 
     {{{0.6327870713309471, 0.6294929193097021, 1.1407346422344946}, 
       {-0.005329178874504936, -0.010871501441666152, -1.0054757991567735}}, 
      {{-0.005329178874504936, -0.010871501441666152, -1.0054757991567735}, 
       {0.6280906561661747, 0.6351843756844978, 1.1307026473128305}}}, 
     {{{0.6276026823417509, 0.6348297524822313, 1.1405822053536037}, 
       {-0.014723676522693714, -0.016927654837615637, -1.0053212921355072}}, 
      {{-0.014723676522693714, -0.016927654837615637, -1.0053212921355072}, 
       {0.631402135606559, 0.6320294758881675, 1.1305460701511931}}}, 
     {{{0.6331963571407573, 0.6291548425062278, 1.140663439137533}, 
       {-0.009301537458496633, -0.009085024544709554, -1.005453938880108}}, 
      {{-0.009301537458496633, -0.009085024544709554, -1.005453938880108}, 
       {0.6381794545660057, 0.6250681056153786, 1.1307301298564572}}}, 
     {{{0.6345516361711059, 0.6278356868703486, 1.1406273247650942}, 
       {-0.00575543546636078, -0.012776157108001042, -1.0054524878789388}}, 
      {{-0.00575543546636078, -0.012776157108001042, -1.0054524878789388}, 
       {0.6276429247981831, 0.6355714243740122, 1.1307633422265735}}}, 
     {{{0.6289238865770346, 0.6335490930650048, 1.140541663170095}, 
       {-0.016672150836959887, -0.0069601594362415095, -1.0054014800032631}}, 
      {{-0.016672150836959887, -0.0069601594362415095, -1.0054014800032631}, 
       {0.6321140418850801, 0.6311166438400021, 1.130746988070253}}}, 
     {{{0.6283675089528467, 0.6341613398747885, 1.1404858060256449}, 
       {-0.01706402290200851, -0.012397608290704116, -1.0053431861261821}}, 
      {{-0.01706402290200851, -0.012397608290704116, -1.0053431861261821}, 
       {0.6378341311672029, 0.6254572966081862, 1.1306862574605396}}}, 
     {{{0.6276012377547164, 0.6347943513336599, 1.1406190651789787}, 
       {-0.006691471627859333, -0.012077323648529696, -1.0054501137780083}}, 
      {{-0.006691471627859333, -0.012077323648529696, -1.0054501137780083}, 
       {0.6285131705029882, 0.6346976747054852, 1.1307668536107998}}}, 
     {{{0.6290022563143443, 0.6334186157618664, 1.1405937674329278}, 
       {-0.009570619335647748, -0.006571382204352984, -1.005476380766309}}, 
      {{-0.009570619335647748, -0.006571382204352984, -1.005476380766309}, 
       {0.6252063652906814, 0.6379266526289149, 1.1308446853334704}}}, 
     {{{0.6427480669629688, 0.6198211977170175, 1.140445389514076}, 
       {-0.014570903221449206, -0.01097519534669201, -1.0053823394113723}}, 
      {{-0.014570903221449206, -0.01097519534669201, -1.0053823394113723}, 
       {0.6315916059323631, 0.6315811236765945, 1.130804980542444}}}, 
     {{{0.6281985928666953, 0.6343127188333588, 1.140503346268263}, 
       {-0.015715241735374887, -0.011942650871171625, -1.0053612207774136}}, 
      {{-0.015715241735374887, -0.011942650871171625, -1.0053612207774136}, 
       {0.6356646877149178, 0.6276082376439281, 1.1307047865203421}}}, 
     {{{0.6324503266860438, 0.6300630773179231, 1.1405012672507513}, 
       {-0.014634529998070533, -0.011095600242852544, -1.005380497677418}}, 
      {{-0.014634529998070533, -0.011095600242852544, -1.005380497677418}, 
       {0.62790467196535, 0.6353276176774416, 1.1307454193378634}}}, 
     {{{0.6302126262876646, 0.6323266385160128, 1.140475409242576}, 
       {-0.011000559414418635, -0.013447891395053674, -1.0053933136217823}}, 
      {{-0.011000559414418635, -0.013447891395053674, -1.0053933136217823}, 
       {0.6301942878702135, 0.6329865212712239, 1.1307969092347612}}}, 
     {{{0.6317761438486049, 0.6306743198288745, 1.1405642087095123}, 
       {-0.011181430028837867, -0.013848339317100578, -1.0053875000112833}}, 
      {{-0.011181430028837867, -0.013848339317100578, -1.0053875000112833}, 
       {0.6328426571569342, 0.6304385762035505, 1.1306964825468397}}}, 
     {{{0.6254326285295526, 0.6369886374253251, 1.1405933986435282}, 
       {-0.005936190867009726, -0.01236823963057741, -1.0054547521515502}}, 
      {{-0.005936190867009726, -0.01236823963057741, -1.0054547521515502}, 
       {0.629236095678057, 0.6339398164299359, 1.1308017968933615}}}, 
     {{{0.6261148714598637, 0.6364171731047017, 1.1404826208199028}, 
       {-0.010301869449820688, -0.01452008772072775, -1.005389576357366}}, 
      {{-0.010301869449820688, -0.01452008772072775, -1.005389576357366}, 
       {0.6362713204342682, 0.6269241828318707, 1.1307822231285893}}}, 
     {{{0.6286474875957926, 0.6338605578781668, 1.1405066334246916}, 
       {-0.009634595946119564, -0.01502511748479008, -1.0053911979631829}}, 
      {{-0.009634595946119564, -0.01502511748479008, -1.0053911979631829}, 
       {0.6359970044029264, 0.6272192567945064, 1.130761453735462}}}, 
     {{{0.6310120387916651, 0.6314810211682103, 1.1405216127898308}, 
       {-0.01210988904758527, -0.00988140212402148, -1.005417881544247}}, 
      {{-0.01210988904758527, -0.00988140212402148, -1.005417881544247}, 
       {0.6242822812028687, 0.6388956079648886, 1.1307998415324405}}}, 
     {{{0.628367265899271, 0.6340610780174272, 1.140586331047731}, 
       {-0.017036500774207097, -0.0059940772126646094, -1.0054074877927464}}, 
      {{-0.017036500774207097, -0.0059940772126646094, -1.0054074877927464}, 
       {0.6348702645468366, 0.6283931197475279, 1.1307143357715908}}}, 
     {{{0.629229818775746, 0.6331564228153758, 1.1406284317086155}, 
       {-0.01639446431397288, -0.0051305150608779194, -1.0054225432423889}}, 
      {{-0.01639446431397288, -0.0051305150608779194, -1.0054225432423889}, 
       {0.6330918377507924, 0.6301835560035995, 1.1307023460099739}}}, 
     {{{0.6321903097184378, 0.6302159778571096, 1.1406083881080324}, 
       {-0.008973542438194381, -0.011420504320092187, -1.0054338516681518}}, 
      {{-0.008973542438194381, -0.011420504320092187, -1.0054338516681518}, 
       {0.623041968892975, 0.6401907680968709, 1.1307450064620725}}}, 
     {{{0.6388787678400254, 0.6235451778219654, 1.140590736261341}, 
       {-0.0026738448540416545, -0.014803520040895517, -1.005463017915929}}, 
      {{-0.0026738448540416545, -0.014803520040895517, -1.005463017915929}, 
       {0.6329844182664985, 0.6301723422258041, 1.1308209908043274}}}, 
     {{{0.6352523800088865, 0.6271599958015607, 1.1406023043626938}, 
       {-0.008385197717550093, -0.008525794937635597, -1.0054686808261508}}, 
      {{-0.008385197717550093, -0.008525794937635597, -1.0054686808261508}, 
       {0.6328679434759356, 0.6302890717056409, 1.1308207485233908}}}, 
     {{{0.6424603445203194, 0.619891555568428, 1.1406627946854881}, 
       {-0.009613263586244463, -0.011877877748697085, -1.0054228785512171}}, 
      {{-0.009613263586244463, -0.011877877748697085, -1.0054228785512171}, 
       {0.632582296330496, 0.630726797811478, 1.1306686536507453}}}, 
     {{{0.6344837954623043, 0.62784209801627, 1.1406888206436714}, 
       {-0.011497432077182016, -0.011756288284233914, -1.0054052521692056}}, 
      {{-0.011497432077182016, -0.011756288284233914, -1.0054052521692056}, 
       {0.6407310071314, 0.6226393732453229, 1.1306073749285444}}}, 
     {{{0.6359438033107431, 0.6264356701367497, 1.1406352183785413}, 
       {-0.010785074074306553, -0.012034621440950539, -1.0054095916837615}}, 
      {{-0.010785074074306553, -0.012034621440950539, -1.0054095916837615}, 
       {0.6273227169065793, 0.6359853735291154, 1.1306696562227674}}}, 
     {{{0.6350682768596797, 0.6273748153994868, 1.1405715979045825}, 
       {-0.017041841806771423, -0.006925416060504815, -1.0053981152252252}}, 
      {{-0.017041841806771423, -0.006925416060504815, -1.0053981152252252}, 
       {0.632217005578606, 0.6310504332770418, 1.130710323779677}}}, 
     {{{0.6349066043150281, 0.6275578862035525, 1.140550216916776}, 
       {-0.012449846073222337, -0.017022057556384432, -1.0053430681561708}}, 
      {{-0.012449846073222337, -0.017022057556384432, -1.0053430681561708}, 
       {0.6291051246596402, 0.6342510302375565, 1.130621610629326}}}, 
     {{{0.6370553237635282, 0.6252214767385237, 1.1407379109166162}, 
       {-0.003115005997303246, -0.01345541084409049, -1.0054720822567296}}, 
      {{-0.003115005997303246, -0.01345541084409049, -1.0054720822567296}, 
       {0.6276547590216546, 0.6356310790052535, 1.1306919448306219}}}, 
     {{{0.627472387327141, 0.6348895402676591, 1.1406527739462573}, 
       {-0.013230997243811295, -0.012293129666264132, -1.0053825446226639}}, 
      {{-0.013230997243811295, -0.012293129666264132, -1.0053825446226639}, 
       {0.6318200983981715, 0.6315596649771497, 1.1305980065328605}}}, 
     {{{0.6299817970151117, 0.6323111106574169, 1.1407218158941508}, 
       {-0.016816644616622564, -0.006868619072976135, -1.0054009323453976}}, 
      {{-0.016816644616622564, -0.006868619072976135, -1.0054009323453976}, 
       {0.6373870681843921, 0.6260249543353363, 1.1305657400304445}}}, 
     {{{0.6295024573007886, 0.632787241153661, 1.1407250059246319}, 
       {-0.011971869471675856, -0.009529198638307024, -1.005422773628255}}, 
      {{-0.011971869471675856, -0.009529198638307024, -1.005422773628255}, 
       {0.6302796848976175, 0.6330918547637678, 1.130606232565611}}}, 
     {{{0.6329078847343713, 0.6294047424329012, 1.1407020877558596}, 
       {-0.011174811134320194, -0.01447084572710633, -1.0053813269967833}}, 
      {{-0.011174811134320194, -0.01447084572710633, -1.0053813269967833}, 
       {0.6336455326630505, 0.6297859818678024, 1.1305462574714442}}}, 
     {{{0.6330901693565383, 0.6292803448094844, 1.140644211283864}, 
       {-0.013120421853728071, -0.01185161608135169, -1.005388062530943}}, 
      {{-0.013120421853728071, -0.01185161608135169, -1.005388062530943}, 
       {0.636942331425379, 0.6264178572622554, 1.1306176050118355}}}, 
     {{{0.6335910075325535, 0.6287218406228079, 1.1407018851970199}, 
       {-0.006081863184763259, -0.009537381486507405, -1.0054815894359637}}, 
      {{-0.006081863184763259, -0.009537381486507405, -1.0054815894359637}, 
       {0.6261838505394199, 0.6370469440496291, 1.1307469849087235}}}, 
     {{{0.629789319363774, 0.6326223840090359, 1.1406030117622574}, 
       {-0.01763626480663053, -0.01031264081571354, -1.005358292505177}}, 
      {{-0.01763626480663053, -0.01031264081571354, -1.005358292505177}, 
       {0.6353803710294437, 0.6279981536095058, 1.1305992644818996}}}, 
     {{{0.6306441755594538, 0.6318039150928864, 1.1405666388935185}, 
       {-0.01148046054433143, -0.01585474023112783, -1.0053644287341181}}, 
      {{-0.01148046054433143, -0.01585474023112783, -1.0053644287341181}, 
       {0.6374819647464615, 0.6258479065946055, 1.1306479098084918}}}, 
     {{{0.6306401253085082, 0.6317738003845261, 1.140600800331403}, 
       {-0.005303047564129566, -0.010527430706213259, -1.0054794751682348}}, 
      {{-0.005303047564129566, -0.010527430706213259, -1.0054794751682348}, 
       {0.6285431052842744, 0.6345908348904666, 1.1308438412388253}}}, 
     {{{0.6233481853843803, 0.6390789106010885, 1.1405876318914498}, 
       {-0.010095182106949792, -0.012031088750440337, -1.005416516675585}}, 
      {{-0.010095182106949792, -0.012031088750440337, -1.005416516675585}, 
       {0.6360211779293113, 0.627225530154697, 1.1307310926935406}}}, 
     {{{0.6222983246139031, 0.6401483177016937, 1.140568085655504}, 
       {-0.00870744800072702, -0.010234358303371697, -1.005448360408087}}, 
      {{-0.00870744800072702, -0.010234358303371697, -1.005448360408087}, 
       {0.6309339633825302, 0.632229511972279, 1.1308143263944115}}}, 
     {{{0.6272934796990296, 0.6352385745245827, 1.1404826834526498}, 
       {-0.011810914436499604, -0.011279299013276792, -1.005406875655111}}, 
      {{-0.011810914436499604, -0.011279299013276792, -1.005406875655111}, 
       {0.6226140457919181, 0.6405469993365551, 1.1308167590913734}}}, 
     {{{0.6386977421215849, 0.6238996245854272, 1.1404173641549136}, 
       {-0.01734506573962698, -0.01123912947339169, -1.005351935207122}}, 
      {{-0.01734506573962698, -0.01123912947339169, -1.005351935207122}, 
       {0.6239657707262054, 0.6392398412285752, 1.1307721974931273}}}, 
     {{{0.6221163783515026, 0.6403847591306724, 1.1405135922805332}, 
       {-0.014864952264886211, -0.010801461060105764, -1.005381112200477}}, 
      {{-0.014864952264886211, -0.010801461060105764, -1.005381112200477}, 
       {0.636166233683207, 0.6270772477950876, 1.1307343233542133}}}, 
     {{{0.6218729148849259, 0.6405663348776196, 1.140575479173347}, 
       {-0.011809155302864483, -0.008161137782971322, -1.0054380727457253}}, 
      {{-0.011809155302864483, -0.008161137782971322, -1.0054380727457253}, 
       {0.6282109208519363, 0.6349805399788477, 1.130786357551882}}}, 
     {{{0.6310364897635587, 0.6313227242610073, 1.1406555284954694}, 
       {-0.010844152459296175, -0.0036513298041865806, -1.0054928200059863}}, 
      {{-0.010844152459296175, -0.0036513298041865806, -1.0054928200059863}, 
       {0.6298641182341875, 0.6332978949836578, 1.1308158027502913}}}, 
     {{{0.6300144176569883, 0.6324120408337465, 1.1405883024092083}, 
       {-0.0110474242448627, -0.014156486730624676, -1.0053857349748296}}, 
      {{-0.0110474242448627, -0.014156486730624676, -1.0053857349748296}, 
       {0.6359063108883116, 0.6274026532957075, 1.130668858774235}}}, 
     {{{0.6376285778551203, 0.6248815309947879, 1.1405046570243376}, 
       {-0.01469093518369767, -0.018033157507296442, -1.00531053267806}}, 
      {{-0.01469093518369767, -0.018033157507296442, -1.00531053267806}, 
       {0.6390021370159688, 0.6243735887146654, 1.13060209956551}}}, 
     {{{0.6287477104554965, 0.6336628950338995, 1.14060414583553}, 
       {-0.011526763396978562, -0.00758454430149356, -1.0054466595503326}}, 
      {{-0.011526763396978562, -0.00758454430149356, -1.0054466595503326}, 
       {0.6331553279465604, 0.630047624567178, 1.1307748644989106}}}, 
     {{{0.627053927440881, 0.6353873704308682, 1.1405734621153578}, 
       {-0.01241287637213509, -0.00811281157523651, -1.0054325151715537}}, 
      {{-0.01241287637213509, -0.00811281157523651, -1.0054325151715537}, 
       {0.6363660901899464, 0.6268344772127241, 1.1307772594615388}}}, 
     {{{0.6343209697645278, 0.6280584964323034, 1.1406353027438325}, 
       {-0.011238455160536587, -0.00851340022084768, -1.0054402527416793}}, 
      {{-0.011238455160536587, -0.00851340022084768, -1.0054402527416793}, 
       {0.6307204490584771, 0.6325264928394487, 1.1307308939732938}}}, 
     {{{0.6297857654566357, 0.6327495207599428, 1.1404794878408115}, 
       {-0.009988420329987056, -0.011745307314986839, -1.0054204333037293}}, 
      {{-0.009988420329987056, -0.011745307314986839, -1.0054204333037293}, 
       {0.6349853359186719, 0.6281454169204528, 1.1308470700004052}}}, 
     {{{0.6282777028475403, 0.6341718130287759, 1.1405652552957384}, 
       {-0.006192785242964286, -0.012071133216676133, -1.0054551307229396}}, 
      {{-0.006192785242964286, -0.012071133216676133, -1.0054551307229396}, 
       {0.6286778262833737, 0.6344693151658027, 1.1308306973839226}}}, 
     {{{0.622093419094145, 0.6403852880950421, 1.1405360619500198}, 
       {-0.007205689012581196, -0.014273297364025118, -1.005422979330103}}, 
      {{-0.007205689012581196, -0.014273297364025118, -1.005422979330103}, 
       {0.6375987414277465, 0.6255835060752462, 1.1307955879439684}}}, 
     {{{0.6320787550642465, 0.6304870778366314, 1.1404489392262551}, 
       {-0.008991639529171768, -0.01654983380708371, -1.005382353717606}}, 
      {{-0.008991639529171768, -0.01654983380708371, -1.005382353717606}, 
       {0.6273325954509448, 0.6358437939472591, 1.1308014594427462}}}, 
     {{{0.6302354263386287, 0.6323409155423029, 1.140438424718419}, 
       {-0.013577559192226278, -0.01194092620150952, -1.00538258271071}}, 
      {{-0.013577559192226278, -0.01194092620150952, -1.00538258271071}, 
       {0.6291032048470159, 0.6340622027723892, 1.1308124319367667}}}, 
     {{{0.6365158411295363, 0.6259891729784527, 1.1405097677474514}, 
       {-0.014162845379239182, -0.007002837374454239, -1.0054261099460764}}, 
      {{-0.014162845379239182, -0.007002837374454239, -1.0054261099460764}, 
       {0.6365797179661449, 0.626569994016875, 1.1308281433784502}}}, 
     {{{0.6333135912306742, 0.6292447924552979, 1.1404564039990108}, 
       {-0.019561507124849067, -0.007345867402083293, -1.005368692505235}}, 
      {{-0.019561507124849067, -0.007345867402083293, -1.005368692505235}, 
       {0.6309846181132224, 0.6322265558290333, 1.130766672245253}}}, 
     {{{0.6299483233017948, 0.6326590636166185, 1.1404073959764842}, 
       {-0.021078961883429437, -0.010617291614264631, -1.0053208031499445}}, 
      {{-0.021078961883429437, -0.010617291614264631, -1.0053208031499445}, 
       {0.6309793861647732, 0.6322785487182704, 1.1307199015572085}}}, 
     {{{0.6343675246254165, 0.6279387284772272, 1.1407085334227898}, 
       {-0.00752742039073304, -0.006045956892376775, -1.0055020310455833}}, 
      {{-0.00752742039073304, -0.006045956892376775, -1.0055020310455833}, 
       {0.625309136681928, 0.6378875050422037, 1.1307812199021405}}}, 
     {{{0.62802753935415, 0.6343979400631803, 1.1405893087666585}, 
       {-0.01227262554620878, -0.012509969200150349, -1.0053899382325413}}, 
      {{-0.01227262554620878, -0.012509969200150349, -1.0053899382325413}, 
       {0.6312861747643691, 0.6320154232870536, 1.1306762589322061}}}, 
     {{{0.6341530279338885, 0.6282677732582195, 1.1405939862870331}, 
       {-0.012837263350482346, -0.014651341990334351, -1.005362877341129}}, 
      {{-0.012837263350482346, -0.014651341990334351, -1.005362877341129}, 
       {0.631824338440025, 0.6315360614396921, 1.1306174596290042}}}, 
     {{{0.6494751303972653, 0.6128468285321849, 1.1406928460637975}, 
       {-0.009719319166848336, -0.005358506705680946, -1.0054869845806682}}, 
      {{-0.009719319166848336, -0.005358506705680946, -1.0054869845806682}, 
       {0.636418253293896, 0.626792810453296, 1.1307668143313176}}}}
