avgspins2 = {{{{-0.04545837740520754, -0.007982296258730155, 
        0.9781489404548271}, {0.009741743649374406, 0.023918253374817147, 
        -1.0170794050067637}, {-0.04581375071994643, 0.016360298189475007, 
        0.02662126634971214}}, {{0.513383762244651, 0.5350248980341771, 
        0.06052777425735889}, {0.5291113890384255, 0.5608518052337119, 
        0.008667848153693036}, {1.0132857889427642, 1.0366949004586758, 
        -0.04418783354974032}}}, 
     {{{-0.015470651779316074, 0.07383384536513417, 0.9764843415376911}, 
       {0.047084760606779755, -0.03811528176042925, -1.0161407317358169}, 
       {-0.05412309605269257, 0.051192506051514416, 0.027347191995902714}}, 
      {{0.5115593518390297, 0.53504074558746, 0.06202937949902709}, 
       {0.47643175840645097, 0.6108920043214685, 0.01021193236246698}, 
       {1.0281728098685339, 1.0178489376430468, -0.04345193184068335}}}, 
     {{{0.07686479742112373, 0.09113525305977689, 0.9743643883787476}, 
       {-0.008003594053767474, 0.0019393855031158232, -1.0148106139224897}, 
       {-0.030165782036099636, 0.08896886736073799, 0.028137027341518385}}, 
      {{0.5707751363170861, 0.46893537480486686, 0.0645316340214338}, 
       {0.530060331100511, 0.5614728170268577, 0.012305787670116253}, 
       {1.036953857516518, 1.005286462027049, -0.04298983163072225}}}, 
     {{{0.09633840050167272, 0.011736739099714493, 0.9733931354958596}, 
       {-0.05729350935724078, -0.0559743603580894, -1.0149711815732747}, 
       {0.0812416470341994, 0.03029152037052145, 0.029268847875192166}}, 
      {{0.5129750415814676, 0.5327312762874843, 0.06522256741285504}, 
       {0.5012729671195635, 0.5821388938502688, 0.013753352277788844}, 
       {1.056984103261239, 0.985866735127077, -0.0423576815099712}}}, 
     {{{0.04148876521751638, -0.013231949080144084, 0.9724979540184931}, 
       {-0.004556701542522293, 0.029438255532838745, -1.0141597099742257}, 
       {-0.011445157880575124, -0.004577046402959948, 0.029352557753508333}}, 
      {{0.5411224669556881, 0.5124041733972757, 0.0666666065084508}, 
       {0.5347187429954234, 0.5555740221681486, 0.01404746515882449}, 
       {1.0892785280412904, 0.9602678291794235, -0.04169216283117032}}}, 
     {{{-0.00563076954183765, 0.02804645132431045, 0.9722783331807653}, 
       {0.010807997622077625, 0.012228316547297582, -1.0135255900258349}, 
       {0.061950943937907656, 0.038108874262209866, 0.028938058642845682}}, 
      {{0.4851786780460609, 0.5684462542835657, 0.06807350198451667}, 
       {0.5135301845171347, 0.5789325882457224, 0.013784326916186362}, 
       {0.9865576811711663, 1.056429621403106, -0.0402472409733629}}}, 
     {{{-0.003920942116675619, 0.029466800873181563, 0.9713234635603153}, 
       {-0.017901831396705183, 0.0021282225888954085, -1.0130719306679925}, 
       {0.03879123526745945, -0.06539948979862045, 0.029439268905454424}}, 
      {{0.5169170419189465, 0.5370471181873802, 0.06952480883118572}, 
       {0.5001966521185731, 0.591939688406501, 0.014971468338978111}, 
       {0.9912502930772527, 1.0505628488017509, -0.03959397926092096}}}, 
     {{{0.016282424553742084, 0.0503245548407089, 0.9709193193825384}, 
       {-0.011821220349883352, -0.010795462163504372, -1.0122310222175501}, 
       {-0.00716707566152726, -0.014491025459472801, 0.02900250463278864}}, 
      {{0.5782609727365241, 0.4736569363212641, 0.07044199461944911}, 
       {0.5338022821238495, 0.55958992091306, 0.01548752210692772}, 
       {1.0346581612719985, 1.0121248324125751, -0.03901776495994403}}}, 
     {{{0.021277512512361874, 0.03225578982780242, 0.9713100844547984}, 
       {0.0471320842780058, 0.005876228562508761, -1.012169396832475}, 
       {0.011561741856527525, 0.009296239851825774, 0.02855011417545376}}, 
      {{0.5342500268749822, 0.5192251657003168, 0.06943024183954216}, 
       {0.5221376434559972, 0.5691893484810565, 0.015677924342088145}, 
       {1.0261076618292637, 1.0206189628342537, -0.03889416762605636}}}, 
     {{{0.018777246884888472, 0.03991541913925804, 0.9720217039861323}, 
       {-0.004852775782683819, -0.015540445952658506, -1.011524147939257}, 
       {0.06356592331339637, -0.03959526406706141, 0.027193245750901165}}, 
      {{0.49428046022144273, 0.5579329906495062, 0.06885641931396835}, 
       {0.47956930659638936, 0.6134745854426795, 0.01725774582621442}, 
       {1.017019568633959, 1.024746659904281, -0.03924641814818123}}}, 
     {{{0.011715416941160121, 0.06109504548018514, 0.9712285829929626}, 
       {0.015868559086150424, -0.03189042641650843, -1.0102638978677643}, 
       {-0.017100798399059154, -0.06276016090491972, 0.026726116672579372}}, 
      {{0.5503529697404146, 0.5007362890007842, 0.0695978098264054}, 
       {0.5391588544277828, 0.5533813324589948, 0.019305701659565244}, 
       {0.9873021743881478, 1.0549910917816157, -0.03837102025636646}}}, 
     {{{0.06039873532302789, 0.0202954253637586, 0.9709903711673659}, 
       {-0.07976064995051983, -0.022668216299386215, -1.0097315859690035}, 
       {0.02529959483811749, 0.04943018486116406, 0.026432016599413077}}, 
      {{0.5331019988988224, 0.5182928093369027, 0.06956487767123765}, 
       {0.5684964043500718, 0.5191079498692681, 0.01971022449636206}, 
       {0.9770250386005354, 1.0653024487077325, -0.037241764210141595}}}, 
     {{{0.00718821153723328, -0.015793166292120197, 0.9698342414397215}, 
       {-0.004133042811681709, 0.018065650425095846, -1.0095865593705033}, 
       {0.0034418269204826444, -0.10553458081958107, 0.027443119728557893}}, 
      {{0.5123679232303043, 0.5444524187109299, 0.0701419894494284}, 
       {0.4662067808408372, 0.6279205224156965, 0.02001224169575555}, 
       {1.0332098662215834, 1.0022012082962644, -0.0384457784351747}}}, 
     {{{-0.013034198330933607, 0.05328996625486133, 0.969633778858457}, 
       {-0.0031234622858166286, 0.020680469344278505, -1.0095414593477017}, 
       {-0.06807053938350661, 0.05438279647397623, 0.02759848228702175}}, 
      {{0.5345156509269136, 0.5185916873176918, 0.07153515784832043}, 
       {0.540931302653847, 0.5523406766772824, 0.020864838453129364}, 
       {1.077744185508016, 0.9602740471682859, -0.03750311223191426}}}, 
     {{{0.11292234647288199, 0.018148466173797343, 0.9690375118215331}, 
       {-0.02113111333033767, -0.01239913075436643, -1.0090185340158893}, 
       {0.10192918170416607, 0.031085354425713984, 0.027671823992131504}}, 
      {{0.5522520529907926, 0.49132298487098197, 0.07215230106194226}, 
       {0.517935992653191, 0.5743602244496844, 0.022733326671130483}, 
       {0.9860938572749455, 1.0479880059805018, -0.037335541157943526}}}, 
     {{{0.11481966612796449, -0.06291944445075767, 0.9688561266328274}, 
       {0.01152666292048385, 0.06142478860788264, -1.0086058459414553}, 
       {-0.048221393234048074, -0.045053903235468894, 0.027440521106404558}}, 
      {{0.4947509248653507, 0.5450423840099374, 0.07222396383351437}, 
       {0.5718628835409596, 0.5179467017492292, 0.022747115118744166}, 
       {0.9923296571584216, 1.047895658415476, -0.03646554547870878}}}, 
     {{{0.08083476928635557, -0.06728048469551018, 0.9694261577594848}, 
       {-0.005869002061350754, -0.014995927396380742, -1.0075252784634474}, 
       {0.004853109931520034, 0.006258982502155754, 0.02578992250173929}}, 
      {{0.4700808506607239, 0.5743043467717311, 0.0726087207343622}, 
       {0.5423278318925288, 0.5533599013366443, 0.02269411619406214}, 
       {0.9626926215438937, 1.0829118517215033, -0.0374644748676809}}}, 
     {{{0.025769859812689255, -0.03396330509142327, 0.9700442068614933}, 
       {0.010970316288366916, 0.008749948136983016, -1.007319386390907}, 
       {-0.03327665017119061, -0.031159728898372232, 0.02496598132719044}}, 
      {{0.5273843274035052, 0.5253066830711615, 0.07234751699350395}, 
       {0.5935256170264277, 0.5019513693962872, 0.02338221441096633}, 
       {0.9910452562008845, 1.051806373136442, -0.036685342913810884}}}, 
     {{{-0.0005599801012084153, -0.020224550170207967, 0.9705840705158153}, 
       {0.015619007108575307, -0.032273541457603014, -1.007654142557513}, 
       {-0.0319916010071922, 0.011283489569018597, 0.024760873839473754}}, 
      {{0.5670845635189503, 0.4882713275175477, 0.07004319816259841}, 
       {0.5211356400644303, 0.5715369256482317, 0.02442342473747816}, 
       {1.013407522955823, 1.0303603121991267, -0.03666384336312612}}}, 
     {{{-0.02236987298050425, -0.013725987334005513, 0.9710575971126647}, 
       {-0.03413319883511729, -0.026059493752658053, -1.0070667431999267}, 
       {0.02005838148801845, 0.010088292879047221, 0.023699947885040536}}, 
      {{0.5212672342702936, 0.5354643990440527, 0.06746861273153681}, 
       {0.5053476396772609, 0.5893609965664688, 0.02301235715579697}, 
       {1.037667092716319, 1.0073551579023945, -0.037220086441066}}}, 
     {{{0.008849812182045893, 0.002958082909441771, 0.9727065673131778}, 
       {0.0037406396005938538, 0.02193702318594057, -1.009209349055656}, 
       {-0.03173607317761182, 0.0004091380585419846, 0.02419358354025454}}, 
      {{0.5427561741232251, 0.5134235721194613, 0.06541703936122167}, 
       {0.45287271734052437, 0.6416753793154988, 0.020201801763348737}, 
       {1.0256748742613933, 1.0176590727438608, -0.0360586330696037}}}, 
     {{{0.025956327172330814, -0.010351698868301966, 0.9741428176091875}, 
       {0.051558776683381845, 0.057707952534008115, -1.010868595699045}, 
       {-0.026766036470525764, 0.06076949372445956, 0.02441657988763535}}, 
      {{0.532946798281028, 0.5217518763799082, 0.0634081098259417}, 
       {0.5150847031767453, 0.5735072280116051, 0.017312908273971583}, 
       {1.0618444755507441, 0.9782648183156815, -0.036246807756520776}}}, 
     {{{0.007399860417618161, -0.08139437681361944, 0.9742464075500138}, 
       {-0.0367344505618399, -0.08459451619119225, -1.0120890857653162}, 
       {0.028633527093112933, 0.05913807654570466, 0.025533480013078924}}, 
      {{0.4795675072885633, 0.5683184453997994, 0.0641200972514766}, 
       {0.5738072809853487, 0.5113099866139399, 0.01580151946942765}, 
       {0.9799165495589922, 1.0611933194660292, -0.03721104041846939}}}, 
     {{{-0.006063191137625581, 0.0024837397669398593, 0.9740473394085335}, 
       {-0.032702970695773194, 0.023631697807361556, -1.0124814838946954}, 
       {0.025273559328153825, 0.01728336163034405, 0.026124946283938622}}, 
      {{0.49768635744989487, 0.5572570700787939, 0.0640872964268343}, 
       {0.5827492942876605, 0.5096838346771794, 0.014569043277019134}, 
       {1.12699171484519, 0.9172467561478999, -0.03699047263700322}}}, 
     {{{0.05324930336296779, 0.033506288073544215, 0.9732308902393888}, 
       {0.035265282299096104, -0.00045787170134337524, -1.012490030653436}, 
       {0.03191347536106783, 0.0206310603090554, 0.026949942211822567}}, 
      {{0.5082751188861847, 0.5437932090931228, 0.06463706964153526}, 
       {0.5577958357798936, 0.5371415789031897, 0.012431545950722933}, 
       {0.9783506684358952, 1.065680081192192, -0.037333110070150735}}}, 
     {{{0.08616818427270242, -0.02979739717435188, 0.9728621950994455}, 
       {0.0028482783404250346, 0.00819025555349999, -1.013007385739368}, 
       {0.054921827498834654, 0.024009659438450924, 0.02783599243769929}}, 
      {{0.5019542137911099, 0.544943379402423, 0.06617065268780742}, 
       {0.5587395874220724, 0.5373974432551821, 0.01135282254015757}, 
       {1.0268508213370533, 1.0134217917678987, -0.0357722866185257}}}, 
     {{{0.07572306640168017, 0.024039809229589898, 0.9717618636996949}, 
       {-0.04660735536090036, -0.0572740280290539, -1.0127807442345917}, 
       {0.006816727355036358, -0.027651794585727443, 0.028709682332673205}}, 
      {{0.5496364966077818, 0.4997570578210298, 0.06781531528183105}, 
       {0.53198504477173, 0.5594339537886515, 0.01115262367253167}, 
       {1.0293067826829552, 1.0124228848638457, -0.03449699812779075}}}, 
     {{{0.11103755365122497, 0.03862563230988223, 0.9721003149323876}, 
       {-0.003414282731958704, 0.006294777739855285, -1.0131948512654474}, 
       {0.021158360704461397, 0.04314113531699289, 0.02878533813083503}}, 
      {{0.49662763922069514, 0.5449646325426601, 0.06744931711898239}, 
       {0.5368352208544029, 0.5601440640571647, 0.010154800850437296}, 
       {1.0588590482319435, 0.9815712954898639, -0.03469965711053761}}}, 
     {{{0.08357126906490822, -0.03390736928039462, 0.9720736554064546}, 
       {-0.018633092070126107, -0.0017315232307083624, -1.0134243032323915}, 
       {0.05021914555146711, -0.04670517445768838, 0.029041449623712957}}, 
      {{0.47877695652288876, 0.5685904201019509, 0.0674134648953223}, 
       {0.4822458067184724, 0.6144944403622353, 0.009629963450527912}, 
       {1.0019130107559506, 1.0375124431112122, -0.03610407639344018}}}, 
     {{{-0.02046408952330756, -0.006738362729562137, 0.9722732789366333}, 
       {0.010001877986305042, 0.00017955686600281876, -1.0133269221000074}, 
       {-0.01590963462429359, -0.07451795756394261, 0.028744444961151607}}, 
      {{0.5298361072300856, 0.5253831416135096, 0.06684309751222128}, 
       {0.5476157643237476, 0.5485722951530493, 0.010629557926914668}, 
       {1.0390140999038844, 0.9979292483382531, -0.034707503729901966}}}, 
     {{{-0.037415796783744744, 0.059692050738163395, 0.9720235700369946}, 
       {0.021930308576856437, -0.0013873132848509792, -1.013963184336126}, 
       {-0.11257843822380151, -0.03260689123693712, 0.029630416096908314}}, 
      {{0.5244956563789843, 0.5272557182556342, 0.06629761956557201}, 
       {0.5535405391993542, 0.5414440978293907, 0.01016052777765264}, 
       {1.032141013103064, 0.9967101829221839, -0.03459811403701991}}}, 
     {{{0.009895302710339901, 0.0380761798540832, 0.9724627797430379}, 
       {-0.0470901686193963, -0.004178925870437759, -1.0147411524378516}, 
       {-0.05577994298650191, 0.05877429469574169, 0.029969174492591046}}, 
      {{0.6124085229014291, 0.44232560717021235, 0.06587619178380899}, 
       {0.543320899890619, 0.54953770975708, 0.00895632696677362}, 
       {1.0223881928204006, 1.0139768259747033, -0.03496082419872446}}}, 
     {{{-0.0021813604736745516, -0.004786467277077745, 0.9720732901421826}, 
       {0.02927269326669619, -0.014131427320413887, -1.014631242195312}, 
       {0.06394324821797433, 0.004333800034234112, 0.030248753850905332}}, 
      {{0.5047871904105704, 0.5529944777540727, 0.06510605396016833}, 
       {0.5570299235826799, 0.5373640015560094, 0.0088223219520418}, 
       {1.0114844378278558, 1.0284236113790466, -0.03606241199499045}}}, 
     {{{0.000741136633198376, 0.04006419982142798, 0.9733570693664101}, 
       {0.027817558986849872, 0.026636990222231212, -1.0149534650901673}, 
       {0.024031364870932284, -0.07953902947355593, 0.029287197521534296}}, 
      {{0.45537019336340717, 0.5992812203647062, 0.06416083558253838}, 
       {0.585256700104404, 0.5093776982654149, 0.007501230124066005}, 
       {1.0119630169223293, 1.024463872697166, -0.03532046792584358}}}, 
     {{{-0.055347089634884945, 0.05168461061829716, 0.9733108095752405}, 
       {-0.020871679039218168, -0.040316158227662165, -1.0153903927979788}, 
       {-0.04930069317675657, -0.03481940252227378, 0.029770385020515888}}, 
      {{0.5112545851156491, 0.5395975371300543, 0.06392125642675306}, 
       {0.5639674756391866, 0.5287002055008239, 0.008003311361028054}, 
       {0.9705238805965182, 1.0690669474232093, -0.035251812963903215}}}, 
     {{{-0.06923432268812206, 0.05559702523449257, 0.973437042283952}, 
       {0.031436294320379254, 0.04782707884857207, -1.0150579413230547}, 
       {-0.011962966192336905, 0.05155450912421404, 0.02931170083687873}}, 
      {{0.5219067424859267, 0.5272173381514536, 0.06325373760718245}, 
       {0.4983365200846956, 0.5925615532867045, 0.009233268092817326}, 
       {1.0545550882933423, 0.9870905617188541, -0.036437572646540885}}}, 
     {{{-0.055531835662869455, 0.0017079086855829406, 0.9740493805205022}, 
       {0.011111171688567872, -0.07343984504119795, -1.014293503352465}, 
       {0.032264297375697866, 0.016588660374387137, 0.02793492462974098}}, 
      {{0.4614420117589654, 0.5913972581294634, 0.06314374233854769}, 
       {0.5188295206763669, 0.5694553044790766, 0.011156754669510605}, 
       {1.0670848487968285, 0.9781565904391499, -0.03846982475982054}}}, 
     {{{-0.058463336928629865, -0.04322003664727071, 0.9747410188767232}, 
       {-0.012524030819299772, 0.08426510118542671, -1.0145338981988032}, 
       {0.0348020053468657, -0.03732221118934419, 0.027483681119856326}}, 
      {{0.5068561164291688, 0.5420431153747356, 0.06353667081315417}, 
       {0.5525551715408934, 0.5329654326941354, 0.011692802160008231}, 
       {0.9660958861913514, 1.0795305312765662, -0.040117587055018174}}}, 
     {{{-0.07393962033287545, -0.03873813776367834, 0.9750192079261887}, 
       {0.01124116616847687, -0.021458130813941715, -1.0153156727144401}, 
       {-0.06073058477124281, -0.03742940920250167, 0.027987266586026772}}, 
      {{0.5068498725587957, 0.5411575188234844, 0.06220432068079529}, 
       {0.5583964590405315, 0.5323395717316105, 0.011561036006502379}, 
       {1.064075367512849, 0.9800216373302761, -0.041101215232659444}}}, 
     {{{-0.009988234082660065, -0.037908730342178995, 0.9753655087267783}, 
       {0.02328628589090578, 0.03763620547549814, -1.0146285980815568}, 
       {-0.06477902730243418, 0.06862673811106028, 0.026953891152556066}}, 
      {{0.5083189661625064, 0.5440690800110679, 0.06257917314598194}, 
       {0.5261523853484333, 0.5661304665706361, 0.010037132855029274}, 
       {1.032945746887607, 1.0065611358895974, -0.04027109899333395}}}, 
     {{{-0.006699608448084019, 0.020015944420243275, 0.9773406947140276}, 
       {-0.01200543393464638, -0.04100841364375165, -1.0151897496360347}, 
       {-0.0008777466606538682, 0.0645940852065284, 0.025539856719782962}}, 
      {{0.5228571537993429, 0.5293323317166703, 0.06001209445259892}, 
       {0.5182310970503164, 0.5721005558277844, 0.010982310965110598}, 
       {1.0215684882846976, 1.0228861733862373, -0.04041173445558367}}}, 
     {{{-0.030991132031688892, 0.06769335914553719, 0.9787699982166008}, 
       {-0.0017750514307931483, 0.027366186641577923, -1.0146934858884575}, 
       {-0.01963500702506731, 0.05219873971489326, 0.023614289469634}}, 
      {{0.48389494993196547, 0.5626023383557248, 0.057811061009416576}, 
       {0.5685887502372815, 0.5240426638514346, 0.010763733800976949}, 
       {1.0029718270590302, 1.0431742793415264, -0.04094570773436858}}}, 
     {{{-0.05472708437278776, 0.024360700864083804, 0.9791380541109269}, 
       {0.007857135903983023, -0.014159298465478852, -1.0148349169424205}, 
       {0.011888408039846836, 0.07063596641540702, 0.02338766462927174}}, 
      {{0.4783321382053323, 0.5703188413173056, 0.0568911349074096}, 
       {0.5548372997707186, 0.537943874615978, 0.01081688059558683}, 
       {1.0308825379698725, 1.013750684567084, -0.041442561252044596}}}, 
     {{{-0.09025347514174849, -0.013146101992998257, 0.9788178938431494}, 
       {0.056303083827002796, -0.028601056071782656, -1.0140742247658399}, 
       {0.08948744129614948, 0.011041340284424472, 0.022947132720467736}}, 
      {{0.46759052437619525, 0.5759288238203322, 0.05791959698326998}, 
       {0.5213100694048993, 0.5688228518543893, 0.011282643540499793}, 
       {1.011840409345644, 1.0292613062997473, -0.040889865005982844}}}, 
     {{{-0.05656771460484643, -0.0046772370839679445, 0.9768762756353242}, 
       {-0.11577045369688406, -0.012809775116513109, -1.012236123873158}, 
       {-0.028057772064915897, -0.058642233028252354, 0.023050650035611173}}, 
      {{0.536249333313495, 0.5134424324550644, 0.06064113112382996}, 
       {0.5764709586333733, 0.5056678952780608, 0.013422808326027047}, 
       {0.9557819344231309, 1.0883535545682572, -0.040024614510441904}}}, 
     {{{-0.013662513102288672, -0.02311549339793259, 0.9758688553698683}, 
       {0.03746965408518597, -0.011419267276567576, -1.0106219756842036}, 
       {-0.027838252923713468, -0.03156041417747965, 0.022443922112110933}}, 
      {{0.5812985976554204, 0.47063750557030254, 0.0628648050770757}, 
       {0.5152129755302717, 0.5798300102043915, 0.01581635652801383}, 
       {1.0696742373776156, 0.9762915295099888, -0.0393720048566704}}}, 
     {{{-0.06452985610326478, -0.012116484991681178, 0.9756406065248147}, 
       {-0.02285038906797519, 0.044415049321973245, -1.0104846190957348}, 
       {-0.027990692279989158, 0.01975897605925002, 0.022534814368698124}}, 
      {{0.5084433726514636, 0.5406051306322757, 0.06260792851873087}, 
       {0.5511807274794769, 0.5429715660016311, 0.01602421090534789}, 
       {1.031798839210587, 1.013324175429869, -0.03793631492287975}}}, 
     {{{-0.011348594541675984, 0.020624315115174575, 0.9747095872467598}, 
       {0.008225333003865595, -0.03056266417252425, -1.0109781952520411}, 
       {-0.021354789364396047, 0.04423209590379936, 0.02395940980305722}}, 
      {{0.5425244109749155, 0.5098128472840837, 0.06489174004696219}, 
       {0.5187858475801022, 0.5762094297327645, 0.0156765388890876}, 
       {0.9366468936579831, 1.1056190068511658, -0.03638404389958186}}}, 
     {{{0.007411183828593585, -0.025607942188451607, 0.9730978150836873}, 
       {-0.014924616510359832, 0.04319504213728952, -1.0101813048118697}, 
       {0.009509022579924713, -0.0024841261755812758, 0.02477429152595993}}, 
      {{0.5333747791591373, 0.5198832294773609, 0.06695387674095832}, 
       {0.5090164657283671, 0.5853178867118372, 0.01686155728302352}, 
       {1.1114126326122642, 0.9330338533117499, -0.0362884342901304}}}, 
     {{{0.005531372179996316, -0.04610173278492128, 0.971965824854934}, 
       {0.043474879295977674, -0.00923756895829191, -1.0097272795334766}, 
       {-0.061561092415353035, 0.04927975653114783, 0.025452256476319293}}, 
      {{0.5090663785064243, 0.5432688839795041, 0.06863315199442077}, 
       {0.5478902186562622, 0.5451465116750163, 0.019189551757292422}, 
       {1.0408806224118134, 0.9972644275301682, -0.03614264068574536}}}, 
     {{{0.014321341556971548, -0.06887498278259101, 0.9703878646622364}, 
       {-0.04801000867717059, -0.009352537919691295, -1.0082077877492162}, 
       {-0.02962050913077917, 0.06816445751456976, 0.025510724884755826}}, 
      {{0.5257543289132021, 0.5262598075204173, 0.06922630119375117}, 
       {0.5668304101584088, 0.5262358936977207, 0.021809127706653664}, 
       {1.0822851893684158, 0.9574237414425272, -0.03701499727826714}}}, 
     {{{-0.05053795423426301, -0.037389995296371305, 0.9690385250652312}, 
       {0.03304639342309411, 0.0367471516668315, -1.0078667990605743}, 
       {0.09568884722319729, -0.020538999801126053, 0.026519075793119132}}, 
      {{0.5952316621182073, 0.45924105137741206, 0.07038142739524156}, 
       {0.5349506391125101, 0.5577632677291509, 0.022798960373346944}, 
       {0.991661158796217, 1.0434873467164267, -0.0365614565577906}}}, 
     {{{-0.04289700334312989, 0.03930108144801874, 0.9696629919838483}, 
       {0.033591387776249274, 0.0008705797800939883, -1.009364856865547}, 
       {-0.02469854946215608, -0.05670108780238278, 0.02739266667947479}}, 
      {{0.5672308157278267, 0.48736693032142603, 0.069613116513074}, 
       {0.5295670230498676, 0.5620295615688445, 0.0222078464540183}, 
       {1.0199520891048843, 1.020567572877206, -0.03622646258418042}}}, 
     {{{-0.0037968359334348742, 0.0524781268802786, 0.9700712227373794}, 
       {0.013489997962619045, 0.010844649763798057, -1.0093187416341747}, 
       {0.010023068005558189, -0.012724183793673433, 0.026938320694570403}}, 
      {{0.5132323844295481, 0.5414734265693757, 0.06932957047513899}, 
       {0.5335841846794311, 0.5573379201726953, 0.023804975494536862}, 
       {1.0232677984677272, 1.0211717412921724, -0.03655894580321635}}}, 
     {{{0.024713290692646845, 0.006777731025226305, 0.969246874635109}, 
       {-0.06337802246029711, -0.0792439716405924, -1.00808521797371}, 
       {0.031120341224750613, -0.00791859749379237, 0.026529145136377053}}, 
      {{0.5613984602985811, 0.49598273641280377, 0.07036449127822464}, 
       {0.5393186427888992, 0.541901348129762, 0.025999014186204095}, 
       {1.0734542928615263, 0.9706185259999723, -0.036939183953514636}}}, 
     {{{-0.04407494040930524, 0.022925486642666047, 0.9687026115075762}, 
       {-0.011862690898588976, 0.0808097524765169, -1.00751277209925}, 
       {-0.004314741275475822, -0.015753839586573583, 0.0265009623894515}}, 
      {{0.544139976176358, 0.5113146473816466, 0.07153437970412158}, 
       {0.5509670151057606, 0.5342408418869666, 0.026790455342316388}, 
       {0.9740593914581087, 1.0721608023689564, -0.038320604753085304}}}, 
     {{{-0.06882484951702837, 0.06451545395314622, 0.9682344733721444}, 
       {-0.003938411032290568, -0.017259454520903078, -1.0079846789678935}, 
       {0.011931495736923729, -0.04985633926454896, 0.027441007393524897}}, 
      {{0.479862154588856, 0.5695529013585611, 0.07204980140587502}, 
       {0.5474420635640869, 0.5422751264081677, 0.027687490925716984}, 
       {1.123038315947785, 0.9206835598196356, -0.038234257253980136}}}, 
     {{{-0.06329275437410135, 0.07972250725614034, 0.9679616721701052}, 
       {0.005019527189290075, 0.030143851440404837, -1.0073900478630124}, 
       {-0.02866223459467413, 0.014017936431079977, 0.02711917749068359}}, 
      {{0.5178524306162648, 0.5295003977611149, 0.07317767182527934}, 
       {0.601639199973627, 0.48954699009460384, 0.026796484667679366}, 
       {0.9818028335541532, 1.0631546929733295, -0.037842477230337936}}}, 
     {{{0.037415539368636834, 0.09456778797925278, 0.9683545692582722}, 
       {0.03856703334753816, -0.037366758614773996, -1.007307857470052}, 
       {0.075670067407298, -0.04653455585662705, 0.02664409000955654}}, 
      {{0.533887344089655, 0.5115892763211728, 0.07431174156725706}, 
       {0.482440012634794, 0.6090520432579095, 0.02470651936314594}, 
       {1.03113019654887, 1.006869587047489, -0.03773246287900865}}}, 
     {{{0.0729209850575448, 0.023475102540502554, 0.9683997714922877}, 
       {-0.05369096516126045, -0.01130606123620315, -1.0075009215378166}, 
       {-0.07543456935416812, -0.0769650099799613, 0.026791951843304688}}, 
      {{0.529760000782552, 0.5198895187352203, 0.07452571256846252}, 
       {0.5059759339897946, 0.5854508791155882, 0.024255916267383215}, 
       {1.0525587718966052, 0.9813707951808063, -0.037392751022453104}}}, 
     {{{0.00798220904432805, -0.058005001061667255, 0.9685757249319268}, 
       {0.003948878795227716, 0.05352466664640757, -1.0076764267696097}, 
       {-0.07406289003687312, 0.0991999977211827, 0.026791503635460245}}, 
      {{0.4796034890146204, 0.572688838363105, 0.07398233190516346}, 
       {0.530496684846277, 0.5613383388640149, 0.023624150534843125}, 
       {1.0013558646513316, 1.029135150993807, -0.037666085135771736}}}, 
     {{{-0.03551969007194692, 0.011020354190166953, 0.9700131698042787}, 
       {0.03442917197467697, 0.016420831289661566, -1.0078618421680383}, 
       {0.0070267238315811845, 0.06886552564698005, 0.025539474161535857}}, 
      {{0.5300379805845826, 0.5228518376016078, 0.07264346767838625}, 
       {0.5713908303004129, 0.521877156534284, 0.023243097619068065}, 
       {0.9902153989786048, 1.0520056045669814, -0.03879641747559459}}}, 
     {{{0.05312709245176489, 0.08702479147192259, 0.971447598673895}, 
       {0.0035325867462075136, -0.025372787486815034, -1.0081513305074497}, 
       {0.08478876950031454, 0.07052672846865105, 0.024394533631331594}}, 
      {{0.4877297418509998, 0.554801575604862, 0.07120436871612512}, 
       {0.5465257655334934, 0.5479318712630615, 0.022268635444550933}, 
       {1.0244717018807976, 1.0106565246176205, -0.03901785017495929}}}, 
     {{{0.045336245877389596, 0.03632779372207282, 0.9718794103071648}, 
       {0.01921595541042545, 0.014628146249714794, -1.0094230259722576}, 
       {0.025783285263708405, -0.09345013515021298, 0.025234417462869665}}, 
      {{0.5750836592345571, 0.4744061401088948, 0.07042743033132415}, 
       {0.512509533654035, 0.5821988312890859, 0.019525203623293352}, 
       {1.03293771002244, 1.0030827684702321, -0.03718624161157482}}}, 
     {{{0.038337691144922664, 0.007299750119657273, 0.9716956206787684}, 
       {0.027728178756344524, -0.07367374232906582, -1.0099925064813564}, 
       {-0.1096581229854328, -0.028693832032296522, 0.02598768760036338}}, 
      {{0.5263349288669831, 0.524412503560702, 0.07137903839270676}, 
       {0.5603284260108291, 0.5278814424147752, 0.019260376753217123}, 
       {0.9699170207329967, 1.064259869821989, -0.03883169655353452}}}, 
     {{{0.06791454670298168, -0.022828832063394935, 0.9708443838281592}, 
       {-0.08689422626908046, 0.04601548704103462, -1.0092956086310538}, 
       {0.00211094558329263, 0.06261967354496024, 0.02614202660067185}}, 
      {{0.5607424475593996, 0.4854804788825475, 0.073946619011937}, 
       {0.5377904268218306, 0.5485454640327627, 0.019070247688213193}, 
       {1.062320748573414, 0.9806248128661211, -0.038685893475184314}}}, 
     {{{0.04541725637955509, -0.042955129788378205, 0.9700641777478027}, 
       {0.06757979010080459, -0.014890221452661464, -1.0091999663202493}, 
       {0.0019844613771208297, -0.07666328242872715, 0.026826590370222718}}, 
      {{0.5257146083842157, 0.5232195810239255, 0.0739753618077943}, 
       {0.5084129050852376, 0.5853240297803046, 0.016741767571358146}, 
       {0.990637460215588, 1.0490848685307126, -0.037454494083286806}}}, 
     {{{0.008724396566993739, -0.026518862652930644, 0.9702509568771853}, 
       {-0.06591256299149098, 0.03488036583452017, -1.010552632743036}, 
       {-0.14511849046719144, -0.008836638936953902, 0.027992477663627214}}, 
      {{0.5451569335916775, 0.5082718753433645, 0.07224682648858027}, 
       {0.5625246173984807, 0.5304503788118579, 0.013999331094547873}, 
       {0.9565750547554569, 1.0683701218928303, -0.03799739439178615}}}, 
     {{{-0.024043581903452783, -0.021221708092461187, 0.9720510828354075}, 
       {0.054310725546604426, -0.012155879325128847, -1.0122205481580675}, 
       {-0.02289956479947213, 0.11973340683884388, 0.027860267120437453}}, 
      {{0.497495149910381, 0.5532103699039107, 0.07122462091168369}, 
       {0.5511488311548669, 0.5425000760118791, 0.012415304523889947}, 
       {1.0432388852325112, 0.9878724609554274, -0.03787913907815712}}}, 
     {{{-0.023872707537738985, 0.04484947199770922, 0.9721578221327568}, 
       {-0.006824166246985482, -0.021466161502767245, -1.0116755103640713}, 
       {0.03585398061458271, 0.06740080927736296, 0.027208490029091013}}, 
      {{0.4954781276512255, 0.5544753070209334, 0.07021631813914375}, 
       {0.5595777147049954, 0.5370611117500325, 0.013118681180489977}, 
       {1.0004798886247763, 1.0415562808642607, -0.039735933696874746}}}, 
     {{{-0.023731301334935714, 0.02334313487706828, 0.972838545148123}, 
       {-0.02967658523662612, 0.002363396054334473, -1.0127371238033507}, 
       {0.09026980725449336, -0.024314186960249177, 0.027589380453006237}}, 
      {{0.5734390362310946, 0.4777370283370161, 0.06914291757995716}, 
       {0.5518773262376376, 0.542646226636817, 0.012705909285642525}, 
       {0.9815619581713436, 1.0585422111905285, -0.040736241990315225}}}, 
     {{{-0.07699739899681964, 0.030509440204331655, 0.9728054817976405}, 
       {-0.03243390891449334, -0.009816515247615138, -1.0137394208449113}, 
       {-0.049766044926940554, -0.058635185727058704, 0.028624740845047607}}, 
      {{0.5489832806531328, 0.4975963200544229, 0.06805242395068545}, 
       {0.5106858198614151, 0.5830610387174102, 0.011189618648333566}, 
       {1.0463588956457488, 0.9950925205149332, -0.03931664607944556}}}, 
     {{{-0.012502895358973372, 0.02770185893844493, 0.9727916156285294}, 
       {0.022135731023554605, 0.016570249521623528, -1.0141581216654127}, 
       {0.03157467482266609, 0.057790932148385474, 0.029057307834658586}}, 
      {{0.48533270490196323, 0.5673508801296786, 0.06791108308092708}, 
       {0.5197730150394998, 0.574960305669861, 0.009737840952572796}, 
       {1.048469691528023, 0.9927885030039391, -0.037570463003290464}}}, 
     {{{0.018752892277314012, 0.041165431311410476, 0.9724757689539036}, 
       {-0.03789486145680716, -0.002862456351581899, -1.013513665165746}, 
       {-0.009354305497278791, 0.0012600928278199658, 0.02872869800962002}}, 
      {{0.537135802754536, 0.5168326876168736, 0.06611805783009927}, 
       {0.500566536917375, 0.5931967034408232, 0.011334999035176763}, 
       {1.0399364885335416, 1.0053345298535996, -0.037316511787423345}}}, 
     {{{0.05624354674604537, 0.03151180304307739, 0.9724083476893894}, 
       {0.011595319387821938, 0.013634844878647488, -1.0135207864060969}, 
       {0.012602248045906487, 0.05579105121187916, 0.02880324051448439}}, 
      {{0.5632761739086255, 0.48883340722437163, 0.06599801258796789}, 
       {0.4907803715707368, 0.6035887082961949, 0.011838666787256535}, 
       {0.9970842473611997, 1.045339274059288, -0.03765560812656765}}}, 
     {{{0.08165270730853928, 0.03188141972540659, 0.9728674383104611}, 
       {0.04424666540375726, 0.03608137102523812, -1.0140836811411724}, 
       {0.041196889854064216, 0.0357909680200623, 0.028907044628488105}}, 
      {{0.5619762032521892, 0.4859279968105069, 0.06578306260197042}, 
       {0.5118465947204716, 0.5788625667692847, 0.011417935943647484}, 
       {1.0244267659507666, 1.01819493642103, -0.037566524331539994}}}, 
     {{{0.007272029691902738, 0.03330948935543369, 0.9722540341147621}, 
       {-0.029568163324350034, -0.06368616908417203, -1.0131709934413662}, 
       {0.06699362936229404, -0.03282008371279134, 0.028607761124381216}}, 
      {{0.516195541036307, 0.5382145575235869, 0.0669915075043005}, 
       {0.49833173414927545, 0.5898196732692574, 0.014155628824835231}, 
       {1.0316134954504574, 1.0076211967932116, -0.036749478931903876}}}, 
     {{{-0.016268913139919332, 0.07638997251558506, 0.9705840179621165}, 
       {-0.01907525550690909, 0.050900519884152236, -1.0113464517813817}, 
       {0.011409056320785519, -0.05733120226257829, 0.0284532356170415}}, 
      {{0.5299986134063416, 0.5212019766690016, 0.06850788298377197}, 
       {0.5843467870686159, 0.5061199663926468, 0.017509679314201554}, 
       {0.9980098794862424, 1.042674822181307, -0.03604228472931042}}}, 
     {{{-0.01122895799433666, -0.004382907448153712, 0.9708420079839707}, 
       {0.020220069201266396, 0.027410233813689622, -1.0103572234530416}, 
       {-0.055693651312917286, 0.033267112657788055, 0.027206017266846624}}, 
      {{0.5341532039238693, 0.5234698815990426, 0.06753931838933303}, 
       {0.599566630373133, 0.4909470242765671, 0.021257165986612314}, 
       {1.0188791362830447, 1.021769107308605, -0.036727990002476396}}}, 
     {{{-0.04538930204665747, -0.013600148754424005, 0.9715204925542344}, 
       {-0.021009056935858743, 0.03838806729080973, -1.0091549338946628}, 
       {0.056164334667114346, 0.048418268362516594, 0.025325243138205698}}, 
      {{0.5476153403012488, 0.5066758740956749, 0.0674535019356417}, 
       {0.5768169554057935, 0.5151111765572445, 0.021516070927256825}, 
       {1.0655418103037233, 0.9741227252342143, -0.03693569038656471}}}, 
     {{{-0.03842217251229003, -0.015611825788974677, 0.9713645089714226}, 
       {-0.0006683925395590282, -0.013531904614062881, -1.010062006030072}, 
       {-0.0025430091038029998, -0.07406506331095138, 0.02638829885642615}}, 
      {{0.537052588758442, 0.5185594992019075, 0.06696085304663502}, 
       {0.5849503288336706, 0.508052879045692, 0.0203410252749181}, 
       {0.990832312911699, 1.0510283354709924, -0.0391800734957006}}}, 
     {{{-0.0233580368960088, 0.03971175218207279, 0.9727965742037187}, 
       {0.014964751070727294, 0.02313049056091138, -1.0116968685710777}, 
       {-0.05813264833277629, -0.025290945126907202, 0.026591096165134914}}, 
      {{0.546348067328511, 0.5068298591090903, 0.06620818752454116}, 
       {0.5531214555179524, 0.5363472885182881, 0.019994840895996235}, 
       {1.02897180872482, 1.0140407868539556, -0.038869588137444434}}}, 
     {{{-0.02079319392014509, 0.03234669003519093, 0.9720213496974353}, 
       {-0.015848320082677298, -0.026625455364876042, -1.010954272799875}, 
       {-0.017281054170577473, 0.025709219239882782, 0.026623724900216063}}, 
      {{0.4958045048851573, 0.5593948087799175, 0.0663384284252837}, 
       {0.4979218584077192, 0.5924330403431055, 0.020409606518384305}, 
       {0.9718973357505815, 1.0744235324253875, -0.0391202047435187}}}, 
     {{{0.004046303458024844, -0.0266614605400124, 0.9724996751523775}, 
       {-0.008434700402098785, 0.04311789071001648, -1.0101337292977906}, 
       {0.00913781625202856, 0.028804881469672597, 0.02532485594318925}}, 
      {{0.5407856205692797, 0.5149511409028227, 0.06562234119033272}, 
       {0.5301127925068173, 0.5601461796224313, 0.021193784292270923}, 
       {1.0548882199080836, 0.9933045223893426, -0.04087820750289867}}}, 
     {{{-0.006405953145347157, -0.020373139836346053, 0.9732749672036834}, 
       {0.04095354501410062, -0.0003330512843584088, -1.0099131866906064}, 
       {0.024478548265064508, 0.01247353988953495, 0.02432902128470075}}, 
      {{0.5582265604827794, 0.4965793110654241, 0.06531578267288751}, 
       {0.5463714649711124, 0.5440283369863909, 0.02175150321927899}, 
       {1.0556964434406446, 0.9925868834916357, -0.0407608854509389}}}, 
     {{{0.03789077835520806, -0.009695113608872617, 0.9735662868876734}, 
       {-0.05973292020201622, -0.051643521528078266, -1.0092296357860497}, 
       {0.02634203193377769, -0.007946867675361268, 0.02335415069615285}}, 
      {{0.5402711994010864, 0.5116851715747432, 0.06652451869632436}, 
       {0.5242846545816766, 0.5634909103801934, 0.021198187510282462}, 
       {1.0344553802127658, 1.0131252246671796, -0.04001397635533286}}}, 
     {{{0.05694941060055689, -0.031166543276995858, 0.973833678213717}, 
       {0.054654866069241075, 0.08853880762402386, -1.0091760591860957}, 
       {-0.012513301346884156, -0.008434677399187593, 0.023033182770156774}}, 
      {{0.541515728539385, 0.5080385615056642, 0.06572100071600206}, 
       {0.5638529008564792, 0.5194199927491516, 0.021217849175951597}, 
       {1.053251505672346, 0.99400879174438, -0.039149516820788585}}}, 
     {{{0.0672848799047425, -0.005218207327023666, 0.974330021127114}, 
       {-0.028660249701050827, -0.0232844359462748, -1.0093509907171758}, 
       {0.010289265877602866, 0.009087805062936941, 0.02271177138783891}}, 
      {{0.49350586499752164, 0.5549029081837946, 0.06555968222111674}, 
       {0.5569940128308326, 0.5363812149232788, 0.02022527837898469}, 
       {1.0638723733824897, 0.9826492438316061, -0.038356715972427846}}}, 
     {{{0.09654732780827265, -0.0025248749150507126, 0.9738940774713638}, 
       {-0.07470257201762787, 0.01490913385177183, -1.0093535607931026}, 
       {-0.006619633925562108, 0.03172312303885664, 0.023150285119514197}}, 
      {{0.4985833622192426, 0.5456188756837714, 0.06584224368621006}, 
       {0.5593533415822984, 0.5288525157896992, 0.02095037775275843}, 
       {1.0283676316415122, 1.0167499979736572, -0.037834630149329564}}}, 
     {{{0.11626502599388273, -0.03341168650661295, 0.9734823060121863}, 
       {0.12918769653681159, 0.03497688199571567, -1.0085227505935193}, 
       {0.02875332980601856, -0.03849766542988309, 0.022731246379109032}}, 
      {{0.473856130435639, 0.5663973505914289, 0.06528672017104153}, 
       {0.5281970517307228, 0.5480944511208975, 0.022431134616305748}, 
       {1.069848290829181, 0.9742693933745223, -0.038074171530105505}}}, 
     {{{0.03759233452750057, -0.09030276795260447, 0.9732706213285764}, 
       {-0.07939866439445584, -0.04687364630883657, -1.0080630347951258}, 
       {-0.02465139470970639, 0.029039346538934203, 0.022483215264325795}}, 
      {{0.525756327355391, 0.519944421233934, 0.06531767987579729}, 
       {0.5672471153386293, 0.5190153693364282, 0.022798965672605753}, 
       {1.0425204780363238, 1.002262090643082, -0.03786977607001192}}}, 
     {{{-0.041419252997052014, -0.04218932124224648, 0.9733659647959112}, 
       {0.010043739938559632, 0.045314239844522326, -1.008010184156312}, 
       {0.05793666700264026, 0.017082618599139843, 0.02233502115817767}}, 
      {{0.5312094306025725, 0.5202839000227665, 0.06541180506649658}, 
       {0.5281816356267018, 0.5644487536129246, 0.02288447471347621}, 
       {1.0169864913107016, 1.0249912810480348, -0.03725594832764026}}}, 
     {{{-0.04533511854320511, 0.022210145476802272, 0.9730331294917542}, 
       {0.018993090377088784, -0.01716442160317684, -1.0082980611152506}, 
       {-0.02088560909005888, -0.05247091671833744, 0.022955733421272915}}, 
      {{0.5334445551984563, 0.5194042627034685, 0.0656510842524024}, 
       {0.5937907832566441, 0.4990830823212965, 0.023559591390591716}, 
       {1.0848908321735264, 0.9582957405156978, -0.038033719020138426}}}, 
     {{{-0.0015402400729322633, -0.0015144500090632294, 0.9721108295917744}, 
       {0.017302482773897326, -0.020347407141947455, -1.0081388898696892}, 
       {-0.0014293030079266052, 0.11024926855413363, 0.023718862075692987}}, 
      {{0.5246286418458518, 0.5325236426835482, 0.06568549082908648}, 
       {0.567287334889583, 0.5253305193405235, 0.024078646918660684}, 
       {1.0217750719489205, 1.0137089815287248, -0.039334374800671264}}}, 
     {{{0.029687284055092848, -0.03794211025023683, 0.9718558544048842}, 
       {-0.04697482579460805, 0.00956431256108125, -1.0090493037580421}, 
       {0.05438675612162531, 0.02728384246786946, 0.024884251150933564}}, 
      {{0.5595377388089473, 0.49461715298173825, 0.06686228920883364}, 
       {0.5323793715216946, 0.5581740003887761, 0.022721953950609386}, 
       {0.9955446267511204, 1.0473709787144152, -0.03836795502561746}}}, 
     {{{-0.013736187820154242, -0.029189348357534936, 0.9713883306175247}, 
       {-0.0006539389190973665, -0.040859573053905064, -1.0095882325408003}, 
       {0.03861963308178637, -0.014191332198656693, 0.025890703721051306}}, 
      {{0.4759005226737442, 0.5794293127244197, 0.06787608755028662}, 
       {0.5529644217098527, 0.5389077012314928, 0.020943467935920612}, 
       {0.9455385640376806, 1.0978986279185379, -0.03693116519593623}}}, 
     {{{0.03518293217928933, 0.01470840358106113, 0.9707024960657616}, 
       {-0.05507314399649337, 0.07906245453771377, -1.0089693069202483}, 
       {-0.017509336482692293, -0.025403575594388897, 0.025957612652263463}}, 
      {{0.515280956122319, 0.5410170109425813, 0.06782645389313668}, 
       {0.5674770002363596, 0.5184988398268469, 0.020475289917437856}, 
       {0.9686717281700922, 1.07483077215702, -0.036258814793105935}}}, 
     {{{0.059111367989406326, -0.03052547251529122, 0.9707810804064004}, 
       {0.06476717953240022, -0.009059158144767054, -1.009220549578356}, 
       {-0.0198774288543779, 0.015244317727449963, 0.02613027096973152}}, 
      {{0.458630218137762, 0.5944255611131867, 0.0679442301925759}, 
       {0.5561237142301418, 0.5349300852796397, 0.019897358352310324}, 
       {0.9889530914049861, 1.05379469623207, -0.0351887682136488}}}, 
     {{{0.05537207178709827, -0.03613435598367708, 0.9708221696169869}, 
       {-0.06399675732767159, -0.069089451284086, -1.0086702923600313}, 
       {-0.009962926835153806, -0.03528053526241666, 0.02553892454082081}}, 
      {{0.5508632800116771, 0.5014695166655012, 0.0686416646636363}, 
       {0.5389493006499302, 0.5483780945590109, 0.020142249402380852}, 
       {0.9793300779942339, 1.061315196753244, -0.033772176591911396}}}, 
     {{{-0.004411891156096368, -0.02020249148912674, 0.9711237791371747}, 
       {0.03406050140725377, 0.043760121078295376, -1.0087760619863462}, 
       {-0.06945298905943476, -0.052291590183032276, 0.025343084646949676}}, 
      {{0.48160567469600574, 0.5730953205609239, 0.06963192862160983}, 
       {0.5586556483049593, 0.5364311025155704, 0.017963335845960993}, 
       {0.9226293174981741, 1.1114641213413599, -0.03342452090800241}}}, 
     {{{0.031105285637222733, 0.024712315358078038, 0.9706779761077727}, 
       {0.030719914427241018, -0.030860960282798854, -1.0096961676883702}, 
       {-0.057810952438656076, 0.06812373017936696, 0.026708993378372976}}, 
      {{0.5251348121416397, 0.5300715109614675, 0.06884162924176718}, 
       {0.5876335355658904, 0.5072224560159775, 0.017515945593527205}, 
       {0.9474064917212539, 1.0862232747285958, -0.03345655860478628}}}, 
     {{{-0.004006075571686964, -0.015135378459654007, 0.9705821497475633}, 
       {-0.08726455589907642, -0.033099519183736395, -1.0097635821145114}, 
       {0.0881139848707571, 0.029840350890245004, 0.026872234164724406}}, 
      {{0.5748406599225366, 0.481385681710775, 0.06934077088251911}, 
       {0.5401894983982921, 0.5481743876113983, 0.017057523540249253}, 
       {1.0773560183136823, 0.9541602482921632, -0.032023399159464346}}}, 
     {{{-0.01866372954939094, 0.014293660238440458, 0.9706699571668884}, 
       {0.06476029095888028, 0.054049197551530315, -1.0100573805447468}, 
       {0.013442238640843655, -0.04034997254424897, 0.027078225175634272}}, 
      {{0.48349134256987897, 0.5723090271780926, 0.0692887357733114}, 
       {0.585484827194772, 0.5036787355473299, 0.017259807384542247}, 
       {1.0402298726521861, 0.9988056472922876, -0.032708195584796894}}}, 
     {{{-0.012542686193742764, 0.003318492346383786, 0.9704888558699245}, 
       {-0.05647301255698876, -0.03576192114542838, -1.0092176006959803}, 
       {0.001493448165364904, 0.0020842914157187015, 0.026419546623833015}}, 
      {{0.5726083314129128, 0.4840371056287855, 0.06917954575037455}, 
       {0.5697752957208332, 0.5244526546015287, 0.016538409701039036}, 
       {1.0121652181688268, 1.029897317592809, -0.03389762762648062}}}, 
     {{{0.025580794108917917, -0.01919502416152939, 0.9705708447044126}, 
       {0.05141424142405766, -0.0269314301130004, -1.0092909756993753}, 
       {-0.0048727364084143925, -0.007914435630287752, 
        0.026410932792739577}}, {{0.5320993481869016, 0.5238515679972634, 
        0.06886040251044112}, {0.5431409498220824, 0.5516462866806906, 
        0.016930462763206977}, {0.9786185822375951, 1.0635169384737175, 
        -0.03404993209287574}}}, 
     {{{-0.033797261839291236, -0.0948869299964934, 0.9706682458115176}, 
       {0.043631622190940036, 0.04714580545662299, -1.00902127002744}, 
       {-0.04301862671443277, 0.05196194034175841, 0.026043826013697962}}, 
      {{0.5241598290447721, 0.5211449049868785, 0.0701945776027113}, 
       {0.5237043458257614, 0.5690915642406802, 0.018708487003624263}, 
       {1.0259163378734288, 1.011961294379353, -0.03423707506143985}}}, 
     {{{-0.13163575189624335, -0.04701075584366614, 0.970467962812094}, 
       {-0.023435757076552027, 0.009467480599728339, -1.0082226798837137}, 
       {0.04899849322277746, 0.08700509149028204, 0.025445518869394435}}, 
      {{0.5498173337617522, 0.4866882662725562, 0.06999028576818966}, 
       {0.5734510870394198, 0.5226916277857713, 0.02046028603715233}, 
       {0.9928266985834485, 1.0404874823280077, -0.03506289550153915}}}, 
     {{{-0.08813193812086188, -0.043905202452286615, 0.9719392780501465}, 
       {0.051496827325465164, -0.05876499596695947, -1.0090329827790823}, 
       {0.05502254154946001, -0.028996033503939127, 0.024784506526712612}}, 
      {{0.5021421068373433, 0.543453774404043, 0.06788519034034957}, 
       {0.5146662258218353, 0.5747229554894537, 0.020112904112041807}, 
       {1.010737182453678, 1.0318058959531866, -0.03815617015734785}}}, 
     {{{-0.025852423032490492, -0.030927417963836325, 0.9736900507110733}, 
       {-0.04972891159182949, -0.011961931248923096, -1.0102898063378842}, 
       {-0.010022427441830177, 0.03289896158919647, 0.024290557424588584}}, 
      {{0.5228181375927197, 0.529533152466744, 0.06579347205774067}, 
       {0.5825236026482311, 0.5088099944565011, 0.01911984679752532}, 
       {1.0064533329867036, 1.0391726952452138, -0.03852933550549472}}}, 
     {{{-0.056789868614935214, -0.009287762992923205, 0.9748599250882598}, 
       {0.008459970173567758, -0.005534288447504751, -1.0109959818538172}, 
       {0.09083991307029082, -0.013762853911671829, 0.02382685856333416}}, 
      {{0.5316591777295823, 0.518052124650186, 0.0644673934427148}, 
       {0.5209588811499374, 0.5707068177619686, 0.019874250009563887}, 
       {1.0264092499924953, 1.0126220588398152, -0.03917074281240347}}}, 
     {{{-0.047341956743003025, -0.015362833694617816, 0.9737704846980346}, 
       {-0.04622370051227694, 0.0020388960627497356, -1.009915201835906}, 
       {-0.003484711630910976, -0.04246154169442241, 0.023835518935648083}}, 
      {{0.5078151674230242, 0.5454797197865059, 0.06384082696623883}, 
       {0.5581939815485945, 0.5322876082855714, 0.021203932320585706}, 
       {1.0865072230422474, 0.9595290024170211, -0.03954993129121759}}}, 
     {{{-0.08791336612618231, 0.02217040639839638, 0.9731097666835964}, 
       {-0.010947086884357294, 0.004128152403928457, -1.0102733074900818}, 
       {0.00953013564491974, -0.0035339755472056393, 0.02485434260426238}}, 
      {{0.5147795418469434, 0.5333602778182936, 0.06453923788386318}, 
       {0.5501485377125056, 0.5410793075168512, 0.021738394985090226}, 
       {0.9857225335307142, 1.0627323986161923, -0.040306412857874}}}, 
     {{{-0.08722601026365404, 0.02139892680702234, 0.9727789792175869}, 
       {-0.07173561397491338, -0.026787181177531795, -1.0111167863915074}, 
       {0.027464284503458173, -0.023662074571570973, 0.026028608971694567}}, 
      {{0.5017641846764342, 0.5459375028314207, 0.06577501696981236}, 
       {0.5297076230864015, 0.5550213155664665, 0.02080552111504952}, 
       {0.9953725365060418, 1.0514637454274849, -0.039958379945018746}}}, 
     {{{-0.07662703928453028, 0.06913851985591457, 0.9726536301493542}, 
       {0.0764464645060077, 0.07564865305046581, -1.0102787847400565}, 
       {-0.037213761921791176, -0.05216075691461399, 0.025315956388478892}}, 
      {{0.5400908504845437, 0.5058682423044584, 0.06517592290085916}, 
       {0.5630770756732186, 0.5170669408869983, 0.02138137256458128}, 
       {1.0145661695267227, 1.0295709005932405, -0.040013999367585436}}}, 
     {{{-0.032565128998295834, 0.05543237686654545, 0.9726109532054205}, 
       {-0.033662347959724566, -0.005680529816786093, -1.0095010931651833}, 
       {-0.05451936265159208, 0.0022870571594337625, 0.024580941757540737}}, 
      {{0.4821644494023011, 0.5698592065026218, 0.06571299242398176}, 
       {0.5748821704416182, 0.516157191829512, 0.022458123997082247}, 
       {1.052906867973944, 0.9916908186483995, -0.03930987515019901}}}, 
     {{{-0.06606811068502445, 0.03514558549029894, 0.9714852443586235}, 
       {0.013333421082678428, 0.01416541798723867, -1.008985980820225}, 
       {-0.04088135970131906, 0.021147646739296505, 0.025191538259376953}}, 
      {{0.5015478879748821, 0.5487901340547324, 0.06812014432192548}, 
       {0.530120148795095, 0.5631270923656212, 0.022077035423083036}, 
       {1.041499311622193, 1.0038728108940538, -0.0392556655366517}}}, 
     {{{-0.009000512050924577, 0.06826592704546626, 0.9708582061358441}, 
       {-0.010206281923451159, -0.0284432306127864, -1.0087299866275903}, 
       {0.013124049918700925, -0.006781804446473982, 0.02556258228952164}}, 
      {{0.48992851923812436, 0.5625815868937667, 0.0680248990135851}, 
       {0.5340961170377162, 0.5589772973974524, 0.02223267663370554}, 
       {1.0523912499496726, 0.9946414437641518, -0.03903478991458608}}}, 
     {{{0.0065326712223824305, 0.03493013296227633, 0.9707785890490254}, 
       {-0.05744172920465288, 0.050223164118033695, -1.0096457080083172}, 
       {-0.03305354347103772, 0.013226427711648399, 0.026557920757068556}}, 
      {{0.5213725884992618, 0.5337301679903941, 0.06906530258899035}, 
       {0.5805062754445733, 0.5062829958821349, 0.021760050545687637}, 
       {0.9569024945427906, 1.0877843388588375, -0.037789881272602854}}}, 
     {{{-0.017385959785202385, 0.012167456513675503, 0.9703068049243029}, 
       {0.03726825431040149, 0.005142053161590421, -1.0099230269643609}, 
       {0.047631967411101, 0.04931112901984473, 0.02730702383783415}}, 
      {{0.5337833625622439, 0.5214922801188339, 0.07062064702235626}, 
       {0.5665678122617965, 0.5263820953694813, 0.019445918418967034}, 
       {1.0081067049865975, 1.0329962928347522, -0.03767933182894726}}}, 
     {{{-0.00666292818804397, 0.028583401411229118, 0.969233318927624}, 
       {-0.03175928505224474, -0.032011658580415374, -1.0104463426928443}, 
       {0.009113045420574286, -0.02325917865930683, 0.02890382556299727}}, 
      {{0.5446809937733402, 0.5106316854876363, 0.07225464697952488}, 
       {0.520948800836936, 0.5709966433163015, 0.01877513531219721}, 
       {0.9967356619226015, 1.0485415971661842, -0.03786699874568219}}}, 
     {{{0.02906479615970837, 0.0011636373707298111, 0.968637656469895}, 
       {0.021334939049971233, 0.08685799913589445, -1.0104090105417567}, 
       {0.024091991264639318, 0.0068834411932564175, 0.029462155869638566}}, 
      {{0.4709045938040603, 0.5828316283502687, 0.0750006911946236}, 
       {0.5684444931711767, 0.5186689105077423, 0.017716470690625652}, 
       {1.0070839053199574, 1.038034279109299, -0.03774430793103135}}}, 
     {{{0.028088773662258794, -0.047178460584267404, 0.9687109220744055}, 
       {0.03806423250968441, -0.0358891651328686, -1.0104303127105452}, 
       {-0.03778605788413611, 0.005455315694376653, 0.02941019243391588}}, 
      {{0.4765273861162344, 0.5735759851528727, 0.07632293827640013}, 
       {0.5206676320555661, 0.5726597278887877, 0.016722204815298847}, 
       {1.019842123005798, 1.0240224648894833, -0.03731728113430246}}}, 
     {{{0.011093358717796818, -0.09267225424302283, 0.9686236280403344}, 
       {-0.024360778310043428, 0.0020544617622337462, -1.0095345567102372}, 
       {0.02618064945076488, 0.07973276407145927, 0.028601730467679352}}, 
      {{0.5025611605588705, 0.5416660180386956, 0.0766718446924417}, 
       {0.5255262203780433, 0.5694544418124065, 0.019017756763457294}, 
       {1.0341807977865667, 1.0050248902236054, -0.0381966239137339}}}, 
     {{{-0.03683711583152858, -0.05171251038091706, 0.9681362265488865}, 
       {0.0007044418247251549, -0.05700002227134215, -1.009014504281937}, 
       {0.10260954935286652, 0.030984843659108464, 0.028569079530826127}}, 
      {{0.5632109940592994, 0.4848417584946829, 0.07847022903693468}, 
       {0.553346571517876, 0.5390868931821472, 0.019962850997108372}, 
       {0.9266893762032749, 1.108658128071504, -0.038782592642870324}}}, 
     {{{-0.03916371756449578, -0.010839007137969585, 0.9674495094582898}, 
       {-0.06208839407726936, 0.036666740949480456, -1.009401886186677}, 
       {0.056832240487890054, -0.04419686242266606, 0.029643178526162384}}, 
      {{0.44548651090575725, 0.6067978728615576, 0.07794770280753671}, 
       {0.5500121582232946, 0.5406300425746077, 0.019022274946306705}, 
       {1.0445950346728048, 0.9971242954631762, -0.0389115442541187}}}, 
     {{{0.009714353552504402, 0.000322371643866357, 0.9677367970090698}, 
       {0.05069156969696838, -0.0066287174035948365, -1.0099884632984184}, 
       {0.03071238816191112, 0.011003015230154548, 0.029942468087125872}}, 
      {{0.5476612321209883, 0.5062447739725189, 0.07732698713502184}, 
       {0.5700066778558016, 0.5211437197135785, 0.01991567026605212}, 
       {0.9857671458842693, 1.0600459936380413, -0.03890414967911053}}}, 
     {{{-0.0012000212678080306, -0.01854397614999279, 0.9683170787661244}, 
       {-0.018413325966923588, 0.003857359793648846, -1.0097230574366398}, 
       {0.014871042668605814, -0.05544709932732123, 0.029096780468290603}}, 
      {{0.5650664628764904, 0.48909947629886563, 0.07569272679146133}, 
       {0.5343772590855294, 0.5595105921499416, 0.019973898640639476}, 
       {1.0667541320184963, 0.9760934906195053, -0.038119882589401036}}}, 
     {{{-0.010440206299674501, 0.010571117875051049, 0.9682012859596103}, 
       {-0.00452229667453226, 0.03870894391651796, -1.0104967068562765}, 
       {-0.08258861952582461, 0.015678713911000126, 0.029986222694442365}}, 
      {{0.5690293656599076, 0.48666636593337753, 0.07451171740079443}, 
       {0.5388208792912234, 0.5534992795373471, 0.018813766608442695}, 
       {1.0434815195511724, 0.9965594545969353, -0.03913699458689154}}}}
