avgspins = {{{-2.1818926201206073, -0.26235993726932033, 8.655856676563317}, 
      {4.730189625582648, 0.5302461574863809, 0.191383464542564}, 
      {-2.42877927953578, -0.49740821813080105, -6.277785217753606}}, 
     {{-2.1710382556377517, -0.010452059529162073, 8.657760717918269}, 
      {4.7251892273706835, -0.2555857513940196, 0.18745324885650094}, 
      {-2.4077779786341935, 0.07674629659446601, -6.275759043422489}}, 
     {{-2.147678443034269, 0.22571025048210777, 8.659830205631536}, 
      {4.556554348431968, -1.0406589645448416, 0.18440030622171827}, 
      {-2.1289499471151214, 0.5744580654985691, -6.274775588500973}}, 
     {{-2.116140504687026, 0.44318366317620633, 8.662034397893125}, 
      {4.2243938903410045, -1.7898519217968543, 0.1823324034632301}, 
      {-1.6586367744113573, 0.8933920263439203, -6.274911878004073}}, 
     {{-2.0805924961998454, 0.6398257181426785, 8.664302820987755}, 
      {3.736493589672992, -2.467696912384725, 0.18132852270430788}, 
      {-1.101036758135381, 0.9733727988242982, -6.276176420339784}}, 
     {{-2.0448819568886787, 0.8142470624875843, 8.666537079570855}, 
      {3.1085388376334815, -3.0401542650275264, 0.18144605278022738}, 
      {-0.5746241943881418, 0.8085601134922843, -6.278528208998803}}, 
     {{-2.0124246503241374, 0.9657332012836745, 8.668624404865527}, 
      {2.363872222449492, -3.4764806681292506, 0.18272858668247557}, 
      {-0.18571740353430052, 0.4474524469072792, -6.281898068195722}}, 
     {{-1.986142022235108, 1.0941491061310142, 8.670450642324022}, 
      {1.5327859671352715, -3.7510683023066287, 0.18521126090984788}, 
      {-0.005092593114598749, -0.019273335574594878, -6.286206979881592}}, 
     {{-1.96843942780261, 1.1998400118177353, 8.671910747967079}, 
      {0.6513425127618838, -3.845099678743484, 0.18892134068324437}, 
      {-0.05299662641645911, -0.4802534815341201, -6.2913771652980435}}, 
     {{-1.9612136108506408, 1.2835373217913302, 8.672915868646903}, 
      {-0.2402109194116639, -3.7479134128038605, 0.19387256620773005}, 
      {-0.2958813060265819, -0.8293012726926925, -6.297333511502352}}, 
     {{-1.9658770222392388, 1.3462750620038317, 8.6733971282735}, 
      {-1.0993466832301408, -3.4579743909388454, 0.20005429885279372}, 
      {-0.6555558482029522, -0.9896051401811448, -6.303996503774014}}, 
     {{-1.983397806654656, 1.389321089940544, 8.673306878302986}, 
      {-1.8833776358271295, -2.9833718779971474, 0.20741761025047722}, 
      {-1.0284411378438523, -0.9306987343920144, -6.311269565201182}}, 
     {{-2.014337655159001, 1.4141171213600778, 8.672618464113997}, 
      {-2.5516678300545643, -2.341810679036715, 0.21586250415467706}, 
      {-1.3103151828573054, -0.6743598720889399, -6.3190260449163915}}, 
     {{-2.0589021191736467, 1.4222388676284132, 8.671325672337053}, 
      {-3.0678256906716, -1.5600924935248823, 0.22522946176882452}, 
      {-1.4206803130763064, -0.288213144138411, -6.327100210753595}}, 
     {{-2.1169904494053458, 1.4153576648893735, 8.669442811621268}, 
      {-3.4017447095314055, -0.673089665453469, 0.23529840528092455}, 
      {-1.3210732173060196, 0.13118456891627922, -6.335286293549909}}, 
     {{-2.1882573516467008, 1.3952305369766134, 8.667005359796766}, 
      {-3.5313990548398912, 0.2777185377170715, 0.24579607428990563}, 
      {-1.0231310393036677, 0.48159474435383287, -6.343346510734387}}, 
     {{-2.2721763569964755, 1.363689126142263, 8.66407196923298}, 
      {-3.4443057127385885, 1.2461385689377218, 0.25641084082291066}, 
      {-0.5848241486198116, 0.6791832515298213, -6.351027886703606}}, 
     {{-2.3681064826575695, 1.322661293035358, 8.660726753403685}, 
      {-3.138524996987556, 2.1834654214897644, 0.2668125340137756}, 
      {-0.09597433152419042, 0.6776469458448691, -6.358084364065176}}, 
     {{-2.4753567116407287, 1.274195293954873, 8.657081844373208}, 
      {-2.623186101862054, 3.0408968474390075, 0.2766744250010554}, 
      {0.34323315531177845, 0.47819905980312044, -6.3643013460219775}}, 
     {{-2.5932309125748922, 1.220508345071717, 8.653278981141057}, 
      {-1.918438326630375, 3.7720878325396145, 0.28569394919340635}, 
      {0.6455099595726302, 0.12822281799848428, -6.369518006982181}}, 
     {{-2.7210498580061, 1.1640356736400685, 8.649488773069448}, 
      {-1.0548159468607725, 4.335705088556436, 0.2936101563811797}, 
      {0.7559765161587997, -0.2905586338051311, -6.373644006098348}}, 
     {{-2.85814870505086, 1.1074764666967263, 8.645906492322768}, 
      {-0.07201274992744307, 4.697789430901799, 0.3002163148125076}, 
      {0.6636381583894574, -0.6812872310354572, -6.376667883782992}}, 
     {{-3.003832394418041, 1.0538270230216147, 8.64274302295973}, 
      {0.9829374659747715, 4.833901465067308, 0.3053674540873403}, 
      {0.4025683738043112, -0.9536774766413268, -6.378655553694787}}, 
     {{-3.1573063224053564, 1.0063860644525338, 8.640210807003063}, 
      {2.057924294098232, 4.730762347551233, 0.3089829800705738}, 
      {0.04321096348580848, -1.043306548087504, -6.379738863721351}}, 
     {{-3.317582330786246, 0.9687259566628688, 8.638505732660926}, 
      {3.0984977835452985, 4.387374456530672, 0.311045178876828}, 
      {-0.3236339259540704, -0.9243320959534376, -6.380095988185467}}, 
     {{-3.483375555591267, 0.9446229276366412, 8.637786791321085}, 
      {4.050820423725133, 3.8154702362805892, 0.31159451660024823}, 
      {-0.6061297427061085, -0.6134992264327042, -6.379926384569047}}, 
     {{-3.653002901971928, 0.9379452341607137, 8.638156904190579}, 
      {4.864720661569417, 3.039177645613755, 0.3107224479167961}, 
      {-0.7297997873270301, -0.16529917909992425, -6.37942442875509}}, 
     {{-3.824303833810628, 0.9525095865229517, 8.639648132834258}, 
      {5.496663945832073, 2.093978929558702, 0.30856288725080655}, 
      {-0.6514141682728641, 0.3399859255988293, -6.378756096732779}}, 
     {{-3.9945880330872723, 0.9919050601435038, 8.642214411179062}, 
      {5.912389318988024, 1.024855048142455, 0.3052829701481229}, 
      {-0.3660394455747753, 0.8125418263900861, -6.378042457974898}}, 
     {{-4.160626479218246, 1.059304021085703, 8.645733085746658}, 
      {6.089058950162074, -0.1161499236596214, 0.3010741658494127}, 
      {0.093583626062251, 1.1701388867551628, -6.377352328243786}}, 
     {{-4.318684547786675, 1.1572702704495592, 8.65001536887556}, 
      {6.0167170737503985, -1.2729436097161824, 0.2961439378912458}, 
      {0.6647492164717287, 1.352891695501192, -6.376704383414517}}, 
     {{-4.464600433625899, 1.2875836340207978, 8.654824335578736}, 
      {5.698956341031599, -2.3886534629569853, 0.2907082939762007}, 
      {1.2677872566536459, 1.3329337345402053, -6.376077706202654}}, 
     {{-4.593904394965567, 1.4510831883493618, 8.659897130313304}, 
      {5.15268231724554, -3.4089989320397516, 0.2849848548253755}, 
      {1.8215295834693808, 1.1173205157635349, -6.375427061786394}}, 
     {{-4.7019631964732795, 1.6475613851316573, 8.664968626189829}, 
      {4.407045659522499, -4.285479328558916, 0.2791859024583055}, 
      {2.2579851862969513, 0.7438760346023318, -6.37469960529585}}, 
     {{-4.784150363146235, 1.8756906817832384, 8.669793644604797}, 
      {3.5015679571114133, -4.97818223373439, 0.2735111220783704}, 
      {2.5330896062581005, 0.2711939891534893, -6.373849843330882}}, 
     {{-4.836020272556656, 2.1330040115776825, 8.674164986893558}, 
      {2.483636523324415, -5.4579765716156015, 0.2681401046046094}, 
      {2.6313326068424012, -0.23453301167394955, -6.372850168145879}}, 
     {{-4.853481262208887, 2.4159141004223423, 8.677926155889478}, 
      {1.4055495629181824, -5.70800953599888, 0.2632255139291159}, 
      {2.5637330573828363, -0.7124521815077014, -6.371696746466308}}, 
     {{-4.832970421742732, 2.7197700913286136, 8.680978233416905}, 
      {0.3213090112820685, -5.724364009902093, 0.2588874747389953}, 
      {2.360354810401676, -1.1165831796990817, -6.370410784803615}}, 
     {{-4.771609573985128, 3.0389423679670466, 8.683280564807246}, 
      {-0.7165847930286819, -5.51591631565776, 0.2552106601789527}, 
      {2.0602137533430396, -1.4199085981099013, -6.369036301633911}}, 
     {{-4.667367182695959, 3.3669379706328484, 8.68484637853764}, 
      {-1.660174951516422, -5.103392346890279, 0.25224388468593506}, 
      {1.7016999677493907, -1.6129291834163597, -6.367635339871293}}, 
     {{-4.5191982534814406, 3.6965360149078488, 8.68573361499028}, 
      {-2.46869308134497, -4.517712061175305, 0.250002382532559}, 
      {1.3162424464036167, -1.6981815339806325, -6.366281074170556}}, 
     {{-4.32717844695624, 4.019958759938796, 8.686033059250772}, 
      {-3.1107035715148474, -3.7977696771388607, 0.24847170637289695}, 
      {0.9264483912495981, -1.68340928850293, -6.3650498422713815}}, 
     {{-4.092615291359194, 4.329072582684663, 8.685854632758248}, 
      {-3.56554128552403, -2.987773832045648, 0.24761244910723884}, 
      {0.5482534250782376, -1.5760078258602277, -6.364012158513203}}, 
     {{-3.818126847552405, 4.615632859437197, 8.685314214233937}, 
      {-3.824079279161375, -2.134348167524669, 0.24736510061715605}, 
      {0.1953639606525129, -1.380556617561052, -6.36322439149881}}, 
     {{-3.5076772145033903, 4.87155436582955, 8.684522232297828}, 
      {-3.8886921994308916, -1.2835827207201884, 0.24765505904880478}, 
      {-0.11625576928533757, -1.0999183637547014, -6.362722367994346}}, 
     {{-3.1665532006410357, 5.089234169935637, 8.683575467997043}, 
      {-3.772489734084389, -0.47823121869022667, 0.24839798734329138}, 
      {-0.3658325895415769, -0.739099686070333, -6.362518531988048}}, 
     {{-2.8012769314834802, 5.2618773347672905, 8.68255271357273}, 
      {-3.4978792795703595, 0.2447824812252122, 0.24950608742812178}, 
      {-0.5283660747220913, -0.3102736274543622, -6.3626038776485645}}, 
     {{-2.419448869283892, 5.3838383978634985, 8.681513668378097}, 
      {-3.0945485784183524, 0.8563264611523831, 0.2508955462954743}, 
      {-0.5785205639514764, 0.1629667619794435, -6.362954291321283}}, 
     {{-2.0295077031654944, 5.450943739535332, 8.680500918264691}, 
      {-2.597047239004584, 1.3364714576354118, 0.2524945435280402}, 
      {-0.49701110144125404, 0.6438713634290243, -6.363540538440444}}, 
     {{-1.640432526576267, 5.460767003204379, 8.67954276877093}, 
      {-2.0421240975177852, 1.675124043783977, 0.25425072958427575}, 
      {-0.27801620698705254, 1.0844291373244634, -6.3643385750029156}}, 
     {{-1.2613846674385143, 5.412844157226407, 8.678656402075461}, 
      {-1.4659997997425254, 1.8719890613213641, 0.2561363161083956}, 
      {0.06440245978119145, 1.4312550070461885, -6.36533779483157}}, 
     {{-0.901309215103353, 5.308789832691705, 8.677849628854771}, 
      {-0.9018271730099525, 1.9357372197750597, 0.2581491492249249}, 
      {0.4928410291993253, 1.6349337639976234, -6.366543854727409}}, 
     {{-0.5685176576774816, 5.152308068886347, 8.67712114501096}, 
      {-0.3774939844624698, 1.8825666207561556, 0.26030868643796906}, 
      {0.9478180257790334, 1.6610899721326293, -6.367974908096643}}, 
     {{-0.2702847395954807, 4.949089676239029, 8.676459276852167}, 
      {0.08603888175840115, 1.73418678043669, 0.26264681189370215}, 
      {1.354490274088375, 1.5009070596877174, -6.369651165393582}}, 
     {{-0.012476626358795019, 4.70658888634687, 8.675839486202698}, 
      {0.47571699870203243, 1.5154563665247052, 0.2651954873378297}, 
      {1.63446661543416, 1.1781567631934793, -6.37158005018824}}, 
     {{0.20076339472905197, 4.433702071090898, 8.675221899872147}, 
      {0.7866346302692183, 1.2518849075389167, 0.2679734836211808}, 
      {1.7207079145448794, 0.7505062438824375, -6.373740460141045}}, 
     {{0.36724233640620785, 4.140354959139968, 8.674549768182976}, 
      {1.0215024192387603, 0.9672175277524674, 0.270975563494095}, 
      {1.5726128909154338, 0.30368845096510316, -6.376070408324786}}, 
     {{0.486855981949697, 3.8370352495084266, 8.673749559408538}, 
      {1.1894453202007187, 0.6813268419493127, 0.2741667925104963}, 
      {1.1877801602073506, -0.06106078865398242, -6.3784614285667525}}, 
     {{0.5616167737174446, 3.5342924736044856, 8.67273394500288}, 
      {1.3042175086502337, 0.40863739661276455, 0.2774832016241338}, 
      {0.6075375778267811, -0.24434149131305108, -6.3807622232747265}}, 
     {{0.5955733245838676, 3.2422327628851852, 8.671407808439993}, 
      {1.382098357427343, 0.15716412986475495, 0.2808391231936603}, 
      {-0.08560484383179937, -0.16750392432526282, -6.382792008281367}}, 
     {{0.5946232370693287, 2.970041442204805, 8.669677209861755}, 
      {1.4396122333654824, -0.0716984647486467, 0.2841392877519928}, 
      {-0.7786198928872304, 0.21057591523660896, -6.38436157426146}}, 
     {{0.5662316447119325, 2.7255566412336076, 8.66746043636138}, 
      {1.4913696579172546, -0.28272645996574713, 0.28729319199679376}, 
      {-1.3453120106345542, 0.8823420793065213, -6.385298705005887}}, 
     {{0.5190621218600628, 2.5149086267674403, 8.664699347598651}, 
      {1.5481800006182729, -0.4857430125393041, 0.29022900412501207}, 
      {-1.6674287978086113, 1.7883901509628781, -6.385473428371378}}, 
     {{0.4625446684679288, 2.3422561792602385, 8.66136931070026}, 
      {1.615640154336399, -0.694028069903432, 0.2929042585154122}, 
      {-1.6558519141724317, 2.8234940650532794, -6.384818645863389}}, 
     {{0.4063989413047065, 2.209619684021706, 8.657485390473443}, 
      {1.6932923438328213, -0.9223895587560419, 0.29531200711728056}, 
      {-1.2679453958854456, 3.8511794338940626, -6.383342474238438}}, 
     {{0.36013498780332115, 2.1168248461802817, 8.653103951034465}, 
      {1.7744246931005332, -1.1850934524095864, 0.2974816680648097}, 
      {-0.5176879935463782, 4.724681131595727, -6.381130695746989}}, 
     {{0.3325550425014335, 2.0615653303289396, 8.648319182092141}, 
      {1.8464873901293608, -1.4938079153777186, 0.2994748513329232}, 
      {0.5237227686716786, 5.310678799975106, -6.378339110072775}}, 
     {{0.33128272311837137, 2.039581359810275, 8.643255433363128}, 
      {1.8921248547136744, -1.8558030892901172, 0.30137691257216975}, 
      {1.7371955798209995, 5.511522161031248, -6.375177422583011}}, 
     {{0.36234185561775495, 2.044938458291833, 8.638056977461217}, 
      {1.8906767653051322, -2.272477319236191, 0.3032854416312564}, 
      {2.9736017385225426, 5.281811824756498, -6.371887495740188}}, 
     {{0.4298175280651416, 2.0704088746143237, 8.63287733002869}, 
      {1.8200849508515127, -2.7383566909726267, 0.3052967940697526}, 
      {4.076851080441536, 4.636092890669766, -6.368719200746156}}, 
     {{0.535609899511355, 2.1079200904653694, 8.627869533909692}, 
      {1.6590522255936297, -3.2406846012430166, 0.30749265618473737}, 
      {4.907931770851699, 3.646478794942182, -6.365907266742143}}, 
     {{0.6793118272775285, 2.1490443274935176, 8.623178901591402}, 
      {1.3892699929979369, -3.759616364549741, 0.30992822417668814}, 
      {5.365515886629405, 2.4308417551045074, -6.363652202415803}}, 
     {{0.8582057124864387, 2.1855048410738362, 8.618938234510248}, 
      {0.997592551952856, -4.269040092144621, 0.3126241979800567}, 
      {5.399728689911066, 1.1341526613484594, -6.362107509138021}}, 
     {{1.0673936381658315, 2.2096576124515552, 8.615265754201765}, 
      {0.4779544028364498, -4.738055215963572, 0.31556397959719773}, 
      {5.017210489701123, -0.0933304064936598, -6.361374810446679}}, 
     {{1.3000423319663468, 2.214926067244915, 8.612264565607756}, 
      {-0.1671370659837122, -5.132956852549078, 0.3186966805285346}, 
      {4.277349241082763, -1.1174152519128022, -6.361506322784003}}, 
     {{1.5477335498243554, 2.1961635061249436, 8.610023613855578}, 
      {-0.9256771706097661, -5.419691099366775, 0.3219449218878084}, 
      {3.2810790033177155, -1.8374327754894928, -6.362513612391104}}, 
     {{1.8008921211825024, 2.149924621886237, 8.60861824957271}, 
      {-1.7759635728164103, -5.566581321249355, 0.325216114544066}, 
      {2.1545670730727733, -2.1977183512320284, -6.364379440764495}}, 
     {{2.049277862036317, 2.074639116628972, 8.608110264460116}, 
      {-2.687186176343923, -5.547109129640521, 0.3284142243510458}, 
      {1.0305234248333994, -2.1919580047937366, -6.367069565458874}}, 
     {{2.2824947683598427, 1.9706810542873143, 8.608546099974456}, 
      {-3.6208465246043224, -5.342549922785345, 0.3314499248492998}, 
      {0.02994986911184113, -1.8603328304627003, -6.3705411014714715}}, 
     {{2.490510501258979, 1.8403395907517102, 8.60995253252129}, 
      {-4.532946146218365, -4.944174192653836, 0.3342473713000013}, 
      {-0.7532172819031516, -1.28041549503603, -6.374744980469006}}, 
     {{2.6641412646126077, 1.6876912742018697, 8.612330415429891}, 
      {-5.376826883754946, -4.354816058845624, 0.3367466810522361}, 
      {-1.2625423574551258, -0.5533353011345681, -6.379622173129843}}, 
     {{2.79549010021567, 1.5183993399662379, 8.615646740412165}, 
      {-6.106482704180102, -3.5895849305370597, 0.33890289175829214}, 
      {-1.4833364824395896, 0.21242621676081014, -6.385094708818172}}, 
     {{2.8783113014301653, 1.3394325796455528, 8.619827045217177}, 
      {-6.680016164723408, -2.675601504324197, 0.34068196539565315}, 
      {-1.4403087565665493, 0.9171182281902441, -6.391054087260545}}, 
     {{2.9082983742925803, 1.1587445234669056, 8.624750242342754}, 
      {-7.063025362393833, -1.6507116745679968, 0.34205607626639134}, 
      {-1.1893866626834382, 1.4830178587635288, -6.397351395256865}}, 
     {{2.88327249700666, 0.9849013222036971, 8.630248212289896}, 
      {-7.231503066504276, -0.5612188034733314, 0.34299847150239154}, 
      {-0.8053492144734884, 1.8629744946633366, -6.403791760440004}}, 
     {{2.803290699096037, 0.8266937922462068, 8.636111499829495}, 
      {-7.174022369280373, 0.5411738684892767, 0.34347992043549713}, 
      {-0.367797879235295, 2.0429362727531633, -6.41013649691271}}, 
     {{2.670647217594559, 0.6927287432631286, 8.642101979429492}, 
      {-6.892965858258303, 1.6030121089392244, 0.34346690565308186}, 
      {0.05189867872514323, 2.038591709831642, -6.416113961730288}}, 
     {{2.489802142203913, 0.5910215179672182, 8.647971250305432}, 
      {-6.404621601078396, 2.572946772093955, 0.3429221321130042}, 
      {0.4003079641976519, 1.8873419569338226, -6.42143845906615}}, 
     {{2.267207269327064, 0.5285976931883443, 8.6534823822573}, 
      {-5.738160237896718, 3.405517065103346, 0.3418085411626747}, 
      {0.6468167358867108, 1.6376897683877885, -6.425836000067691}}, 
     {{2.0110611106942566, 0.5111202644061583, 8.658432346261357}, 
      {-4.933551187157685, 4.064468237953713, 0.3400964014358697}, 
      {0.7834107514135361, 1.3385248166947175, -6.429073824344945}}, 
     {{1.7309770209221536, 0.5425620280064364, 8.662671497554342}, 
      {-4.038616202866483, 4.525340978057066, 0.33777395818870615}, 
      {0.8201322737274908, 1.030472841375994, -6.430990532390766}}, 
     {{1.4375810586384157, 0.6249393468450128, 8.666117374666117}, 
      {-3.105499584805862, 4.777114692198334, 0.334860164212636}, 
      {0.7778604450302884, 0.7407866359074852, -6.4315226155264655}}, 
     {{1.1420480451230743, 0.7581311870242746, 8.66876062475016}, 
      {-2.1868095476947285, 4.822804780427948, 0.33141743518804007}, 
      {0.6804277377482215, 0.48224123267163765, -6.4307231365859145}}, 
     {{0.8555926078149003, 0.939803391481979, 8.670661963849255}, 
      {-1.3318337605504176, 4.678946495553618, 0.3275615691759022}, 
      {0.5478588113013955, 0.255663638710128, -6.428768609672872}}, 
     {{0.5889388542821166, 1.165445938505778, 8.6719402531312}, 
      {-0.5830084058826536, 4.374116276315309, 0.3234653303084299}, 
      {0.3921162652842145, 0.05486547426387391, -6.425950660087342}}, 
     {{0.3517985454871954, 1.428542385824624, 8.672752924041374}, 
      {0.026970764149445672, 3.9465304640894625, 0.3193535602069978}, 
      {0.21598362979383767, -0.12745329998149912, -6.422651560896084}}, 
     {{0.15238995971940777, 1.7208586511313129, 8.673271149326188}, 
      {0.4773405119953085, 3.441019240001623, 0.31548779310241926}, 
      {0.014916436534847479, -0.2944134991521615, -6.419304019076318}}, 
     {{-0.0029660422249954857, 2.032850196158619, 8.67365310375818}, 
      {0.760504325982579, 2.9055470305354376, 0.3121417122328997}, 
      {-0.2188130492114826, -0.44151311280486466, -6.416339892638791}}, 
     {{-0.11013997032949367, 2.354158775543417, 8.674019318144676}, 
      {0.8823250140733826, 2.387528289952846, 0.309569304460287}, 
      {-0.490868405431723, -0.5557199482792938, -6.414133699252678}}, 
     {{-0.1673585297798087, 2.6741712256326817, 8.674434397811062}, 
      {0.8614420946161057, 1.9302330925343536, 0.30797039516291086}, 
      {-0.7997595722414365, -0.6173657865578104, -6.412949869621684}}, 
     {{-0.17521355062990773, 2.9825999785494415, 8.674898221769375}, 
      {0.7276268097109901, 1.5694818686217626, 0.3074589121593635}, 
      {-1.133154347840393, -0.6044573330782674, -6.4129022105764495}}, 
     {{-0.1365289140894178, 3.2700443743095127, 8.675348864295932}, 
      {0.5193527185247907, 1.3308939968351612, 0.30803959889177135}, 
      {-1.4665830960886777, -0.49854042011424426, -6.413933539835416}}, 
     {{-0.05607956314353313, 3.5284916736567684, 8.675677515453366}, 
      {0.2806849453816871, 1.2278370666872622, 0.3095976686611688}, 
      {-1.765100174683089, -0.29100665577412027, -6.415820260762247}}, 
     {{0.059801306965440476, 3.751717317101115, 8.675753165455667}, 
      {0.05768801468522293, 1.2602917906882536, 0.31190440897703836}, 
      {-1.988031644945691, 0.011662318459551454, -6.418202651080417}}, 
     {{0.20370467744548534, 3.935559540436125, 8.675453428454988}, 
      {-0.10535585449120304, 1.414703779507649, 0.31463868235798775}, 
      {-2.0960764361120483, 0.38499564043445844, -6.420637187460685}}, 
     {{0.3676749444339765, 4.078046005759839, 8.674696406240828}, 
      {-0.1697397681983236, 1.6648524677121919, 0.31742184470285756}, 
      {-2.059718177001893, 0.7871580978044568, -6.422663327591397}}, 
     {{0.5437406020569531, 4.17936869760826, 8.67346751343551}, 
      {-0.10576619169576786, 1.9737819498589848, 0.3198616105797381}, 
      {-1.867085897998398, 1.1635234406126975, -6.42387420066296}}, 
     {{0.7244161213883238, 4.241711404842158, 8.671837442527943}, 
      {0.10439466058750686, 2.296627934561321, 0.32159847841043004}, 
      {-1.5294839161799185, 1.4547380641990326, -6.423980997586087}}, 
     {{0.9031276252081009, 4.268955954201983, 8.669966769067509}, 
      {0.464699814223333, 2.584215259250585, 0.3223491653089743}, 
      {-1.0829870687714318, 1.6071436142396793, -6.422861011024196}}, 
     {{1.0745410740613301, 4.2662889692228125, 8.668097053453724}, 
      {0.964327625337855, 2.787134850314271, 0.32194115232621245}, 
      {-0.5852376716018906, 1.5834870169999091, -6.420583282427647}}, 
     {{1.2347796122390717, 4.239755135892214, 8.666528898926341}, 
      {1.577897315193772, 2.8600147424136857, 0.3203345015676746}, 
      {-0.10751711220916463, 1.3716495238186799, -6.417408477141727}}, 
     {{1.3815132747477683, 4.195788239643215, 8.665590136155517}, 
      {2.2670033814229242, 2.765604451005793, 0.3176285140218983}, 
      {0.27663536060282085, 0.9893879469291211, -6.413763726825124}}, 
     {{1.5139411118496082, 4.140757603292652, 8.665598555322328}, 
      {2.9828117126571922, 2.4783351371792093, 0.31405254186766757}, 
      {0.504187228903759, 0.48378187672244916, -6.410196173837707}}, 
     {{1.6326660274113827, 4.080561769068401, 8.666824084788473}, 
      {3.669674646199758, 1.9869964767718253, 0.30994175908904853}, 
      {0.5342936791085218, -0.07481733792130692, -6.407310920525233}}, 
     {{1.7394888975499139, 4.020288331542602, 8.669455587617085}, 
      {4.269369935176139, 1.2963203756920556, 0.3057001788711351}, 
      {0.3565884520711688, -0.6033329140193424, -6.4057008431359295}}, 
     {{1.837140703860759, 3.96395537455715, 8.673576350742218}, 
      {4.725660040459024, 0.42728396090931775, 0.3017550533492751}, 
      {-0.005598644524487408, -1.0192090740692705, -6.405876480739207}}, 
     {{1.9289775030739298, 3.914343613299152, 8.679151883392095}, 
      {4.9887701053327556, -0.5838914925224578, 0.2985067115728103}, 
      {-0.4976087330411032, -1.2538760184494533, -6.408203671612616}}, 
     {{2.0186605925036214, 3.8729155077158044, 8.686031269694483}, 
      {5.019406901644434, -1.687952572211769, 0.29627979301405266}, 
      {-1.0410582531085881, -1.2642729005178273, -6.412856139356248}}, 
     {{2.1098443157360385, 3.8398191149028906, 8.693962154286133}, 
      {4.791997120815809, -2.825859603236557, 0.29528131101983984}, 
      {-1.5453627202205946, -1.040444551088526, -6.419788541953683}}, 
     {{2.205890666542673, 3.8139665979504445, 8.702617409902361}, 
      {4.29691315402993, -3.932767569978967, 0.2955702246758206}, 
      {-1.9213463568199316, -0.6081915315869302, -6.428732711225891}}, 
     {{2.3096226727175946, 3.793183816058643, 8.711629435866744}, 
      {3.5414935945623776, -4.942448784526788, 0.2970431700225029}, 
      {-2.094944038989966, -0.026280943188798308, -6.439217682536959}}, 
     {{2.4231338366345536, 3.774393338814348, 8.720627591185444}, 
      {2.5498861094331766, -5.791793962438052, 0.29943762989544287}, 
      {-2.0190048709689177, 0.621370592362188, -6.4506102977286}}, 
     {{2.5476496973556393, 3.7538503725430203, 8.72927324320466}, 
      {1.3616869754508436, -6.425061581995031, 0.30235359145712026}, 
      {-1.681417958738801, 1.237670176716025, -6.462171911309493}}, 
     {{2.6834511460274024, 3.7273931169739636, 8.737287738258246}, 
      {0.029549180013438068, -6.797596126969286, 0.3052917829226511}, 
      {-1.1080581781948922, 1.7268765342792174, -6.473124597828609}}, 
     {{2.8298487108697135, 3.690699799508189, 8.744470109501222}, 
      {-1.3840694198732835, -6.8787845916699935, 0.3077045833295496}, 
      {-0.35973842211972135, 2.0095091837729337, -6.482719769478486}}, 
     {{2.985207343765347, 3.639554504475525, 8.750702558419427}, 
      {-2.8107587004083547, -6.6540340295547535, 0.30905462659224975}, 
      {0.47680917080037205, 2.0350913645529447, -6.490302261659389}}, 
     {{3.1470216420999386, 3.570090722033564, 8.75594477855747}, 
      {-4.180370016959584, -6.125727818574549, 0.3088741296328051}, 
      {1.3026982356940109, 1.790187486521031, -6.495363984837988}}, 
     {{3.31202860466411, 3.4790206892164464, 8.760219280610865}, 
      {-5.425304394011504, -5.3130304619396735, 0.3068174800507365}, 
      {2.0229219728493066, 1.299889780042503, -6.497581837309315}}}
avgspins = {{{-3.2376282421695026, -3.307154037400178, 1.1048779079866984}, 
      {2.418033150211741, 3.240723031501176, -3.3717280142049155}, 
      {-0.29029597252101996, -4.749357687116533, -1.8341793113127831}}, 
     {{-3.3801861862333196, -3.1227574404810636, 1.099426497326981}, 
      {3.119592202900087, 2.172993887335095, -3.373883458942915}, 
      {-0.7625799498008341, -4.627131486571066, -1.826572455915068}}, 
     {{-3.444133288349148, -2.9069032027362853, 1.0948050225446166}, 
      {3.4106137526900997, 0.9182505884026906, -3.3759443946405803}, 
      {-1.188588386219019, -4.387732489572869, -1.8198900454350384}}, 
     {{-3.435138252193312, -2.668579379704347, 1.091006550007674}, 
      {3.25829174287287, -0.3648680464286443, -3.3773136191965545}, 
      {-1.5488031348476468, -4.05316374844356, -1.8147223483421226}}, 
     {{-3.3646558080597657, -2.413177269358462, 1.0879392289786305}, 
      {2.689094019970936, -1.5180535668200164, -3.377451558759422}, 
      {-1.831502186337762, -3.6487324677272586, -1.8115170877502116}}, 
     {{-3.2475814641929817, -2.141458059458428, 1.0854447712626911}, 
      {1.783813487401471, -2.405018106222932, -3.3759739299858027}, 
      {-2.032899980503566, -3.2003866924372404, -1.8105002588078918}}, 
     {{-3.0995562385026525, -1.8493803507425413, 1.0833363578563613}, 
      {0.6649094195075644, -2.9295162501165737, -3.372731883015734}, 
      {-2.156414276482368, -2.7322035549464143, -1.8116338923716306}}, 
     {{-2.9343272008295513, -1.5288486113584967, 1.0814453751834403}, 
      {-0.5217774668754542, -3.0470315157620584, -3.3678558500805638}, 
      {-2.2111903359790874, -2.264340466744854, -1.8146189426338795}}, 
     {{-2.7615615615139704, -1.1693194036814585, 1.0796642024982925}, 
      {-1.6279938561286027, -2.7685606615400933, -3.361751158281828}, 
      {-2.210138825786955, -1.8117268599590146, -1.8189424617474652}}, 
     {{-2.585369415151239, -0.7600567520205828, 1.0779751423036248}, 
      {-2.5234431034584723, -2.156247268711813, -3.3550433633114016}, 
      {-2.167839783924107, -1.383608942355737, -1.8239611965232256}}, 
     {{-2.403754086083459, -0.2927263218449492, 1.0764579872018096}, 
      {-3.1124883091816384, -1.3118855917169643, -3.348480672800941}, 
      {-2.098675317586545, -0.9838779725309227, -1.8290067319318704}}, 
     {{-2.208992647263956, 0.23607437479422141, 1.0752736759313093}, 
      {-3.344945016868167, -0.3604443973033575, -3.34280887924072}, 
      {-2.0154165457039754, -0.6119720392353388, -1.8334942142215929}}, 
     {{-1.9889215913840501, 0.8227662005615615, 1.0746278605418003}, 
      {-3.2196591465121402, 0.5686255728394909, -3.338641047333314}, 
      {-1.92838331006869, -0.26402229902067265, -1.8370162307394893}}, 
     {{-1.7289516972116812, 1.4555816970804687, 1.0747231061036489}, 
      {-2.7808886970818154, 1.3594370628443615, -3.336346670945374}, 
      {-1.845022742574241, 0.06599213356300204, -1.8394058526892791}}, 
     {{-1.4145577155975573, 2.114440303721406, 1.0757125762578972}, 
      {-2.1084633930413723, 1.9243966008115228, -3.335982905809763}, 
      {-1.7697785985437366, 0.38522754659254654, -1.8407590879791362}}, 
     {{-1.0339489330051133, 2.771981424026534, 1.0776669041060225}, 
      {-1.3036462879490782, 2.213750640325774, -3.3372837626915834}, 
      {-1.704038673599517, 0.7010855499447478, -1.8414125589454415}}, 
     {{-0.5805496385013419, 3.3956775980139, 1.0805620647427083}, 
      {-0.47304098539435674, 2.2188899900687153, -3.3397108014536117}, 
      {-1.6461356667570481, 1.0203326336471878, -1.8418806808201005}}, 
     {{-0.05493409570242243, 3.9507720481814665, 1.084287337136238}, 
      {0.2868904452054455, 1.9692939072896185, -3.3425542790167886}, 
      {-1.5914520497117335, 1.3481969402471021, -1.842762475650451}}, 
     {{0.5341177616008883, 4.403685140439086, 1.088666428187898}, 
      {0.9024694447930736, 1.5240958103470739, -3.3450635914936693}, 
      {-1.532816380319123, 1.6874222704325232, -1.8446322542252318}}, 
     {{1.1696242961445777, 4.725509525790155, 1.0934810434989113}, 
      {1.3306966222580132, 0.9598506598962049, -3.3465788574690483}, 
      {-1.461263631655939, 2.0374687990098344, -1.847931603560866}}, 
     {{1.8275490880168386, 4.895160259464172, 1.0984876331391331}, 
      {1.561598517758635, 0.3567409587920861, -3.346636801575624}, 
      {-1.3671718145019747, 2.394072616361199, -1.8528802490945129}}, 
     {{2.478976416029493, 4.901806550939006, 1.10342172220515}, 
      {1.614893688141296, -0.21437532209537472, -3.3450304728802593}, 
      {-1.2416565933193962, 2.74930128846533, -1.8594206668558955}}, 
     {{3.0930015348349684, 4.746273751150066, 1.107990952363189}, 
      {1.5320168102694887, -0.7019209513219642, -3.341813610112686}, 
      {-1.0778996430007146, 3.0921974094654376, -1.867206759781506}}, 
     {{3.6399787559301755, 4.441207772411681, 1.1118635064160514}, 
      {1.3653005346705178, -1.0790012543358605, -3.337253536699261}, 
      {-0.872212062785063, 3.409857546267109, -1.875639387247796}}, 
     {{4.094653713661215, 4.009947962431799, 1.114662085857665}, 
      {1.1664990709464509, -1.3437071827277278, -3.331748330960323}, 
      {-0.6246347335241434, 3.6887571977768996, -1.8839431724283469}}, 
     {{4.438752084036899, 3.4841911222702615, 1.1159739562866375}, 
      {0.9769119789843077, -1.5146955973730516, -3.3257321002253364}, 
      {-0.3390256183595156, 3.9160351699412708, -1.8912712735923063}}, 
     {{4.662670352751939, 2.900758783832885, 1.1153839799355423}, 
      {0.8207989941202039, -1.6234011817396532, -3.3195932843783824}, 
      {-0.022735123265599982, 4.080598129388405, -1.8968201130881641}}, 
     {{4.766043138814953, 2.297845586116764, 1.1125287617440962}, 
      {0.7030238833606479, -1.704727844906463, -3.313624107117918}, 
      {0.3140204680696267, 4.173903130271341, -1.8999340721571838}}, 
     {{4.757106251483602, 1.7112647663098495, 1.1071638257261454}, 
      {0.6108825531801748, -1.7882339704978496, -3.308008760002381}, 
      {0.6589185793811879, 4.190527664731338, -1.9001844832547687}}, 
     {{4.650935991643946, 1.171223987245919, 1.0992277739698448}, 
      {0.5192850933280074, -1.8913531896407842, -3.302845379461936}, 
      {0.9984305921573885, 4.128480773834098, -1.8974118120389127}}, 
     {{4.466805684929364, 0.7000046319628647, 1.0888861938449763}, 
      {0.39792884799147304, -2.0158130461934127, -3.2981882473651627}, 
      {1.3187663777304015, 3.989371833266364, -1.8917273640108179}}, 
     {{4.225041596679126, 0.3108775374935, 1.0765427249778197}, 
      {0.21891850478692235, -2.147409872738241, -3.2940938351032716}, 
      {1.606920231407212, 3.7783618663880225, -1.8834783074055528}}, 
     {{3.943832955758294, 0.00828514435404233, 1.0628109562928996}, 
      {-0.03656385857314677, -2.258915656410076, -3.2906567333901635}, 
      {1.8517247149744878, 3.5038319371188584, -1.8731836404337405}}, 
     {{3.636497290168786, -0.21080029404895578, 1.048448247538899}, 
      {-0.37359310570246534, -2.315262035172262, -3.288024904010755}, 
      {2.044772181197739, 3.1767401515581595, -1.8614527610591485}}, 
     {{3.3096730954046083, -0.3546176290781013, 1.034261774250961}, 
      {-0.7814497677176098, -2.2799232230120063, -3.2863904664874752}, 
      {2.1810652781077784, 2.8097014099065034, -1.8489007252944885}}, 
     {{2.9626885435256316, -0.43385375849169766, 1.0210011573643283}, 
      {-1.2342133545842495, -2.1213649992483403, -3.2859582478171965}, 
      {2.2592558714796835, 2.415875966412677, -1.8360723270781367}}, 
     {{2.5882943206437905, -0.45880715046075793, 1.0092571743102006}, 
      {-1.6938107615471794, -1.818562753486267, -3.2868991331045194}, 
      {2.281457713474611, 2.0079017774265435, -1.8233874587366854}}, 
     {{2.1746261446323736, -0.43690931710175884, 0.9993861155766778}, 
      {-2.1147486752685354, -1.3648037928674799, -3.2893009119168974}, 
      {2.25270680277928, 1.5969916156980888, -1.8111146211907863}}, 
     {{1.7080564020049853, -0.3709434433617635, 0.9914744725046435}, 
      {-2.449697415324031, -0.7693532952628035, -3.2931301668866944}, 
      {2.1802407797337344, 1.1922666285576482, -1.7993737231489535}}, 
     {{1.1765049102139205, -0.25823362378689085, 0.9853519346622862}, 
      {-2.655058888951076, -0.056944387353154484, -3.2982170419146435}, 
      {2.0727262548093845, 0.8003605382028487, -1.788164310278646}}, 
     {{0.572678065420973, -0.09093308454551144, 0.9806469781430721}, 
      {-2.6956617598891195, 0.7344957714863471, -3.304267662366132}, 
      {1.9395051218401052, 0.4251349744285894, -1.7774087333079438}}, 
     {{-0.10324828433206704, 0.14262013299269885, 0.9768726785836123}, 
      {-2.54812643894022, 1.5573023082150366, -3.31090182996711}, 
      {1.7898130292917076, 0.06756198649231, -1.7670002661475066}}, 
     {{-0.8418730875628541, 0.4556747564494229, 0.9735225231979723}, 
      {-2.2028278708293034, 2.358056554741303, -3.3177063156274325}, 
      {1.6319287224749373, -0.2742808922814231, -1.7568456251015423}}, 
     {{-1.6239726490161785, 0.8602765125294197, 0.9701582920795881}, 
      {-1.6645373805107622, 3.081440064240828, -3.3242909891248797}, 
      {1.4722012032705425, -0.6049213179647797, -1.7468967204857113}}, 
     {{-2.421126203123866, 1.3643449462671835, 0.9664753497436681}, 
      {-0.9522557195994934, 3.6737480314178717, -3.3303355864955417}, 
      {1.314051896580113, -0.9307514511308268, -1.7371691807791296}}, 
     {{-3.1974861473520484, 1.96905444486424, 0.9623361424542499}, 
      {-0.09856849827290126, 4.085982708518122, -3.335617566259329}, 
      {1.1572165810475392, -1.2588062238224296, -1.7277479937259252}}, 
     {{-3.9125183204653915, 2.6669241031509654, 0.9577699102994193}, 
      {0.851284520746648, 4.276866063361158, -3.3400181371161715}, 
      {0.9974483923422196, -1.5951138722713463, -1.718781190714252}}, 
     {{-4.524425226800707, 3.4408904773642948, 0.9529394440687733}, 
      {1.8406542505650467, 4.215872204281969, -3.343507619578731}, 
      {0.8269751807235639, -1.942942628196448, -1.7104612420210448}}, 
     {{-4.993911239880216, 4.264528175707721, 0.9480863852773329}, 
      {2.803397074774974, 3.886590084685217, -3.346119339888005}, 
      {0.6356723861648146, -2.3013266037371136, -1.7029964629203305}}, 
     {{-5.2878861585188845, 5.103358067543946, 0.9434685408772844}, 
      {3.6669099009445842, 3.2901647480609086, -3.3479229620171975}, 
      {0.4128221564143899, -2.664259567768421, -1.69657499639109}}, 
     {{-5.382718073057327, 5.917117382100416, 0.9393065558110398}, 
      {4.3565903346323225, 2.448320159718024, -3.34900865878714}, 
      {0.14906422732280164, -3.0207478431839916, -1.6913273145549041}}, 
     {{-5.2667003394586, 6.662718492763316, 0.9357549666275948}, 
      {4.8018820015797425, 1.4053510815737689, -3.3494879096293637}, 
      {-0.1618224989718943, -3.3556962762834273, -1.6872964745292343}}, 
     {{-4.941369543398631, 7.297590999906556, 0.9329010795313528}, 
      {4.943522815391177, 0.2281372351852809, -3.3495083386767273}, 
      {-0.5216229656110665, -3.651421783656716, -1.6844221583856276}}, 
     {{-4.421633478373986, 7.783102191594219, 0.9307858848534711}, 
      {4.74143893901422, -0.9963953759843706, -3.349272694910829}, 
      {-0.9269878536795066, -3.8894436748607197, -1.682542607473645}}, 
     {{-3.7346121189447277, 8.087696459694518, 0.9294320630252563}, 
      {4.182093592758823, -2.166854510996966, -3.349048561614203}, 
      {-1.369303109667529, -4.0522700106120775, -1.681412918942055}}, 
     {{-2.9174305577726245, 8.18950458820757, 0.9288616883181087}, 
      {3.284187831149518, -3.1759331461661984, -3.349157986475777}, 
      {-1.8350099617648339, -4.125000776800653, -1.680733119373334}}, 
     {{-2.01417720119883, 8.07812295347774, 0.9290915604541635}, 
      {2.101329978593171, -3.9213514080486402, -3.3499422765845517}, 
      {-2.3062412418857736, -4.096711414680591, -1.680178701400614}}, 
     {{-1.07242986335389, 7.7553893758265575, 0.9301034235538604}, 
      {0.7207111782738399, -4.318038239804987, -3.3517052452515976}, 
      {-2.7617897542011183, -3.961627269833241, -1.6794275958332645}}, 
     {{-0.1396887877226638, 7.235068704492573, 0.9317965393472553}, 
      {-0.742784276358976, -4.310044571651633, -3.3546445690398383}, 
      {-3.178410757580243, -3.720035241822498, -1.6781813878384182}}, 
     {{0.7399128844541341, 6.541450485994129, 0.9339384872982234}, 
      {-2.15702980990023, -3.880235969288474, -3.3587852624122854}, 
      {-3.5324978718301283, -3.378883419529078, -1.67618264241694}}, 
     {{1.5283240431732206, 5.7070367090965926, 0.9361337466190949}, 
      {-3.3866835601148026, -3.056019217443607, -3.363931713042761}, 
      {-3.8020923918167977, -2.9518855279650333, -1.6732314511073376}}, 
     {{2.195511286160322, 4.7695999442107615, 0.9378278945102029}, 
      {-4.309222415035706, -1.909628983698937, -3.3696535450634255}, 
      {-3.969045514071718, -2.45895202261455, -1.6692037669777777}}, 
     {{2.720472874270712, 3.7689925489942397, 0.9383579004786564}, 
      {-4.830725850202589, -0.5523734984626851, -3.375315939423029}, 
      {-4.020994611101868, -1.9248830058351547, -1.6640713785866283}}, 
     {{3.0913104097725705, 2.744082239155063, 0.9370478769912648}, 
      {-4.898961732738435, 0.8769941677031918, -3.3801563721062418}, 
      {-3.9529065422520238, -1.3774331828577404, -1.6579209224160267}}, 
     {{3.304430774007868, 1.7302145040048154, 0.9333344851727956}, 
      {-4.51158870094546, 2.2283907013723976, -3.3833980033476934}, 
      {-3.767830998582649, -0.8449593043833866, -1.6509658993561027}}, 
     {{3.363103873014869, 0.7574207372546149, 0.926897284720554}, 
      {-3.7178653500469885, 3.358882644581056, -3.3843803935078225}, 
      {-3.476774660920716, -0.3539856653081042, -1.6435463087437345}}, 
     {{3.2756191753034996, -0.15046574117546466, 0.9177654795021717}, 
      {-2.613340239692171, 4.150842240731802, -3.382681830234574}, 
      {-3.097786516193866, 0.07298932597605809, -1.6361130667986008}}, 
     {{3.0534461551385927, -0.9758052523707307, 0.9063725360878335}, 
      {-1.3280557887629834, 4.527069174649386, -3.3782071588996945}, 
      {-2.654354837641347, 0.41915597949791805, -1.6291947947191425}}, 
     {{2.709692522957852, -1.706400612060142, 0.8935438532524373}, 
      {-0.009845793499385917, 4.4605722674696135, -3.37122200990745}, 
      {-2.1734374531110108, 0.6745119219309227, -1.623351260875992}}, 
     {{2.2581538921791204, -2.3342080826495293, 0.8804122591007144}, 
      {1.1948812951017165, 3.977569662525142, -3.362324152788786}, 
      {-1.6833035947389805, 0.8363589176829355, -1.6191175238429305}}, 
     {{1.7130702175726906, -2.853827046407115, 0.8682712308287963}, 
      {2.1601762810338814, 3.1530950352710256, -3.3523547497184785}, 
      {-1.211374743734529, 0.909227491261493, -1.6169458986413203}}, 
     {{1.089550553560661, -3.2610681146257927, 0.8583884261745612}, 
      {2.796622586530555, 2.099900217796761, -3.3422647260195957}, 
      {-0.782183735987073, 0.9043107629085996, -1.6171531176859675}}, 
     {{0.4044766707125796, -3.5519058285352356, 0.851810593694842}, 
      {3.062126343135305, 0.9521720478382059, -3.3329609297638862}, 
      {-0.41555401564845595, 0.8383681578145248, -1.6198790814619595}}, 
     {{-0.322436279710597, -3.7220597561852915, 0.8491955107087191}, 
      {2.9657891006121884, -0.15359158473068835, -3.325162012917685}, 
      {-0.12520801625315486, 0.7321450682808478, -1.625062915322036}}, 
     {{-1.0677561498647985, -3.7672961508671294, 0.8507031732488766}, 
      {2.564315294003084, -1.0977278741676204, -3.3192927417337277}, 
      {0.08207137587743175, 0.608450876520808, -1.6324398490461511}}, 
     {{-1.8039627161163165, -3.684486418184821, 0.8559686859160297}, 
      {1.951357554833425, -1.7936682071014167, -3.3154372750622145}, 
      {0.20660668850181113, 0.49001139711475034, -1.641560828384818}}, 
     {{-2.499800634314559, -3.473207259500467, 0.864162779368272}, 
      {1.2415536570650327, -2.1987361480083987, -3.313358087283253}, 
      {0.25527593681518235, 0.3974142900450179, -1.6518341096160216}}, 
     {{-3.121470161353025, -3.1375972879573024, 0.8741301608082667}, 
      {0.5516730215958324, -2.3178682442186918, -3.312573342952651}, 
      {0.24033883442663412, 0.34736324447610273, -1.662586235386617}}, 
     {{-3.634612104995149, -2.6880835678895796, 0.8845779097600375}, 
      {-0.017949511676450664, -2.1995434578801816, -3.3124720485948203}, 
      {0.17784676038363129, 0.351477391692102, -1.6731352786962188}}, 
     {{-4.006937385664344, -2.1425611847284607, 0.8942808890411915}, 
      {-0.3986436592749294, -1.9247953498897257, -3.3124420005220667}, 
      {0.0858884581766607, 0.41565968205705206, -1.682868306050127}}, 
     {{-4.211218793703036, -1.5266947822720296, 0.9022639963826941}, 
      {-0.5627680572804623, -1.5912101926940019, -3.3119828716225603}, 
      {-0.01715264614813357, 0.5400860766384971, -1.6913105422911365}}, 
     {{-4.228312766931279, -0.873162218090242, 0.9079296708373256}, 
      {-0.5256941385843976, -1.2947870769928764, -3.3107839157545604}, 
      {-0.11412311912499205, 0.7196510219138215, -1.6981751726137655}}, 
     {{-4.049829555661368, -0.21980425831795747, 0.9111073227091593}, 
      {-0.34032050035169353, -1.1128748378531654, -3.3087528474630177}, 
      {-0.19039820002815186, 0.9448247594662523, -1.7033838927771423}}, 
     {{-3.6800658227614576, 0.3931359501312835, 0.9120193988260473}, 
      {-0.08524867197799131, -1.0910956515628998, -3.305994933170887}, 
      {-0.23488217864507113, 1.2027926100093926, -1.7070538831861608}}, 
     {{-3.1368879930826625, 0.9264046838918274, 0.911176882437993}, 
      {0.15103710886175387, -1.2364563125470074, -3.302752216860836}, 
      {-0.2406658517949823, 1.4788476228925769, -1.70945408310816}}, 
     {{-2.451332172407099, 1.3453119052130251, 0.9092317913610893}, 
      {0.28712550537560183, -1.517542886944475, -3.2993220424782086}, 
      {-0.2052949770059812, 1.7579334522450565, -1.7109391664138833}}, 
     {{-1.6658660207155083, 1.623111010494288, 0.9068228408392346}, 
      {0.2637065119528918, -1.871550178495197, -3.2959781843116818}, 
      {-0.13049098586430238, 2.0261941527711245, -1.711874074058556}}, 
     {{-0.8314073251759416, 1.7437402387830934, 0.904448085640258}, 
      {0.0542166613692451, -2.216611290414171, -3.292914735500418}, 
      {-0.02134998820270366, 2.2722821185865945, -1.7125627676708424}}, 
     {{-0.003382958086581439, 1.703600949905047, 0.9023873345117556}, 
      {-0.33059131537914566, -2.4671270777473557, -3.2902240110006793}, 
      {0.11490422194599992, 2.488186568181446, -1.7131927410420786}}, 
     {{0.7627784943273759, 1.512144151230569, 0.9006820436750234}, 
      {-0.8446836146381356, -2.549372230879797, -3.2879083793016766}, 
      {0.27038314063119134, 2.669413040686358, -1.713803081904349}}, 
     {{1.4162023347964308, 1.1911284834758693, 0.8991677643939542}, 
      {-1.4148767183563877, -2.4146844711995694, -3.2859166812692706}, 
      {0.4379260109628784, 2.8144617264175604, -1.714280500655686}}, 
     {{1.9147370390882732, 0.7726146153471183, 0.8975432253237902}, 
      {-1.953338098907257, -2.0481509445534094, -3.284189060609081}, 
      {0.6121115091593747, 2.9237580664820517, -1.7143835822457119}}, 
     {{2.228256009267076, 0.2958445522843109, 0.895458409169136}, 
      {-2.3724052398003255, -1.4714530470706866, -3.282695863586946}, 
      {0.7896551393068891, 2.9982981911222986, -1.713791963113192}}, 
     {{2.3408262180941066, -0.19663230854689723, 0.8926020545522665}, 
      {-2.5990372306882428, -0.7395936352484469, -3.281458101815744}, 
      {0.9691705629767751, 3.0383515239174175, -1.7121733702675246}}, 
     {{2.2515278813748, -0.6631606991126355, 0.8887739695205117}, 
      {-2.5866171581925337, 0.06771148642856241, -3.2805451673910935}, 
      {1.1504244920393079, 3.042539077157888, -1.7092582196604191}}, 
     {{1.973878321612067, -1.0670126735160979, 0.8839307602171689}, 
      {-2.322255590320915, 0.858439585319461, -3.280052635315393}, 
      {1.3332786650080817, 3.0074506772758154, -1.704907542432779}}, 
     {{1.5339630559970856, -1.3797779736805043, 0.8782006155249696}, 
      {-1.828592714189988, 1.542268894760102, -3.280068932179368}, 
      {1.5166133529071324, 2.927850276483422, -1.6991611008766039}}, 
     {{0.9674961419711735, -1.5837443867568106, 0.8718706968303144}, 
      {-1.1600643175689944, 2.043928598846473, -3.280645289198514}, 
      {1.6974197989550361, 2.7973509534768204, -1.692254825162805}}, 
     {{0.31611701606673465, -1.6730151350554436, 0.8653540425731351}, 
      {-0.3944199844440173, 2.313863267042985, -3.281780382417639}, 
      {1.8701662101317307, 2.609414749585383, -1.6846030776865002}}, 
     {{-0.3766258898714822, -1.6533202165499865, 0.8591460457160163}, 
      {0.37892276237908795, 2.3346194683725057, -3.283426865504365}, 
      {2.0264899092428466, 2.3585025282098355, -1.6767485977426553}}, 
     {{-1.069185412407535, -1.540621482728351, 0.8537786116998819}, 
      {1.071823550863341, 2.1222759572557712, -3.2855172305037037}, 
      {2.1551767807874542, 2.041264015333838, -1.6692907987271806}}, 
     {{-1.7253457795839555, -1.3587030393663206, 0.8497760302250531}, 
      {1.609608094857421, 1.722944491037743, -3.2879998724643857}, 
      {2.242512120805252, 1.6577127290488796, -1.6628055752916717}}, 
     {{-2.3166224595747247, -1.1361320328929365, 0.8476144774063168}, 
      {1.9407777658633099, 1.2051091908401657, -3.29087229282462}, 
      {2.2729515909025353, 1.212298250951235, -1.6577716021127011}}, 
     {{-2.8235249333443107, -0.9028806651400071, 0.847684711955729}, 
      {2.042955352607189, 0.6491617096172331, -3.294199599389586}, 
      {2.230267800145373, 0.7147774911784263, -1.6545145300971478}}, 
     {{-3.2356405541859643, -0.6870317940932731, 0.8502586527063762}, 
      {1.9244150930122517, 0.13588032722092172, -3.2981116193336284}, 
      {2.099110370963355, 0.18074560090080666, -1.6531764509037534}}, 
     {{-3.550637781140463, -0.511923125399287, 0.8554617725118299}, 
      {1.6212976957858358, -0.26450200052227735, -3.3027769597392527}, 
      {1.8669444000005406, -0.36837516566341466, -1.6537142303035821}}, 
     {{-3.772487757200026, -0.3940548150984223, 0.8632528651112175}, 
      {1.19118792978997, -0.5010587273181354, -3.3083579936954313}, 
      {1.5261418897764751, -0.9060049026316436, -1.6559242889467902}}, 
     {{-3.9092248576721462, -0.34199253763288323, 0.8734152541387533}, 
      {0.7042576783599944, -0.5477013332457906, -3.3149546214379595}, 
      {1.075956939063594, -1.4018354911457835, -1.6594900502317977}}, 
     {{-3.9706076789614286, -0.3563672959910915, 0.8855620796762699}, 
      {0.23347463365989105, -0.4049970407937246, -3.322549352873871}, 
      {0.5240816009126401, -1.8239452251535477, -1.664042144333402}}, 
     {{-3.966028600030434, -0.43099375077601426, 0.8991592781155303}, 
      {-0.15475764065972059, -0.09838871035946821, -3.330967390932088}, 
      {-0.11252081374244222, -2.1414584399151106, -1.6692213047144457}}, 
     {{-3.9029325097891956, -0.5548686355516377, 0.9135676683262527}, 
      {-0.40825453694193764, 0.3265340738931304, -3.3398654431574295}, 
      {-0.8076940032011839, -2.327504097253217, -1.674731642699828}}, 
     {{-3.7859180179232816, -0.714715294290218, 0.928101470964543}, 
      {-0.4942610700337548, 0.8107494812875942, -3.3487566571074536}, 
      {-1.5272047895607104, -2.362096340050223, -1.6803742313880907}}, 
     {{-3.616632544330101, -0.897677980503119, 0.9420965519488247}, 
      {-0.4018940702557643, 1.2893580831572227, -3.357070370895044}, 
      {-2.2308568307331957, -2.234683420604048, -1.6860555985847838}}, 
     {{-3.3944837286630514, -1.09371417763525, 0.9549776853956148}, 
      {-0.14198721243807155, 1.6990345769197543, -3.3642359613187565}, 
      {-2.8754307401083006, -1.945960380000788, -1.69177114160786}}, 
     {{-3.1180491563857116, -1.2973009150369754, 0.966313944130921}, 
      {0.2552857873106517, 1.9845618994101333, -3.3697729601015136}, 
      {-3.418225093115006, -1.5087079711490003, -1.6975704015604127}}, 
     {{-2.786992848592299, -1.5082343254868968, 0.9758515441446843}, 
      {0.7443759316486417, 2.103972944429151, -3.3733677305273013}, 
      {-3.8207407148876613, -0.9474925718317825, -1.7035132311483896}}, 
     {{-2.4041423442103547, -1.7313772873417244, 0.9835178956502354}, 
      {1.2693732616831002, 2.0320930742855157, -3.3749196065796605}, 
      {-4.052157968820459, -0.29718492923872974, -1.7096277066015817}}, 
     {{-1.97737497931656, -1.975463771873646, 0.9893962004513958}, 
      {1.769525428073622, 1.7623907139111825, -3.374546983467617}, 
      {-4.092166686265388, 0.39953658360790906, -1.7158786345147836}}, 
     {{-1.5208468612275319, -2.2510825385866924, 0.9936737175422543}, 
      {2.1847889178239948, 1.3072571707114802, -3.372552201577898}, 
      {-3.9328422852529163, 1.0954548717881698, -1.7221509334953602}}, 
     {{-1.0553126155317654, -2.5681810057803975, 0.9965745370690886}, 
      {2.4611143673130584, 0.6968367094033214, -3.3693526236115408}, 
      {-3.5794524499293088, 1.7424974764837657, -1.72825133098855}}, 
     {{-0.6072402095195362, -2.9334143951778247, 0.9982924895103136}, 
      {2.555134458686884, -0.02342239315208713, -3.365395018611089}, 
      {-3.050083047237577, 2.295442885930745, -1.7339268884302301}}, 
     {{-0.20682360339522918, -3.347740841805475, 0.9989412134291634}, 
      {2.4380358455916356, -0.7962910886527885, -3.3610723173331474}, 
      {-2.374286953137619, 2.7153621931483514, -1.7388983136270204}}, 
     {{0.11498105165707506, -3.804663460739713, 0.9985363602275902}, 
      {2.098478116469748, -1.557158798090819, -3.3566628295626884}, 
      {-1.5908555177109154, 2.9724872024263234, -1.7429029481959064}}, 
     {{0.32997824828703926, -4.289431415657271, 0.9970143179538015}, 
      {1.5443313544008177, -2.2391037534379015, -3.3523040053188384}, 
      {-0.744965111415803, 3.048346747209227, -1.7457397301659683}}, 
     {{0.41631422901522447, -4.77944104115364, 0.994281518799248}, 
      {0.8030865787945726, -2.77842744323914, -3.348003767447437}, 
      {0.11508575098253615, 2.9370254107996776, -1.7473071688828146}}, 
     {{0.361607199991261, -5.245866753887813, 0.9902774739949157}, 
      {-0.07921454059152587, -3.120378786419375, -3.3436817020597593}, 
      {0.9413319577312259, 2.645447422195709, -1.7476251894661599}}, 
     {{0.16519103752242878, -5.656386173552075, 0.985031021630499}, 
      {-1.0407168913708098, -3.2246691596751154, -3.339226255936235}, 
      {1.6895338930506474, 2.1926592258894395, -1.7468341832252683}}, 
     {{-0.16092712694948064, -5.978652070932083, 0.9786917806239189}, 
      {-2.008271849445378, -3.0703046688233604, -3.3345513943931486}, 
      {2.3222325793595213, 1.6081062350877389, -1.7451698037617756}}}
avgspins = {{{4.022607940463728, -2.047910335749052, 6.300271746251768}, 
      {-2.2193787177966624, -0.9291143542801001, -6.669340340237537}, 
      {-3.7110244308613263, 0.3949872683157846, 2.9357560557422664}}, 
     {{4.48964527806092, -2.1020388952552627, 6.306672614993109}, 
      {-2.2750227639275007, -0.07450620898106855, -6.673378970074468}, 
      {-3.632762934842293, 0.7595167725646245, 2.933393816837858}}, 
     {{4.92173489603634, -2.102481015790591, 6.31224816416049}, 
      {-2.034588358514486, 0.6696169186087935, -6.676358261633771}, 
      {-3.4880003847675436, 1.0640825291360552, 2.930797559229777}}, 
     {{5.299546909321402, -2.0532500618562195, 6.316764687905896}, 
      {-1.582200763839406, 1.2122291739495008, -6.6785128005032695}, 
      {-3.294906676780952, 1.309793923970163, 2.9284355743538675}}, 
     {{5.60706026713784, -1.9613511955368161, 6.320019763196131}, 
      {-1.0245212725989163, 1.5075077235233632, -6.68008540293996}, 
      {-3.069039138433297, 1.5030467307088993, 2.926753101500327}}, 
     {{5.832438152277474, -1.8361665349824696, 6.321884566318019}, 
      {-0.46984933579781685, 1.5572278451943664, -6.6812989824571725}, 
      {-2.822046811365993, 1.6538149032026226, 2.92610187789565}}, 
     {{5.968583492142952, -1.6887068908472, 6.322345338905704}, 
      {-0.009291124716420561, 1.4045274790404314, -6.682340748350578}, 
      {-2.5610316810136178, 1.7736333097802377, 2.9266828712013697}}, 
     {{6.0133902555363745, -1.530788677579565, 6.321532625458035}, 
      {0.2968763457703182, 1.1211329951085744, -6.68335862368725}, 
      {-2.28863430821041, 1.8735581655266171, 2.9285134599857123}}, 
     {{5.969677275141116, -1.3741799173516815, 6.319727611353608}, 
      {0.42583726495076, 0.791081811189993, -6.684465326053544}, 
      {-2.0038031433485592, 1.9623348763940665, 2.9314251764564316}}, 
     {{5.8448144097001355, -1.2297511720025234, 6.317339230907402}, 
      {0.3915024591674785, 0.49421874226113927, -6.685743893222785}, 
      {-1.703101287884632, 2.0450642170865048, 2.9350921240718786}}, 
     {{5.650009517159066, -1.1066809558355482, 6.314852555434605}, 
      {0.23736358162451568, 0.2923843080522279, -6.68724937408994}, 
      {-1.3823497733043677, 2.122477082061026, 2.9390842804118336}}, 
     {{5.39927901004352, -1.011792560273362, 6.31275631332706}, 
      {0.0249621079734108, 0.2205308431240288, -6.689004840421266}, 
      {-1.0383541459154633, 2.190947344816968, 2.942935988850703}}, 
     {{5.108134649198449, -0.9491373775535531, 6.311462893216417}, 
      {-0.17936568769433794, 0.283743153930716, -6.690993959609584}, 
      {-0.6704463085541827, 2.2431828538847296, 2.946218528149665}}, 
     {{4.792096754191198, -0.919871228011904, 6.311235491706666}, 
      {-0.31678155270981084, 0.46001195334247036, -6.693153265039426}, 
      {-0.2816139752983467, 2.2694870874460857, 2.948605235089255}}, 
     {{4.465220043581259, -0.9225089461865793, 6.312135985302086}, 
      {-0.34498086752992563, 0.7072536393141924, -6.695368584293415}, 
      {0.1209372195301156, 2.259411803689876, 2.9499200607478255}}, 
     {{4.138821564438299, -0.9535191959360279, 6.314002326593839}, 
      {-0.2429951193977377, 0.9724859517146873, -6.697477242736741}, 
      {0.5258894673809341, 2.203544324569563, 2.950162377899401}}, 
     {{3.8205979185692875, -1.0081296395919488, 6.316461969474595}, 
      {-0.011741226620609821, 1.2009356639226014, -6.699278150753392}, 
      {0.918566405644579, 2.0952017065433073, 2.949503643035292}}, 
     {{3.514266573304789, -1.0812385758507908, 6.318979854075323}, 
      {0.32863276510846123, 1.34352826201547, -6.700550146228888}, 
      {1.2822532090655454, 1.9317984717899703, 2.948257753910064}}, 
     {{3.219756874727621, -1.1681858481939906, 6.32093665457989}, 
      {0.7431145309481367, 1.3619664793098887, -6.701078124512741}, 
      {1.5999345077946425, 1.7156814107556557, 2.946828931689347}}, 
     {{2.93386436453264, -1.265286385534155, 6.321724652882758}, 
      {1.1866952171511584, 1.231615025751985, -6.700684271058093}, 
      {1.8562170654173322, 1.4543329734563304, 2.94564707993183}}, 
     {{2.6512354239586617, -1.3700125665220082, 6.32084377980329}, 
      {1.6088063100399557, 0.9427188045189732, -6.699258750138914}, 
      {2.039198000092155, 1.159892197891742, 2.945102432092118}}, 
     {{2.365466349361918, -1.48086182676183, 6.3179782596655425}, 
      {1.9572329734487828, 0.5006828415609094, -6.696781340864101}, 
      {2.1420494991403904, 0.8480234012997959, 2.945490542955054}}, 
     {{2.0701846898893375, -1.5970061543090361, 6.313037270008261}, 
      {2.181489641404283, -0.07395629317958644, -6.693326782428226}, 
      {2.1640897191337007, 0.5362478902042216, 2.946976974176464}}, 
     {{1.759965321895271, -1.717867616619923, 6.306151760901768}, 
      {2.2362418714545322, -0.7456810716458371, -6.689050129197182}, 
      {2.111183569618367, 0.24196657291102366, 2.949585830051912}}, 
     {{1.4310934103842516, -1.8427683245387283, 6.2976311527548186}, 
      {2.085199971496079, -1.4643581491969604, -6.684155447656531}, 
      {1.9954005115088307, -0.01961573686825036, 2.953211756658207}}, 
     {{1.0821584901711254, -1.9707111763314027, 6.287893603042381}, 
      {1.7058968494387914, -2.1664408582206844, -6.678856097094007}, 
      {1.8339102622555934, -0.23739100419548292, 2.9576499558081233}}, 
     {{0.714548930618917, -2.1003204418179373, 6.2773870453278375}, 
      {1.095251234391324, -2.7779354319484595, -6.6733372417332655}, 
      {1.647253279820315, -0.4058045477062281, 2.962637658161923}}, 
     {{0.3328237651267621, -2.229850667342612, 6.266518372984391}, 
      {0.2749889633624416, -3.220135769309714, -6.667728718831217}, 
      {1.4571421654896175, -0.5256749541744944, 2.967897807603325}}, 
     {{-0.055032927907314795, -2.3572039166213097, 6.255601546632735}, 
      {-0.7045718337819924, -3.4185023050677374, -6.662092308945412}, 
      {1.2840304688848994, -0.6042443662603513, 2.9731782240691773}}, 
     {{-0.43758548042838086, -2.4798571577319484, 6.244832549030679}, 
      {-1.7644106526750243, -3.314159230530064, -6.656424530536555}, 
      {1.1447682013971616, -0.6543940411753661, 2.9782794432623727}}, 
     {{-0.8002052191455453, -2.5947030257888115, 6.234291670414657}, 
      {-2.801994803781377, -2.8761350272816726, -6.650672563811969}, 
      {1.0505728383844488, -0.6931098667301432, 2.983068355153808}}, 
     {{-1.1256960611153313, -2.6978193743544003, 6.223972138176032}, 
      {-3.702246174422769, -2.1115208811347306, -6.644761630528684}, 
      {1.0056416802896446, -0.7393435777172516, 2.98747695410915}}, 
     {{-1.3953038903720465, -2.784275981966742, 6.213829144699869}, 
      {-4.353108039091435, -1.0707313497723607, -6.638629750965676}, 
      {1.0065143411512347, -0.8115233514521795, 2.9914880680223077}}, 
     {{-1.590040078813381, -2.8480541520151377, 6.203838917107018}, 
      {-4.663212101868193, 0.15431293833822285, -6.632264250257451}, 
      {1.0423604937425346, -0.9249772793040628, 2.9951127949069307}}, 
     {{-1.6922164905848274, -2.8821771139778485, 6.194053320888168}, 
      {-4.5781688638817775, 1.439573541124407, -6.625731174727108}, 
      {1.0961377937041086, -1.089605884968149, 2.9983653155954357}}, 
     {{-1.687018603164919, -2.8790635112208975, 6.184635350838231}, 
      {-4.092202881258685, 2.644823729339137, -6.61918863704811}, 
      {1.1465572241447428, -1.308074266910281, 3.001240747966378}}, 
     {{-1.563964892330622, -2.8310888306085342, 6.175862589062783}, 
      {-3.252647389272408, 3.633685624469043, -6.612877392048743}, 
      {1.1706006089728955, -1.5747616490190337, 3.003702264742456}}, 
     {{-1.318100866413209, -2.7312927659697404, 6.168095606548635}, 
      {-2.1559786345456775, 4.294592963721643, -6.607088836626335}, 
      {1.1463697429393684, -1.8756278850310353, 3.0056806918341965}}, 
     {{-0.9508284442921361, -2.5741426409625996, 6.161716836857487}, 
      {-0.9355096700248793, 4.5591015778740696, -6.602117166360122}, 
      {1.0559200994790676, -2.189015714637549, 3.0070877912591305}}, 
     {{-0.4703163410192087, -2.3562732392991417, 6.157053237001455}, 
      {0.2579370286148825, 4.414354067170389, -6.598207562853305}, 
      {0.8877620002826234, -2.487367286814671, 3.007841787608345}}, 
     {{0.10854286128499067, -2.0771517492613927, 6.154301466602508}, 
      {1.2795434571730107, 3.906859638525148, -6.595512385901031}, 
      {0.6387589565433466, -2.739679930652823, 3.0078983810550195}}, 
     {{0.764641802458396, -1.739586367288924, 6.153471224100298}, 
      {2.014417496000835, 3.136148566288084, -6.594064504153812}, 
      {0.31519581950581954, -2.9144617402972823, 3.007280741810009}}, 
     {{1.4716134337558626, -1.3500468259344167, 6.154359772528678}, 
      {2.397379620096478, 2.2385962410782136, -6.59377111050222}, 
      {-0.06712794426181186, -2.982901578733272, 3.0060987997300406}}, 
     {{2.1991987789347633, -0.9187305021792324, 6.156562136528431}, 
      {2.424417756321842, 1.3637746909746933, -6.594426988935976}, 
      {-0.48376008499067336, -2.9219432194567716, 3.0045523141640444}}, 
     {{2.914951676525706, -0.4593494953790782, 6.159515927661233}, 
      {2.1530416578161344, 0.647622056801596, -6.595743670690755}, 
      {-0.9033991338500946, -2.716944763285355, 3.0029152047860177}}, 
     {{3.586153333777614, 0.011425281190662233, 6.162572336964396}, 
      {1.6910150670724213, 0.18774017864825576, -6.597388765047292}, 
      {-1.2904274540955627, -2.363700660285791, 3.0015038898393933}}, 
     {{4.181785694257331, 0.4748176260557672, 6.165080663648387}, 
      {1.175444311171091, 0.02567321632244349, -6.599029522151341}, 
      {-1.6079814660953813, -1.8695850522287936, 3.000636320259452}}, 
     {{4.674410313432255, 0.9110491064706202, 6.166471323874169}, 
      {0.7463148241703766, 0.13979609313258062, -6.600374510160474}, 
      {-1.8212712645476479, -1.2537184920613262, 3.0005906480428033}}, 
     {{5.041759762554871, 1.3006146999809611, 6.166321755634798}, 
      {0.5194194416931709, 0.44997163570551896, -6.601206078544142}, 
      {-1.9008452108271523, -0.5461066023707468, 3.001571784665841}}, 
     {{5.267983899057521, 1.625592192574899, 6.164395231676871}, 
      {0.5637492075460947, 0.8330967667772172, -6.6013989807690745}, 
      {-1.8255259790110088, 0.2142001253580837, 3.0036912108487033}}, 
     {{5.34442145555997, 1.8708695695080542, 6.16064657003588}, 
      {0.8872771191452068, 1.1467185932440973, -6.600922849816847}, 
      {-1.5847312213913995, 0.9817928421068527, 3.0069637415374646}}, 
     {{5.269928091717363, 2.0251896697006595, 6.155199665386685}, 
      {1.4337124065750433, 1.2565827224554738, -6.599830395174771}, 
      {-1.1799455028203854, 1.7082229570602017, 3.0113181915445844}}, 
     {{5.050738215722002, 2.0819100384364293, 6.148304338782523}, 
      {2.090994367692774, 1.0634300715603457, -6.598236168910524}, 
      {-0.6252260737559902, 2.345706081673217, 3.0166192918844965}}, 
     {{4.69993412706117, 2.0394778512046763, 6.140286306036288}, 
      {2.71032724199659, 0.5241972503675818, -6.596292275063351}, 
      {0.05340369385526637, 2.8508676814453175, 3.0226934307835576}}, 
     {{4.236547213082669, 1.9015535126979337, 6.131502196144354}, 
      {3.132831295220709, -0.33630353519784073, -6.594166495967089}, 
      {0.8195800123778368, 3.188235329226091, 3.0293517615792354}}, 
     {{3.6843723084140336, 1.6768165139979865, 6.122308881067287}, 
      {3.219062503083901, -1.425924343311708, -6.592025847891907}, 
      {1.629177829252617, 3.3331649919838005, 3.03640442858112}}, 
     {{3.070558001013135, 1.3784504507019442, 6.113051376060007}, 
      {2.876071447789097, -2.5981286362872202, -6.590027078296713}, 
      {2.433640074075584, 3.2738912793912784, 3.0436631639932052}}, 
     {{2.424068874939189, 1.0233358399228656, 6.10406812315927}, 
      {2.076719614585944, -3.675329227404226, -6.588312193357703}, 
      {3.1837322278411535, 3.012551490386851, 3.0509315319549306}}, 
     {{1.774124655458035, 0.630981431042053, 6.095706315575809}, 
      {0.8676549291630253, -4.478222366496616, -6.587008311018444}, 
      {3.83343490608328, 2.565012595742309, 3.0579894571991346}}, 
     {{1.1487114300935657, 0.2222610920505963, 6.088338995791234}, 
      {-0.6355665517181359, -4.855782304544853, -6.5862282667274945}, 
      {4.34356342612906, 1.959564175126905, 3.0645767326927578}}, 
     {{0.5733087780753012, -0.18193953816635508, 6.082371131225491}, 
      {-2.2649307623517085, -4.710513902896776, -6.586070151147755}, 
      {4.684805086269226, 1.23450522349242, 3.0703864816787614}}, 
     {{0.06983946513652947, -0.5620700110581447, 6.0782286613159}, 
      {-3.8249896219445505, -4.014792710409701, -6.5866131251559015}, 
      {4.839850227071352, 0.43496124136310416, 3.075071925596497}}, 
     {{-0.3440487747995031, -0.9011067599526177, 6.0763252168700745}, 
      {-5.121823468236018, -2.8159488283738283, -6.587909123079348}, 
      {4.8044574354096605, -0.390840755930488, 3.0782713679657716}}, 
     {{-0.6554493192862426, -1.1855035974450683, 6.077010910434017}, 
      {-5.99134485319264, -1.2297280761561973, -6.58997173912138}, 
      {4.587341669981682, -1.1954323792611252, 3.07964829044386}}, 
     {{-0.8564085455165785, -1.4058338935101515, 6.080511386458214}, 
      {-6.32242637554487, 0.576384023069237, -6.59276609136372}, 
      {4.2089569190461855, -1.9357126507069888, 3.078942166662001}}, 
     {{-0.9439304951501107, -1.557067237503899, 6.086870891416886}, 
      {-6.071648555712428, 2.4069843057167315, -6.596204529956507}, 
      {3.6993285257756954, -2.576014433960886, 3.0760211002961153}}, 
     {{-0.9198437691681017, -1.6385835264473467, 6.0959121846619135}, 
      {-5.26777781550451, 4.06585549475306, -6.600151853432188}, 
      {3.0951685998923653, -3.0903220352515413, 3.0709271305267736}}, 
     {{-0.790484590827838, -1.653872293628339, 6.107226292961388}, 
      {-4.005786141169561, 5.382104100571687, -6.604442257798604}, 
      {2.4366083259934372, -3.4635385614534924, 3.0639034265937144}}, 
     {{-0.5662254940029855, -1.610045186744397, 6.120197222157289}, 
      {-2.431883965854141, 6.231602896783399, -6.608905323328397}, 
      {1.7638456382575785, -3.6917175663218225, 3.0553955629276044}}, 
     {{-0.26080858753954006, -1.5171437831040064, 6.134062534073842}, 
      {-0.7223023172037891, 6.550868899233431, -6.613396140645406}, 
      {1.1140105632828687, -3.7813635471257006, 3.04602106832806}}, 
     {{0.10949495092411544, -1.3872799811159608, 6.148000718719977}, 
      {0.9407622481134478, 6.342005034004195, -6.617821734311773}, 
      {0.5184960788109373, -3.747892686866396, 3.0365084773482938}}, 
     {{0.5268896032073467, -1.2336230983438667, 6.161231833849388}, 
      {2.3925793753600044, 5.668650324399411, -6.622156962661851}, 
      {0.0009622079759390075, -3.6135236980852423, 3.027612590568961}}, 
     {{0.9730980145164224, -1.069240004175724, 6.17311211207708}, 
      {3.505616823162104, 4.644180872911336, -6.626444249760243}, 
      {-0.42391401501329007, -3.404767392633835, 3.02001959943966}}, 
     {{1.4304008313063077, -0.9058894168160837, 6.1832054782642265}, 
      {4.203343240123734, 3.414140890349552, -6.630776050789763}, 
      {-0.7508726411323192, -3.1498187110966693, 3.0142580342820344}}, 
     {{1.882511579682679, -0.7528098274150261, 6.191318444600113}, 
      {4.466700475314526, 2.13544859900434, -6.635262334443366}, 
      {-0.9837211586161819, -2.875985811705678, 3.0106313515997503}}, 
     {{2.315217913922018, -0.6157060566592701, 6.19749233697798}, 
      {4.332680514034994, 0.9551285731001729, -6.639989210516293}, 
      {-1.134295170046153, -2.6074458644078464, 3.0091843352948096}}, 
     {{2.7167617276637013, -0.49598916851566627, 6.201958283818888}, 
      {3.885554798702919, -0.008650723947278833, -6.644978259482203}, 
      {-1.220871035547696, -2.3633964075852543, 3.0097074374198107}}, 
     {{3.077921188758144, -0.39047226507041716, 6.205064508664362}, 
      {3.2419711265339433, -0.6807742678942993, -6.650155673504044}, 
      {-1.266138204469522, -2.15675719764991, 3.011778626596179}}, 
     {{3.391881519285017, -0.29155396091742697, 6.20719105390849}, 
      {2.5322236272797847, -1.0367815913806082, -6.655339732948914}, 
      {-1.29496430874796, -1.9934450132011132, 3.01483614079692}}, 
     {{3.6539419000082423, -0.18793480298608306, 6.208668153648502}, 
      {1.880391843626788, -1.1029829246551832, -6.660251587553189}, 
      {-1.3321002738570729, -1.8722963367031171, 3.01827089566118}}, 
     {{3.8611484755679064, -0.06580382794851947, 6.2097115544151515}, 
      {1.3861015887442443, -0.9493471938788268, -6.664550384863183}, 
      {-1.4000050123679824, -1.7855515214363404, 3.0215262922045283}}, 
     {{4.0119499531721745, 0.08959001108929789, 6.210386143082925}, 
      {1.1103693089986277, -0.6762961284439989, -6.667888758923979}, 
      {-1.5169330969732382, -1.7198684150422816, 3.0241900775975497}}, 
     {{4.105909410544941, 0.29215917622789006, 6.21060479486844}, 
      {1.067377416472088, -0.39732105051274347, -6.669979873956295}, 
      {-1.6954600629891938, -1.6577623289815058, 3.026062540844352}}, 
     {{4.143532532835373, 0.5531459897716579, 6.210162233780348}, 
      {1.2232711234904816, -0.21967266004488392, -6.670663668647834}, 
      {-1.9414502922415766, -1.5793366595006113, 3.0271888966239833}}, 
     {{4.126242669423169, 0.8794620255571267, 6.208798221857571}, 
      {1.5023317675720098, -0.2258304982743038, -6.669957089453479}, 
      {-2.253623123270877, -1.4641549745582416, 3.0278463293524043}}, 
     {{4.0564241439022215, 1.2723792769013278, 6.206276150539526}, 
      {1.8000780359545485, -0.458345533327012, -6.668075205027714}, 
      {-2.6236563742826102, -1.2930957876051496, 3.028486516244685}}, 
     {{3.9375722391229577, 1.7267086531267086, 6.20246026219083}, 
      {2.001687177662181, -0.9107995620404633, -6.665414948606474}, 
      {-3.036803731578304, -1.0500701678875404, 3.029642148172142}}, 
     {{3.7744074061643964, 2.230607023690981, 6.197373395035269}, 
      {2.0031058092385927, -1.5267349000858066, -6.662500894924728}, 
      {-3.472971730939555, -0.7234311312486316, 3.0318149616459547}}, 
     {{3.572941397265904, 2.7659878929591635, 6.191222787162091}, 
      {1.7314136522356411, -2.2074594070542455, -6.659901595280847}, 
      {-3.908128341058787, -0.3070406729430931, 3.035366269875257}}, 
     {{3.340414372161529, 3.309510786753409, 6.184388290137246}, 
      {1.160612968877859, -2.827832267509212, -6.658132666428604}, 
      {-4.315925463587344, 0.19910599005276355, 3.0404318380478563}}, 
     {{3.085127978886678, 3.8340463803442324, 6.177376424152464}, 
      {0.3198573682419134, -3.2576159588147715, -6.65756578096268}, 
      {-4.669433313159854, 0.7886640062427007, 3.0468768185667114}}, 
     {{2.816157431108706, 4.310456655163972, 6.170750199707301}, 
      {-0.7077273096193234, -3.3848171985989346, -6.658361796360678}, 
      {-4.942842172081031, 1.449148059206229, 3.054299058409873}}, 
     {{2.5430138080061058, 4.709553226841897, 6.1650483588286615}, 
      {-1.795713364948326, -3.136983458232911, -6.660441197911455}, 
      {-5.113072749581285, 2.1624986912985635, 3.0620803008392885}}, 
     {{2.275283718076287, 5.004090591152638, 6.1607090799277175}, 
      {-2.79303342009995, -2.4968573394758766, -6.663497405628226}, 
      {-5.161175510724363, 2.905993204947754, 3.0694757874570056}}, 
     {{2.0222902686813042, 5.1706447534088475, 6.158011003276826}, 
      {-3.547870253842492, -1.5095340371581971, -6.6670511105620545}, 
      {-5.073517177440085, 3.6533936521141137, 3.0757275690417236}}, 
     {{1.7927957631453106, 5.191293328423312, 6.157041676931984}, 
      {-3.9331552131055068, -0.2795793475098527, -6.670535828495416}, 
      {-4.842647910655865, 4.3763168154793535, 3.080181613319927}}, 
     {{1.594742137085809, 5.054970540863018, 6.157697479777426}, 
      {-3.8696362320704516, 1.042091026733508, -6.673399345178642}, 
      {-4.467848826276924, 5.045731505463218, 3.082389327157712}}, 
     {{1.43499924929801, 4.758462329840626, 6.159713972920677}, 
      {-3.3423724721475754, 2.280274525083435, -6.67520252666318}, 
      {-3.9553165564939734, 5.633524453267024, 3.0821760154990003}}, 
     {{1.3191206264759876, 4.306931035147723, 6.162718874476342}, 
      {-2.4071936554446944, 3.263268987551357, -6.675696248086546}, 
      {-3.317981141961607, 6.1140627581490365, 3.079664835366699}}, 
     {{1.2510895814821088, 3.7139500889594887, 6.166296103484721}, 
      {-1.185008602980768, 3.851898679716221, -6.674862942073597}, 
      {-2.574944087699431, 6.465636843342829, 3.0752543003453745}}, 
     {{1.2330770358602676, 3.001011869558188, 6.170048000281267}, 
      {0.1559325922081158, 3.964310996173464, -6.67291548192185}, 
      {-1.7505528676310589, 6.671737820311579, 3.0695549433970784}}, 
     {{1.2652354496118314, 2.196579433507426, 6.1736447492681465}, 
      {1.4271685054437324, 3.591412215665173, -6.670256174133896}, 
      {-0.8731352717176164, 6.722067003428733, 3.0632988866222473}}, 
     {{1.3455956847220845, 1.3346853009782957, 6.17685331946609}, 
      {2.4516608576861105, 2.7995227018542606, -6.667405616985101}, 
      {0.026497735335076513, 6.6131845747369535, 3.0572397592755096}}, 
     {{1.470081551556764, 0.45322434530599576, 6.179544506062098}, 
      {3.0938424001606433, 1.719252166971872, -6.664917075504003}, 
      {0.916758142726763, 6.348762761345419, 3.0520600311984025}}, 
     {{1.6326402521550336, -0.40797527382637394, 6.181679369446693}, 
      {3.2822457499685957, 0.5227261372818894, -6.663292116961689}, 
      {1.7670416872625603, 5.93939244844263, 3.0483002092714946}}, 
     {{1.825551231732855, -1.2091790134692815, 6.183281669563062}, 
      {3.0203628795699777, -0.6065488085375689, -6.662912756167873}, 
      {2.54942320052719, 5.401938568129335, 3.0463185483613096}}, 
     {{2.0397838137192243, -1.9127984758624434, 6.184403480346315}, 
      {2.3839120915224425, -1.5053447156023514, -6.6640008701792}, 
      {3.2401578861735367, 4.7584953684635725, 3.046284851589383}}, 
     {{2.265483372684027, -2.4853680597260275, 6.185094321079519}, 
      {1.5051788595339737, -2.0580844237943956, -6.666610981567929}, 
      {3.820886955192283, 4.034974750615446, 3.0482041222449094}}, 
     {{2.4925195489046943, -2.8994079160981623, 6.185380987272133}, 
      {0.5476485340493424, -2.214980568515851, -6.670655990515873}, 
      {4.279421231819883, 3.2594706371707773, 3.0519624650002384}}, 
     {{2.7110941592192734, -3.1350505301716343, 6.185263137711236}, 
      {-0.324370958189898, -1.9977021491766438, -6.67595832217666}, 
      {4.61007525301293, 2.4604951921448803, 3.057382646221921}}, 
     {{2.9124447237397146, -3.1813317029285577, 6.184724397004321}, 
      {-0.9753679143891205, -1.4918035429206618, -6.682312150772638}, 
      {4.813532390704583, 1.665238333872773, 3.064275215524815}}, 
     {{3.089553780127625, -3.037013955461463, 6.18375285006553}, 
      {-1.3219203675025177, -0.8274169365671445, -6.68953952428541}, 
      {4.896250223795264, 0.8979506176760113, 3.0724741359763774}}, 
     {{3.237820591006052, -2.710802895674507, 6.18236276090009}, 
      {-1.3452210527188668, -0.1521542309813679, -6.697524162333846}, 
      {4.869479811990017, 0.178636548605578, 3.0818488631902534}}, 
     {{3.3555656655626955, -2.2208951206541316, 6.180609152225073}, 
      {-1.0905863597436143, 0.3983589672782294, -6.706214546589185}, 
      {4.747992614787954, -0.4779166184469626, 3.092292856120608}}, 
     {{3.4442425017387133, -1.5938448257358588, 6.178590339967075}, 
      {-0.654319390941715, 0.7262130620092235, -6.71559690571569}, 
      {4.548638635681115, -1.0626551091545184, 3.1036940275051133}}, 
     {{3.5082617729583925, -0.8628603793116175, 6.176438077608496}, 
      {-0.16097974247285143, 0.7881533802007183, -6.725648965688591}, 
      {4.288819425509718, -1.5723071748074413, 3.1158983498365913}}, 
     {{3.5544067952549003, -0.06568664632956335, 6.174298818352661}, 
      {0.26377783303011215, 0.6004943257964281, -6.736289174583553}, 
      {3.9850486932957416, -2.008979586785499, 3.128677817987389}}, 
     {{3.5908965755417483, 0.757713156150025, 6.172310952952462}, 
      {0.5190568844814872, 0.23164387140950876, -6.747337456625569}, 
      {3.651677720000818, -2.379327007683876, 3.1417139654296045}}, 
     {{3.626216059919924, 1.5674557265321845, 6.1705831050107}, 
      {0.5479022746812555, -0.21567028925649437, -6.758498368630922}, 
      {3.2998791664766256, -2.6933769695569083, 3.154602725376717}}, 
     {{3.6679173540161596, 2.325880701134419, 6.16917768753568}, 
      {0.34623141763579945, -0.6281981438350176, -6.769372476585062}, 
      {2.9370139628169487, -2.9631100686062646, 3.166882250805878}}, 
     {{3.721543074665041, 2.9994063814880456, 6.168102484574214}, 
      {-0.03984032385803397, -0.9066834570507358, -6.779495464214232}, 
      {2.5663833664471385, -3.200919744283341, 3.178080441396516}}, 
     {{3.7897952010939155, 3.5600590101388696, 6.167312532209847}, 
      {-0.5271160631855782, -0.985952883446815, -6.788400047940493}, 
      {2.1874285074374673, -3.418070928499754, 3.1877749774871416}}, 
     {{3.8720344619138527, 3.9866310406241885, 6.16672143756521}, 
      {-1.0155468896312985, -0.8464558649322601, -6.795690240572972}, 
      {1.7963604759410166, -3.623314284409471, 3.195656264764258}}, 
     {{3.964093534284987, 4.265454520677193, 6.166219089622414}, 
      {-1.4108439929996721, -0.5152076637979757, -6.801113852503566}, 
      {1.3871521221765504, -3.821795369293446, 3.201582224637649}}, 
     {{4.058389718928215, 4.390732352577577, 6.165689814017302}, 
      {-1.6443680974511428, -0.0564107356064238, -6.804616733244745}, 
      {0.9528026934763216, -4.014359100717181, 3.20561438098394}}, 
     {{4.144309104063504, 4.364406947105633, 6.165024705911309}, 
      {-1.6858950425773547, 0.44559744178809696, -6.806363801904801}, 
      {0.486740548237807, -4.197287734052764, 3.2080265577499905}}, 
     {{4.208844310280418, 4.195541621636374, 6.164124526178697}, 
      {-1.546718873367099, 0.9067283065086911, -6.806718564474443}, 
      {-0.015795282291536084, -4.362581178253615, 3.209281500052243}}, 
     {{4.237505310251035, 3.8992712351582477, 6.1628936465512245}, 
      {-1.272932376209669, 1.2619094041524883, -6.806182822226227}, 
      {-0.556533850399632, -4.498636213173251, 3.2099766374314993}}}
