avgspins3 = {{2.2010340631000798, -2.4149027044439944}, {2.3185085273856285, 
    -2.4428510584559175}, {2.4277588697616763, -2.4673357888601473}, 
    {2.5254339094460123, -2.4885781758945478}, {2.6087153785187485, 
    -2.5070175319710724}, {2.675508368771339, -2.52322422222023}, 
    {2.7245480339526953, -2.5377847594821534}, {2.755412577207631, 
    -2.5511770836038656}, {2.768444974020612, -2.5636596214961207}, 
    {2.7645990719778375, -2.5751973155242687}, {2.7452364320217337, 
    -2.585440463134021}, {2.711907378796021, -2.593761135391837}, 
    {2.6661485137246355, -2.5993395923999802}, {2.609326202676751, 
    -2.6012837951922627}, {2.542540751061954, -2.59875947086827}, 
    {2.466597856323898, -2.591110498290862}, {2.3820371057224, 
    -2.57795283109745}, {2.2892052732076396, -2.5592334925443003}, 
    {2.1883541761528496, -2.5352551653777917}, {2.079744777584262, 
    -2.50667169712841}, {1.9637451465937914, -2.4744627039416422}, 
    {1.8409103374485614, -2.439898979708252}, {1.712042361644408, 
    -2.4045025754642326}, {1.5782277956827653, -2.3700049237338554}, 
    {1.4408575982438352, -2.338301523653071}, {1.3016317401714572, 
    -2.3113978103431223}, {1.1625501131052143, -2.2913411192552355}, 
    {1.0258904340453863, -2.2801374303996984}, {0.8941668254996147, 
    -2.279651108509841}, {0.7700594891883046, -2.291494241490491}, 
    {0.656302508181634, -2.3169107512832916}, {0.5555250538792433, 
    -2.356663079421966}, {0.4700435011838467, -2.410927019329509}, 
    {0.4016214828966316, -2.479197291184441}, {0.35122631650257596, 
    -2.5602060516058063}, {0.31882442980584225, -2.6518548638995343}, 
    {0.30325967022374967, -2.7511644274747695}, {0.30225485641682454, 
    -2.85425938797553}, {0.31256465002671957, -2.9564151808732917}, 
    {0.33028097709512816, -3.0522123658721476}, {0.35126471267052406, 
    -3.1358405210532965}, {0.3716390502754718, -3.20156440939453}, 
    {0.3882538305017477, -3.2443025867553015}, {0.39901735450399894, 
    -3.2602026720412782}, {0.4030303037537927, -3.247067039017908}, 
    {0.4005077426998356, -3.2045250173366595}, {0.3925449624234155, 
    -3.1339422095207334}, {0.3808093420319191, -3.0381518515752157}, 
    {0.36723839110287465, -2.9211309408997006}, {0.35379238535767077, 
    -2.7877197806292813}, {0.3422798975177466, -2.6434197548557234}, 
    {0.33425756801237416, -2.494251682085581}, {0.3309917642395125, 
    -2.346616430783942}, {0.333471832756226, -2.20710616854538}, 
    {0.34244919967198667, -2.08223388119388}, {0.3584817306216608, 
    -1.978089366455659}, {0.3819444740372288, -1.8999662840610279}, 
    {0.4129889536282275, -1.852026299543274}, {0.4514391191343544, 
    -1.8370643355180925}, {0.4966546385049628, -1.8564168669575636}, 
    {0.5474092370205436, -1.9100180119957917}, {0.6018520551544849, 
    -1.9965639786889215}, {0.6576008688929689, -2.113729538705965}, 
    {0.711979714963782, -2.258367608210204}, {0.7623609102936708, 
    -2.4266483760722357}, {0.806536890616659, -2.6141276416084986}, 
    {0.8430367069171534, -2.8157708775316523}, {0.8713210195327782, 
    -3.025983879456631}, {0.8918213761359632, -3.2387028477398787}, 
    {0.9058205554020683, -3.447581759037629}, {0.9151956758973594, 
    -3.6462785735032286}, {0.9220710162518806, -3.8288066983363604}, 
    {0.928442849618747, -3.989886017883418}, {0.9358518057316709, 
    -4.125229321473226}, {0.9451660898253735, -4.231715119919259}, 
    {0.9565082336344334, -4.307436786847214}, {0.9693257008425467, 
    -4.351649741685104}, {0.9825673672967532, -4.364654415391487}, 
    {0.9949211766605986, -4.34765634831599}, {1.005059132412441, 
    -4.302628935682156}, {1.0118532926554573, -4.232190791481753}, 
    {1.01453278656413, -4.13949539859635}, {1.0127660857830412, 
    -4.028124162608449}, {1.006666978198418, -3.9019726817215896}, 
    {0.9967324627706242, -3.7651244083686217}, {0.9837289532133927, 
    -3.6217116352504433}, {0.9685519183140902, -3.4757702502444845}, 
    {0.9520804350463417, -3.331096494348617}, {0.9350516598348478, 
    -3.1911160735659885}, {0.9179692467603557, -3.0587780564065583}, 
    {0.9010586457728716, -2.9364833549596905}, {0.8842721272219327, 
    -2.826056247408535}, {0.8673435923288313, -2.7287613987494854}, 
    {0.8498870057607003, -2.6453671153962106}, {0.8315232809368809, 
    -2.5762436677150107}, {0.8120182208546437, -2.521481912997361}, 
    {0.7914103781831658, -2.4810129192301376}, {0.770104246482925, 
    -2.4547067771085502}, {0.7489095062430157, -2.442430857180796}, 
    {0.7290103687126939, -2.4440549926939386}, {0.7118611012969872, 
    -2.4594040237514405}, {0.6990100782404567, -2.488165935353142}, 
    {0.6918730900602743, -2.529783876924386}, {0.6914826821260407, 
    -2.583354315765742}, {0.6982538609582544, -2.647564370970686}, 
    {0.7118029033358194, -2.7206731873905134}, {0.730856249155362, 
    -2.800538389403651}, {0.7532663233113195, -2.884666537030311}, 
    {0.7761391915032282, -2.970271124213493}, {0.7960515423111548, 
    -3.054326507587734}, {0.8093224493519808, -3.133627497645556}, 
    {0.8122920585600105, -3.2048758010415765}, {0.8015741736618158, 
    -3.2648244501956207}, {0.7742587413966451, -3.3104907331478537}, 
    {0.7280764230415969, -3.3394275441723833}, {0.6615329460494814, 
    -3.350004003226777}, {0.5740261351466064, -3.341624719048052}, 
    {0.46593045609357003, -3.3148197247207194}, {0.3386271665422522, 
    -3.271169140955517}, {0.1944569118050697, -3.2130797262542385}, 
    {0.03659132788425109, -3.143478960707826}, {-0.13115899738579023, 
    -3.065505971307071}, {-0.3045702561763811, -2.9822635264479342}, 
    {-0.4792344392053684, -2.896655279616154}, {-0.6507655486980877, 
    -2.811297123758323}, {-0.8149636923090522, -2.7284721487077097}, 
    {-0.9679310075074643, -2.6501027418106426}, {-1.1061360509471787, 
    -2.577724394267951}}
