avgspins3 = {{{0.016023523083479943, 0.034375305201530405, 
       0.5415119501908674, 0.024068875223597845, 0.008906336146077295, 
       -0.03162048537869478, 0.03180278602999559, -0.30363331684201866}, 
      {-0.024023298800134846, 0.004909515606502726, -0.5144412507907742, 
       -0.07063483245739283, -0.038833939973608726, -0.00398436891521094, 
       0.00879420950174472, -0.3154363292645405}}, 
     {{0.03289925456597044, 0.04640858999633792, 0.5402313366789924, 
       0.024167969535962962, 0.008426783794758837, 0.00108051787605612, 
       0.010982118007761386, -0.3015013743451114}, {-0.00996757252147202, 
       0.005917535797585375, -0.513160637278899, -0.07033004765039895, 
       -0.0389145800289701, 0.0016397570644215607, 0.022774997697428287, 
       -0.31412717041932736}}, {{0.030218332263968275, 0.03206283652062541, 
       0.5399100264313247, 0.024205350457084305, 0.008308003704851234, 
       0.033312614082897096, -0.016479478642526413, -0.30114680948131795}, 
      {0.009163266841847203, 0.0026218448323952616, -0.5128393270312317, 
       -0.07004031363119632, -0.038582822069341605, 0.006011766860192954, 
       0.022423786993945722, -0.3144671138298151}}, 
     {{0.009481610859314864, -0.0005513260771155653, 0.5403405887249401, 
       0.023811382743037336, 0.008285195121841461, 0.046616990327252986, 
       -0.03425790684234769, -0.3025826306121862}, {0.02171650998856976, 
       -0.0025461564196801413, -0.5132698893248466, -0.07013772860927298, 
       -0.038113161849526324, 0.006022828006996324, 0.008768612858492356, 
       -0.31651890026888063}}, {{-0.017027034281002554, -0.03286989338992058, 
       0.5395510246689323, 0.023443440995985252, 0.007902372112517164, 
       0.033345599995210085, -0.03169949067058036, -0.30234882497447524}, 
      {0.0205796113573541, -0.005856063273992638, -0.5124803252688407, 
       -0.07017245522657128, -0.037964317989542216, 0.0016846418809418502, 
       -0.00929411987173774, -0.3168214142050096}}, 
     {{-0.03349281646559724, -0.046431070758079375, 0.5377049771130046, 
       0.02350322883787514, 0.007412764418128404, 0.0009701511180646745, 
       -0.010261413458234135, -0.3003835299425394}, {0.007192333958026894, 
       -0.004927314529890218, -0.5106342777129111, -0.06974597112209141, 
       -0.03787808468491841, -0.003953487817313368, -0.020685454293118872, 
       -0.31526899858356705}}, {{-0.030116457705929005, -0.03346435246792837, 
       0.5367876570599206, 0.023493714187141985, 0.007200089454728005, 
       -0.03193444953986653, 0.017270363573631087, -0.3001814342659767}, 
      {-0.009739357636606126, -0.0003778724221474908, -0.5097169576598285, 
       -0.06935111025021919, -0.037473733985185796, -0.006937163304684767, 
       -0.019033865930845988, -0.3153630160027397}}, 
     {{-0.008886507305162527, -0.0014468513264059852, 0.5366788918327482, 
       0.022996330937929778, 0.007024686861175633, -0.04649067804759144, 
       0.034572268752427394, -0.3018360645226437}, {-0.019874058367943998, 
       0.004637540107585823, -0.5096081924326554, -0.06940868405152657, 
       -0.03700129293152626, -0.005086043665072577, -0.006030096509685158, 
       -0.3172350244694593}}, {{0.01760577875660166, 0.031264533617361985, 
       0.5353910066636876, 0.022543848956357193, 0.006583447626677478, 
       -0.03441927745297591, 0.031371511324613986, -0.30184024281451377}, 
      {-0.017470876284854803, 0.006564818457805569, -0.5083203072635943, 
       -0.06940334886556251, -0.036769453560006875, 0.0004162248615628177, 
       0.009875718556620727, -0.3173755112841763}}, 
     {{0.033618180510168426, 0.045938462411695455, 0.5330093653059315, 
       0.022576634146408547, 0.00610512969169793, -0.002637789263450151, 
       0.009610701688562609, -0.30007209274613894}, {-0.004627872044312215, 
       0.0039531958930055615, -0.5059386659058386, -0.06890281927953062, 
       -0.036543303561981946, 0.005842779303485819, 0.018897355350573165, 
       -0.31563619236688056}}, {{0.029745382198052686, 0.03423161631736292, 
       0.531518160430786, 0.02254152529525976, 0.005825484680496343, 
       0.03047652580299361, -0.01768618000415752, -0.3000264926496136}, 
      {0.010362276701029443, -0.0015160609432707374, -0.5044474610306934, 
       -0.06844983388825512, -0.036085733365960056, 0.007474583920824891, 
       0.01602606119101709, -0.3155276664039651}}, 
     {{0.008393238564820766, 0.0030406622482215123, 0.5308655537077683, 
       0.021997778748038765, 0.0055296985704948905, 0.04588445045291187, 
       -0.034372328171513415, -0.3018242297278454}, {0.018338348748566734, 
       -0.006192473309120854, -0.5037948543076755, -0.06848299914451478, 
       -0.03562356495825774, 0.004092584898351501, 0.0035497846660480035, 
       -0.31719458855943744}}, {{-0.0177227539348695, -0.029624048277815767, 
       0.5290826951644337, 0.02151370501457048, 0.005052959635222851, 
       0.03489621548318291, -0.030664016935689438, -0.30200887914713986}, 
      {0.01477827315118294, -0.006870327679468951, -0.5020119957643409, 
       -0.06845806096371487, -0.03533251099250142, -0.002124422562120752, 
       -0.010489511945150777, -0.3171720008657075}}, 
     {{-0.03313754535027697, -0.0450175058305581, 0.5262017754959671, 
       0.021536038327665555, 0.004597113414183367, 0.003933903678364421, 
       -0.008945534553363268, -0.30046383405655636}, 
      {0.002354252249704873, -0.003008480417955766, -0.4991310760958745, 
       -0.06794311187325712, -0.03500198759348418, -0.007066207349916872, 
       -0.017444706863342336, -0.3153324410731092}}, 
     {{-0.028942439583027623, -0.03444434996109203, 0.524173301448666, 
       0.02149794853683655, 0.004273195364392905, -0.028970797999882898, 
       0.017708232717443474, -0.30057553256001374}, {-0.011003679705622074, 
       0.002884017987963691, -0.4971026020485733, -0.0674896480641494, 
       -0.03451372374673148, -0.007471656906615648, -0.013484194898148137, 
       -0.3150870411723255}}, {{-0.00789207243761627, -0.0042754377659589005, 
       0.5229848111372738, 0.020971851437467753, 0.003895854597723904, 
       -0.044869422931983594, 0.033561474150181715, -0.30242063317767076}, 
      {-0.01714365222944088, 0.006977165383539149, -0.4959141117371804, 
       -0.0675163059416579, -0.034067042533663765, -0.003057261415397402, 
       -0.001401832852032215, -0.31652215327157657}}, 
     {{0.017393767312639172, 0.027960079075230505, 0.5207178865651395, 
       0.020516003804114964, 0.0034086286598660606, -0.03486749129642353, 
       0.02945871605758266, -0.30271351180148903}, {-0.012566830736999884, 
       0.006609730603996192, -0.49364718716504624, -0.06749204769158569, 
       -0.033734241596065404, 0.0032810292566726462, 0.011117322162379737, 
       -0.31633448766516725}}, {{0.03198046327687021, 0.043742012137674174, 
       0.5173829471509829, 0.02054401020609533, 0.002978439929669725, 
       -0.004932176500731879, 0.008180313837296943, -0.30142190238177563}, 
      {-0.00041777535855835825, 0.0020784290591583385, -0.49031224775088966, 
       -0.06702473832804764, -0.03333641364687403, 0.007424366818297224, 
       0.016371030434723176, -0.31449201895485024}}, 
     {{0.0275931912109513, 0.03421295377536233, 0.5148679540461263, 
       0.020522259179007584, 0.0026249097296958735, 0.02740813384585506, 
       -0.01736162155670798, -0.30169918761938896}, {0.011667812952496187, 
       -0.003605577408404384, -0.48779725464603213, -0.06662949562676976, 
       -0.03284203553015705, 0.0068015593494543825, 0.011476751319112872, 
       -0.31417894877959485}}, {{0.007274620090572656, 0.005241581043698572, 
       0.5131691045678141, 0.020075832932990548, 0.002202788985042138, 
       0.04352377162750858, -0.03210977235213366, -0.3034978314133058}, 
      {0.01633849306152637, -0.0068204633897962635, -0.48609840516772096, 
       -0.06666502283303614, -0.03241203001702516, 0.0019833104003267625, 
       -0.00036873953679692167, -0.3153451390880252}}, 
     {{-0.01668438083359882, -0.026260063490616676, 0.5104459816839659, 
       0.01970442794402544, 0.0017299250914489977, 0.03446689455950958, 
       -0.027693203687369602, -0.3038322571981958}, {0.010893560910226108, 
       -0.005659021126929774, -0.48337528228387233, -0.06665855381583538, 
       -0.032046329506445585, -0.003779619499659885, -0.01176395437015991, 
       -0.3149789527212958}}, {{-0.030154498031950576, -0.04219642639422135, 
       0.5067158395125242, 0.019749301515664366, 0.0013252092961986322, 
       0.005746768945298488, -0.007243753580801697, -0.30283527011599537}, 
      {-0.001155147906786148, -0.001136411978987337, -0.4796451401124315, 
       -0.06629548830620495, -0.031611363271749245, -0.006792249750769981, 
       -0.01572246181302424, -0.3132206733649742}}, 
     {{-0.025650184721648192, -0.03367724630437593, 0.5037788358736595, 
       0.01975900554012276, 0.0009483383757128869, -0.02577016167328818, 
       0.016707978951103947, -0.3032994233190534}, {-0.01237348242957332, 
       0.0036274775696213315, -0.47670813647356697, -0.06600850845309848, 
       -0.031134707974079655, -0.005395278757553204, -0.010056084244400222, 
       -0.3128958772533331}}, {{-0.006454107421985735, -0.006050517861393634, 
       0.5016152435089438, 0.019446157686705906, 0.0005087583563814377, 
       -0.04194587078869621, 0.03005706521081259, -0.30497678010025553}, 
      {-0.015969721446624875, 0.0056466305742743925, -0.4745445441088511, 
       -0.066062836534364, -0.030723602534416354, -0.0008767244982985497, 
       0.0017365411129681649, -0.313744471228467}}, 
     {{0.015695773075257765, 0.024513784929359142, 0.49848592855585466, 
       0.019203695176837288, 0.00007172185888837706, -0.03385324957737535, 
       0.02537410874406893, -0.3053053831200926}, {-0.009801702931860855, 
       0.003967213620264155, -0.47141522915576145, -0.06608852560354021, 
       -0.03032824204496856, 0.003578560545876141, 0.012438301132864421, 
       -0.3131742448338693}}, {{0.02774293997700275, 0.0404818657595694, 
       0.49443349718810614, 0.019270726835929425, -0.00030579141369831234, 
       -0.006496482723546215, 0.006097835672360351, -0.30465140897526677}, 
      {0.0023474157749408284, 0.0001610303158717887, -0.46736279778801254, 
       -0.06587589473317304, -0.0298760778943353, 0.005147532876921475, 
       0.015525774917888382, -0.3115647572840555}}, 
     {{0.02314486713686369, 0.03298695288917598, 0.4911483090927968, 
       0.0193240345029067, -0.0007026862509259912, 0.024052622476248123, 
       -0.015830628234589573, -0.30533056141146925}, 
      {0.01312824533684007, -0.002969967989890508, -0.4640776096927043, 
       -0.06573308502155721, -0.02943736785558333, 0.0032662776528496243, 
       0.009243158380323984, -0.3112634450186681}}, 
     {{0.005385879236677932, 0.006806500305197976, 0.4885815540677534, 
       0.01918615754229743, -0.001142365928925024, 0.040246582467588575, 
       -0.027508429021054225, -0.30683612807972604}, 
      {0.01605144971702483, -0.0034946663400072533, -0.46151085466766023, 
       -0.06581210470446303, -0.029051940114570473, -0.0002491634918684819, 
       -0.0026961369653409535, -0.3117444128125589}}, 
     {{-0.014544938424074297, -0.02272677027662051, 0.48511401361905115, 
       0.019102375669588213, -0.0015276643066049816, 0.03317836220017808, 
       -0.022583260237750088, -0.30713288486302737}, 
      {0.009298039597677893, -0.0015716515251698432, -0.4580433142189578, 
       -0.06588274921769631, -0.02863178026232518, -0.0027149584874055443, 
       -0.013138172433209215, -0.3109436969631825}}, 
     {{-0.02489445411019431, -0.03870486816879028, 0.4808191068100441, 
       0.019194238819535532, -0.001872044203508379, 0.007275930176960261, 
       -0.004751264686217916, -0.3068645643153427}, {-0.0031557795986745067, 
       0.0008628001963399204, -0.4537484074099514, -0.06585226790690224, 
       -0.028176208299211657, -0.0025865162785836202, -0.015764563005895994, 
       -0.309524823327687}}, {{-0.0201890450008144, -0.032278407864155735, 
       0.47725992062405026, 0.01930049105202389, -0.0022818331896987598, 
       -0.022269459314394422, 0.014819086957195318, -0.3077799915471735}, 
      {-0.013915124180656848, 0.0017331890726521245, -0.45018922122395805, 
       -0.06587447206206196, -0.02779054566598223, -0.0005122811892616594, 
       -0.009005947616948144, -0.30926435626789844}}, 
     {{-0.004079074124514181, -0.007592587872942394, 0.47435774881582515, 
       0.019361557521950453, -0.002708726147911934, -0.038527719400532526, 
       0.02462158722991961, -0.3090824832652512}, {-0.01654230764797339, 
       0.000519511814146639, -0.44728704941573166, -0.06598365109499914, 
       -0.027440792030558377, 0.0013851120999554278, 0.0032733310722943506, 
       -0.3093413252176225}}, {{0.01334710417988592, 0.02091233024942059, 
       0.4706263353350322, 0.019451327812726866, -0.0030324126569220926, 
       -0.03256080211767063, 0.01947033983533559, -0.3093356035424411}, 
      {-0.009330392132305177, -0.0014118677546878654, -0.4435556359349392, 
       -0.06610942550655563, -0.027007202579025124, 0.001314503783663291, 
       0.013849724178558828, -0.3082972879390708}}, 
     {{0.021804328240499687, 0.03695568326929035, 0.4661643869642765, 
       0.019571737055587603, -0.003336472607883084, -0.008148128994804235, 
       0.003259794971526911, -0.3094765034169629}, {0.0036063551427895422, 
       -0.0019550518935284728, -0.4390936875641823, -0.06627375347614699, 
       -0.026562568960781047, -0.0006827818943282896, 0.016371692808555556, 
       -0.3070958940449569}}, {{0.016961720714388784, 0.031657922603638394, 
       0.4623969677319109, 0.019735370586110856, -0.003746209258774848, 
       0.02043646946170326, -0.013757170176212731, -0.3106306979095952}, 
      {0.014700607700343548, -0.00009499778906990279, -0.4353262683318181, 
       -0.06646674046431919, -0.026239586882248152, -0.0027053450151578364, 
       0.009250854142346982, -0.3068840402877857}}, 
     {{0.002595806802220086, 0.008473790907486877, 0.4592238837646782, 
       0.019996768297340768, -0.00414635618648169, 0.0368582924763766, 
       -0.0215857594004064, -0.3117086762080864}, {0.01734850309714576, 
       0.003028769498169604, -0.43215318436458516, -0.06661244490052022, 
       -0.025933277103424603, -0.0025396829432968978, -0.0035328097803783783, 
       -0.3065446460121269}}, {{-0.01220093944185058, -0.01907082027059641, 
       0.45529757138532995, 0.02025896380584471, -0.004404061255543795, 
       0.032074537089871805, -0.016231045840262914, -0.3119113662992038}, 
      {0.009787275046969203, 0.004812851287233897, -0.4282268719852364, 
       -0.06679762044681405, -0.025502837383126566, 0.0004212551537521712, 
       -0.014557752904072966, -0.3052673451110421}}, 
     {{-0.01868801385949075, -0.03528479317212588, 0.4507309402981626, 
       0.020412652818188413, -0.004664719244772619, 0.00915386262643031, 
       -0.0017163602760679525, -0.31245931277353894}, 
      {-0.0037624794309502325, 0.003144621771619506, -0.4236602408980686, 
       -0.06714603057825401, -0.025087328458719523, 0.00437452805668741, 
       -0.01724444019058094, -0.30430434547682794}}, 
     {{-0.013683151968438148, -0.031190787675608362, 0.4468091779821825, 
       0.0206303482546709, -0.005059055364427117, -0.018552572829448378, 
       0.012711642627423867, -0.31383113607468166}, {-0.015453257395869701, 
       -0.0017143751258339457, -0.4197384785820901, -0.06749821134385244, 
       -0.024831415749135104, 0.006190818848687656, -0.00983968918552937, 
       -0.3041465133245937}}, {{-0.0010415177099185565, -0.00950079775229183, 
       0.4434223299013061, 0.02106716582113322, -0.005416210049532521, 
       -0.03526035290763609, 0.01859395046334261, -0.31466597207689984}, 
      {-0.018351533348935273, -0.006843873992065427, -0.4163516305012126, 
       -0.06768496444714557, -0.024569249392222766, 0.0037357826441833156, 
       0.0035690573558570917, -0.30340458351518873}}, 
     {{0.011175248591839104, 0.017178801484083038, 0.4393583972783067, 
       0.02148104532869359, -0.005608384194620633, -0.031747630311771344, 
       0.013078337546557654, -0.31481116944351795}, {-0.010523962318853611, 
       -0.008428569040597904, -0.41228769787821357, -0.06792466676990776, 
       -0.024158692446083326, -0.002255519565147599, 0.015254428273834908, 
       -0.3019283849253289}}, {{0.015750810487617478, 0.03369393160404027, 
       0.43473367302936244, 0.02167005611512902, -0.005829591280535657, 
       -0.01031828634240401, 0.00023735121875374777, -0.31573898839771236}, 
      {0.0037139508665307488, -0.004453657492854566, -0.40766297362926895, 
       -0.06842057826857463, -0.023792103073394754, -0.008176502584216143, 
       0.018273248611662626, -0.3012233141766104}}, 
     {{0.010584087034371427, 0.03089655799674665, 0.4307017177829033, 
       0.021929132575102015, -0.006195447550299691, 0.016594756476922233, 
       -0.011723167151823439, -0.3172853398041026}, {0.01615775388570248, 
       0.0034606391130666786, -0.4036310183828098, -0.06889926260182458, 
       -0.02360230208699428, -0.009740202853753332, 0.010626144167058277, 
       -0.3011248128686026}}, {{-0.00044985575696220725, 
       0.010705266322710268, 0.427152242609026, 0.022489921330927837, 
       -0.006494708548916229, 0.033712186910156365, -0.015817317032272096, 
       -0.31786012324461665}, {0.019443056530550853, 0.010615462577409312, 
       -0.4000815432089329, -0.06912504166928898, -0.023377308506825657, 
       -0.004990324082947405, -0.003481165576750473, -0.3000169088166551}}, 
     {{-0.010299748118676212, -0.015198122772966572, 0.42299593925712164, 
       0.02301197287715598, -0.006627024409653674, 0.03156839128463376, 
       -0.01021644664201277, -0.3179411043078457}, {0.011402540350651141, 
       0.012045057179162506, -0.3959252398570287, -0.06940411052982778, 
       -0.022999211755479483, 0.003972556198099851, -0.01594061600286131, 
       -0.29839634475449933}}, {{-0.0131621377078781, -0.032148502958655026, 
       0.4183461810175272, 0.023231250087645258, -0.006818514238266187, 
       0.011651008585220531, 0.0010498994920513525, -0.31920108301959815}, 
      {-0.003551855648110901, 0.005872041965085585, -0.3912754816174325, 
       -0.06998705427599734, -0.022696856088981532, 0.01180911281464765, 
       -0.019369131799692442, -0.29796582370857294}}, 
     {{-0.007878212812833926, -0.030756783002433445, 0.414243058081084, 
       0.02351073372395297, -0.00714758199107517, -0.01452986634640868, 
       0.01080224045748552, -0.3208617853120149}, {-0.016815440891006315, 
       -0.0049652186433400665, -0.38717235868099104, -0.07053769304743854, 
       -0.0225657323420302, 0.013167377397041468, -0.011493471942276639, 
       -0.2979302520076187}}, {{0.0017315773066351463, -0.012094862154258906, 
       0.4105796915445378, 0.02412316292271592, -0.007381184314259034, 
       -0.0321672603144638, 0.013389714784532953, -0.32116438357783966}, 
      {-0.02054818529618294, -0.014089428515904986, -0.3835089921444459, 
       -0.07079094764620433, -0.022366238845456618, 0.006293619733160939, 
       0.0033450803288535185, -0.296511362608378}}, 
     {{0.009564400778817417, 0.01309483131808983, 0.4063674330430318, 
       0.02468956694627729, -0.007466201904172123, -0.03149969793216412, 
       0.007823569418499775, -0.32117703749589593}, {-0.0123248252873513, 
       -0.015466600904482508, -0.37929673364293887, -0.07108592344245306, 
       -0.022027607009478183, -0.005432076416592035, 0.016617963087705256, 
       -0.29481509784090465}}, {{0.01104182519877403, 0.030602363998562584, 
       0.401716840206279, 0.024925370935324886, -0.00764022035854931, 
       -0.01314571246906474, -0.0020193153179409295, -0.32270490168430976}, 
      {0.003341415532009022, -0.0073416600743316735, -0.3746461408061849, 
       -0.07168016333784039, -0.02179456149401744, -0.015081458185443139, 
       0.020474944734335254, -0.294669384563014}}, 
     {{0.0057430227075450525, 0.03073389962724976, 0.39758063779482183, 
       0.025199818067420006, -0.007928606563726176, 0.012329916429456321, 
       -0.009933175094036024, -0.3244075985764486}, {0.017431876016576732, 
       0.006153998149499714, -0.3705099383947294, -0.07223322292847692, 
       -0.02170708873959977, -0.01633277336057092, 0.01237357421003405, 
       -0.2946986989053372}}, {{-0.0026610448175600258, 0.013658171036376256, 
       0.3938522682281928, 0.02578332481683255, -0.008099343237388024, 
       0.03057547129695344, -0.011402871363428652, -0.3244322069761729}, 
      {0.021626480043955114, 0.017123079411228315, -0.3667815688281, 
       -0.07249403808732675, -0.021520543373969078, -0.007600216654814223, 
       -0.0031964589958902914, -0.29304061813124666}}, 
     {{-0.008927210254060725, -0.010848021043128564, 0.3896154950206519, 
       0.026320750239286348, -0.00815674087447892, 0.031493610507200696, 
       -0.00603984653117862, -0.32437297994843395}, {0.013241514669662856, 
       0.018551095076401382, -0.36254479562055936, -0.07277791226309772, 
       -0.021223839395824822, 0.006603341880339327, -0.017277225339646575, 
       -0.2913466033716538}}, {{-0.009456188155027103, -0.02901214098579011, 
       0.38498441009982554, 0.026553135798803487, -0.00832484097622903, 
       0.014782538803162977, 0.002559243816804008, -0.3260888698019086}, 
      {-0.003108233881056024, 0.008761965250044319, -0.35791371069973227, 
       -0.07330716326631605, -0.021053856096725353, 0.017929440500045135, 
       -0.02155669798592724, -0.2914892320844037}}, 
     {{-0.004306113952185612, -0.03078489851711262, 0.38085431907181044, 
       0.026798287318158618, -0.008571261982349426, -0.009975745984432656, 
       0.00908355681195021, -0.32775268480151926}, {-0.01800004162878501, 
       -0.007075884424486934, -0.353783619671717, -0.07379217376763575, 
       -0.020989675430475953, 0.019167187555525284, -0.013241110242127914, 
       -0.29158900936466253}}, {{0.003117406525394689, -0.015376078745092139, 
       0.3771099708538373, 0.027280914640732408, -0.008690442500654679, 
       -0.02888647354910856, 0.009905286906953649, -0.3274970425181236}, 
      {-0.02265414091281867, -0.01971341379059569, -0.3500392714537446, 
       -0.07403722982871257, -0.0208061473226621, 0.008836199042837911, 
       0.003031571055606598, -0.28978109433731414}}, 
     {{0.008326584377951474, 0.008438640916096574, 0.3728775696662873, 
       0.027722528470761648, -0.008742398518035968, -0.03149267679471683, 
       0.004955554719448085, -0.3273557422357876}, {-0.014137242921320351, 
       -0.021238232093941312, -0.3458068702661938, -0.07428572249408646, 
       -0.020551201582245448, -0.007566950774463354, 0.017889847212136357, 
       -0.2881732511711962}}, {{0.008417644832065968, 0.027326907675647782, 
       0.36828606720627916, 0.027930683399302342, -0.00891239525381068, 
       -0.016531586790358554, -0.0025886987307566626, -0.32916414313333475}, 
      {0.0028446174032541087, -0.01001485059392712, -0.341215367806185, 
       -0.07468961088459497, -0.02043119188006765, -0.020419575953427836, 
       0.022585294283673767, -0.2886047358461245}}, 
     {{0.0036321719839221196, 0.030855201625645277, 0.3642020556387739, 
       0.02812934497571901, -0.009116782113988888, 0.007446178758973053, 
       -0.008213245275666293, -0.33070323217081904}, 
      {0.01849448844234869, 0.007881816357925226, -0.33713135623868035, 
       -0.07505112197995253, -0.02037159462931048, -0.02167876506166458, 
       0.014091831213947269, -0.2887915724197843}}, 
     {{-0.0030191943428744643, 0.01722727187278262, 0.3604882597770792, 
       0.028463576064325737, -0.009198294548333893, 0.027033129667540488, 
       -0.008898272164438904, -0.33016378627170584}, 
      {0.023606847072922234, 0.0219844138172071, -0.3334175603769856, 
       -0.07526008602076381, -0.020186958399474136, -0.009917027387609245, 
       -0.0028232595912530763, -0.28693965384292075}}, 
     {{-0.007692214244335014, -0.005831831602620179, 0.35628695767170027, 
       0.028764270781443647, -0.009261068440631267, 0.03141884759983831, 
       -0.0045954796344272655, -0.32991668123739254}, 
      {0.015007427136087444, 0.02355583931896296, -0.3292162582716065, 
       -0.07545797232299209, -0.019972127491406998, 0.00848298543033441, 
       -0.018412631809535254, -0.28550433550146953}}, 
     {{-0.007881866035861386, -0.025465627598756393, 0.35175631807167274, 
       0.028932503421499545, -0.009434327233254608, 0.018354287252864292, 
       0.002073109045560145, -0.3317094250378032}, {-0.0025308352964217963, 
       0.010997327438831138, -0.3246856186715797, -0.07570545528122961, 
       -0.019888290309845815, 0.022714664712374783, -0.023528102385073333, 
       -0.28622671405380923}}, {{-0.0037095175545988164, 
       -0.030861550457906988, 0.3477568897723138, 0.029079292044605288, 
       -0.009598074444166778, -0.004706423463813197, 0.007279647010031621, 
       -0.3330381279691964}, {-0.018882974822946298, -0.008771191231010278, 
       -0.3206861903722206, -0.07591561122312149, -0.019823776501827806, 
       0.023939084403151876, -0.014924549974934155, -0.2865316097802442}}, 
     {{0.002339005553855419, -0.019180633451270423, 0.34411416931645233, 
       0.02925234808923581, -0.009653886731758553, -0.02491859769819698, 
       0.008327718470007284, -0.3322076467882922}, {-0.024458296037203286, 
       -0.024136555506344384, -0.3170434699163589, -0.07607704598045417, 
       -0.019641475591240878, 0.010772159901639435, 0.002542118992595064, 
       -0.2847511852590713}}, {{0.006951891317040854, 0.0029779297203909915, 
       0.3399678428884381, 0.029398908380487695, -0.009732119088504455, 
       -0.031169291396610344, 0.004904571847936141, -0.3318175249882068}, 
      {-0.015844768570583073, -0.0256013152859325, -0.3128971434883454, 
       -0.0762226665351236, -0.019463347450348407, -0.009533377076554874, 
       0.018805737314077194, -0.2835715321206005}}, 
     {{0.007743604661647133, 0.023317280636118737, 0.33552043639509643, 
       0.02952180363410969, -0.009902838337058186, -0.02020397217825002, 
       -0.001034675274145534, -0.33348252149332647}, 
      {0.002156137618598318, -0.011652776255296754, -0.3084497369950024, 
       -0.07631839749898088, -0.01940340145245038, -0.02501056430328286, 
       0.0243579424262078, -0.2845885735838371}}, 
     {{0.0044393650594286346, 0.030689632309445835, 0.33164029776342047, 
       0.029624954727678312, -0.010030217581090638, 0.0017163301846321614, 
       -0.006238042614399116, -0.3345233034126108}, {0.019148046535927853, 
       0.009920950289256818, -0.3045695983633276, -0.07638298883844911, 
       -0.019334750812581628, -0.026051400543584662, 0.01573655243722707, 
       -0.2850510255925386}}, {{-0.0011132296942661711, 0.021181770269023653, 
       0.32810084915070564, 0.029659641170341818, -0.010071560065635457, 
       0.022438306582515614, -0.008078591573369152, -0.3333964906876928}, 
      {0.02519498485528361, 0.026370897594026815, -0.3010301497506125, 
       -0.0764984528014454, -0.019164408634139905, -0.011366248454949098, 
       -0.002173700709578871, -0.2834542724769099}}, 
     {{-0.006038007785472331, 0.00015680477444725798, 0.32402978187240844, 
       0.029672314897383114, -0.010161339306543964, 0.030638169943177883, 
       -0.0057441477733029545, -0.3328243098807589}, 
      {0.016641614874841483, 0.0275020483757826, -0.2969590824723149, 
       -0.07660413563365404, -0.019016945204034977, 0.010855902359420327, 
       -0.019055139325692822, -0.2826005691207952}}, 
     {{-0.007841844199998522, -0.020781319947443238, 0.3196881218160758, 
       0.029757126650804835, -0.010319138728692353, 0.022026196833598938, 
       -0.0004468444244100454, -0.3342599067939512}, 
      {-0.001728210720774233, 0.0119891412081628, -0.29261742241598204, 
       -0.0765839992600946, -0.018966760675198792, 0.027461570365190043, 
       -0.02507092182505713, -0.28390775136116003}}, 
     {{-0.005640222730672966, -0.030222520037964273, 0.3159570781979172, 
       0.029835865067919826, -0.010417993733648715, 0.001536897706385598, 
       0.0050453410772736546, -0.3349551376711737}, {-0.01930246517888224, 
       -0.01142011382978237, -0.28888637879782453, -0.0765383673681046, 
       -0.018897487375150117, 0.028110099461088705, -0.016527526063102115, 
       -0.2845584819481216}}, {{-0.0005566654653945573, 
       -0.023147244401032125, 0.3125444924676918, 0.02977962624481125, 
       -0.010460361363736972, -0.019532261546730163, 0.007988259514920075, 
       -0.3335450036372887}, {-0.025828937109404867, -0.028813286432513834, 
       -0.28547379306759857, -0.07662234542135433, -0.01875055087027389, 
       0.011712622219510044, 0.001727543967037627, -0.2832373535984775}}, 
     {{0.004901909857510317, -0.0035488485418931474, 0.30856436468295284, 
       0.029701953707622363, -0.010558939089543579, -0.029754015187217864, 
       0.006912239579974994, -0.3327716066507394}, {-0.017395952812235518, 
       -0.02936699970322432, -0.28149366528285974, -0.07670986171283417, 
       -0.018625590063808914, -0.012492259913129355, 0.01918548830916437, 
       -0.28275329835474483}}, {{0.007988366714973397, 0.017822743119512124, 
       0.30434888129582854, 0.029765797603211356, -0.010693399086152713, 
       -0.023758459710379293, 0.0022456555054574828, -0.33390328192624713}, 
      {0.0012729326936954646, -0.012074344889962422, -0.27727818189573494, 
       -0.07662565304667773, -0.018565390329038887, -0.030125567628595022, 
       0.02569311933503849, -0.28431865027831066}}, 
     {{0.007078247950553624, 0.029381485464387992, 0.30079099364748846, 
       0.029843956188247082, -0.010773020947594832, -0.005003547047696152, 
       -0.0036736329357054697, -0.334228979774924}, {0.01938865288372346, 
       0.013242270190246971, -0.27372029424739547, -0.07651959594909223, 
       -0.01849245700046549, -0.03017354990837463, 0.017297991015282985, 
       -0.2851579756454112}}, {{0.0025164454173935416, 0.02497408568181185, 
       0.2975205020519648, 0.029750530717636826, -0.010837380363080962, 
       0.016229538069470036, -0.007886243192104929, -0.33258611305021396}, 
      {0.02639372909606461, 0.031479464541484835, -0.2704498026518713, 
       -0.07659359391800023, -0.01837774089702017, -0.011874917136709962, 
       -0.0012409687921018894, -0.2841693281136068}}, 
     {{-0.0035345692867382503, 0.007098794285397854, 0.2936402091743976, 
       0.029630879148272938, -0.010949761023910686, 0.02850479865840713, 
       -0.008189037638139877, -0.3316303653391732}, {0.01810650885221353, 
       0.03125879427171669, -0.2665695097743048, -0.07668698735639254, 
       -0.01826812337546095, 0.014378039723682907, -0.01925578485792577, 
       -0.28405866792698375}}, {{-0.008017131464315274, 
       -0.014500206465271684, 0.28956519700541483, 0.029692822952824466, 
       -0.011053732245173985, 0.025329672517233035, -0.004210513919664426, 
       -0.33242225614466686}, {-0.0008317327867644398, 0.012012932671227864, 
       -0.26249449760532156, -0.07658867561413309, -0.018175722816540337, 
       0.03296409010709139, -0.026267625512396794, -0.28580807866524244}}, 
     {{-0.008520542441970225, -0.028148238922419428, 0.286196591926603, 
       0.029792512735548823, -0.011120414298069248, 0.008561381185864574, 
       0.002130666292077614, -0.33239782187598743}, {-0.01946493885297824, 
       -0.015273923560023979, -0.25912589252651, -0.07646755417926455, 
       -0.01808841759880045, 0.03226841530056742, -0.018037942507018817, 
       -0.2867966531610587}}, {{-0.0045860977941144165, 
       -0.026554250791774352, 0.2830743840532013, 0.02970710025030618, 
       -0.011225738011311567, -0.012652682314668715, 0.007644720206714119, 
       -0.3306160665477174}, {-0.026924794643989624, -0.03430413601078108, 
       -0.25600368465310763, -0.07655085274760054, -0.018010233889263403, 
       0.01195521217802784, 0.0007770652475230269, -0.2861565318565893}}, 
     {{0.0019796839560458504, -0.010643979298056695, 0.2792936831101797, 
       0.029582443183341814, -0.011361271843991499, -0.02693501948662933, 
       0.009386822551750704, -0.3295337414001958}, {-0.018758779659671706, 
       -0.033205476812548186, -0.25222298371008683, -0.07667118637944774, 
       -0.017913868144915242, -0.01638170760098153, 0.0193417555379008, 
       -0.2863781336681681}}, {{0.007827137869568592, 0.010953120482943909, 
       0.27536366691639813, 0.029655592246523543, -0.011431574765029446, 
       -0.026660466674182946, 0.006187172256705534, -0.3299888022500647}, 
      {0.00046098428973218025, -0.011920164775587041, -0.24829296751630503, 
       -0.07659690671476993, -0.017775248347765886, -0.03589301937936998, 
       0.02683049219727709, -0.2882000560814869}}, 
     {{0.009782828961942455, 0.02655862104539856, 0.27219058037711297, 
       0.029794569667009684, -0.011484982908226093, -0.012031365354976219, 
       -0.0004712336179617234, -0.3296754377551195}, 
      {0.019589938146427326, 0.017374612266650085, -0.24511988097701937, 
       -0.07648963301400824, -0.017663236396350812, -0.03441606012935152, 
       0.018714586316700373, -0.2892704964452738}}, 
     {{0.006590649288359772, 0.02778449268306027, 0.2692142265035184, 
       0.02974912138246167, -0.011636988518665242, 0.008988558342725314, 
       -0.00720785334344032, -0.32787678423868444}, {0.027439733574424516, 
       0.0372056910451203, -0.2421435271034248, -0.0765927399733729, 
       -0.017621839432999796, -0.01207162966024711, -0.00041650780598815316, 
       -0.28896010134180544}}, {{-0.0003271938305043135, 
       0.013985060576685032, 0.26552495090541417, 0.029638737400844835, 
       -0.01180015844929899, 0.025123496368534892, -0.010377231321432633, 
       -0.3267412333196431}, {0.019314359386693885, 0.03523230081879079, 
       -0.23845425150532137, -0.0767573780798973, -0.017543334771098994, 
       0.018363351426491578, -0.01951390599769898, -0.28943641636179285}}, 
     {{-0.007393904119253572, -0.0073705242962056675, 0.2617358612479765, 
       0.029727682324588937, -0.011837277216030551, 0.027664921484715343, 
       -0.008034892948538852, -0.32689104469286706}, 
      {-0.00022755312144076236, 0.011906691676802417, -0.23466516184788305, 
       -0.07673306142317578, -0.017362244177492096, 0.038838854237808106, 
       -0.02739093730345719, -0.29120460561903877}}, 
     {{-0.010749247301830982, -0.024683522187255738, 0.258756640890224, 
       0.029921217074479332, -0.011870809726710913, 0.015206038676869867, 
       -0.0012122338542108141, -0.3263775855222394}, 
      {-0.019809650414185222, -0.01942324468549249, -0.23168594149013103, 
       -0.07665020686375303, -0.017224436409562616, 0.036650000653182, 
       -0.019268856850762774, -0.2922834785110561}}, 
     {{-0.008383173034828233, -0.028572223655943575, 0.25591947510303864, 
       0.02993683510738588, -0.012056162290523822, -0.005448502103794404, 
       0.006583656286325751, -0.3246862036839203}, {-0.02792871926803855, 
       -0.04012846383975012, -0.22884877570294512, -0.07677468340397904, 
       -0.01721630306109589, 0.012333442504038634, 0.0002434352737365717, 
       -0.29226116091282917}}, {{-0.0013120608532949155, 
       -0.016914637072620076, 0.25231228162425917, 0.029844377323013094, 
       -0.012240964046567883, -0.023157951806233517, 0.011087446383669382, 
       -0.3235681023442587}, {-0.019713636276892366, -0.03737741841538756, 
       -0.22524158222416565, -0.07699995938809549, -0.017164466862171976, 
       -0.020212576536675676, 0.019818187826078183, -0.2928967172399113}}, 
     {{0.006747367291059914, 0.003956283044317269, 0.24865837144465472, 
       0.02994824593588939, -0.012249884646797675, -0.028255560105925132, 
       0.00963718753986779, -0.32346077535301343}, {0.00019691295241096378, 
       -0.012072125021712583, -0.22158767204456178, -0.07704305048992277, 
       -0.016963347419819877, -0.04175447238859268, 0.02792302983016163, 
       -0.2944957386449635}}, {{0.011363810373970018, 0.02260884826719217, 
       0.24586939248970024, 0.03021253301226126, -0.012255104553009658, 
       -0.01788154339126306, 0.0028170899614512216, -0.32284385605304367}, 
      {0.020146337418644595, 0.02132320870405636, -0.21879869308960703, 
       -0.07698101077281927, -0.016809624183090482, -0.039002709662008694, 
       0.01962389600264099, -0.29551777955852343}}, 
     {{0.009857710112951624, 0.02884357401520634, 0.24316707933020387, 
       0.030303195390014376, -0.012445275319290173, 0.0022280217369618736, 
       -0.005811429926102729, -0.32136549914036455}, 
      {0.02835494356792772, 0.04303117686034616, -0.21609637993011058, 
       -0.07712332103989579, -0.016826081656660417, -0.01282175877587601, 
       -0.00032710796240884607, -0.2957280765934044}}, 
     {{0.0028376970481922004, 0.019250877880347284, 0.2396396803295067, 
       0.03022162853733865, -0.012637536403909858, 0.021112310424730735, 
       -0.011481315996993847, -0.3203263984513479}, {0.019889127270516886, 
       0.039670623417672295, -0.21256898092941373, -0.07742702697747089, 
       -0.01680859545344131, 0.021845202328035846, -0.02026390211675287, 
       -0.29642822197649726}}, {{-0.005936925375769244, 
       -0.0008891600547946566, 0.23612123269777047, 0.030337917333187678, 
       -0.012629797240304478, 0.028353103845496504, -0.010909873132609792, 
       -0.32002082649372504}, {-0.0004159535828284371, 0.012498477909774878, 
       -0.209050533297677, -0.0775498533646013, -0.0166207488422997, 
       0.04458680845433079, -0.0283712810264295, -0.29776810408648524}}, 
     {{-0.011610668001067234, -0.020413275097495152, 0.23352167255778614, 
       0.030691396283735427, -0.01260255478870344, 0.019893657175033518, 
       -0.004260701939033958, -0.31938910810661764}, 
      {-0.02059212444660483, -0.022976301948374307, -0.20645097315769317, 
       -0.0774961520161644, -0.01646665030767686, 0.04146742935745449, 
       -0.019705250765755356, -0.2986751770766336}}, 
     {{-0.010954253612673907, -0.02855187291698663, 0.23095497494462816, 
       0.030866793802277925, -0.012763984788842218, 0.000532253774200763, 
       0.004929051844596997, -0.31820347390214404}, {-0.028664947593325864, 
       -0.045836100681396534, -0.20388427554453475, -0.07765039149526498, 
       -0.016492200247923826, 0.013577952881365155, 0.000702590070293903, 
       -0.2990504109384792}}, {{-0.004184042948348387, -0.02087147749094782, 
       0.22751528782155442, 0.030782951901269014, -0.01294742312323182, 
       -0.019028401811113704, 0.011542753722274566, -0.31730246460155637}, 
      {-0.01978632733380906, -0.042087253002684115, -0.20044458842146104, 
       -0.07805120760647652, -0.016509960160151115, -0.023175490259135317, 
       0.020821235107812572, -0.2997324725155197}}, 
     {{0.005003365824556932, -0.0017154493843978516, 0.2241411534542082, 
       0.030907670015885843, -0.012941490691743102, -0.0278999835630006, 
       0.011805839705740957, -0.316869245478707}, {0.0008970798597335874, 
       -0.013237078408199307, -0.19707045405411527, -0.07826356933398942, 
       -0.01636854615811427, -0.04722791535275288, 0.028668768929354046, 
       -0.3007506642773017}}, {{0.011496545461946886, 0.01814728590477462, 
       0.22173206079730137, 0.03136854415982224, -0.012886916411193803, 
       -0.021148516460019567, 0.005498414083001396, -0.3162964446061312}, 
      {0.02111037560787828, 0.024257918406701013, -0.1946613613972081, 
       -0.07820149988681761, -0.016229859338723045, -0.04396097657327678, 
       0.01946678330960132, -0.30148358074175313}}, 
     {{0.011655739927805614, 0.027680793493200156, 0.21930284246458973, 
       0.031636776102935506, -0.012991146688103392, -0.0027714971581692376, 
       -0.003956294497509722, -0.3154584806596439}, {0.02880750846988324, 
       0.04838687244090252, -0.19223214306449718, -0.07835811683928863, 
       -0.016243949144458255, -0.014600297566010811, -0.0013569653127572057, 
       -0.30194227722094236}}, {{0.005327058483377821, 0.02173069394658104, 
       0.21596478957215612, 0.03153498567071193, -0.013149908560018256, 
       0.016911919669940455, -0.011267376569937334, -0.3147592322002216}, 
      {0.01938544769256094, 0.04451508192448834, -0.18889409017206288, 
       -0.0788718363010434, -0.01628761406347777, 0.024095019026531737, 
       -0.021430306047919956, -0.3025381645537404}}, 
     {{-0.003967529005005449, 0.003819935151116427, 0.21274861251325947, 
       0.0316589365047653, -0.013166493600875932, 0.02687273572259673, 
       -0.012312655246885686, -0.31428173675257026}, 
      {-0.001610005166962552, 0.014293744255839, -0.1856779131131665, 
       -0.0791833960242671, -0.01621728359931634, 0.04949497712681717, 
       -0.028761683773803427, -0.30319607248620717}}, 
     {{-0.01103803638641868, -0.015829860773090898, 0.21052776990853544, 
       0.032240415488925256, -0.013100543543078163, 0.021633084132014348, 
       -0.006522645465542906, -0.31382630096555103}, 
      {-0.021646490969841888, -0.02502337094062619, -0.18345707050844234, 
       -0.07909563351815087, -0.016110436365433037, 0.04632179040923701, 
       -0.018910892348743866, -0.3036921529750148}}, 
     {{-0.01197575762973827, -0.026244770907047844, 0.2082320645958204, 
       0.032610179877775376, -0.013129880754716192, 0.0045016614693037995, 
       0.0028937651079475606, -0.31336858118388466}, 
      {-0.02875302327100504, -0.05046002300638495, -0.1811613651957266, 
       -0.07923830815298985, -0.016094496465633098, 0.01585140077723543, 
       0.0022293060098553235, -0.3041418829296877}}, 
     {{-0.006275813028228987, -0.02184990470126073, 0.2050084070503384, 
       0.03247507044134936, -0.013245465980664247, -0.014751519664508893, 
       0.010655341547023467, -0.3129364575231097}, {-0.01871273972617403, 
       -0.04676928324190249, -0.17793770765024491, -0.07987337068548134, 
       -0.01614492402992072, -0.024479685105635075, 0.02202008957738228, 
       -0.30459689451504374}}, {{0.002829827194617346, 
       -0.0054408286178226845, 0.20196270097805713, 0.03258084340425265, 
       -0.013298735468104067, -0.025293150039665667, 0.01243827017055002, 
       -0.3125051007007286}, {0.002487767746412138, -0.015627867182554767, 
       -0.17489200157796408, -0.08029442321050327, -0.016158453651589504, 
       -0.051165197383273284, 0.028629062382324984, -0.30487741770685295}}, 
     {{0.01024925473202608, 0.013473554119336395, 0.1999206376989425, 
       0.03328702820925162, -0.013245250818067704, -0.021400742405808377, 
       0.007349033224224275, -0.3122114133892972}, {0.022144871604412815, 
       0.025143892413809266, -0.17284993829884934, -0.08016581370710764, 
       -0.016104627816428674, -0.04835543391978487, 0.018091776726408403, 
       -0.30507925991901774}}, {{0.01193929363598184, 0.024294503273412035, 
       0.19774548821410218, 0.033767472907154386, -0.013193969849684375, 
       -0.005770203153311127, -0.0017268422475636663, -0.31214361075645153}, 
      {0.028505902366228627, 0.051831301334914454, -0.1706747888140091, 
       -0.08027152270530673, -0.016050752404486498, -0.017277469863356015, 
       -0.003226417605850412, -0.305428224808525}}, 
     {{0.007056940824226906, 0.021293044715018042, 0.1946436816550607, 
       0.03358683564560972, -0.013242280003105374, 0.012552914010359196, 
       -0.00970243800629264, -0.31203141272294355}, {0.017836891950220368, 
       0.04865592603274731, -0.1675729822549673, -0.08102640436063134, 
       -0.0160831341821104, 0.02422217446245326, -0.022528751778322035, 
       -0.3057011638783126}}, {{-0.0015738786256151778, 0.00660739169819707, 
       0.19177623071755256, 0.033651125423732456, -0.013332867169526192, 
       0.02323207965082812, -0.0121953406403052, -0.31172913555109494}, 
      {-0.0034436220898808436, 0.017172339795150447, -0.16470553131745955, 
       -0.08156565993472131, -0.01618129432354981, 0.05204857225235907, 
       -0.028291279623602266, -0.3056095170594862}}, 
     {{-0.009133454630033429, -0.01111713740938988, 0.18989666459800375, 
       0.03447545180394857, -0.01331798599225207, 0.020543101790799267, 
       -0.008003104851430465, -0.31162641959514287}, 
      {-0.02256470699516575, -0.02454657742439658, -0.1628259651979105, 
       -0.0813857170286108, -0.016207124616151276, 0.049904056417344335, 
       -0.017104361067638817, -0.3054820827339288}}, 
     {{-0.011569659338486832, -0.021923398734088346, 0.1878233482752985, 
       0.0350730174599193, -0.013191687863204852, 0.006622076747472617, 
       0.0004303054731066703, -0.3119319912187984}, {-0.028106466229709203, 
       -0.05235290752823433, -0.1607526488752056, -0.08143017944981575, 
       -0.016121793439941655, 0.018829086695738493, 0.00424296420029718, 
       -0.3056576813247326}}, {{-0.00770350468773382, -0.02015011061918872, 
       0.18484654514016927, 0.03484047238143281, -0.01314604477423557, 
       -0.010358497851854118, 0.00839790670714702, -0.3121604779541099}, 
      {-0.01685655663399654, -0.05004117233743222, -0.15777584574007608, 
       -0.08229355066625417, -0.016110620160380743, -0.02326856790543301, 
       0.02291697292579483, -0.3057246775298698}}, 
     {{0.00017288426534771938, -0.007341880484524575, 0.18216017819636549, 
       0.034841261980292366, -0.013261527248431307, -0.02079916848556086, 
       0.011596963195962526, -0.31204352416140335}, {0.004386974703419751, 
       -0.018860679586818748, -0.15508947879627222, -0.08295341612233133, 
       -0.016282862958181113, -0.05205115474958492, 0.027805720128959974, 
       -0.3052912392033214}}, {{0.0076864126661752305, 0.008830808109030206, 
       0.18042377283157163, 0.03576727046935182, -0.013309086451471018, 
       -0.01916731751489973, 0.008516465951575751, -0.31214203344215435}, 
      {0.022886300018129507, 0.023232858859063156, -0.1533530734314781, 
       -0.0827177846561728, -0.016414448530747246, -0.050894802506404345, 
       0.016066507358798526, -0.3048389497056521}}, 
     {{0.010889666697066518, 0.019259030742942232, 0.17843437140588575, 
       0.03648046730979782, -0.013123504185426373, -0.00709017052150535, 
       0.0010257545335902027, -0.31277601454151893}, 
      {0.02762137654925312, 0.051993265798065263, -0.15136367200579287, 
       -0.0826830531008016, -0.01631408471169034, -0.020470658311045893, 
       -0.005178716382317106, -0.304806293924541}}, 
     {{0.00825284702131056, 0.018531539553630048, 0.175585503177858, 
       0.036196340953072885, -0.01296270031904493, 0.008233651559416775, 
       -0.006734657340204642, -0.31331961181748924}, 
      {0.01588221208000695, 0.05088378847588376, -0.1485148037777651, 
       -0.0836351048853596, -0.016236301328455636, 0.021637635015068452, 
       -0.023168914253437586, -0.30466581610744775}}, 
     {{0.0014009642581371028, 0.007671295797153408, 0.17308007640128473, 
       0.03611995374436453, -0.01308518046246497, 0.018119681947650554, 
       -0.010667562879649756, -0.313402101143426}, {-0.005235157561423734, 
       0.020641928358318958, -0.14600937700119138, -0.08440634760620547, 
       -0.01646229196917655, 0.051195340486027405, -0.027248486097325428, 
       -0.3039461427420322}}, {{-0.005910891042531268, -0.006688480382019773, 
       0.17146847501967283, 0.03712258899481111, -0.013214834441448718, 
       0.017385345684610296, -0.008930178682015857, -0.31369000490022325}, 
      {-0.02310394722619379, -0.0212719341069129, -0.14439777561957967, 
       -0.08411627185627094, -0.016716652899319638, 0.05134370127796237, 
       -0.015092079791764017, -0.3032198719656789}}, 
     {{-0.009934158233525616, -0.016436601878143366, 0.16955152983276922, 
       0.037936780035893576, -0.012993060658250006, 0.0072103140828924436, 
       -0.002667286437160865, -0.31458316598549024}, 
      {-0.02711887513549706, -0.05082707714068209, -0.1424808304326759, 
       -0.08399567603794614, -0.01661862789012874, 0.022175965973676576, 
       0.005954916915918436, -0.30299120090833437}}, 
     {{-0.008748714222965557, -0.016561328817207437, 0.16683728776954015, 
       0.03760643239153984, -0.012707882737112581, -0.006235860953644744, 
       0.004726048098983216, -0.31537044716309376}, {-0.015007786801126074, 
       -0.05122249614642449, -0.13976658836944686, -0.08500911181296997, 
       -0.0164550251835422, -0.019415548911292393, 0.023284535053153785, 
       -0.30266564821626535}}, {{-0.0031669688957428393, 
       -0.00764468798120026, 0.16451215871214375, 0.03745082157569529, 
       -0.012822770248251002, -0.015310170591498522, 0.009456858300229609, 
       -0.31562062388476836}, {0.005925478576954763, -0.022478463919695272, 
       -0.1374414593120508, -0.08586725402467334, -0.01670890684298095, 
       -0.04959517294276738, 0.02668431169135534, -0.3017331491025278}}, 
     {{0.0038317029708976554, 0.0047383649048449465, 0.16301035713703257, 
       0.03849762518523926, -0.013049358107817098, -0.015310695946915948, 
       0.009297991057964571, -0.31606485198722384}, {0.02321218625015267, 
       0.01877883421303634, -0.13593965773693947, -0.08552761683787832, 
       -0.017089700121278938, -0.05132364024430501, 0.014256854966032859, 
       -0.3008211161188569}}, {{0.008760536244410092, 0.01357352399112078, 
       0.16116289788903268, 0.03938227803548947, -0.012816164278968319, 
       -0.007034985432554929, 0.00450943984319991, -0.31713593186647426}, 
      {0.026635231263750486, 0.04899263531173082, -0.13409219848893927, 
       -0.08532651612984686, -0.01700532624671749, -0.02391482026491371, 
       -0.00653104858766516, -0.3004516149582542}}, 
     {{0.009242588662934887, 0.014364372482374616, 0.1585954416398448, 
       0.039013018408095686, -0.012409694645810567, 0.004398423941154744, 
       -0.0024153622551853354, -0.3180669723359834}, 
      {0.014276648742793305, 0.051134955870455925, -0.1315247422397514, 
       -0.08636766801764914, -0.01674234888853209, 0.016734399189613943, 
       -0.02326902817100886, -0.2999841816039819}}, 
     {{0.005131200446018363, 0.007330139991594123, 0.15645121459357156, 
       0.03878695368000275, -0.012509974812235593, 0.012471914709910874, 
       -0.008044381895218613, -0.3184167652868052}, {-0.006431795132951155, 
       0.024332365820543992, -0.12938051519347807, -0.08727319420673849, 
       -0.016999979569966205, 0.04740955789191993, -0.026137018735068136, 
       -0.29891669299796364}}, {{-0.0014995051374025938, 
       -0.003003216658454696, 0.15504798466663816, 0.039840362058994834, 
       -0.01284177759868831, 0.013057809836527079, -0.009685605669395416, 
       -0.31896668968976927}, {-0.023198192313844054, -0.015890403098875287, 
       -0.127977285266545, -0.08688990076026848, -0.017499694980837477, 
       0.050919283040148686, -0.013570092428814304, -0.29792174694551044}}, 
     {{-0.007448776393720397, -0.010767872341094711, 0.15327367767626868, 
       0.0407507786548873, -0.012616282809631866, 0.006628647830721128, 
       -0.00655680736697119, -0.32013687313172473}, {-0.026152244833355348, 
       -0.04664212576135889, -0.12620297827617558, -0.08662278597105783, 
       -0.01743264457401686, 0.0256380573197264, 0.006916796117999434, 
       -0.29749402809731046}}}
