avgspins3 = {{{-0.14017874857810148, -0.04351542247420794, 
       0.5175816087039762, -0.03346888594488649, -0.006333366819874283, 
       0.013401584294825289, 0.14542828116654333, -0.21702441876994122}, 
      {-0.02622029924301078, 0.03078592782630875, -0.5067777806181073, 
       -0.12943620427785218, -0.08511698620565679, -0.04031224404933993, 
       -0.13164381183359875, -0.252634503827463}}, 
     {{-0.041232816507504044, -0.0029445694114012917, 0.516851856144047, 
       0.03448414411041709, 0.006642681398099708, 0.1989942477804648, 
       0.02392663075137549, -0.21544728467955787}, {0.04955483735865139, 
       0.11167893288248654, -0.5060480280581785, 0.1312512372394437, 
       0.08616377339862433, -0.07536420400594881, 0.009162636807676075, 
       -0.2573689061228633}}, {{-0.14124771284147644, 0.011883044900938227, 
       0.5166009234155609, -0.03366556512021275, -0.005264913994919563, 
       0.04963081461974397, -0.13653828728567421, -0.2113449424964841}, 
      {0.13211600312602864, -0.040482613060276035, -0.5057970953296921, 
       -0.13133646641973332, -0.08555900231205925, -0.027135498357422076, 
       -0.025777615749596167, -0.2596848308469998}}, 
     {{-0.028164928642570943, 0.1949176259532332, 0.5158886905660632, 
       0.030183611856712006, 0.006889425663278031, 0.0033937089523947313, 
       -0.04598477826102885, -0.206495839064516}, {-0.008838919633906244, 
       -0.07506589410921098, -0.5050848624801949, 0.12890321372330896, 
       0.08797398221827729, -0.11251189879063916, 0.048021088388350695, 
       -0.26121576653987844}}, {{0.13482579749535925, 0.054294078472378146, 
       0.5144199762644301, -0.02827392104476914, -0.01026823756753562, 
       -0.012813998966605894, -0.13825063269392487, -0.20398100043196057}, 
      {0.026427577289062275, -0.02735816828554213, -0.5036161481785614, 
       -0.12814675198733674, -0.09210864106635692, 0.041729461752760336, 
       0.13376530532432115, -0.2649987838683105}}, 
     {{0.048750271161150674, 0.0017318504582085738, 0.5131845518854591, 
       0.029149803045612325, 0.010703659716515098, -0.1901071071782392, 
       -0.03136730494689583, -0.20252896161108763}, {-0.047722058102534416, 
       -0.11314541411244654, -0.5023807237995899, 0.1302074361071102, 
       0.09327534153071969, 0.07679731356360003, -0.01201960601139059, 
       -0.2698580911805631}}, {{0.1339868983870752, -0.01237788739579389, 
       0.5124753274821509, -0.028467615239187248, -0.009285337148140022, 
       -0.05972100479280267, 0.13089366090842086, -0.19899492037429037}, 
      {-0.13420438657713718, 0.04098302707492413, -0.501671499396282, 
       -0.1307492391345636, -0.09260616867181475, 0.024269634306106753, 
       0.025453364665833644, -0.27264237785642903}}, 
     {{0.03461743071759139, -0.18556109705041723, 0.5112637928336341, 
       0.024635582060542616, 0.01068947336623265, -0.0025403825242023724, 
       0.05338146927618023, -0.1941775150577059}, {0.011308859817130994, 
       0.07700371291630083, -0.500459964747765, 0.12825594352039635, 
       0.09476103888339359, 0.11333590239297388, -0.04641340314110713, 
       -0.27403109222376787}}, {{-0.12859345727886173, -0.06404842218662993, 
       0.5092563465521819, -0.02209061055140882, -0.014010966416472316, 
       0.013861407468555954, 0.13127403466150203, -0.19124781987060177}, 
      {-0.025339850933573917, 0.024137706557779692, -0.4984525184663128, 
       -0.12716417682789502, -0.09877419975619259, -0.04198946497657129, 
       -0.1354079514811875, -0.27716920634419384}}, 
     {{-0.05666860600827874, -0.0013040992806864602, 0.507531725369598, 
       0.022817809682869842, 0.014635231057390997, 0.18085161427733895, 
       0.0368572703948982, -0.18993191748400826}, {0.0452580680305056, 
       0.11333674398041192, -0.49672789728372924, 0.1293610148201646, 
       0.10003406191625251, -0.07866996248979069, 0.013932153505694619, 
       -0.28186054718563824}}, {{-0.12706868326783413, 0.014539217345553902, 
       0.5063932385887008, -0.022327127273235332, -0.013285885902258127, 
       0.068586056220121, -0.12449448917009066, -0.18712298912106204}, 
      {0.13569377285401066, -0.04039922919577408, -0.4955894105028322, 
       -0.13033240350557607, -0.09931349279797004, -0.021596709716887975, 
       -0.02404490984064491, -0.2849853802270019}}, 
     {{-0.03898605193232308, 0.17596114703054974, 0.5047289097035648, 
       0.018250986086422314, 0.014490425382861362, 0.0024913932569834716, 
       -0.06095298131678803, -0.1826161035050532}, {-0.012870665293124044, 
       -0.07928869378719283, -0.4939250816176957, 0.12781100806860843, 
       0.10113201586282408, -0.11302513911958587, 0.04416986437367006, 
       -0.28624311701999006}}, {{0.12164417057349171, 0.07239918263696735, 
       0.502224936043897, -0.015107138832097359, -0.01772675861396551, 
       -0.016430661507331225, -0.12479239675471794, -0.17940432615720237}, 
      {0.023191683473794314, -0.021156455165172575, -0.4914211079580281, 
       -0.1263500029330066, -0.10490223614657421, 0.04120119752993972, 
       0.13644227326310496, -0.2886176304291381}}, 
     {{0.06463564712963732, 0.0017475176445074087, 0.5000366649257175, 
       0.01564751628761452, 0.01859164256744659, -0.17156273610899744, 
       -0.04024434922112625, -0.1781951882408703}, {-0.04229124758441963, 
       -0.1123307010649544, -0.4892328368398491, 0.12859057890002978, 
       0.10621585361285749, 0.080728616411532, -0.015022463790913933, 
       -0.2928809095560557}}, {{0.1207932301404979, -0.01822710451281893, 
       0.49849880899783955, -0.015360823888691453, -0.01741321412529739, 
       -0.07586282165986628, 0.11754572896786099, -0.1761844482710046}, 
      {-0.1364541114618621, 0.0389330066147272, -0.4876949809119707, 
       -0.12997147383542837, -0.10545702034851767, 0.019049353382706642, 
       0.02179841961410447, -0.2962126709226769}}, 
     {{0.04110897273161228, -0.16648431223787363, 0.49643420501093444, 
       0.011125911273630475, 0.0184456587885855, -0.003282297083432278, 
       0.06830232796052248, -0.17222220461591}, {0.013723955595020295, 
       0.0816453120229693, -0.4856303769250655, 0.12748441485762757, 
       0.10688538481323415, 0.11168181590059714, -0.04134359790061937, 
       -0.2973871986431956}}, {{-0.11422244817040608, -0.07894814527318683, 
       0.4934885164541649, -0.00741423787237223, -0.02156361999612106, 
       0.020301609774744035, 0.11907325737975366, -0.16886827378645913}, 
      {-0.02025840865038558, 0.01832097376815114, -0.4826846883682962, 
       -0.12566431325895194, -0.11030953219596396, -0.039551338163948575, 
       -0.13676824290135103, -0.29896879228890355}}, 
     {{-0.0722104685842573, -0.0030707991891917993, 0.49086752913863235, 
       0.0077058692819395634, 0.02268970894145864, 0.162608399384017, 
       0.04144883728421597, -0.16770705356422488}, {0.03890843378491872, 
       0.11025363035682448, -0.4800637010527634, 0.12787686148534347, 
       0.1116392824114834, -0.08272443277076448, 0.015532320926682707, 
       -0.30259587129785515}}, {{-0.11542634459002804, 0.02318047769502122, 
       0.4889542462308496, -0.007596404074934571, -0.021757002559370648, 
       0.08120441591524835, -0.11033259417793412, -0.16647750288325264}, 
      {0.1363939110400754, -0.03683588291771339, -0.4781504181449808, 
       -0.1296483235478352, -0.11087009691765429, -0.016466552573128606, 
       -0.018974142008416465, -0.30599025365370097}}, 
     {{-0.0409320883246667, 0.15752690338276362, 0.48653828414833733, 
       0.0032689793768744617, 0.02263885710774707, 0.004858318005086019, 
       -0.07499073604309021, -0.16323771150744978}, {-0.014169978684415737, 
       -0.08381782996131837, -0.47573445606246834, 0.12727650542189706, 
       0.11189613996852549, -0.10943178404938024, 0.03796037121653552, 
       -0.30715009590309766}}, {{0.10665609266001473, 0.08335195054853851, 
       0.48321112452808, 0.0009745086423678471, -0.02558754060746598, 
       -0.0251689049566044, -0.11432996906627235, -0.15989559413999974}, 
      {0.016816161967045662, -0.01543973633234085, -0.4724072964422112, 
       -0.12514309233870052, -0.1149063191790659, 0.037262565849677604, 
       0.1363139665796704, -0.3079969241007131}}, 
     {{0.07893200809656928, 0.005184928329320575, 0.4801902678203672, 
       -0.0010003320425889782, 0.02694991380674498, -0.15436739206130362, 
       -0.04049236907108355, -0.15871244096029902}, {-0.03514396060287861, 
       -0.1072530157538218, -0.4693864397344981, 0.12727060136197466, 
       0.11622677881548671, 0.08443599350820442, -0.015772016977861996, 
       -0.31083665912972674}}, {{0.11116885462539876, -0.029045769237216135, 
       0.4779155627419217, 0.0009851842752947142, -0.026297624544625055, 
       -0.0843472294219492, 0.10320931827358149, -0.1581664300504263}, 
      {-0.135458336015167, 0.03436423364643045, -0.4671117346560525, 
       -0.12940032288469003, -0.11549734510880844, 0.013625676583657003, 
       0.015814911675586064, -0.3141303932589817}}, 
     {{0.038536403236804115, -0.14948360533999963, 0.47518689641266054, 
       -0.005347504082740638, 0.02703613110364473, -0.007071559787409299, 
       0.08060851702158355, -0.15577124509360385}, {0.014555851898800716, 
       0.0855909578684002, -0.46438306832679144, 0.12722011707199113, 
       0.11615981764239597, 0.10640324061718777, -0.034015464549392985, 
       -0.3153446027714569}}, {{-0.09933476673871124, -0.0853912482200324, 
       0.47153817249575786, 0.010065085407867842, -0.029744994515041517, 
       0.03067855911662137, 0.11070353277870232, -0.15261686076790093}, 
      {-0.013113699523355898, 0.012261993068437024, -0.46073434440988864, 
       -0.12483787060461934, -0.11873306720593531, -0.034557662234244134, 
       -0.13503415315402664, -0.3155873357972486}}, 
     {{-0.08439505294825225, -0.007906094741133081, 0.46815083706854294, 
       -0.010459253181444767, 0.031269556070292075, 0.1471994340586721, 
       0.03751259195853815, -0.1513510834017354}, {0.030981818984907927, 
       0.10347826288368013, -0.4573470089826738, 0.12682745522196537, 
       0.12003420906599334, -0.08568666450816509, 0.016072132445862822, 
       -0.3175415720597237}}, {{-0.10813729652823334, 0.035422954555396964, 
       0.46551942045506006, 0.01037754509504409, -0.030886659713492384, 
       0.08516621323450539, -0.0965675121320277, -0.15132911581898723}, 
      {0.13362969980326797, -0.0317470695058299, -0.4547155923691909, 
       -0.1292519765540022, -0.11941311426570857, -0.010275484111559485, 
       -0.012522833653121937, -0.32054636204760584}}, 
     {{-0.03414145071648298, 0.1427101416526011, 0.46250470823191686, 
       -0.014714585845272993, 0.031476283098066535, 0.009700874565476495, 
       -0.08484117418160854, -0.1498508351957282}, {-0.015227277530178635, 
       -0.08680719621153465, -0.45170088014604776, 0.1273095937073671, 
       0.1197982123864169, -0.10271277807358033, 0.029476877923704254, 
       -0.32186522290803443}}, {{0.09266823705818428, 0.08501833710415818, 
       0.4585912112990455, 0.019812155632266442, -0.033864648078406855, 
       -0.036472247188367, -0.10825704891686469, -0.14708512446155053}, 
      {0.009350720630599402, -0.008515109857281761, -0.44778738321317624, 
       -0.12474031539965981, -0.12195702621487339, 0.03163497466879408, 
       0.13291335781864907, -0.3216856157272709}}, 
     {{0.08831550060748859, 0.0109824842502488, 0.45487276870309823, 
       -0.02058315882074487, 0.03543869728191851, -0.14141298811301867, 
       -0.032758918082565584, -0.14570270644187086}, 
      {-0.026366743034069866, -0.09906903214700566, -0.44406894061722907, 
       0.12653352578379182, 0.12324114460460321, 0.08636111173678829, 
       -0.016747190842208576, -0.3227036689947209}}, 
     {{0.10636048811202826, -0.04191800213308811, 0.4518854233520541, 
       0.02047763191797276, -0.03527375176014392, -0.08370663588648208, 
       0.09079020436518101, -0.1460059997210298}, {-0.13093225692729468, 
       0.02916826515230656, -0.4410815952661851, -0.1291484651197365, 
       -0.12280097036027769, 0.006164539059793003, 0.009239866175157832, 
       -0.32520759307204716}}, {{0.028086316017967572, -0.1374878297174574, 
       0.44860256398091974, -0.024719025995656486, 0.03570011419243124, 
       -0.012489645077429107, 0.08751822660435743, -0.14547137354868273}, 
      {0.016495185278409718, 0.08738446765623027, -0.4377987358950507, 
       0.12743822300349864, 0.12302430413838972, 0.0984566169962358, 
       -0.024293149140041114, -0.32664733496116277}}, 
     {{-0.0870330183847253, -0.08237502695239822, 0.4444781202934109, 
       0.030060691547453708, -0.03769427890440369, 0.04223088503181792, 
       0.10698479562906896, -0.14331440834747883}, {-0.005659108466070009, 
       0.00393552323523551, -0.4336742922075417, -0.12472112904885443, 
       -0.124828097200156, -0.028655929809070946, -0.12997244288598592, 
       -0.3262545352069837}}, {{-0.09057328221902598, -0.014139440085917708, 
       0.4404694059140521, -0.03116024474770294, 0.039189506930219685, 
       0.1372379802166967, 0.026571432633027504, -0.14182097155112355}, 
      {0.021218056941907624, 0.09414598707943159, -0.42966557782818343, 
       0.12625053970590275, 0.1261026798889769, -0.08642248492740306, 
       0.018070950663406984, -0.32633089889063255}}, 
     {{-0.10579376017078729, 0.0481910611487231, 0.4371315621172702, 
       0.031042761263445393, -0.039163054032111795, 0.08018819827090426, 
       -0.08620165132912315, -0.14223523351468845}, {0.12743774918781656, 
       -0.026759269602210083, -0.42632773403140134, -0.12891175723559936, 
       -0.12590107970975487, -0.001063549884501229, -0.006030368559927281, 
       -0.3281096472447047}}, {{-0.02079351849406861, 0.13399891446832157, 
       0.43359635756234527, -0.035106406095939076, 0.03941248969878686, 
       0.015193956670727758, -0.08863686511654524, -0.14262583600268836}, 
      {-0.018614443058186204, -0.08733279056844419, -0.42279252947647616, 
       0.12736744203448377, 0.1260830006002283, -0.09370310520389873, 
       0.018402141370712416, -0.32964214853848367}}, 
     {{0.08272122039615447, 0.07778006659445034, 0.4293135980159435, 
       0.040521732030056073, -0.040962616506529, -0.04770780110322204, 
       -0.10683398249170901, -0.1413013370120021}, {0.0020849536613126774, 
       0.0017087296081764282, -0.4185097699300749, -0.12450787708156992, 
       -0.12761082082780387, 0.025739193288758906, 0.126273631033814, 
       -0.3292481951683443}}, {{0.09122554893126043, 0.01713231063631649, 
       0.42506462708094794, -0.04184315608339292, 0.042260288347872564, 
       -0.13481071863460917, -0.019348386844494643, -0.13974994347125871}, 
      {-0.015442513122227665, -0.08879976068594676, -0.4142607989950793, 
       0.12569841118181288, 0.12888073997068067, 0.08592468263888196, 
       -0.020260438891061845, -0.3284236143292704}}, 
     {{0.1063476298954379, -0.05399100717379597, 0.4213955792153424, 
       0.04168839996432325, -0.0422844007212019, -0.07498206181891152, 
       0.0830249521456496, -0.1400695838973439}, {-0.1232646110421938, 
       0.024596933763664296, -0.4105917511294733, -0.12823554734618794, 
       -0.128946187076351, -0.005218087674921654, 0.002867836019476317, 
       -0.3292603878066123}}, {{0.012723635169386297, -0.13231945492006553, 
       0.41762945387032196, -0.045485578963310756, 0.0423504890680395, 
       -0.017629235893839485, 0.08835578738180723, -0.14131998365007037}, 
      {0.02177083433729674, 0.08676250992212274, -0.40682562578445314, 
       0.12673739228377587, 0.1291858437501574, 0.08848396430452563, 
       -0.011738841646286446, -0.3308084775561292}}, 
     {{-0.07990393382523142, -0.07168882527072469, 0.4132415093665962, 
       0.05078690200232354, -0.04344185014198032, 0.0527456858240217, 
       0.1077333356240545, -0.14103281677762552}, {0.001424932547414668, 
       -0.008603270207806827, -0.4024376812807276, -0.12370472446379077, 
       -0.13051725925784705, -0.02295768023572909, -0.12191774451391009, 
       -0.3306039715832992}}, {{-0.09048910858056841, -0.019792179637132278, 
       0.4088134568883429, -0.05217856865307832, 0.04445445969719183, 
       0.13417236023350068, 0.011508745978239745, -0.13952554578416526}, 
      {0.008943125945127963, 0.08307621646569233, -0.3980096288024741, 
       0.12448024236881486, 0.13177935486749784, -0.08501308357593503, 
       0.023465285998367606, -0.3289668121576852}}, 
     {{-0.10792142554810782, 0.05917090085382552, 0.40485349588971076, 
       0.05192766146686291, -0.04445052137767833, 0.06856488180471255, 
       -0.08135692638870116, -0.13957681715944623}, {0.11856447575005587, 
       -0.02270284325942793, -0.3940496678038418, -0.12671683236354384, 
       -0.1321048057919615, 0.012819881095414652, 0.0003690588334541113, 
       -0.3286771125095416}}, {{-0.004328433336077236, 0.13242937951510914, 
       0.4008899584866547, -0.055371661868472144, 0.04433866619490467, 
       0.01970245514159231, -0.0869604184227457, -0.1415742743604418}, 
      {-0.02607231200333315, -0.08587652328550924, -0.3900861304007859, 
       0.12511114849446675, 0.13246331789774665, -0.08278460392597832, 
       0.004241834808528954, -0.33011701544822375}}, 
     {{0.07861890156702707, 0.06463275322929067, 0.3964508940758168, 
       0.060374216919607475, -0.044991280998417975, -0.05727387589527639, 
       -0.10961754571048346, -0.14248537294731406}, {-0.005025363940415701, 
       0.016876404778774196, -0.385647065989948, -0.12184647415817992, 
       -0.13366044109363642, 0.020337324179477808, 0.11702889328989823, 
       -0.33024941957988707}}, {{0.08869454605278572, 0.022050540748530825, 
       0.39191515306447666, -0.061662835364399024, 0.04567353468833529, 
       -0.13527875703903447, -0.00345575888024997, -0.1411667788525816}, 
      {-0.0016268726702859122, -0.07696053030235554, -0.381111324978608, 
       0.12213898927344456, 0.13490083654838764, 0.08390685992003863, 
       -0.02775969598902931, -0.32793349288542295}}, 
     {{0.11042932949145033, -0.06368187568395373, 0.38772867779885206, 
       0.06123651076720836, -0.04558720512400522, -0.06145735700332064, 
       0.0811656161898807, -0.14082675139782577}, {-0.11349423993704824, 
       0.02104320510271802, -0.37692484971298346, -0.12391413708377631, 
       -0.13544936559443987, -0.0218182558493812, -0.0038860914307159177, 
       -0.326389769813533}}, {{-0.003990012920512386, -0.13423325729563035, 
       0.38361702107590845, -0.06425098610253338, 0.0453148690240111, 
       -0.02142026556283963, 0.08480587815256732, -0.14341597223257127}, 
      {0.0315406519630325, 0.08494071680231058, -0.3728131929900398, 
       0.12203848151169243, 0.1359452481003485, 0.07653674882776033, 
       0.004137044091783724, -0.3275624635443562}}, 
     {{-0.07878393859731515, -0.0571486421548986, 0.37918078219778023, 
       0.06879318775158656, -0.0455744358189898, 0.0612871566339122, 
       0.11243789647091423, -0.1456198688793963}, {0.008957674252681899, 
       -0.026585998310103012, -0.3683769541119115, -0.11847183214012695, 
       -0.13704144492758594, -0.017858742301064507, -0.11172756767945971, 
       -0.32812061634180856}}, {{-0.08622038930326835, -0.023934976549645475, 
       0.37461511962334865, -0.06980925295313596, 0.045921958296454846, 
       0.13801509648979426, -0.004452111322340783, -0.14466126996967368}, 
      {-0.006584222496795137, 0.0703661733982773, -0.3638112915374801, 
       0.11822838121979308, 0.13823535450701052, -0.08286277840912123, 
       0.03313443645789497, -0.32529664568273586}}, 
     {{-0.11380805787299653, 0.06754586543243413, 0.37028910501325724, 
       0.06912511937786799, -0.045729774853277845, 0.05415887520206229, 
       -0.08231002128569577, -0.14386930330926695}, {0.10817858499702779, 
       -0.019531702886061594, -0.35948527692738874, -0.11941192310301817, 
       -0.13895260345756044, 0.03221043910504801, 0.007945564551589143, 
       -0.3224473086927219}}, {{0.011905233211137248, 0.13758268338331875, 
       0.36609491627437496, -0.07165206216205851, 0.04532510832387863, 
       0.02286867703218903, -0.08224823506319529, -0.14686432523351486}, 
      {-0.03810109422777897, -0.08423488784621658, -0.35529108818850647, 
       0.11712130720711393, 0.13956719841725826, -0.06961838667526256, 
       -0.013416059752950064, -0.3231784399591242}}, 
     {{0.08023064881234251, 0.049711446846016645, 0.3617133479748844, 
       0.07560709215914331, -0.045249687283221256, -0.06480947359724477, 
       -0.11615349367922502, -0.15037468504573578}, {-0.013513626274646648, 
       0.037699344039334635, -0.35090951988901575, -0.1131896154103676, 
       -0.14056351321948551, 0.015464216856870293, 0.10609884796484116, 
       -0.3241860564950401}}, {{0.08341872049286642, 0.0255362270753803, 
       0.35719607321832597, -0.0762078823299965, 0.04529002354357491, 
       -0.14221004131752363, 0.011915719645875166, -0.14995141243531993}, 
      {0.015731901265395337, -0.06313752889338155, -0.34639224513245775, 
       0.11237959901925247, 0.14167676697482232, 0.08212442139642015, 
       -0.03948875208447504, -0.3210458950689678}}, 
     {{0.11800234185199909, -0.07081069489225726, 0.3528344187459278, 
       0.07519888348870045, -0.04500058179372071, -0.04709198398842872, 
       0.08457667396884086, -0.14871146723499454}, {-0.10267380178268574, 
       0.01803919073011252, -0.3420305906600592, -0.11288118325337894, 
       -0.14250255279862176, -0.04389254889202431, -0.012821984621691124, 
       -0.3169234119164427}}, {{-0.019171323664927447, -0.14229252470018203, 
       0.3486373119877644, -0.07720407305586066, 0.044500192980181257, 
       -0.024169996194809355, 0.07957766974655149, -0.15191454786150266}, 
      {0.045572828929859525, 0.08399291412050788, -0.3378334839018956, 
       0.11006734024635445, 0.1431923355406809, 0.06186692069176862, 
       0.0235581806270358, -0.31704756268877693}}, 
     {{-0.08274831490845004, -0.042684677112464625, 0.34435804835100337, 
       0.08048556460135399, -0.04414927475105916, 0.06784894737663133, 
       0.12070604822787383, -0.15666231024369473}, {0.018981275805714792, 
       -0.050066186748373834, -0.3335542202651347, -0.10573181611123761, 
       -0.14405949086287317, -0.01307143536592771, -0.10016542990049576, 
       -0.31846609982839463}}, {{-0.08054751535148663, -0.026957347917051382, 
       0.339961369263361, -0.08057028961194738, 0.043930552102749716, 
       0.14764679711030163, -0.01869211655177559, -0.15692975709495022}, 
      {-0.02579117270628085, 0.05507173810098465, -0.3291575411774924, 
       0.10435133320033947, 0.14504993122603954, -0.08186955155632125, 
       0.046624644588122106, -0.31520138390476127}}, 
     {{-0.12293470299956875, 0.07349670275475305, 0.3356762853926566, 
       0.07919937446385027, -0.04357922987124935, 0.04056772273176333, 
       -0.08772411544214256, -0.1553043013946826}, {0.09694642959063902, 
       -0.016412841573418022, -0.32487245730678815, -0.10412222890940379, 
       -0.1459268723295981, 0.056636740794834994, 0.01874892806576871, 
       -0.30991616383187137}}, {{0.02560479921410596, 0.1481488878687587, 
       0.33156563653489096, -0.0806764856295425, 0.04302699314428073, 
       0.02542873472782181, -0.076967691232745, -0.15852877448942979}, 
      {-0.053666212737343025, -0.08434861250888803, -0.32076180844902247, 
       0.1007235601734403, 0.146633550478479, -0.05310622011535716, 
       -0.03444246276736412, -0.30929851709758105}}, 
     {{0.08612624137621623, 0.03630045462255693, 0.32743049249554185, 
       0.08323870413235117, -0.04245746173408282, -0.07035538356006867, 
       -0.12598778633336125, -0.1643743642505782}, {-0.025584099589033762, 
       0.06339511019496462, -0.31662666440967335, -0.09598161235463298, 
       -0.1473194541982953, 0.010593180493865642, 0.09387716719217969, 
       -0.31103748774578954}}, {{0.07772674352383348, 0.02826132556500754, 
       0.32321415809896364, -0.08275383285905019, 0.04203949925198234, 
       -0.15407217941422408, 0.024576865620551662, -0.16544969145412416}, 
      {0.03663669938020145, -0.04595857785196254, -0.3124103300130954, 
       0.09405677608556455, 0.1481379675030361, 0.08216987256927664, 
       -0.05424935412849668, -0.30781732809153417}}, 
     {{0.12847256063673007, -0.07555057399571274, 0.3191160228750753, 
       0.08102151711779294, -0.04168032499977984, -0.03477800890045582, 
       0.09152508502895976, -0.16354751387386954}, {-0.09087711221776314, 
       0.014504422731886122, -0.3083121947892068, -0.09308768074366688, 
       -0.14901077883379518, -0.07007831447458235, -0.025869968296755957, 
       -0.3015387739852754}}, {{-0.0310527076454397, -0.15491131374391506, 
       0.3151855707635828, -0.08199446327035666, 0.04112574680597241, 
       -0.026684855494735583, 0.0744533747151911, -0.16663879847527285}, 
      {0.06199474417098121, 0.08530479982179773, -0.3043817426777143, 
       0.08908981415188862, 0.14966912378353037, 0.04318288965634033, 
       0.04584246950539419, -0.3000884515703985}}, 
     {{-0.09018402592890311, -0.030671261368951798, 0.3112298558194233, 
       0.08382935840248587, -0.040393705653615504, 0.07219556014687496, 
       0.13181771625792363, -0.1733943752966153}, {0.033430968977809214, 
       -0.07724591923472145, -0.3004260277335548, -0.08397917465202007, 
       -0.1501098018018352, -0.007959192963610338, -0.08712181812298805, 
       -0.302020363097869}}, {{-0.07493192752685564, -0.02943525239168282, 
       0.3072361750480124, -0.08276628870438163, 0.03984229496147193, 
       0.16120588307274794, -0.02938310326197963, -0.17534746851622005}, 
      {-0.04801946963181574, 0.03562870955560451, -0.29643234696214427, 
       0.08156700363906515, 0.15070252467737189, -0.08297680793896615, 
       0.06199189856649365, -0.2989745128577476}}, 
     {{-0.13440809110696048, 0.07682550335811526, 0.3034234767575246, 
       0.0807110868485808, -0.03953728384185354, 0.02981239733088546, 
       -0.09579540943403238, -0.17330787156263947}, {0.08429012129992683, 
       -0.01220232430053381, -0.29261964867165635, -0.07988344681272676, 
       -0.15151509403814337, 0.08372354729051358, 0.0342075503937787, 
       -0.29190627953922604}}, {{0.03536208911876023, 0.16231386074773832, 
       0.29976562510998567, -0.08123320532218105, 0.039032254778022295, 
       0.02788915863220622, -0.07194517475804829, -0.17615617862599492}, 
      {-0.07010700172658933, -0.08673538294058693, -0.2889617970241176, 
       0.0753128960420052, 0.15205728269217408, -0.032003623600572774, 
       -0.057421755226577796, -0.28958045148544903}}, 
     {{0.09478384680070469, 0.025826684377760527, 0.29601864265763, 
       0.08236650868638033, -0.038195426218817816, -0.07315787601143894, 
       -0.13793633871836533, -0.18360931007341982}, {-0.04249131963163001, 
       0.09104999608783476, -0.2852148145717619, -0.06990661334611448, 
       -0.15218907516829222, 0.005135606545826765, 0.07975588563543924, 
       -0.2915579090953066}}, {{0.07202742026994384, 0.03038153761021312, 
       0.2922699448217369, -0.08075282933880171, 0.0375781322597767, 
       -0.16875071393063296, 0.032928554351040036, -0.18646137947044952}, 
      {0.05956532145674706, -0.02399636940079418, -0.28146611673586874, 
       0.06709306633422385, 0.15250305002056497, 0.08413623921031664, 
       -0.06943509787429887, -0.28877065708355526}}, 
     {{0.1404587255446193, -0.07709666516132557, 0.28882092728556824, 
       0.0784426434279937, -0.03738567267645232, -0.02569153768550198, 
       0.10040364774250893, -0.1844367093960027}, {-0.07699899761152099, 
       0.009459236882424445, -0.27801709919970014, -0.06475101918261153, 
       -0.15319587425331896, -0.09698329031577742, -0.043656092971702545, 
       -0.281129497025503}}, {{-0.03836510068330834, -0.1700681052766914, 
       0.2855214498623626, -0.07859395627357373, 0.03697862850094031, 
       -0.02890824397663455, 0.06927385016371432, -0.1869778811283932}, 
      {0.07753362208803756, 0.08841645820336365, -0.2747176217764944, 
       0.05966501237583649, 0.153556344784635, 0.019563623355630243, 
       0.06875118183450085, -0.2779319458006015}}, 
     {{-0.09982418639934391, -0.021760056671100418, 0.28200816579750326, 
       0.07908064880674708, -0.036096169306767796, 0.07298636871607488, 
       0.14402154247541155, -0.19490840258303774}, {0.052598366411382644, 
       -0.10415819924705284, -0.27120433771163505, -0.054060177877531694, 
       -0.1533283056500871, -0.0021377016675894374, -0.07164474461322552, 
       -0.279805100243375}}, {{-0.06882700619592706, -0.030936664543581106, 
       0.27850735882959005, -0.07696978076301865, 0.03547612481692277, 
       0.17640229140949526, -0.035035688111727845, -0.19863370300048735}, 
      {-0.0707996983892745, 0.011085625484725371, -0.26770353074372194, 
       0.05095357823582228, 0.15332004372859392, -0.08542342958257788, 
       0.07615736484776389, -0.2773207637503071}}, 
     {{-0.14628757916539897, 0.07610638768133986, 0.2754745646135126, 
       0.07448997473441547, -0.03543919765766052, 0.022406397527528866, 
       -0.1052600397130774, -0.1967718556404383}, {0.06885156566006606, 
       -0.006306971632160974, -0.2646707365276443, -0.04803449699066607, 
       -0.15383428393023224, 0.10922576608633885, 0.05399567249578584, 
       -0.2693249337652511}}, {{0.039882893313894836, 0.1778676071932658, 
       0.27260812128549544, -0.07436840965855514, 0.035165919346722835, 
       0.02955491375272291, -0.06625214700892529, -0.19897786063602993}, 
      {-0.08383905152240338, -0.09006983029912788, -0.26180429319962717, 
       0.04251040418411448, 0.1539562909479618, -0.005962226853704198, 
       -0.07934425920815665, -0.2653036928861869}}, 
     {{0.10521837467659993, 0.018470809693037864, 0.2693515484269486, 
       0.0742873880649218, -0.034291362325774455, -0.0714317572637437, 
       -0.14971955977054122, -0.20716508297486771}, {-0.06347120374338407, 
       0.115905816389862, -0.2585477203410802, -0.03681367464143996, 
       -0.15334019420371187, -0.000967005422046725, 0.06269955757404531, 
       -0.26693656651180914}}, {{0.06516094070414186, 0.030909743353582184, 
       0.26608561162299343, -0.07174978449460519, 0.03371957630296461, 
       -0.1838562020784605, 0.03554147910824828, -0.2116922339076478}, 
      {0.08119315667860541, 0.0029610524214439024, -0.2552817835371252, 
       0.03353410561759751, 0.1529852157028272, 0.08658251260435662, 
       -0.08177524707213323, -0.2647725536885293}}, 
     {{0.15153610135595189, -0.07361970078826566, 0.2634937470164077, 
       0.06918828892592838, -0.03385811118258168, -0.019954600007221497, 
       0.11029098325671496, -0.2101205737205973}, {-0.05976290687265833, 
       0.0028549557572322896, -0.25268991893053944, -0.03014022524443138, 
       -0.1532712662474042, -0.11983724914474875, -0.06491507978847545, 
       -0.2566391685251431}}, {{-0.03974127286201765, -0.1853928072517893, 
       0.2611202898873227, -0.06889861161475462, 0.0337333613337847, 
       -0.02963315342151633, 0.06273477843297169, -0.21198511494397962}, 
      {0.08866583242016897, 0.09140301053179972, -0.25031646180145445, 
       0.02426672607456917, 0.1531151172941058, -0.008593551095826173, 
       0.08870343883626158, -0.2518856030713492}}, 
     {{-0.11086608013224045, -0.015994002790757335, 0.2581437764252708, 
       0.06834735963362591, -0.032905788813904185, 0.0683003046807964, 
       0.15468214707498143, -0.2202086602492788}, {0.07474227530836582, 
       -0.12568011513662325, -0.24733994833940243, -0.01857922388841693, 
       -0.15211222553574869, 0.004066021549532582, -0.05290278623578061, 
       -0.25317030670805724}}, {{-0.060930482214091544, 
       -0.030129652097686012, 0.2550892451801945, -0.06546094809560163, 
       0.032412369627193315, 0.1908126777970529, -0.03430916279693535, 
       -0.22542081328185065}, {-0.09021724200495673, -0.0178870549276841, 
       -0.2442854170943261, 0.015245968029550649, 0.15141176196311745, 
       -0.08735824210551084, 0.08597768299707483, -0.25133145105811955}}, 
     {{-0.15586177093551729, 0.06947199493146594, 0.25293607583692646, 
       0.06289564477756696, -0.03271800237371228, 0.018367189088497524, 
       -0.11540775615165523, -0.2242323503964679}, {0.04973266205119129, 
       0.0007262580509810327, -0.24213224775105807, -0.011492517502331427, 
       -0.1514399271702658, 0.1282786560776915, 0.07603447219945982, 
       -0.24327733559987108}}, {{0.03778871850898839, 0.19231730126364568, 
       0.2510980244415295, -0.06253747995790417, 0.03273121779681468, 
       0.028985703245030782, -0.05866233711485903, -0.2257576057117123}, 
      {-0.09176401350706918, -0.092136762505199, -0.24029419635566093, 
       0.005361653059087062, 0.15098992534813652, 0.023793995448769804, 
       -0.09636840619876037, -0.23792635915361252}}, 
     {{0.11662514943635105, 0.014414918460461551, 0.2484265755044047, 
       0.06162286104626552, -0.031966006234268755, -0.06348863214385794, 
       -0.15860254620835357, -0.23379791575333378}, {-0.08598157176733957, 
       0.1329780870975614, -0.23762274741853612, 0.00023314963113613921, 
       -0.14963144588447838, -0.0070177956926452505, 0.04231940641043285, 
       -0.2387949596572692}}, {{0.056139914815418634, 0.02849033191890765, 
       0.24555571482665345, -0.058466704728253244, 0.03155475028120815, 
       -0.19698139396849534, 0.031237370689806192, -0.23953308007602844}, 
      {0.09740070533554916, 0.033332754531505665, -0.23475188674078498, 
       -0.003513697904054565, 0.1486153049325938, 0.08751585900456817, 
       -0.08854770314139672, -0.23728399227178432}}, 
     {{0.1589752115900266, -0.0635984234372253, 0.243815308163565, 
       0.05595527694082245, -0.03199248967885687, -0.01772223516416125, 
       0.12047985277167289, -0.23877513043016088}, {-0.038849650300359875, 
       -0.004232390026755063, -0.23301148007769631, 0.0075064227342319005, 
       -0.1483818419969903, -0.1341310354535849, -0.08692476464908044, 
       -0.2295239183696153}}, {{-0.03391137463705022, -0.19831829679481633, 
       0.24253536709661377, -0.05561136805559664, 0.032107804449609284, 
       -0.027533800529286213, 0.05408269276003986, -0.23996349582605903}, 
      {0.09300313369732033, 0.09202252924489222, -0.23173153901074522, 
       -0.013805311346749642, 0.1476504395606311, -0.03923906352994848, 
       0.10196152928438432, -0.22375344504339287}}, 
     {{-0.12229373783457893, -0.013868714569441238, 0.24019533891857764, 
       0.05444257233933923, -0.03139405693351724, 0.05699962382108599, 
       0.16124621714845813, -0.24760696637710852}, {0.09671919761771447, 
       -0.1374488859381371, -0.22939151083270906, 0.019250289127784835, 
       -0.14599294680801644, 0.009674945177183125, -0.031095984373558306, 
       -0.22418740856634903}}, {{-0.05090493586894533, -0.025984733104772575, 
       0.23748173500678557, -0.05109095017118856, 0.03104180677513719, 
       0.20208963518277456, -0.026266904338421954, -0.2536607465536721}, 
      {-0.1023791102989621, -0.04885369143794516, -0.226677906920917, 
       -0.02239540034005444, 0.14471411496200284, -0.08685177812421191, 
       0.08936982045391628, -0.22300925616448447}}, 
     {{-0.1606722250397724, 0.056045493492305164, 0.23610926631409343, 
       0.048664359678978426, -0.03155601965384438, 0.01814338232652147, 
       -0.1253208103307545, -0.25332669680079256}, {0.02728654213256428, 
       0.007459001830918738, -0.22530543822822469, 0.026509424931855236, 
       -0.1442426894042598, 0.13712663744192527, 0.09712748689889728, 
       -0.21574789896560626}}, {{0.028045957270693214, 0.20309375384566372, 
       0.23538886744606408, -0.04839314147703735, 0.03171994632802998, 
       0.02530149795749, -0.049150184266772805, -0.2541787103029152}, 
      {-0.09236820968908609, -0.09085399288187267, -0.2245850393601954, 
       -0.03289449904889298, 0.14326725695871312, 0.054460082013377244, 
       -0.10522555208637886, -0.20977486304297305}}, 
     {{0.12760941021382427, 0.014526827291683331, 0.23340572970142812, 
       0.047073405031573264, -0.031023202105923707, -0.04894337427250282, 
       -0.1624722109353462, -0.2612293109211696}, {-0.1064707043988822, 
       0.13891731191387122, -0.2226019016155596, 0.0381631672070271, 
       -0.14138328813230855, -0.011910307968443007, 0.019447981446021508, 
       -0.20981086917611896}}, {{0.045441755502663925, 0.022719361325072112, 
       0.23082825042338062, -0.04359312469039311, 0.03068553289337443, 
       -0.20589498991356495, 0.019388412058282106, -0.26736262885581646}, 
      {0.10493240333534243, 0.06394828529469891, -0.2200244223375121, 
       -0.04111880686806584, 0.13990838141816772, 0.08519965564032132, 
       -0.0884253116814869, -0.20897093002101866}}, 
     {{0.160855716942437, -0.04696932786738768, 0.22976560071462412, 
       0.04125427563224995, -0.03120961879046726, -0.019783493475076283, 
       0.12969240804650184, -0.2673888846573616}, {-0.015285264653355925, 
       -0.010235374889439056, -0.21896177262875555, 0.04524460606414834, 
       -0.13924327208343354, -0.13716438135466247, -0.10618019333288282, 
       -0.2023883986372285}}, {{-0.02019267388524673, -0.2063859041386283, 
       0.22958412673185288, -0.04108607762212269, 0.031362066723874045, 
       -0.022418079221488457, 0.04410687789408412, -0.2679065739994565}, 
      {0.08994305971485836, 0.0884770521675291, -0.21878029864598425, 
       -0.05164306794968576, 0.1380795292066546, -0.06895329869626247, 
       0.10605035814715195, -0.19645863161127844}}, 
     {{-0.13226935457470354, -0.016571940863251745, 0.22797843702338472, 
       0.03970885794500408, -0.030635026913275284, 0.03952812111393155, 
       0.1622414592230318, -0.27420236901904976}, {0.11476999786266007, 
       -0.13738878098218257, -0.2171746089375161, 0.05673689647997323, 
       -0.13604512033312452, 0.013642135223731727, -0.0076382043873296805, 
       -0.19618803347697875}}, {{-0.040041874817239274, 
       -0.018903531938871187, 0.22552284197399544, -0.03615833733961142, 
       0.03025518932590054, 0.20820178047698404, -0.010652634922929798, 
       -0.2801560900244076}, {-0.10500650276424164, -0.07809664155799742, 
       -0.21471901388812673, -0.05947881495753378, 0.1344409474662061, 
       -0.0824366269749255, 0.08577825953212312, -0.19568615738320394}}, 
     {{-0.15954190788096465, 0.036625557199253485, 0.22470428149782665, 
       0.03388723273234078, -0.0307243890856575, 0.02279678231298618, 
       -0.13332806104475123, -0.2804271524354691}, {0.00313499117998425, 
       0.012452834426487256, -0.21390045341195804, 0.06351872201472221, 
       -0.13363554715330114, 0.13430993205119685, 0.11365032938367389, 
       -0.1899203540210465}}, {{0.010428629767973282, 0.20800729391362757, 
       0.22501944587399736, -0.03382651766012638, 0.030811635319221153, 
       0.019096121509284303, -0.03925154926177626, -0.2806206683957104}, 
      {-0.08588579759244921, -0.08479977060789834, -0.21421561778812873, 
       -0.06986503052547666, 0.1323466464161861, 0.08222340890662812, 
       -0.10448504258862079, -0.18429107035317094}}, 
     {{0.1359699813087389, 0.020165581033554855, 0.22380176903420299, 
       0.03247250404124092, -0.030006306503992792, -0.029044575201864334, 
       -0.1606091081436005, -0.28605061841457186}, {-0.12120734416823264, 
       0.13303661630925498, -0.21299794094833413, 0.07480616629919544, 
       -0.1302299724023308, -0.014852077037903148, -0.004048989845307157, 
       -0.18385040526100072}}, {{0.035037127306140656, 0.014812643908897194, 
       0.22145980671754778, -0.02890386230117518, 0.029527232799605004, 
       -0.20887823103495887, 0.00018105131982156346, -0.2915666445890093}, 
      {0.10271593728938994, 0.0908048426013486, -0.2106559786316791, 
       -0.07733426889834848, 0.12855026358315105, 0.07849296649506535, 
       -0.08155702514864767, -0.18367354885117124}}, 
     {{0.15684665916925583, -0.02535097378556558, 0.22081728511162993, 
       0.0266668347940709, -0.029887481700180782, -0.027306486208963962, 
       0.13597277119856324, -0.2919297080788234}, {0.00885129039000464, 
       -0.014081995719988487, -0.2100134570257613, 0.08120389382777349, 
       -0.12765493165331274, -0.12878185773434767, -0.11917464409657072, 
       -0.17880522394402334}}, {{0.001083406134059314, -0.20786284465850088, 
       0.2215672789688147, -0.02669882686597466, 0.029872500500638673, 
       -0.015587110649150146, 0.034902034732675745, -0.2918238176762082}, 
      {0.08040240040955347, 0.07980346482509909, -0.21076345088294599, 
       -0.08743740298113974, 0.12630112988479686, -0.09382779588533953, 
       0.1007332500970791, -0.17372213174536097}}, 
     {{-0.13845832249770812, -0.025415711206024937, 0.22073344752003446, 
       0.025434851076411483, -0.028952734396460556, 0.017843448483588507, 
       0.15770097344986336, -0.29633843927027764}, {0.12546718619931282, 
       -0.12617533801356082, -0.20992961943416574, 0.09225580170425408, 
       -0.1241536346549693, 0.015592856674833608, 0.01532873482695075, 
       -0.17327487359953697}}, {{-0.030760551393824442, 
       -0.010731232199473332, 0.21850009596453468, -0.021896872882075712, 
       0.028327128225247293, 0.20786979410249237, 0.011829936084130112, 
       -0.30118329096411767}, {-0.09832784224151579, -0.10164419313860662, 
       -0.20769626787866619, -0.09458630058468093, 0.1224307847002393, 
       -0.07336647314845858, 0.07593497330162563, -0.17339229933368497}}, 
     {{-0.15295336049380306, 0.013536743156688243, 0.21796804220764965, 
       0.019658317370852562, -0.028541964775289648, 0.03337668525942672, 
       -0.13743020190282412, -0.30147000990399336}, {-0.020354315912436412, 
       0.015176435322302208, -0.20716421412178104, 0.09821562895555136, 
       -0.12148233437298893, 0.12092536367477844, 0.12249589684438983, 
       -0.16943933089494392}}, {{-0.0140964950063378, 0.20596051170708085, 
       0.21907611846246888, -0.019757580784410173, 0.028410119848655595, 
       0.012125674086351769, -0.031357777314296495, -0.30110654056587277}, 
      {-0.07372192881388646, -0.07355379253642362, -0.20827229037660006, 
       -0.10427763390404517, 0.12011225425784906, 0.10340914363942887, 
       -0.09513126167202479, -0.16511389390296932}}, 
     {{0.1395803920704909, 0.03235340694014411, 0.21860460010264512, 
       0.018636003741767833, -0.027357732658683496, -0.00630743868215909, 
       -0.15367965457656646, -0.30471696318509944}, {-0.1273554743167221, 
       0.11722401489459432, -0.20780077201677644, 0.10899864356825505, 
       -0.1179652188928911, -0.015983084493771685, -0.025924295949806577, 
       -0.16482759781143824}}, {{0.027509737833701697, 0.0068926715109575085, 
       0.21647481809051972, -0.015175924956632163, 0.026554859530307288, 
       -0.20520549988261866, -0.025115031816843443, -0.30870148426970756}, 
      {0.09223018403045243, 0.11027527625177921, -0.20567099000465072, 
       -0.11115415469179733, 0.11620874931120095, 0.06713781451856206, 
       -0.06911172830011517, -0.1651918301155119}}, 
     {{0.1480706368153065, -0.0015959490096730097, 0.21599460617016614, 
       0.012909692275753143, -0.026607365904585054, -0.040996800380156635, 
       0.13760311869752878, -0.30875111446902953}, {0.03105619107316558, 
       -0.01586360075812829, -0.2051907780842973, 0.11448924288014797, 
       -0.11522666458736813, -0.11117523905684151, -0.12348484302954722, 
       -0.16211641004758806}}, {{0.028294605751576468, -0.20240587416230532, 
       0.21737626958486722, -0.013047590934429951, 0.026363259623570237, 
       -0.008878941862081468, 0.028871005698532032, -0.30818518394920547}, 
      {0.06607430545889695, 0.06620667325060807, -0.20657244149899825, 
       -0.12032154652793157, 0.11387248667870675, -0.11070630184968523, 
       0.08811042251101539, -0.15870973981691178}}, 
     {{-0.13930971016673085, -0.04092461068208899, 0.21722893982950112, 
       0.012104585862156946, -0.025178618672032888, -0.005176936544338487, 
       0.14871212680576168, -0.31094981325950827}, {0.12680812302335479, 
       -0.10666070694412558, -0.20642511174363212, 0.1249553167586313, 
       -0.11173769479181649, 0.01619164859541917, 0.03556454523266019, 
       -0.15873486414972607}}, {{-0.025521699420329495, 
       -0.003435580347569734, 0.21519529732850765, -0.008768723161165724, 
       0.02418742554466517, 0.20099524575997346, 0.03935634458499434, 
       -0.31393989440437087}, {-0.08488653129046436, -0.11645184614984552, 
       -0.20439146924263865, -0.1269577122268449, 0.10993909522836041, 
       -0.05997621676969159, 0.06129416120944232, -0.1592886190293724}}, 
     {{-0.1423955804311138, -0.01006703593040834, 0.21471924627217046, 
       0.00646567753287083, -0.024078753801562585, 0.05008158238822349, 
       -0.13651382381028054, -0.31361765996601404}, {-0.04064262473186393, 
       0.016326399871663733, -0.20391541818630163, 0.12996178206964046, 
       -0.10892804054019761, 0.10000818976007507, 0.12213790543303199, 
       -0.1570149587115236}}, {{-0.04331586400232411, 0.19738352513887109, 
       0.21629106924954508, -0.006617304218246879, 0.023739747429137394, 
       0.005920275086403897, -0.027632838166957604, -0.31290920676577766}, 
      {-0.05766872700648268, -0.05799996836300968, -0.20548724116367628, 
       -0.1355076168439169, 0.10760451179581944, 0.11554317558187532, 
       -0.08014614023521227, -0.15463159764335427}}, 
     {{0.13774658903226034, 0.050998721296187675, 0.21641730252525976, 
       0.005872989656871536, -0.022436353296785023, 0.016240661633427737, 
       -0.14295005806256708, -0.3149136530124479}, {-0.12387506464745959, 
       0.09497058483372449, -0.205613474439391, 0.14004241005603218, 
       -0.10547748153066727, -0.01641437293084843, -0.04397759854019554, 
       -0.15508684964494998}}, {{0.02496484299775935, 0.00039355603497604245, 
       0.2144689825738056, -0.0027055084397310256, 0.021263999133174744, 
       -0.19541929671431643, -0.05420325975242321, -0.3168316910509464}, 
      {0.07678174130075999, 0.12000768550381469, -0.20366515448793668, 
       -0.14190664828854282, 0.10361956520859981, 0.052126732098074335, 
       -0.05267608645109557, -0.15577248003281205}}, 
     {{0.1360960475863419, 0.021076007415714405, 0.21396307379444168, 
       0.00037839796925387084, -0.021009334351335222, -0.06048431150105027, 
       0.13429637206272407, -0.3160393347831659}, {0.04880698616655758, 
       -0.01677780193433157, -0.20315924570857277, 0.1445603635180129, 
       -0.10257452118535229, -0.08788842926281469, -0.1185486629558628, 
       -0.15420696658187896}}, {{0.058776631478705585, -0.19113241035724993, 
       0.2156509823053277, -0.0005265812479529147, 0.02059676203494298, 
       -0.00323596003923612, 0.027776091959325476, -0.3152443441283663}, 
      {0.04867411957862398, 0.04922759844786435, -0.20484715421945895, 
       -0.14976537367757672, 0.10128060373087353, -0.1178040345221681, 
       0.07170038714457051, -0.15289629213513461}}, 
     {{-0.13508872940854003, -0.0623880658618154, 0.21599348279129868, 
       -0.000014719575218533913, -0.019194600209771817, -0.02654122947923748, 
       0.13652961910324196, -0.3165838093823936}, {0.11868438753701453, 
       -0.08259207351991972, -0.20518965470542988, 0.15416527399891308, 
       -0.09914614016278053, 0.016846856671472295, 0.050891912593107116, 
       -0.15386139611181532}}, {{-0.025946609746797158, 0.002280582888272945, 
       0.21411609306153115, 0.0029717775581601397, 0.017863865816862647, 
       0.1887123002987363, 0.0692905812661502, -0.31740562704159614}, 
      {-0.06836438337629405, -0.12083517471541833, -0.20331226497566235, 
       -0.15589369262282718, 0.09721215098540276, -0.04387746085842769, 
       0.04342002850702093, -0.15462813608284418}}, 
     {{-0.12931572556117818, -0.03109042735688123, 0.21356021700611422, 
       -0.005287381743282395, -0.017487574678205928, 0.07201688169026649, 
       -0.13116434882234668, -0.31608536456267683}, {-0.05526124513404329, 
       0.01743112375333209, -0.20275638892024553, 0.15819276219176479, 
       -0.09612454343764044, 0.07521597557614604, 0.1128639909827401, 
       -0.15367315370145995}}, {{-0.07429061564292981, 0.18392213941665328, 
       0.21530485000512137, 0.005147120419104138, 0.017019194067480085, 
       0.0007607408177099181, -0.029388829647715213, -0.31525076721605283}, 
      {-0.039207016356744, -0.04020049549749253, -0.20450102191925262, 
       -0.1630071105608459, 0.09484517100578543, 0.11740932198018737, 
       -0.06316706549667866, -0.1534324917617055}}, 
     {{0.1315849879508672, 0.07487030338137443, 0.21580511004165934, 
       -0.0054930167360757185, -0.015540179612172399, 0.0357635675464268, 
       -0.1295870782400051, -0.31602161946112045}, {-0.11140006421109568, 
       0.06987280160562534, -0.20500128195579037, 0.16721281340344257, 
       -0.0926828163186916, -0.017657113519641703, -0.05604975038009456, 
       -0.15494575053001114}}, {{0.028527699486681185, -0.00466862777674529, 
       0.213980406435663, 0.008201478003258395, 0.014087275923630004, 
       -0.1811441821846123, -0.08425396324380824, -0.31577482258408657}, 
      {0.05999649937965086, 0.11886753257827422, -0.20317657834979402, 
       -0.16879135971722747, 0.0906636661851236, 0.03551613330958229, 
       -0.03364748167205096, -0.1557522127864303}}, 
     {{0.1221936786747995, 0.039806550276791634, 0.21336546477559765, 
       -0.01044936963870572, -0.013617854069494686, -0.08447054670378666, 
       0.12736351863047649, -0.3139103195608996}, {0.0597542450003932, 
       -0.01846798138290597, -0.20256163668972885, 0.1707406034509712, 
       -0.08952391547808664, -0.062291296261302455, -0.10524117322665723, 
       -0.15530980419818174}}, {{0.08948430134735516, -0.1760330028953392, 
       0.21512318353663548, 0.010305145021983554, 0.01310282016181219, 
       0.0015732435617165162, 0.032527858730560424, -0.3130734636264879}, 
      {0.029334100713433148, 0.031206727787867407, -0.20431935545076657, 
       -0.1751198401675048, 0.08823164384213607, -0.11430399207054975, 
       0.05483333125628125, -0.15608437061398772}}}
