avgspins3 = {{{0.004726892364614369, -0.006835412950243538, 
       0.492903659024578, 0.0023729798967563787, -0.001510729615186305, 
       -0.005738329034356363, 0.000232759871493611, -0.2880111632415005}, 
      {-0.004406681302403883, -0.009408002056357894, -0.4958485286212762, 
       0.0022165482464087728, 0.0034935609790085875, 0.0021132161270507465, 
       -0.005557473674849135, -0.28802948206840057}, 
      {-0.004749919262633804, -0.0017651358869679643, -0.0033146855905427258, 
       0.0009610729413158385, -0.008067057046007903, -0.001524749922962641, 
       -0.002669168301230457, 0.5824672914026858}}, 
     {{0.0036922998195458696, -0.0070457586691932885, 0.49290223641269826, 
       0.0017961694229643342, -0.0021582965047567478, -0.006227608700902205, 
       0.000894411402926867, -0.2879950338360688}, {-0.006275062289916, 
       -0.008691476717021787, -0.4958548605828738, 0.0031920591666023722, 
       0.0026336150530312206, 0.0005326737991059099, -0.005367175414923802, 
       -0.2880674174674965}, {-0.005137689570527284, -0.0008456934448136058, 
       -0.0033069310170641066, -0.0015769058218611258, -0.007991073103412292, 
       -0.001947142308655295, -0.002016141995539423, 0.5824270979845982}}, 
     {{0.002694198002014136, -0.007064207929086646, 0.49289406103423933, 
       0.001049114334317995, -0.0025992814150743323, -0.006601830339987008, 
       0.001707288904923706, -0.28796811274160955}, {-0.007970835321475711, 
       -0.007573196831693358, -0.4958521419206159, 0.0038530088348889967, 
       0.001513079688182355, -0.0009180553767999827, -0.004796991127296777, 
       -0.28809411113280303}, {-0.005321122618209249, 0.00014477295611694713, 
       -0.0033014743008642267, -0.003975713619350064, -0.0071333918502703144, 
       -0.0021920853085147657, -0.001297112370611004, 0.5823711323307458}}, 
     {{0.0017718285706588464, -0.006909300858548443, 0.492878762069007, 
       0.00020301338184078766, -0.002791024425127298, -0.006824567634091662, 
       0.002644407162992853, -0.2879302275546236}, {-0.009405977448589781, 
       -0.006100717763440613, -0.49584020452969363, 0.004133891251904559, 
       0.00024244020195530924, -0.002152707621099495, -0.0038909021706252946, 
       -0.2881091912659264}, {-0.005289281367258711, 0.001158980102494225, 
       -0.003298112726553232, -0.005999533412631472, -0.005571983138945815, 
       -0.002250563575854269, -0.0005555249076492811, 0.582300140513526}}, 
     {{0.0009586096351723216, -0.006607827867065544, 0.492856040109516, 
       -0.000660986935337144, -0.0027148337191712766, -0.006866418713772701, 
       0.0036707047470035995, -0.2878813004463971}, {-0.010505658159817475, 
       -0.0043407706925544555, -0.4958190029702919, 0.0040068412013717115, 
       -0.0010528929001482382, -0.0030978916914795812, 
       -0.0027119068165953647, -0.288112392496205}, {-0.00504219530539206, 
       0.0021484739067000143, -0.0032965923264649446, -0.0074469150690326166, 
       -0.0034545533785798233, -0.0021237732484818777, 
       0.00016444335350715788, 0.5822148862405135}}, 
     {{0.0002804097140239788, -0.006193203119118654, 0.492825674654114, 
       -0.0014597633543712578, -0.0023780155609481575, -0.006706718632890044, 
       0.004744896015787191, -0.2878213497180708}, {-0.011212352126293729, 
       -0.002375690862231178, -0.4957886154494179, 0.003484393693918687, 
       -0.002245097144686056, -0.003697185169151591, -0.0013384811606598386, 
       -0.2881035610864041}, {-0.004590813270958288, 0.0030661469516370127, 
       -0.003296614391936073, -0.008171032662685833, -0.0009849966739549339, 
       -0.0018229908002927288, 0.0008202286893236625, 0.582116132175479}}, 
     {{-0.0002457415554927966, -0.005703484734594245, 0.4927875296424402, 
       -0.002116460556108356, -0.0018132504913816712, -0.006334764204476127, 
       0.005821672345679806, -0.28775048895513716}, {-0.01148900915157343, 
       -0.00029897634007358876, -0.495749241787147, 0.0026181955920079438, 
       -0.0032166755630968487, -0.003914291539118487, 0.00013982763671547876, 
       -0.28808265742214495}, {-0.003956384650751756, 0.0038686761478150576, 
       -0.003297843042533643, -0.008094945271647955, 0.0015959786685099749, 
       -0.0013689112213203937, 0.0013731321155597588, 0.5820046211456462}}, 
     {{-0.000612448509188655, -0.00517915401660073, 0.49274155692859845, 
       -0.002568136402913426, -0.0010753669992728985, -0.005750495987981782, 
       0.006854127737789369, -0.2876689238380525}, {-0.011321100401833631, 
       0.0017897652588649189, -0.4957011984647002, 0.0014937571761542289, 
       -0.003872094816995648, -0.003735077270882659, 0.0016274188888525882, 
       -0.28804975581290976}, {-0.0031693128739856587, 0.004518742216391632, 
       -0.0032999136511389737, -0.007220156675869845, 0.004034224644559897, 
       -0.000790500461350039, 0.001790348976822024, 0.5818810576518858}}, 
     {{-0.0008221921656468536, -0.004660781401145075, 0.4926877975400748, 
       -0.002771979571842048, -0.00023586326052416976, -0.004964583942281691, 
       0.007796268883298296, -0.2875769466081631}, {-0.010717438032707836, 
       0.003790219718563758, -0.4956449107938512, 0.0002218775808163727, 
       -0.004147205047087608, -0.003168386381262343, 0.0030280041503479237, 
       -0.28800504147674816}, {-0.0022675236989561495, 0.0049869329602982675, 
       -0.0033024419334639547, -0.0056275152975254795, 0.00608735003802869, 
       -0.00012340431675603498, 0.0020466870008521774, 0.5817460902727173}}, 
     {{-0.0008870330909445269, -0.004186698125597651, 0.49262638076300785, 
       -0.002709438228464169, 0.0006242920632478509, -0.003997938718020729, 
       0.008605481369559737, -0.28747492841368694}, {-0.009709705675478682, 
       0.005606799691947841, -0.4955809024927642, -0.0010724258947964712, 
       -0.004015434268066099, -0.0022455698720133736, 0.004250002598160714, 
       -0.2879488049861535}, {-0.0012944655270358855, 0.005253219470656997, 
       -0.003305033457484509, -0.0034700850295378543, 0.007549106000187592, 
       0.000591971830644437, 0.0021258717553993777, 0.5816002953148213}}, 
     {{-0.0008277638361465446, -0.0037908176316664897, 0.4925575210410082, 
       -0.002387811104272107, 0.0014227036905420157, -0.002880647450499913, 
       0.009244799847334065, -0.2873633098320495}, {-0.00835073982740877, 
       0.007153840897783082, -0.4955097828474311, -0.0022622983966508557, 
       -0.0034902415197901864, -0.0010187711129886225, 0.005211698315083034, 
       -0.28788143424594037}, {-0.000296818712882977, 0.005307930177537209, 
       -0.003307293380817797, -0.0009585857232425935, 0.008270554579888017, 
       0.0013126387940957424, 0.002021371379612768, 0.5814441621268706}}, 
     {{-0.0006725916175547043, -0.0035007171929533334, 0.49248151274846996, 
       -0.001839247293954822, 0.002083650756025008, -0.001650427972400068, 
       0.00968486822907928, -0.28724258959643}, {-0.006711646667281153, 
       0.00836023967467598, -0.4954322318230105, -0.003231538170793587, 
       -0.0026235689162729366, 0.00044194830272551474, 0.005845839427964102, 
       -0.28780340422520034}, {0.0006779411438700651, 0.005152181657492252, 
       -0.00330883611269951, 0.0016592567322422532, 0.008175672180904299, 
       0.0019953167002412704, 0.0017367071362680336, 0.5812780805410578}}, 
     {{-0.00045540079977288145, -0.0033360837458412387, 0.49239872295943327, 
       -0.0011172407690053076, 0.0025453421736809853, 
       -0.00035066352713926765, 0.009905484649538282, -0.2871133119688642}, 
      {-0.004877916671605849, 0.009173297321928429, -0.4953489834440775, 
       -0.0038859118127375137, -0.0015005335893108047, 0.0020524792093922343, 
       0.006103444577567468, -0.28771526465165553}, {0.0015840122688345127, 
       0.004797743591486315, -0.003309294702596008, 0.0041233958733517, 
       0.007269684603851759, 0.002598737918110339, 0.001285232180495114, 
       0.5811023307968403}}, {{-0.0002137078406283405, 
       -0.0033076149688565774, 0.4923095824477366, -0.0002910833503640709, 
       0.0027656378115302463, 0.0009718578188593878, 0.009896643405327523, 
       -0.2869760531220457}, {-0.0029447461153473175, 0.009561556879617284, 
       -0.49526080788971394, -0.004162191086296841, -0.00023091764570913967, 
       0.0037193228052119433, 0.005956604289441089, -0.28761762613196723}, 
      {0.0023796253086784316, 0.0042663468264050475, -0.0033083297452621546, 
       0.006187713856023543, 0.005639173299846911, 0.003085824719755005, 
       0.0006893919378224877, 0.580917076062631}}, 
     {{0.000013579586358067394, -0.0034164320045493167, 0.49221457509118727, 
       0.0005610287704266127, 0.002725647888926265, 0.0022693754904432933, 
       0.009659022653542926, -0.28683140678337526}, {-0.0010118312724457063, 
       0.009516470883249698, -0.4951684927265988, -0.004034117064133522, 
       0.0010616458301371885, 0.005344770563046937, 0.0054001168810265746, 
       -0.2875111448949841}, {0.0030291866123404237, 0.003588472542440681, 
       -0.0033056375518288887, 0.007645049652354237, 0.0034437989579901044, 
       0.003425645841435751, -0.0000204936933100052, 0.5807223579238341}}, 
     {{0.0001884802958365183, -0.003654037050094241, 0.4921142259016814, 
       0.001359557183398351, 0.002431030964680861, 0.0034956337552435354, 
       0.009203893118907824, -0.2866799694849162}, {0.0008220851546022774, 
       0.009052804099957405, -0.49507282369260813, -0.003514734940271593, 
       0.0022517368599825585, 0.00683232691376725, 0.004451864429450819, 
       -0.28739650659134813}, {0.003505075584075538, 0.002801696268314769, 
       -0.0033009573963140876, 0.008348370532388622, 0.0009004538855179653, 
       0.003595030574822895, -0.0008078520137109927, 0.5805180949266068}}, 
     {{0.000276193756946911, -0.004002811822656005, 0.4920090881040182, 
       0.002031046735527376, 0.0019108918485449661, 0.0046082573357748655, 
       0.008552461166697924, -0.28652232594978333}, {0.0024646159544780585, 
       0.008207761755193707, -0.49497456559947056, -0.002654882408998147, 
       0.0032242542136162733, 0.008092076609538484, 0.0031519202130738757, 
       -0.28727440962761563}, {0.003789012809964272, 0.0019486689533657522, 
       -0.0032940776917887086, 0.008225860023763265, -0.001738533011426998, 
       0.00357976538930038, -0.0016318023229843826, 0.5803040841295476}}, 
     {{0.00024717744183886894, -0.0044370357654223026, 0.4918997294331462, 
       0.0025147202708786865, 0.0012145596674475422, 0.005570909165361348, 
       0.0077346782807896156, -0.28635903475066055}, 
      {0.003834769512978184, 0.0070388761743852835, -0.4948744437200338, 
       -0.001538111025121037, 0.0038854570944390453, 0.009045688409060866, 
       0.0015604219270377762, -0.2871455483183622}, {0.0038729342277601664, 
       0.0010748517092672915, -0.003284840900352566, 0.00728829312407858, 
       -0.0042108920629020125, 0.0033753182863869927, -0.002449310534304341, 
       0.580080005806254}}, {{0.000078923267911141, -0.004924353645122161, 
       0.4917867180948308, 0.002767642359401136, 0.0004066665650923939, 
       0.006355105713649576, 0.0067875971057187075, -0.28619061478653685}, 
      {0.004867369665806955, 0.005620780356785757, -0.49477312617368857, 
       -0.000272504829527636, 0.004171833584513932, 0.009630797886834052, 
       -0.0002456606129606827, -0.2870105963396893}, 
      {0.003759325993192426, 0.00022611306839841923, -0.0032731471083823037, 
       0.005627939764627599, -0.006270914356459949, 0.0029870521597130223, 
       -0.0032174501567494625, 0.5798454310386665}}, 
     {{-0.00024265926603102717, -0.00542762856074865, 0.491670608699693, 
       0.002768141991325703, -0.00043896639256943307, 0.006941599941394924, 
       0.0057533479476918154, -0.28601753277520187}, 
      {0.005516592098708166, 0.0040410418421026745, -0.49467120773031636, 
       0.001019783700947954, 0.004056077161729707, 0.009804509279493797, 
       -0.0021766902916101846, -0.2868701909038757}, 
      {0.003461003333326998, -0.0005536752081064588, -0.003258956156617383, 
       0.0034091278166980964, -0.007714167903885125, 0.002429918267157377, 
       -0.0038956412083291474, 0.5795998321105512}}, 
     {{-0.000722338843813808, -0.005907058244818249, 0.49155192853416146, 
       0.0025172576022047563, -0.0012459819591311594, 0.007321250338440509, 
       0.004676865736051943, -0.2858401921413543}, {0.0057584345188524, 
       0.002395279868643346, -0.49456919541934957, 0.002214237058183082, 
       0.003549564156249068, 0.00954583438883187, -0.004135237464956699, 
       -0.2867249179759314}, {0.0030003470250954765, -0.0012249222585452892, 
       -0.0032422883020531692, 0.0008515139216909353, -0.008397919357718435, 
       0.0017276478637632047, -0.00444775353244054, 0.5793425954264346}}, 
     {{-0.0013551695886724626, -0.006322453131414672, 0.4914311644739585, 
       0.002038238459993389, -0.0019421334827442824, 0.0074953488337194275, 
       0.0036034756730118174, -0.28565892350430544}, 
      {0.0055919813556074205, 0.0007818495616094351, -0.49446749630116804, 
       0.003195870566639851, 0.0027011769935185773, 0.008856932012819584, 
       -0.006021382793854126, -0.28657529897950035}, 
      {0.0024080496092553404, -0.001754363236623586, -0.003223223360030932, 
       -0.0017921293219359073, -0.008255139402425142, 0.0009114967699946502, 
       -0.004843966224813459, 0.579073036604571}}, 
     {{-0.002126651750084535, -0.006635532129339057, 0.49130875094232995, 
       0.0013741834620082717, -0.002465429161707334, 0.007475373094647963, 
       0.002576486197013944, -0.28547397705424493}, {0.005039392713513662, 
       -0.0007036289218943483, -0.4943664077069139, 0.003870211786866126, 
       0.0015925848479794724, 0.0077630780317810445, -0.007738172030368232, 
       -0.28642177919117623}, {0.0017214337413266414, -0.002116754964873097, 
       -0.003201898422656379, -0.0042612890366023875, -0.007300757037802371, 
       0.00001860626510012007, -0.00506228254991973, 0.5787904174398991}}, 
     {{-0.003013422918284822, -0.0068121241657368, 0.4911850591165555, 
       0.0005841830490221422, -0.0027692299392707933, 0.007282191821455324, 
       0.0016349037935897734, -0.2852855169313905}, {0.004144616911071694, 
       -0.001973587181005035, -0.49426611016659316, 0.0041722727441534735, 
       0.0003304181956216257, 0.00631136623844588, -0.009196915932933949, 
       -0.2862647181707738}, {0.0009824343745147679, -0.0022961466287371684, 
       -0.0031785041372024694, -0.006313597442169354, -0.005629670909954732, 
       -0.0009099307376064075, -0.005089635959522653, 0.5784939642638783}}, 
     {{-0.003984439744819355, -0.006824148843417207, 0.4910603877472055, 
       -0.0002617751262616543, -0.0028260879649209475, 0.006944769945308924, 
       0.0008113982788526622, -0.28509361777528885}, 
      {0.002970894474571758, -0.0029533709306303274, -0.49416666321326697, 
       0.004072766814128618, -0.0009638797190860775, 0.004568207707566458, 
       -0.010322037262401091, -0.28610438244557157}, {0.00023535351629505824, 
       -0.002286657198026258, -0.003153279721179308, -0.007748607365583337, 
       -0.0034067660413973047, -0.0018311940480268466, -0.004922527658319703, 
       0.5781828872788028}}, {{-0.0050026006179219205, -0.006651260406291007, 
       0.4909349557587974, -0.001088704780666174, -0.002630013076004268, 
       0.0064984307948300415, 0.0001306333278826916, -0.2848982635320266}, 
      {0.0015972061176327853, -0.003585399580990743, -0.4940680041520462, 
       0.0035809776987082926, -0.0021656439451165064, 0.002615779559161981, 
       -0.011055218962211615, -0.28594094051951785}, 
      {-0.00047549718027711465, -0.0020927156527030836, 
       -0.003126506793991885, -0.008427124911937567, -0.0008502179298196845, 
       -0.0027026427262991045, -0.0045671614105578405, 0.577856400384306}}, 
     {{-0.0060266999685302265, -0.0062820697605863165, 0.4908088968295255, 
       -0.001822889525206697, -0.00219706146756522, 0.005982788605020521, 
       -0.0003919518857343008, -0.2846993484609534}, {0.00011383342803237677, 
       -0.00383236614387224, -0.49396994980676107, 0.0027439314891756733, 
       -0.0031589264140177496, 0.0005475908821840943, -0.01135859783292246, 
       -0.28577446037721377}, {-0.0011081398678128333, 
       -0.0017287656337184574, -0.0030985022100056756, -0.008284302753504596, 
       0.0017902392110922289, -0.003484287071573584, -0.004039082760753899, 
       0.5775137410346325}}, {{-0.007013614535220665, -0.005714877851009796, 
       0.4906822561118737, -0.0023981353972657134, -0.0015641536062736578, 
       0.005439457968415274, -0.0007508470689334727, -0.2844966804268753}, 
      {-0.001382694554644788, -0.0036793343427248067, -0.4938722012423538, 
       0.0016420075764812417, -0.003847624226605258, -0.0015365639599185775, 
       -0.011216862038670469, -0.2856049094856133}, {-0.0016251375082304564, 
       -0.0012184438770799608, -0.003069610056760454, -0.007335323758471624, 
       0.004257800420735455, -0.0041407137504992555, -0.003362336120985186, 
       0.5771541895891861}}, {{-0.00792060378098297, -0.004957875608578042, 
       0.4905549891423867, -0.002761522478074088, -0.000786258620402293, 
       0.004909661761096273, -0.0009506169037045944, -0.284289986336771}, 
      {-0.0027950147537391624, -0.003134578274025359, -0.49377435126803026, 
       0.0003813327280778822, -0.004164795418265438, -0.00353601240945719, 
       -0.010638097955268105, -0.2854321572517773}, {-0.0019955544455629633, 
       -0.0005932860482996951, -0.003040193061597309, -0.005673297407007072, 
       0.006313426104015853, -0.004642865365033699, -0.002568195176758662, 
       0.5767770877092857}}, {{-0.008707590252762656, -0.004028807002606302, 
       0.4904269629961248, -0.002878201156239778, 0.00006804260514510065, 
       0.004431877236009692, -0.0010054901832634627, -0.28407891948632275}, 
      {-0.004030384414853584, -0.002229148421422214, -0.49367589459468264, 
       -0.000916350158254582, -0.00407923605712794, -0.005354654796063994, 
       -0.009653369511426825, -0.2852559797940686}, {-0.0021965668141029353, 
       0.00010897449195925937, -0.0030106235886835525, -0.003459742964819511, 
       0.0077586655498375024, -0.004969482367124739, -0.0016935298323599397, 
       0.5763818553688591}}, {{-0.009339298837480038, -0.0029541051516980385, 
       0.49029795964331296, -0.002734871990107112, 0.0009222135886198606, 
       0.004039644396376239, -0.0009384044600793096, -0.2838630688469979}, 
      {-0.005005893736210766, -0.0010151713356740361, -0.4935762403690102, 
       -0.0021253653043504656, -0.0035986486994273722, -0.00690617885315132, 
       -0.008315036166682204, -0.2850760669665247}, {-0.002214640761445072, 
       0.0008464291234477741, -0.002981274461543271, -0.000908716700339541, 
       0.008454314857892177, -0.005108134724032691, -0.0007788916453671408, 
       0.5759680060205313}}, {{-0.009787133270801959, -0.0017675557815689622, 
       0.49016768142440553, -0.002341513796032196, 0.0016983639325595075, 
       0.003759662850992692, -0.0007795657276894162, -0.2836419698236753}, 
      {-0.005653134051992103, 0.0004370240651769749, -0.4934747267515276, 
       -0.0031282853175272035, -0.00276908993764544, -0.008118736297590785, 
       -0.006693900354656234, -0.2848920312999571}, {-0.0020462215496863385, 
       0.0015752184023772712, -0.002952509860118511, 0.001733854882418179, 
       0.008333367938945341, -0.005055796821562521, 0.00013357021076974772, 
       0.5755351595647875}}, {{-0.010030689973232776, -0.0005085672975843054, 
       0.4900357585166689, -0.0017311748429230617, 0.0023242561538921293, 
       0.003610278830373249, -0.0005646076664574266, -0.2834151163878784}, 
      {-0.005922078013216739, 0.0020427857317014625, -0.49337063719506463, 
       -0.0038273647401485767, -0.0016706683598461177, -0.008938839033706169, 
       -0.00487535004408282, -0.2847034187100588}, {-0.0016978990850223844, 
       0.0022518546309839354, -0.0029246765088456837, 0.004213614974903911, 
       0.007407015548698686, -0.004818936722055968, 0.001002267293126394, 
       0.575083052776933}}, {{-0.01005882554974588, 0.0007798693753775047, 
       0.48990175821011905, -0.0009576213777669464, 0.002740099069155475, 
       0.0036004491359777095, -0.00033243969128107987, -0.28318197416025137}, 
      {-0.005783940805243449, 0.0037078279649195496, -0.4932632180542523, 
       -0.0041541903865886685, -0.00040990466724037824, 
       -0.009334243708721428, -0.0029546893637353673, -0.28450972063540514}, 
      {-0.0011860414873560647, 0.0028355201258349863, -0.0028980953431082886, 
       0.006291833725230635, 0.005763396975828577, -0.004413116643252365, 
       0.0017882925853231152, 0.5746115469453549}}, 
     {{-0.009870222264781025, 0.002053406295997522, 0.4897651957366258, 
       -0.00009095764308927894, 0.002904528986620306, 0.0037292378721069286, 
       -0.00012291585513951296, -0.2829419941998068}, 
      {-0.005232869074595113, 0.005333456373384746, -0.4931516970118659, 
       -0.0040764646225450955, 0.000890553207154092, -0.00929567073146579, 
       -0.0010319295952308028, -0.28431038724107766}, 
      {-0.0005359219263252956, 0.0032902093034351807, -0.0028730539120003255, 
       0.0077679260749068365, 0.003559165359805441, -0.0038621316460943824, 
       0.002457382309258456, 0.5741206325109833}}, 
     {{-0.009473415092361248, 0.003268626547195543, 0.48962554642199463, 
       0.000788519930908962, 0.0027991165028221215, 0.003985881530152076, 
       0.000025545483733473183, -0.2826946271214742}, 
      {-0.0042863742057369, 0.006822052441253429, -0.49303530195394596, 
       -0.003601360379572704, 0.0021038847557849224, -0.008837272952112665, 
       0.0007936855633342458, -0.2841048414513992}, {0.0002196173431954173, 
       0.0035866185672695687, -0.0028497996552890076, 0.00849837316448623, 
       0.001004784367371207, -0.0031967287702654623, 0.00298163421953817, 
       0.5736104305431015}}, {{-0.008886288711516869, 0.00438528217557825, 
       0.48948225883297053, 0.001597754136767187, 0.002430815399491478, 
       0.004350411394596601, 0.00007827021610293685, -0.2824393371413429}, 
      {-0.00298446251910249, 0.008082510058474499, -0.4929132797875996, 
       -0.002774950683545481, 0.0031115424578162204, -0.00799580468307942, 
       0.002429113593007756, -0.28389249335208955}, {0.001041892832693862, 
       0.0037036895586258774, -0.002828534232609973, 0.008410395473349777, 
       -0.0016552054863472475, -0.0024529746721403053, 0.003340897498021882, 
       0.5730811910779497}}, {{-0.008135072827837873, 0.005368336538596991, 
       0.4893347685838963, 0.002258947389150966, 0.001832020119166793, 
       0.004794800646453508, 6.413517974902575*^-6, -0.28217561577239414}, 
      {-0.0013875250712859614, 0.009035321976733884, -0.4927849147647579, 
       -0.0016778015788368554, 0.0038149135232408778, -0.006828551295469331, 
       0.0037926049641530957, -0.2836727546830268}, {0.001888410535596808, 
       0.00362970215027267, -0.0028094090063784573, 0.007509120909664968, 
       -0.004165118794538013, -0.0016703541355671762, 0.0035237403277718115, 
       0.5725332882456502}}, {{-0.0072528869554435065, 0.006189721181236215, 
       0.4891825125194642, 0.002707411533177301, 0.0010580236643919377, 
       0.005284577166749087, -0.00021127545465427744, -0.2819029947828438}, 
      {0.00042690332077900776, 0.009617042615474112, -0.4926495458636746, 
       -0.0004171311732630589, 0.004145110585545728, -0.005410127411484439, 
       0.0048181785677078115, -0.2834450530070273}, {0.002715078807902459, 
       0.003362890760572128, -0.0027925218430298704, 0.005877570836961282, 
       -0.006282258052623064, -0.0008897127905803693, 0.0035279750072546427, 
       0.5719672123593011}}, {{-0.006277927495246117, 0.006829698039678525, 
       0.48902494282442666, 0.002898285218079723, 0.00018205418608145942, 
       0.00578080207907109, -0.0005871224462992024, -0.2816210581003622}, 
      {0.00236834808272747, 0.009783870684424038, -0.4925065827999905, 
       0.0008837141637299579, 0.004069806413925944, -0.003828308971952468, 
       0.005459224412577562, -0.2832088453427403}, {0.003478514640014836, 
       0.0029115409933820127, -0.0027779152116768437, 0.003669382729777889, 
       -0.0078000490437322885, -0.0001511237079205973, 0.0033607026633270458, 
       0.5713835590722991}}, {{-0.0052513884510439245, 0.007277757493781176, 
       0.48886154079312455, 0.0028114745251722945, -0.000711732170914971, 
       0.006242311430264593, -0.001123702886359154, -0.28132945233479995}, 
      {0.004338305587277723, 0.009514158822333564, -0.49235552032419894, 
       0.002097413447031914, 0.00359646607176582, -0.0021791545138807353, 
       0.005691038780765719, -0.2829636307922533}, {0.004138298938700749, 
       0.002293550367786436, -0.0027655756561649654, 0.001094820093632554, 
       -0.008568077520249838, 0.0005081880718809053, 0.0030378638656740477, 
       0.5707830159509915}}, {{-0.0042152373384557375, 0.007533007821760006, 
       0.4886918298942883, 0.0024541286308699525, -0.0015365669193098187, 
       0.006628090089788753, -0.0018135661064053255, -0.2810278957487815}, 
      {0.006235633343996889, 0.008809706705145675, -0.4921959504032957, 
       0.0031052248928253633, 0.0027716204912533473, -0.0005616416028207078, 
       0.005512147253176077, -0.2827089620584956}, {0.004659069973218519, 
       0.0015355097307763767, -0.002755434678232067, -0.0015987681265104798, 
       -0.008507078384943127, 0.0010557613217896304, 0.0025833521142165955, 
       0.5701663466181556}}, {{-0.0032099772422845584, 0.007604034862847684, 
       0.4885153877626173, 0.0018602277939637887, -0.002211852855844534, 
       0.006899635508049081, -0.002639527306459833, -0.2807161853274278}, 
      {0.007962076320989246, 0.007695763128136672, -0.49202757205996595, 
       0.003808703377837289, 0.001676252422820451, 0.0009278382951157771, 
       0.004944339257101066, -0.28244445543426916}, {0.00501235734894785, 
       0.0006713171935716647, -0.0027473708898922557, -0.004150310883807746, 
       -0.007617403655393837, 0.001465567285507834, 0.002027699403873745, 
       0.5695343730366869}}, {{-0.0022724989941850502, 0.007508245073295174, 
       0.48833185690995295, 0.0010874262276570161, -0.002671440439651351, 
       0.0070231983202801666, -0.0035755080309640744, -0.2803942019286427}, 
      {0.00942765949921267, 0.006219739279934934, -0.49185019861241913, 
       0.004139368182490205, 0.00041777679683732206, 0.0022008567175271147, 
       0.004031415261531069, -0.2821697992471499}, {0.00517805055891581, 
       -0.000259572795808957, -0.0027412134847746177, -0.006310125077935195, 
       -0.005979988335166226, 0.0017193332775786944, 0.0014064323098171452, 
       0.5688879561461494}}, {{-0.0014341595300159803, 0.0072707284141736795, 
       0.4881409537727872, 0.000211268481933728, -0.002870460003000655, 
       0.006971755196672502, -0.00458788026032449, -0.28006191321760787}, 
      {0.010555625646053127, 0.004448697453397458, -0.4916637621171295, 
       0.004065382286483983, -0.0008805963621149129, 0.0031818750476011915, 
       0.00283670918843723, -0.2818847603958708}, {0.005145423510916654, 
       -0.0012141914107902433, -0.0027367468428985842, -0.007864370995945426, 
       -0.0037495300538108616, 0.001807450212102775, 0.0007581671713326346, 
       0.5682279755637762}}, {{-0.0007191892350883374, 0.006922707179823052, 
       0.487942475972314, -0.0006824654050361671, -0.0027899136133545184, 
       0.006726606701166651, -0.005637236952676403, -0.2797193744955615}, 
      {0.01128666681125514, 0.0024657547970774697, -0.49146831497761045, 
       0.003594597263293274, -0.002092011600238851, 0.0038124691167425195, 
       0.0014395257022735543, -0.2815891890252432}, {0.004913680421282055, 
       -0.0021482712043479403, -0.0027337161819443435, -0.008656470436803123, 
       -0.0011403419165022625, 0.0017294349127700685, 0.00012255380504673483, 
       0.567555308593489}}, {{-0.00014350075638206177, 0.006499665755067617, 
       0.4877363075502721, -0.0015065123426753677, -0.002438547564853348, 
       0.006278524075396262, -0.006680482708858157, -0.27936672729811624}, 
      {0.011582188947970275, 0.0003655995307301807, -0.4912640286210855, 
       0.0027736084712601063, -0.0030984408801065385, 0.004054590274848056, 
       -0.00006931117350730072, -0.2812830211739582}, 
      {0.004491974850010543, -0.00301852052996677, -0.0027318341164274925, 
       -0.00860328167527996, 0.0015939668233293442, 0.0014939028316107615, 
       -0.0004618251216141911, 0.5668708092548052}}, 
     {{0.0002860187113724299, 0.00603925787300271, 0.48752242206197166, 
       -0.0021809619046820237, -0.0018517877047512835, 0.005628364810058645, 
       -0.007673135560779588, -0.27900419587215736}, 
      {0.011426457989441459, -0.0017506371939990288, -0.4910511893218293, 
       0.0016830755987248603, -0.0038022003225701294, 0.0038927105016367644, 
       -0.001592554351673749, -0.2809662793761739}, {0.0038989198037054037, 
       -0.0037848472140031464, -0.0027307879273835807, -0.007704319016322008, 
       0.004185065854413206, 0.00111807113584588, -0.0009594980358284135, 
       0.56617528777464}}, {{0.000571707383126568, 0.005579111751112109, 
       0.48730088344273526, -0.0026412134728665314, -0.001087898112051641, 
       0.0047871358810274035, -0.008571708029247237, -0.278632081562301}, 
      {0.010827477823781469, -0.0037808694884657462, -0.4908301912311434, 
       0.0004296705430897226, -0.004135399531651575, 0.003334701754835788, 
       -0.0030319907223249048, -0.28063907123380155}, 
      {0.00316160398305716, -0.004412403424291446, -0.0027302473988322098, 
       -0.006042808514507042, 0.0063764104340369495, 0.0006268073898623063, 
       -0.0013399727173569968, 0.5654694910838779}}, 
     {{0.000724810695696872, 0.005154661608506318, 0.4870718446495421, 
       -0.0028442027590363165, -0.00022185927546456395, 
       0.0037755017486628233, -0.009336029025730538, -0.2782507553735264}, 
      {0.009816572803789152, -0.00562759965399541, -0.4906015268520015, 
       -0.0008644540930885687, -0.00406641849028847, 0.0024114221781190346, 
       -0.0042939527250161315, -0.2803015860774433}, 
      {0.002314174241723746, -0.004873357107106077, -0.0027298729847812933, 
       -0.003778374182235051, 0.007949010658058347, 0.00005128201689951659, 
       -0.001579342365225936, 0.5647540847956579}}, 
     {{0.000764664255325904, 0.004797116039965045, 0.4868355440518905, 
       -0.0027723118331232834, 0.0006623223229644416, 0.0026227653179444724, 
       -0.009931388148870963, -0.27786064879686545}, 
      {0.008446691451414585, -0.007203215162864018, -0.49036577510602736, 
       -0.0020735892021721725, -0.0036027921025390246, 0.0011750260858240866, 
       -0.005294584020691716, -0.27995408969018876}, 
      {0.0013960601199507986, -0.005148284309715149, -0.0027293241331029536, 
       -0.0011318490474567225, 0.00874379028815181, -0.000572703207045297, 
       -0.0016615322436022543, 0.564029637122624}}, 
     {{0.0007174229765982031, 0.004531683407282617, 0.4865922997208372, 
       -0.002434564557823739, 0.00148000582574682, 0.001365377714107737, 
       -0.010330377125050605, -0.2774622431764825}, {0.0067895154274042755, 
       -0.008434743985692666, -0.49012358734334505, -0.0030807091859714163, 
       -0.002790300465401651, -0.00030391728857039773, -0.005964563301253635, 
       -0.279596917389692}, {0.0004499246614885479, -0.005227128377684454, 
       -0.0027282675647324057, 0.001636357805605365, 0.008678163125956867, 
       -0.001206631145509456, -0.0015791392197360766, 0.5632966052184666}}, 
     {{0.0006144146842011233, 0.004376147237767659, 0.4863425017254815, 
       -0.0018651649732873328, 0.0021540996410506917, 
       0.000045067194500852064, -0.0105143338907805, -0.2770560579287016}, 
      {0.004931541886502315, -0.009267807129802207, -0.4898756715845444, 
       -0.0037887287329554076, -0.0017083111901875225, 
       -0.0019403282068066988, -0.006253025533807395, -0.2792304655091633}, 
      {-0.0004805357977685876, -0.005109667940381745, -0.0027263853281779115, 
       0.0042521822770504305, 0.007754978071053452, -0.0018113138718732539, 
       -0.001333812421129067, 0.5625553241809257}}, 
     {{0.0004902110359812678, 0.004339871297755213, 0.4860866026349467, 
       -0.0011196348289635811, 0.002622194985938979, -0.001293309624191758, 
       -0.010474310031460788, -0.27664263784050674}, 
      {0.002969347341627206, -0.009669549488210792, -0.489622775448877, 
       -0.00412976179681326, -0.0004619777849921613, -0.0036393341731552785, 
       -0.006130462722577532, -0.2788551816281982}, {-0.0013528455602102982, 
       -0.004805474165658924, -0.0027233823733095364, 0.00645551644342702, 
       0.006062803192310458, -0.0023489761284639786, -0.0009361591784844286, 
       0.5618059991431835}}, {{0.0003805169454568212, 0.004423290347318284, 
       0.4858251064470113, -0.0002690659248219532, 0.002842029963333053, 
       -0.0026040814829321017, -0.010211510030667606, -0.2762225398181613}, 
      {0.0010043120081581942, -0.009630385289092804, -0.48936566808387616, 
       -0.00407154433326192, 0.0008280010139716528, -0.0053015229906331, 
       -0.005590441592423833, -0.27847155363639364}, {-0.0021279186207817163, 
       -0.004333350306362891, -0.0027189935503762934, 0.008026550848176417, 
       0.0037673961945097756, -0.00278524730722132, -0.0004051722030398549, 
       0.5610487005974367}}, {{0.0003200078259904049, 0.00461790889361904, 
       0.48555855622381305, 0.0006068077174848984, 0.002794880670765356, 
       -0.003843104432689237, -0.009737185923757845, -0.27579631938107835}, 
      {-0.000862937671690539, -0.009164468830861762, -0.4891051216133287, 
       -0.0036203739586844184, 0.0020370616801240614, -0.006828472873411328, 
       -0.004650049986781963, -0.2780800980975659}, {-0.002772052818184079, 
       -0.003720314958653978, -0.0027129897977247962, 0.008808136415129893, 
       0.0010952180205593208, -0.003090980792680864, 0.0002327602280023871, 
       0.5602833630453191}}, {{0.0003402293479859719, 0.0049068090836605375, 
       0.4852875207541191, 0.001427063939002384, 0.002486625695930837, 
       -0.004970009236580416, -0.009071993373534709, -0.27536451728668804}, 
      {-0.002538023712221309, -0.008308852883943526, -0.488841892497779, 
       -0.0028203566324561773, 0.0030487258702345753, -0.008128215749431051, 
       -0.0033490362279399166, -0.2776813479861211}, 
      {-0.003258624559256048, -0.003000138972179256, -0.002705183443581449, 
       0.008721773816715584, -0.0016893531961508345, -0.0032437852778279077, 
       0.0009452525277911235, 0.5595097871396432}}, 
     {{0.0004676718292029884, 0.0052656378389201695, 0.48501258056785307, 
       0.0021168117159547023, 0.0019466565653523072, -0.005950239652764065, 
       -0.008244848967922238, -0.2749276465671358}, {-0.003937978074839607, 
       -0.00712139003861419, -0.48857670334385106, -0.0017490649089860267, 
       0.0037657574954140945, -0.009120365074529426, -0.0017476976485740253, 
       -0.2772758402977787}, {-0.0035694191444401676, -0.0022115621037110335, 
       -0.0026954324112425225, 0.0077755243632879195, -0.00431068641007589, 
       -0.003229210811151221, 0.0016956055453799645, 0.5587276451757974}}, 
     {{0.0007221386638185523, 0.005664020980059485, 0.4847343136224072, 
       0.0026136246353462467, 0.0012247681812315515, -0.006756758549228725, 
       -0.007291348534995732, -0.27448618028387783}, 
      {-0.004995764957372242, -0.005677492054636432, -0.48831022546532216, 
       -0.0005100319321777159, 0.004119402421889113, -0.009740603340664336, 
       0.00007636585708122068, -0.2768641036599958}, {-0.0036955078568304345, 
       -0.0013962470768842626, -0.002683643344325074, 0.006063043022175787, 
       -0.0065096701625268, -0.0030415091342882172, 0.0024447237738610575, 
       0.5579364898305229}}, {{0.001115488812860128, 0.006067317334549807, 
       0.4844532810631285, 0.0028726785946773603, 0.00038649120349057924, 
       -0.0073713430808923265, -0.006251842992593502, -0.2740405403850474}, 
      {-0.005663923182944296, -0.0040659207805940475, -0.48804306278756965, 
       0.00077723094830608, 0.004075941701358157, -0.00994429118577023, 
       0.0020324595971580833, -0.27644664638739624}, 
      {-0.003637645911804086, -0.0005965936128056858, -0.0026697734628002303, 
       0.003753918755027022, -0.008069656163682415, -0.002683947883604038, 
       0.0031531506238919285, 0.5571357660009153}}, 
     {{0.0016508314905930444, 0.0064386226953487575, 0.48417001338119786, 
       0.0028703279745523154, -0.0004927081407191822, -0.007785392535149534, 
       -0.005169269672318709, -0.2735910878312381}, {-0.005917129197304932, 
       -0.0023838459530677193, -0.4877757373554352, 0.0019886637065143066, 
       0.0036398676614428573, -0.009709000065344588, 0.004021728066653634, 
       -0.27602394517942386}, {-0.0034061595677467547, 
       0.00014647215043643913, -0.0026538312130032957, 0.0010763375693378981, 
       -0.008837939332896049, -0.0021686514700764077, 0.0037831137688376787, 
       0.5563248253702462}}, {{0.0023222073085206623, 0.006740902796851391, 
       0.48388499733206886, 0.0026058888024663635, -0.0013339067634904357, 
       -0.00800021776167755, -0.004086866122596482, -0.2731381143169562}, 
      {-0.005753534211945509, -0.0007314475510693839, -0.48750867688430866, 
       0.003007573233829739, 0.0028534294956105194, -0.009035824627764557, 
       0.005942539138214276, -0.27559643478643264}, {-0.003020338249745095, 
       0.0007956272054005061, -0.002635875635001936, -0.0017059967272056316, 
       -0.008740562972289928, -0.001515986919990159, 0.00430048544982719, 
       0.5555029433610964}}, {{0.003114786241572096, 0.006939151700878581, 
       0.48359866391859974, 0.0021016271241838806, -0.0020613326121599936, 
       -0.008026787063681843, -0.0030458761118664335, -0.2726818357764726}, 
      {-0.005194807782859747, 0.0007936547806682672, -0.48724220460137374, 
       0.003735825045258177, 0.0017926025026745258, -0.007949407791575679, 
       0.0076960377518110685, -0.27516449882585164}, {-0.0025073618627017764, 
       0.0013190751476796878, -0.002616014504466418, -0.0043202659712550185, 
       -0.007789088644474207, -0.0007535248988465767, 0.0046765411603401355, 
       0.5546693380941202}}, {{0.004005562292195414, 0.007002432242930985, 
       0.48331137777558364, 0.0014009197745221457, -0.002608746374262429, 
       -0.007884952569256996, -0.002083394925794472, -0.2722223877774613}, 
      {-0.004284877196299229, 0.00210181815482628, -0.48697653167059357, 
       0.004103252933752551, 0.0005598068272575392, -0.006496669185285485, 
       0.009191543971097275, -0.27472846206185786}, {-0.0019008234253936713, 
       0.0016921824852206761, -0.0025944012922296707, -0.006511517259203561, 
       -0.006078750508100744, 0.00008536656044268089, 0.004889445897949578, 
       0.5538231908409482}}, {{0.00496451108161587, 0.006905710327889707, 
       0.4830234281929899, 0.0005648276514423637, -0.0029250810259134658, 
       -0.007602197311555665, -0.001230445574444236, -0.27175982299700874}, 
      {-0.003087441971258118, 0.003116360804481443, -0.48671175234726166, 
       0.0040744751978243655, -0.0007259087316852424, -0.004744315772949504, 
       0.010351520614206987, -0.2742885841858726}, {-0.001238918563240192, 
       0.0018987294908525906, -0.0025712310329687603, -0.008067506720089981, 
       -0.0037783411956164277, 0.0009632287440499014, 0.004925377413643982, 
       0.5529636674661011}}, {{0.005956143779000543, 0.006631358670362518, 
       0.4827350220182891, -0.0003328341053840995, -0.0029789908473417557, 
       -0.007211974934362329, -0.0005104122926941031, -0.271294110793572}, 
      {-0.0016823936541484842, 0.003777817053335163, -0.4864478420257172, 
       0.0036523553499806446, -0.0019403158781443103, -0.0027752641580719778, 
       0.011115814830135186, -0.2738450553899579}, {-0.0005624084159909074, 
       0.0019317159503056255, -0.002546735179811847, -0.00883898706215168, 
       -0.0011130757476794815, 0.0018404187065201524, 0.004779234795537892, 
       0.5520899403026056}}, {{0.006941372264452719, 0.006170259677157445, 
       0.482446278601267, -0.001211570803995651, -0.0027619610715491935, 
       -0.006751732225343937, 0.00006209764017733799, -0.2708251389039831}, 
      {-0.00016133562621103195, 0.004047251979799229, -0.48618465815395845, 
       0.0028777877140094867, -0.002965991032791646, -0.000684167507568664, 
       0.011444964974308476, -0.2733979936460947}, {0.00008755054598546481, 
       0.0017936868751947332, -0.002521175634548888, -0.008753547557961037, 
       0.0016578045249281334, 0.002677131046137042, 0.004454902490287971, 
       0.5512012099593752}}, {{0.007879582133683921, 0.005522444618011463, 
       0.4821572269452086, -0.00199103369140499, -0.0022896232061765235, 
       -0.006260724475151329, 0.00048190025182804616, -0.27035271718927706}, 
      {0.0013775388428819203, 0.003908433015255391, -0.48592194407647743, 
       0.0018258350404750916, -0.003703701212540237, 0.0014276969232273529, 
       0.01132237141235936, -0.2729474438705709}, {0.0006715891861744695, 
       0.001496558431193351, -0.0024948380559723926, -0.007821858928416072, 
       0.004266331608048246, 0.0034354229762975255, 0.003965052734511294, 
       0.5502967264610847}}, {{0.00873079762902018, 0.004697223905752435, 
       0.48186780509650123, -0.0025981226142790083, -0.00160110217081145, 
       -0.005777744657577782, 0.000753345464046086, -0.26987658341239773}, 
      {0.0028349480359045045, 0.0033687515178769402, -0.48565933560331676, 
       0.0005984967573054142, -0.004082066593899026, 0.0034579200545164154, 
       0.010755224542336603, -0.2724933788447949}, {0.0011542000971338175, 
       0.0010609487564711062, -0.002468024680424951, -0.006135864835686461, 
       0.006461569102258, 0.004081131720683961, 0.0033304931479849324, 
       0.5493758091890537}}, {{0.009457820815419482, 0.0037128140105122305, 
       0.48157786181161355, -0.0029738503183349744, -0.0007562630009702214, 
       -0.005338889677419299, 0.0008898986692777737, -0.269396410781867}, 
      {0.004116076388646839, 0.0024588265687797593, -0.48539637024921234, 
       -0.0006851211039261035, -0.004064560849100728, 0.005308509004334152, 
       0.009774121583358823, -0.2720357019191277}, {0.0015056240323817022, 
       0.0005150597935266638, -0.002441046749641721, -0.0038592982327524646, 
       0.008033368688207773, 0.004585614405297672, 0.0025791023587345397, 
       0.548437865187439}}, {{0.01002821905653756, 0.0025954712417986456, 
       0.4812871604544754, -0.0030792341296290533, 0.00016906319408567906, 
       -0.00497549529258854, 0.0009132067028742971, -0.2689118171367405}, 
      {0.005135893939046244, 0.0012308332943703826, -0.485132498815192, 
       -0.001900406431974213, -0.00365312524776414, 0.006891205356413248, 
       0.008431413931553755, -0.2715742513162841}, {0.0017034089186784038, 
       -0.00010683541881999526, -0.002414216826523985, -0.001211604674563597, 
       0.008831964326265266, 0.004927179347326424, 0.0017444055871896223, 
       0.5474824052903171}}, {{0.010416062537149367, 0.0013781888177221324, 
       0.4809953850593237, -0.002899700459319089, 0.0010895630471705168, 
       -0.004712342918674354, 0.0008517080840741779, -0.268422375559936}, 
      {0.005823937552638187, -0.0002443718775421107, -0.484867099068126, 
       -0.0029293746683080155, -0.002888055050608987, 0.008132271755497487, 
       0.006798354613311464, -0.27110880592250797}, {0.0017336031231593556, 
       -0.0007662232074464818, -0.002387841178438753, 0.0015531306254461207, 
       0.008781710969431528, 0.005092178091539736, 0.0008638606195167787, 
       0.5465090577281605}}, {{0.010603304082453194, 0.00009902184659327495, 
       0.48070214834122044, -0.0024473668531874533, 0.0019182655264941661, 
       -0.004566250512812912, 0.0007388576830390328, -0.2679276260378816}, 
      {0.006128295593960179, -0.0018811616054522505, -0.48459949117842843, 
       -0.003672209828997878, -0.001844084899007816, 0.00897648985196928, 
       0.004961211362685491, -0.27063909239108946}, {0.0015914876327038543, 
       -0.0014223981334194752, -0.002362212350031817, 0.004170272147573992, 
       0.007887804604920844, 0.0050756685858571035, -0.000023054024599055404, 
       0.5455175788495084}}, {{0.010580730672481898, -0.001200858533925262, 
       0.4804070015362744, -0.0017608421546164278, 0.002574885037154961, 
       -0.004545121470539947, 0.0006110730430078895, -0.2674270879888835}, 
      {0.0060185668137894294, -0.0035838766987196504, -0.48432895451951136, 
       -0.004057063690173529, -0.0006230999492480732, 0.009390140429670086, 
       0.003016549756488619, -0.2701647933193992}, {0.0012818329335055275, 
       -0.0020346189104534654, -0.0023376022040029775, 0.006389495494375476, 
       0.0062355188532445685, 0.00488163920311238, -0.0008768457574672715, 
       0.5445078606590581}}, {{0.010348436043919952, -0.002479277023312536, 
       0.4801094457793609, -0.000902333586817046, 0.002993948760281414, 
       -0.004647504089029999, 0.000505514274158247, -0.26692027320530604}, 
      {0.005487637221500823, -0.005252124158217063, -0.48405474541013954, 
       -0.004047082298409516, 0.0006558433476523311, 0.009362808511341655, 
       0.001065953257703798, -0.26968555628599483}, {0.0008186557402477443, 
       -0.0025642801118071685, -0.002314255556462407, 0.007998195736023875, 
       0.003982071421010398, 0.0045227697323059245, -0.001660026990871729, 
       0.5434799350624043}}, {{0.00991578725979875, -0.0036952184878655497, 
       0.47980894472359115, 0.00004777012416599589, 0.003131821206874301, 
       -0.0048626893941257476, 0.0004578196461205526, -0.2664066989741742}, 
      {0.004552171053536042, -0.00678635102422729, -0.4837761153872096, 
       -0.0036439880791414724, 0.0018681963243940597, 0.008907908407468858, 
       -0.0007895381741122341, -0.26920100347366493}, 
      {0.00022449038933985022, -0.0029769530197964276, 
       -0.0022923845236225812, 0.008841408302955036, 0.0013419139721347851, 
       0.00401974442429167, -0.0023390089016010786, 0.5424339746509049}}, 
     {{0.009300887329121637, -0.004810916127119825, 0.47950493815043493, 
       0.0009984708150797595, 0.0029717555288024827, -0.005171343305704521, 
       0.0004999332979657176, -0.26588590100727966}, 
      {0.0032517885520173856, -0.008093380334082016, -0.48349232956091365, 
       -0.002887873926687787, 0.0028961583925278113, 0.008061899275905117, 
       -0.0024549588879520575, -0.26871074171211684}, 
      {-0.0004707823747410357, -0.0032442205486819292, 
       -0.0022721637767608343, 0.008836447213092131, -0.0014332281118141495, 
       0.003400156204531491, -0.002885803891624317, 0.5413702899608107}}, 
     {{0.008529570043840593, -0.00579375906236484, 0.47919685615602897, 
       0.00185713652941482, 0.002526288631245371, -0.005546632736408456, 
       0.0006581376239364127, -0.26535744579102083}, 
      {0.0016469711904397429, -0.009091611120241384, -0.4832026845562969, 
       -0.0018531875352354318, 0.0036402159734835603, 0.006882229654815218, 
       -0.0038466203964488766, -0.2682143725504599}, {-0.0012314908488913457, 
       -0.0033451885494445903, -0.002253726786972212, 0.007980970419577972, 
       -0.0040778364133312065, 0.00269705665828154, -0.003279425377535274, 
       0.540289323420692}}, {{0.0076339802432974216, -0.0066179010795117815, 
       0.47888413361515214, 0.0025389679241552415, 0.0018366471131699505, 
       -0.0059557871169987784, 0.0009514155163292804, -0.26482094211790497}, 
      {-0.0001841911562971384, -0.009715586669352856, -0.4829065257116544, 
       -0.0006413167321394263, 0.004028820417397324, 0.00544412324088281, 
       -0.004896689931800519, -0.26771150225698015}, {-0.0020180346696239866, 
       -0.0032676109495860077, -0.002237163090737671, 0.006353666471819504, 
       -0.0063375049253155255, 0.0019472226804877538, -0.003506929545416665, 
       0.5391916399528536}}, {{0.0066508231148050285, -0.0072654942970612904, 
       0.4785662245441955, 0.0029758894025408056, 0.0009690331047187974, 
       -0.006362003237948526, 0.0013902242287880996, -0.2642760515182573}, 
      {-0.0021502276311654487, -0.009919679649644976, -0.48260326301036865, 
       0.0006294261829807858, 0.004025308329566479, 0.0038363875490157666, 
       -0.005556893142530627, -0.26720175144408387}, {-0.0027889516930291107, 
       -0.0030085620328980135, -0.0022225167210676985, 0.004107461297640825, 
       -0.007993067343958979, 0.0011892349873017722, -0.003564036356306432, 
       0.5380779145711734}}, {{0.005619376457633767, -0.007727481058952282, 
       0.4782426159689446, 0.00312384492901589, 8.138028647226727*^-6, 
       -0.006726590249255338, 0.001975751274625799, -0.26372249720263724}, 
      {-0.004151267616430068, -0.009680699511265796, -0.4822923854276805, 
       0.0018354416617061566, 0.0036313407806156306, 0.0021564647707571047, 
       -0.005801144779217365, -0.2666847640628153}, {-0.003503078054304242, 
       -0.002574622190351664, -0.002209785728504263, 0.0014556942575558245, 
       -0.00888173114314473, 0.0004614724162064981, -0.0034552983711359547, 
       0.5369489172709538}}, {{0.004579386086905363, -0.008003890327403314, 
       0.47791284103622206, 0.002967620988094747, -0.0009514492212017276, 
       -0.007011223826131574, 0.002699706258753839, -0.2631600714989786}, 
      {-0.006084490299030216, -0.008999257899318758, -0.48197347337027463, 
       0.002859948436993803, 0.0028865399989150553, 0.0005050090614260797, 
       -0.005626941318999154, -0.26616021576125914}, 
      {-0.004121698806156904, -0.0019815646129938574, -0.0021989228531891984, 
       -0.0013476080675560512, -0.008913234253367241, -0.0001998839347867444, 
       -0.0031938066144115746, 0.5358054954851854}}, 
     {{0.003568954507693855, -0.008103640473553974, 0.477576490939961, 
       0.0025226026995762863, -0.0018149859173411296, -0.007180189914147384, 
       0.003544645386868979, -0.26258864142462734}, {-0.007849752725597504, 
       -0.007899834068069631, -0.4816462088583679, 0.0036043357981882227, 
       0.0018644193382269783, -0.0010197194671199147, -0.005055456479346059, 
       -0.2656278212054407}, {-0.004610573321071153, -0.0012535666947996891, 
       -0.002189837268833968, -0.004031630766148569, -0.008079356577888427, 
       -0.0007627287495723497, -0.0028004556799453933, 0.5346485546240693}}, 
     {{0.002622542696417217, -0.00804385635622295, 0.47723322543612984, 
       0.001833246706921729, -0.002497405561583442, -0.007202487402672083, 
       0.004484815697927464, -0.2620081523687334}, {-0.009355074255677566, 
       -0.006429521529506646, -0.4813103832517515, 0.0039976234246350195, 
       0.0006650186737738974, -0.0023273223350953743, -0.00413031910255483, 
       -0.265087340376936}, {-0.004941720689286832, -0.00042198405312990475, 
       -0.002182397371618149, -0.006334733005515515, -0.006455738859334253, 
       -0.001200685079573883, -0.00230280361108849, 0.5334790371819194}}, 
     {{0.0017691913110090603, -0.007848738098010176, 0.4768827816541776, 
       0.0009683999686878963, -0.0029320748864111144, -0.0070536754887880575, 
       0.005487474292940459, -0.26141862981761443}, {-0.01052168841552921, 
       -0.0046555270938727815, -0.4809659023297866, 0.0040031869114777515, 
       -0.0005949573925358228, -0.0033403018288654857, 
       -0.0029151437781314037, -0.26453858372486344}, 
      {-0.0050948884078803195, 0.00047625320421637005, -0.002176434511631741, 
       -0.00802999807571226, -0.004195631717191533, -0.001494462140691732, 
       -0.0017335819702120096, 0.5322979007923831}}, 
     {{0.0010310668288614684, -0.00754805171710875, 0.47652498097656426, 
       0.000014077358574040046, -0.0030775216576105387, 
       -0.006717354333275312, 0.006514603241411584, -0.26082017900929544}, 
      {-0.011288373647416321, -0.0026615694100171547, -0.4806127886148349, 
       0.003622053274533645, -0.001793558108074652, -0.003998382691685809, 
       -0.0014899604735117615, -0.2639814160260762}, 
      {-0.00505861390956345, 0.001400528011881576, -0.0021717475489697615, 
       -0.008947873628444424, -0.001515932103688751, -0.0016328328011210064, 
       -0.0011289443196062518, 0.5311060959517343}}, 
     {{0.0004224027629941392, -0.007175330737638797, 0.47615973384300325, 
       -0.0009355203032815605, -0.002921401537034098, -0.006186204398161383, 
       0.00752492032071304, -0.26021298264094694}, {-0.011614824126710777, 
       -0.0005433491166971868, -0.48025118088681384, 0.002892554996689592, 
       -0.0028153968455863617, -0.004261876466740438, 0.00005328433528758981, 
       -0.2634157589845234}, {-0.004830831670994961, 0.0023086212252044773, 
       -0.002168108143429984, -0.008993610834963679, 0.0013233380947220022, 
       -0.001613188219243077, -0.0005265337329167678, 0.5299045437801732}}, 
     {{-0.00005110064930631046, -0.0067658816215129675, 0.47578704231432756, 
       -0.0017876544982341823, -0.002481324123139585, -0.005462521259508907, 
       0.008476081238279419, -0.25959729664448783}, {-0.011483875499213087, 
       0.0015966287281715338, -0.4798813308843346, 0.001886376932376957, 
       -0.003562695014612007, -0.004113902992425273, 0.00161587456349603, 
       -0.2628415924590795}, {-0.004418997464616022, 0.003158876775863594, 
       -0.002165266617233931, -0.008157589774572293, 0.0040441876921276446, 
       -0.0014416436130628809, 0.000036521512321626744, 0.5286941144683822}}, 
     {{-0.0003923972058894237, -0.006354719157921069, 0.47540700035367667, 
       -0.0024603197323691097, -0.001802553781105516, -0.004558226779076452, 
       0.009326936166627197, -0.25897344415248796}, {-0.010902463753368953, 
       0.003654620384228188, -0.479503597313004, 0.0007014485487980356, 
       -0.003964575590704203, -0.0035613470294196883, 0.0030978590351112677, 
       -0.2622589543843637}, {-0.0038397083429394198, 0.003912336023113106, 
       -0.0021629582279129402, -0.0065172675325852235, 0.006378104996432888, 
       -0.0011326754628705983, 0.0005255803811562757, 0.5274756069891617}}, 
     {{-0.000612721930214278, -0.005974528959024304, 0.47501979182962456, 
       -0.0028901366481548117, -0.000952931302431974, -0.003494348039388161, 
       0.010039733741201248, -0.25834180782538113}, {-0.009901260215773696, 
       0.005531277609689353, -0.4791184372687801, -0.0005476002766371639, 
       -0.003983663980886977, -0.0026344933391082566, 0.004403653703206803, 
       -0.26166793939055744}, {-0.0031178577931251917, 0.004534729836018629, 
       -0.002160909748085056, -0.004230406587447728, 0.008092967313080558, 
       -0.0007083283822803148, 0.0009103261486998667, 0.526249730468565}}, 
     {{-0.0007307547477274033, -0.005653790020693365, 0.47462568626243584, 
       -0.0030381254637667186, -0.000015738747962982048, 
       -0.002300000486572783, 0.010582131069872625, -0.25770282077066364}, 
      {-0.008533001983042927, 0.007137040968188977, -0.47872639530144306, 
       -0.0017405226683244622, -0.0036194663473273166, 
       -0.0013853600006389533, 0.005447401891260478, -0.26106869615609324}, 
      {-0.0022853589530049596, 0.004998227030995944, -0.0021588461482332775, 
       -0.0015200322366400497, 0.009016664625071414, -0.00019702289458250506, 
       0.0011663740905531962, 0.5250170877136127}}, 
     {{-0.0007713705044950381, -0.005415144973390543, 0.4742250324215006, 
       -0.002892821153441159, 0.0009187436131550829, -0.001010935647291572, 
       0.010928916112063128, -0.25705695618327656}, {-0.00686961732635953, 
       0.00839700010327624, -0.47832809038069374, -0.002762923128366036, 
       -0.002908199564076436, 0.00011516948671155456, 0.006157800172451926, 
       -0.2604614236259359}, {-0.0013795069760002517, 0.0052828528199068536, 
       -0.002156497228046112, 0.0013474431688643618, 0.009054908676396531, 
       0.0003679690070657419, 0.0012765707769456527, 0.5237781614311221}}, 
     {{-0.0007640407357733142, -0.005274119917174335, 0.47381824995154226, 
       -0.002470640502388701, 0.0017619606111035318, 0.0003322722889223716, 
       0.011063337457190337, -0.2564047161145542}, {-0.004998288799886921, 
       0.009254949445211734, -0.47792420105632194, -0.0035171620789587314, 
       -0.0019191868549024455, 0.001781271727268501, 0.006482119413156766, 
       -0.25984636612437245}, {-0.00044106366505735847, 
       0.0053774884552061746, -0.0021536040824603787, 0.004088776255686167, 
       0.008201241345145946, 0.000950302781700702, 0.0012319019236689884, 
       0.5225333033628982}}, {{-0.0007409844323643046, -0.005238254294268337, 
       0.4734058191743809, -0.0018135779653388967, 0.0024353085046889713, 
       0.0016862933672662007, 0.010977980149505765, -0.25574661943854965}, 
      {-0.0030166859401679815, 0.009676417776041814, -0.47751544919486677, 
       -0.003931567937333331, -0.0007480976920131545, 0.0035169337245877434, 
       0.006389199822864268, -0.25922380751455465}, {0.00048783191244890906, 
       0.005280417445122154, -0.0021499251667554237, 0.006432389641270784, 
       0.006538155267913254, 0.001512497254970741, 0.0010319786700610852, 
       0.5212827267008086}}, {{-0.0007351727998134443, -0.005306695030996475, 
       0.47298826942859407, -0.0009846737989610077, 0.0028770539806960414, 
       0.0030072467524272324, 0.010675134909219014, -0.2550831895765351}, 
      {-0.0010276217929353602, 0.009650498006271845, -0.47710258268005473, 
       -0.003967183726384985, 0.0004922253639468242, 0.005221273271588877, 
       0.005871248483131434, -0.25859406460229245}, {0.001365821893050016, 
       0.004999383739604878, -0.0021452419357795792, 0.0081458322836499, 
       0.004229048774549933, 0.0020179312348496143, 0.0006850714217171874, 
       0.5200265019224337}}, {{-0.0007782908031595795, -0.005470266596781054, 
       0.4725661661160393, -0.00006181052382697245, 0.0030474627370509285, 
       0.004252933177844165, 0.010166653209965137, -0.25441494201958276}, 
      {0.0008665657887175724, 0.00919038722958885, -0.4766863574616076, 
       -0.003621378207403966, 0.001682552118436734, 0.006794128967240234, 
       0.004944350830645561, -0.25795747981815426}, {0.0021544443039083054, 
       0.004551158272439733, -0.0021393638416736635, 0.009059297838274917, 
       0.0015018536808163406, 0.002432795143718035, 0.00020768811260253814, 
       0.5187645563148653}}, {{-0.0008987806436566891, -0.005712030726542585, 
       0.4721400968442941, 0.0008695333546341388, 0.0029317789754621853, 
       0.0053849619530408985, 0.009473280182500106, -0.2537423721321639}, 
      {0.0025696161008819654, 0.008332598317751334, -0.4762675194291724, 
       -0.0029280549723482625, 0.0027086415201330203, 0.008141627856059645, 
       0.0036476589969973924, -0.2573144135033626}, {0.0028200911958653424, 
       0.003960639273599246, -0.0021321326023619387, 0.00908273326927178, 
       -0.0013739690043376904, 0.0027278940156288244, 
       -0.00037627767465948377, 0.5174966770131542}}, 
     {{-0.001120070724055072, -0.006008279118547849, 0.4717106569996879, 
       0.0017238664670876295, 0.0025410560742954555, 0.0063706640333557885, 
       0.008623528433746093, -0.2530659434349193}, {0.003996590700772805, 
       0.0071348963209915284, -0.4758467865357819, -0.0019544082731283146, 
       0.0034721184692134313, 0.009181392994811187, 0.0020413121930695087, 
       -0.2566652358595934}, {0.0033357104117772833, 0.0032595341689960317, 
       -0.0021234256511462675, 0.008214719230086438, -0.004114641386806424, 
       0.0028802102378303984, -0.0010367845513990473, 0.5162225176988929}}, 
     {{-0.00145908752240194, -0.006329921983151281, 0.47127843511123385, 
       0.0024230520920379087, 0.0019107592309471298, 0.00718468963164271, 
       0.007652137403037462, -0.25238607673120006}, {0.005078506000499757, 
       0.00567305896759375, -0.47542483159225074, -0.0007944732822560228, 
       0.0038998946468887363, 0.00984713610443969, 0.0002031890513883494, 
       -0.2560103188311829}, {0.0036821628742229437, 0.0024846915128164905, 
       -0.0021131587062245163, 0.006542273117980399, -0.006450603325383222, 
       0.0028741443753236046, -0.001739202370078391, 0.5149416086309035}}, 
     {{-0.0019251375341149746, -0.006644184237277287, 0.4708439983593817, 
       0.00290284434105801, 0.001097515182497947, 0.00781020218512418, 
       0.006598214551522718, -0.2517031403110451}, {0.00576607800095209, 
       0.004036659779464689, -0.47500226616794117, 0.0004398244811761097, 
       0.003951149685876066, 0.01009236327758732, -0.0017753084016422847, 
       -0.2553500281062701}, {0.003849170645219544, 0.0016761688950397903, 
       -0.0021012873786805017, 0.00423164683410753, -0.00815339138116245, 
       0.0027023764020463093, -0.0024461136771963226, 0.5136533698952157}}, 
     {{-0.0025192192831892737, -0.006916524442295193, 0.4704078785994265, 
       0.003118296373428929, 0.00017424280399531056, 0.00823960827275532, 
       0.005503149259399356, -0.2510174414568727}, {0.006032383377816693, 
       0.0023240819982401724, -0.47457962599385706, 0.0016294173810734915, 
       0.003621335656092166, 0.009892999764565178, -0.0037942321431452854, 
       -0.25468471541587817}, {0.003835795379623375, 0.000875137256786646, 
       -0.002087807792809691, 0.00151119699195354, -0.009058113564519991, 
       0.0023662902327550727, -0.003119263975715911, 0.5123571274718043}}, 
     {{-0.00323380823070702, -0.007112656575809537, 0.4699705592573522, 
       0.0030475752539506477, -0.0007760097547841111, 0.008474781777979246, 
       0.004408427819632728, -0.2503292195568419}, {0.005874280664100173, 
       0.0006370610193118914, -0.47415735822909066, 0.0026595033238900104, 
       0.002942651812279297, 0.009248780275357563, -0.005750529856835737, 
       -0.25401471132441666}, {0.003650432652575291, 0.00012173700717903203, 
       -0.002072756215502003, -0.0013517773791477574, -0.009079252838659258, 
       0.0018759501757213781, -0.0037215545344527444, 0.5110521317555938}}, 
     {{-0.00405311530537717, -0.007200574651421845, 0.46953246341742, 
       0.0026939953157100478, -0.0016669679862310336, 0.008526784425228723, 
       0.0033534542103921482, -0.24963864090582735}, 
      {0.0053125264848485855, -0.0009249540003777303, -0.47373581088486366, 
       0.00343067260363554, 0.001981030580675371, 0.00818334124323306, 
       -0.007543662298298841, -0.2533403187144915}, {0.0033103217499162656, 
       -0.0005470111751591488, -0.0020562077197975744, -0.004077771409281782, 
       -0.008218311118016233, 0.0012496281197397663, -0.004218982897062836, 
       0.5097375780121282}}, {{-0.004953824840181502, -0.00715245656427886, 
       0.4690939434151699, 0.002086129865770408, -0.0024164872346150016, 
       0.008415079484731981, 0.002373505834995948, -0.2489457954229968}, 
      {0.004390568500070526, -0.0022703198949711296, -0.47331522469608306, 
       0.0038685396329220184, 0.0008298256016358854, 0.006742998027054232, 
       -0.009081099323309558, -0.25266180708677993}, 
      {0.00284059002413832, -0.0010991264396047016, -0.0020382739063280857, 
       -0.006402612106766906, -0.0065627596924137735, 0.0005128995690273586, 
       -0.004582425772174737, 0.5084126283017576}}, 
     {{-0.005906254095964207, -0.006946348777288577, 0.46865527218062814, 
       0.001275856763194724, -0.0029537000012890375, 0.008166301663273366, 
       0.0014979276288894518, -0.24825069532392388}, 
      {0.0031720877929387226, -0.0033202753704132653, -0.4728957276225986, 
       0.003931057018246086, -0.00039918216921153957, 0.0049942799917450185, 
       -0.010283372054161487, -0.2519794078372564}, {0.0022728898767778115, 
       -0.0015093246740468871, -0.0020190997452700895, -0.008103022304963743, 
       -0.004276513475461993, -0.0003026384460072343, -0.004789177282863567, 
       0.5070764342722708}}, {{-0.006875879108024442, -0.006567531920411502, 
       0.46821663657197854, 0.00033443041820288257, -0.003225537013917636, 
       0.007812641812089939, 0.000748667392631574, -0.24755327582549022}, 
      {0.0017374290811603998, -0.004013309765320177, -0.47247733210707304, 
       0.003612660729355174, -0.0015866384449195238, 0.0030203613793033583, 
       -0.011088420409428488, -0.25129331056140963}, 
      {0.0016436985198549725, -0.0017603105691930427, -0.001998859652145488, 
       -0.009017740955769769, -0.001583164259915173, -0.0011609622944379464, 
       -0.0048241476278207485, 0.5057281602378116}}, 
     {{-0.007825142784730444, -0.00600949415282513, 0.4677781328768936, 
       -0.0006532773480467082, -0.003202002702591671, 0.0073899363418114235, 
       0.00013922850160679666, -0.24685339785943894}, 
      {0.00017910042544833858, -0.004308574777959385, -0.47205993519785183, 
       0.002944880569114544, -0.002617275947537642, 0.0009165680161665554, 
       -0.011454988738364105, -0.2506036605859585}, {0.000992364477871086, 
       -0.0018436678687054433, -0.0019777528662819534, -0.009062306676345012, 
       0.001256229507768788, -0.00202345296889538, -0.004680689790745362, 
       0.5043670059581482}}, {{-0.00871544139384227, -0.005274452663813337, 
       0.46733976453443726, -0.0015960319490004125, -0.0028796822052791966, 
       0.006935570388144944, -0.00032589835120648667, -0.24615085268002557}, 
      {-0.0014033865684869198, -0.004188160618064844, -0.4716433214752827, 
       0.0019933099921808843, -0.003391190750476317, -0.0012147711567961773, 
       -0.011364892254271534, -0.2499105575756405}, {0.0003590068380361002, 
       -0.001760258213246193, -0.001955998246394785, -0.008236212932881659, 
       0.003968537711828399, -0.002850865953457958, -0.004360967269522084, 
       0.502992228533442}}, {{-0.009509181144990907, -0.004373399203159677, 
       0.46690144225533753, -0.0024044194071419136, -0.002283038930365335, 
       0.006486308986540349, -0.0006512997238683691, -0.24544536839878356}, 
      {-0.0029090789335218616, -0.0036580994480490746, -0.47122716872664205, 
       0.000851194667554552, -0.0038336722781933752, -0.0032698730219157626, 
       -0.010824018265682267, -0.24921405537821803}, {-0.0002176227239516951, 
       -0.0015201580927284865, -0.0019338287159357693, -0.006622017910999967, 
       0.006294628432356615, -0.003605336608617065, -0.0038758934864597788, 
       0.501603162832157}}, {{-0.010171791135152096, -0.003325661107859651, 
       0.4664629864269821, -0.0029993976300663923, -0.0014631650302493787, 
       0.0060761761152928135, -0.0008501916222767458, -0.2447366180778417}, 
      {-0.004241216120253431, -0.00274804826108506, -0.47081105625436975, 
       -0.0003697595613216894, -0.0039025441558024117, -0.005149121658346228, 
       -0.009862014526185847, -0.24851416299816118}, {-0.0007022076751106209, 
       -0.0011420885046854912, -0.0019114853598528139, -0.004376692530390202, 
       0.008013696861166642, -0.0042523231822914264, -0.0032445957393100813, 
       0.500199239963347}}, {{-0.010673582399802935, -0.0021580038839486724, 
       0.466024131812175, -0.0033202524964821224, -0.0004938698520966521, 
       0.005734497411822924, -0.0009434868127531278, -0.2440242293040667}, 
      {-0.005312642305964739, -0.0015096638371575207, -0.47039447556494796, 
       -0.001550400903007067, -0.0035922942012186865, -0.006762471378680631, 
       -0.008530676366554111, -0.24781084664700234}, {-0.0010647479334451684, 
       -0.0006524044333368436, -0.0018892114344672207, 
       -0.0017161649125049157, 0.008963647813424482, -0.004762377176336163, 
       -0.002493467936384666, 0.49878000331457634}}, 
     {{-0.010991344133540398, -0.0009033227774040951, 0.4655845344048949, 
       -0.003331230252085876, 0.0005346508942519726, 0.005484222393859471, 
       -0.0009584276373269743, -0.24330779493051408}, 
      {-0.0060506946354963185, -0.000013761178514330145, 
       -0.46997684318579885, -0.002575887600236058, -0.0029345416190577245, 
       -0.008034330919464637, -0.006901122399372733, -0.24710403277924592}, 
      {-0.001282163187186286, -0.00008367303110222257, 
       -0.0018672464063363592, 0.001105315315866056, 0.009055800044361417, 
       -0.005112656398240302, -0.001654836503492233, 0.4973451217240799}}, 
     {{-0.011109590758911408, 0.0004009990244679027, 0.4651437802688978, 
       -0.0030259907866119215, 0.0015241771639712912, 0.0053406175039452325, 
       -0.0009268659794508666, -0.24258688470527004}, 
      {-0.006401287200757748, 0.001653591185687404, -0.4695575152820027, 
       -0.003347023356110393, -0.0019947984901207863, -0.00890764986012651, 
       -0.0050599103651180945, -0.24639361197445414}, 
      {-0.0013395363273099885, 0.0005270699413643084, -0.0018458201741362956, 
       0.0038191074620342142, 0.008282705581786707, -0.005288103630640365, 
       -0.0007653224945833707, 0.49589439953769626}}, 
     {{-0.011021394245074754, 0.0017149842271582956, 0.4647013961813932, 
       -0.0024292186538029717, 0.0023780793212425148, 0.00531039961725229, 
       -0.0008832769298310135, -0.2418610574977377}, {-0.0063319840901652465, 
       0.0033958275067844674, -0.46913580373937597, -0.0037899528358640946, 
       -0.0008658717175722083, -0.00934700118401314, -0.0031043024796178413, 
       -0.24567944359939325}, {-0.0012309173505318678, 0.0011403054418660206, 
       -0.0018251476292579427, 0.006167242286444293, 0.006718499436554536, 
       -0.005282214048424091, 0.00013602574489141058, 0.49442778318935476}}, 
     {{-0.01072875096282832, 0.0029980891783857743, 0.4642568617178735, 
       -0.0015951089307219522, 0.0030111569255171495, 0.005391365201624355, 
       -0.0008626316574309828, -0.24112987369116973}, 
      {-0.005833871582016859, 0.005111222091181033, -0.4687109932549465, 
       -0.003863324858771862, 0.00034143802248595294, -0.009340469878178036, 
       -0.0011369481485989897, -0.24496136092671358}, 
      {-0.0009596607152731729, 0.0017161468928746774, -0.0018054236501670953, 
       0.007926348099126651, 0.004511850700161283, -0.005097366015987326, 
       0.0010097264140410465, 0.4929453642979484}}, 
     {{-0.010242461890571777, 0.004211264798019034, 0.4638096226129305, 
       -0.00060260514618223, 0.0033587284513515547, 0.005572537398900293, 
       -0.0008982370703955275, -0.24039290757797788}, 
      {-0.0049221388878064164, 0.006698524362554164, -0.4682823590715217, 
       -0.0035621486617546123, 0.0015093634542530387, -0.00890025638267679, 
       0.0007397337980424658, -0.24423917680855656}, {-0.0005382726487156306, 
       0.0022164794914181704, -0.0017868187286484065, 0.00892842153776763, 
       0.0018721307977769101, -0.0047446920622227304, 0.0018178834593268421, 
       0.4914473790911158}}, {{-0.009581541178670386, 0.005318928889413667, 
       0.46335910494078275, 0.00045214593946532437, 0.003383798891445075, 
       0.005834815811763609, -0.0010196727260176717, -0.23964975924838627}, 
      {-0.0036353280849663757, 0.008062577978024872, -0.46784918489976607, 
       -0.002918004256916766, 0.0025247958748036287, -0.008061953576983768, 
       0.002429161876958329, -0.24351268949007934}, {0.000012228985507561244, 
       0.0026070089636244078, -0.0017694752282566158, 0.009076575597866567, 
       -0.0009499099798264084, -0.004243490167714175, 0.0025261247602639332, 
       0.4899342042454764}}, {{-0.00877218165945263, 0.006290741379577364, 
       0.462904729823305, 0.0014654598098128731, 0.0030814637366772934, 
       0.0061520982033882385, -0.001250941667412773, -0.23890006577790393}, 
      {-0.0020332928127757654, 0.009119610705148577, -0.4674107805717426, 
       -0.001995624485972517, 0.003290349628040257, -0.0068825360890434235, 
       0.0038458749924977654, -0.24278168855599797}, 
      {0.0006634041744959596, 0.0028591094366239786, -0.0017535044388031764, 
       0.008354405099201418, -0.003685371164884134, -0.0036202107617879366, 
       0.003105354375967386, 0.48840634926909954}}, 
     {{-0.007846334277228733, 0.007103088335914849, 0.46244592828129094, 
       0.0023368041558800155, 0.0024799469623005624, 0.006492812826394013, 
       -0.0016089365706147061, -0.23814351138581974}, 
      {-0.0001939764059325695, 0.009801904656231758, -0.4669664990383244, 
       -0.0008862381208476779, 0.0037337269571659716, -0.005437170241260407, 
       0.004920201674972952, -0.24204596083639365}, {0.0013808716730449601, 
       0.002951381059334421, -0.0017389844302074513, 0.006828034734730213, 
       -0.0060722775668050075, -0.0029070734325010047, 0.0035332347173999607, 
       0.4868644455587629}}, {{-0.006839987718928878, 0.00774018965735239, 
       0.46198215585044144, 0.002979362691440357, 0.0016380189321212036, 
       0.006821768114347904, -0.0021023127821939887, -0.2373798362875579}, 
      {0.0017908059639549115, 0.0100615972051023, -0.46651575225519587, 
       0.00030160169307229625, 0.0038144992124987155, -0.0038150282157130714, 
       0.0056020653460109576, -0.24130529610217546}, 
      {0.0021261055457294674, 0.0028708272949016732, -0.0017259587824863822, 
       0.0046405765388001655, -0.007880310948821028, -0.002140383586052612, 
       0.0037953125825388183, 0.4853092325155561}}, 
     {{-0.005791239581963258, 0.008194773091677637, 0.4615129066110868, 
       0.0033292220559465536, 0.0006390902056754303, 0.007102221127454417, 
       -0.0027308304718326503, -0.23660884407871707}, 
      {0.0038203677109439134, 0.009873384031425401, -0.46605802563516785, 
       0.001452769136912945, 0.003527671344101623, -0.0021143184766809274, 
       0.005863697099504788, -0.24055949246524524}, {0.0028584620187566733, 
       0.00261359086613483, -0.0017144361631594935, 0.001999338816195507, 
       -0.008932909933627114, -0.0013586284630659807, 0.0038857309102105658, 
       0.4837415409585244}}, {{-0.004738273062321414, 0.008468274882324467, 
       0.4610377262368201, 0.003352114169397976, -0.00041746141100908234, 
       0.007298040805150985, -0.003485208014657229, -0.23583040739826142}, 
      {0.005790636765377417, 0.009235991610997037, -0.4655928906612078, 
       0.002456775474368967, 0.0029037575728512763, -0.0004368288541108536, 
       0.005701121769355027, -0.2398083613305783}, {0.003537314799794544, 
       0.0021852131208404363, -0.0017043907628521168, -0.0008432121293763274, 
       -0.009124707502013652, -0.0006004689175774838, 0.0038074920072623682, 
       0.4821622743294178}}, {{-0.003717348234660172, 0.008570568703632528, 
       0.4605562238001085, 0.003046957082895881, -0.0014266602094588556, 
       0.007375847196838701, -0.004347484433844831, -0.23504447185287633}, 
      {0.007599841862937318, 0.008172330807017418, -0.4651200154241845, 
       0.0032183881638686977, 0.0020053692338272656, 0.001117733014745953, 
       0.005134328565279646, -0.23905173192529122}, {0.004124196963580911, 
       0.0016003978017697354, -0.0016957635631648497, -0.003613114993722698, 
       -0.008432504415308743, 0.00009727819086577818, 0.003572254072055015, 
       0.4805723880761909}}, {{-0.002760917272979976, 0.008519227055647012, 
       0.46006808197927174, 0.002445762345128899, -0.002288878705133453, 
       0.007307008043735754, -0.00529188442734701, -0.2342510579794313}, 
      {0.009154079206149857, 0.006728317719200321, -0.464639172783598, 
       0.0036665429976788302, 0.0009208248864602681, 0.0024572816717765944, 
       0.004206111693907253, -0.23828945515389638}, {0.004584831471993128, 
       0.0008822950830092242, -0.0016884643829133987, -0.006041102073320408, 
       -0.006918564401419907, 0.0007015545804938233, 0.003199675142115838, 
       0.4789728678059205}}, {{-0.0018959754313860038, 0.008338372039521492, 
       0.45957306543201293, 0.0016100010874953584, -0.0029200453132414757, 
       0.0070693719791089646, -0.006286124321418601, -0.23345026137456018}, 
      {0.010372458466506525, 0.004970428886786143, -0.464150246001895, 
       0.0037608545806666607, -0.00024464394983872396, 0.0035024771893892, 
       0.0029796474030081696, -0.2375214069284782}, {0.0048909599860030096, 
       0.0000613389911761141, -0.0016823746173582688, -0.007888846237451785, 
       -0.004725676361473353, 0.0011847880713023642, 0.0027163354822242482, 
       0.47736470665654307}}, {{-0.001142726114554548, 0.008057172634897138, 
       0.45907102711894676, 0.0006239335546064952, -0.0032600436107481563, 
       0.006648652981212682, -0.007293093317870564, -0.2326422509016698}, 
      {0.01119152484320008, 0.0029821302675657885, -0.4636532317100199, 
       0.0034950528318554424, -0.0013790855814120309, 0.004191126261195652, 
       0.001534947339450088, -0.2367474907973667}, {0.005021838103999685, 
       -0.0008262974761277979, -0.0016773505961673446, -0.008972707791407833, 
       -0.00206424753236045, 0.0015263059760160912, 0.0021542993188402217, 
       0.47574888246565233}}, {{-0.0005136500258203047, 0.007708079961636666, 
       0.45856191242679645, -0.00041436284838566526, -0.0032783906440529463, 
       0.006039370882206272, -0.008272811148521917, -0.23182726505373627}, 
      {0.011568751168940308, 0.0008593657124657442, -0.46314824012797834, 
       0.0028971925196781853, -0.002374539509745112, 0.004481654966057691, 
       -0.00003562639225850871, -0.23596763988293254}, 
      {0.004965365030111959, -0.0017405537408453646, -0.0016732274860588175, 
       -0.0091825152986895, 0.0008075748205269816, 0.0017134067125505054, 
       0.0015493866895713432, 0.4741263353451695}}, 
     {{-0.000013005218204161933, 0.007324901704970497, 0.458045760988796, 
       -0.0014030879724773557, -0.0029766876271132307, 0.005245318787516651, 
       -0.009184549740374921, -0.23100560664826647}, 
      {0.01148486346410191, -0.0012946414047164646, -0.462635492570854, 
       0.002026587736521871, -0.0031371847621579807, 0.004355416607655011, 
       -0.0016325299208172774, -0.2351818181682349}, 
      {0.004718744939497248, -0.002639535343564414, -0.001669823605182956, 
       -0.008493381325875012, 0.003608903948928825, 0.0017419909247739394, 
       0.0009392545204494554, 0.4724979460800308}}}
