avgspins = {{{-0.0010782454113623515, -0.023536240081539487, 
       0.4174483387982851, 0.03269272476615148, -0.04176108426893653, 
       0.026332805270363982, 0.020793763669559612, -0.24213584817225298}, 
      {0.006869536512636478, -0.018043569623979572, -0.38979686624604193, 
       0.06571321755001545, -0.011578705836298383, 0.019806691804730547, 
       -0.055814677195982626, -0.21779162519855777}, 
      {0.09071130665110301, -0.037921438714853054, 0.041750656329167544, 
       0.009801453634756513, -0.021189622193778016, 0.009310113736860982, 
       0.0032992305013963535, 0.5205365089012368}}, 
     {{-0.003388982219562916, -0.02535263462789622, 0.4170947549865735, 
       0.018455790209260116, -0.04998009620043705, 0.02680168760139412, 
       0.016538655557944825, -0.24226641140258057}, {-0.0007642076278512941, 
       -0.019783142680543292, -0.3896232617490023, 0.0589310780346082, 
       -0.03128292215845371, 0.009111710699331796, -0.05833033974808588, 
       -0.21758654227106494}, {0.08350501180859533, -0.05204330058097866, 
       0.0419306356438396, 0.002931360260277956, -0.022992085216340552, 
       0.0056623826532278265, -0.00493244958884764, 0.520421258682552}}, 
     {{-0.006298520180516001, -0.026789242396418132, 0.41671166442793584, 
       0.002296763235238844, -0.053467314536121226, 0.026471054198468486, 
       0.01256234448082334, -0.24236553924178164}, {-0.00862221203657636, 
       -0.01943463164576288, -0.3894248470284418, 0.04639799158644719, 
       -0.047920067460238004, -0.001865855850404827, -0.058497707900827436, 
       -0.21732485883923114}, {0.07364862897961204, -0.06444419318519352, 
       0.04211531148191666, -0.004121405604643404, -0.022640742271463725, 
       -0.00026014439312107743, -0.011736757723151298, 0.5202515312813936}}, 
     {{-0.009713163865189027, -0.02769539804175835, 0.4163042560426831, 
       -0.014244594954698972, -0.05182538877535652, 0.025449652282169468, 
       0.009027426712833967, -0.2424327000728975}, {-0.016189138366075575, 
       -0.017001606347713177, -0.3892034998110516, 0.029347466350928896, 
       -0.059864726496041194, -0.012585117206846637, -0.05631257847188038, 
       -0.21700871040173142}, {0.061587693928229666, -0.07458531683865977, 
       0.04230137264977934, -0.010702195754123803, -0.020187173913026806, 
       -0.008032474550402988, -0.016586486355913373, 0.5200298743938716}}, 
     {{-0.013504618871330969, -0.027946427128728, 0.4158781985740554, 
       -0.029566279047248508, -0.0451497964486404, 0.02388003386310385, 
       0.006064482651399358, -0.24246794364970448}, {-0.022964388364537312, 
       -0.012609964289575693, -0.3889615742383724, 0.009454275389728784, 
       -0.06595403709623826, -0.022518368178655036, -0.051896409606738136, 
       -0.21664135772227178}, {0.047879106293653384, -0.08204436188095839, 
       0.0424855045457277, -0.016201183126272417, -0.015876789462154896, 
       -0.017115199580106034, -0.01907065265754693, 0.5197598704631324}}, 
     {{-0.017517191650371224, -0.027451207763780437, 0.41543950241786676, 
       -0.04216013109586358, -0.03402985993524805, 0.021929855108801466, 
       0.0037651344418066944, -0.24247191418394806}, 
      {-0.028490502733411156, -0.0065011996350994835, -0.3887018449748977, 
       -0.011330814702620939, -0.06560118363252589, -0.031180073019870705, 
       -0.04548993944089783, -0.2162271149267486}, {0.03316105690173398, 
       -0.08653819806690619, 0.042664471438441764, -0.020109877604404587, 
       -0.010128047525187603, -0.02688501941416995, -0.018918345633698416, 
       0.5194460492851056}}, {{-0.021576559548077755, -0.026157773355952943, 
       0.41499437310206727, -0.05076268141070159, -0.019500828297294607, 
       0.019781813289673426, 0.002177389487372786, -0.24244584950847262}, 
      {-0.03237929576610664, 0.0009807954354603223, -0.3884274401823717, 
       -0.030973338888110467, -0.05885179361284786, -0.038153668910835, 
       -0.03744021481874795, -0.21577125312167023}, {0.01811842523073449, 
       -0.0879379401232274, 0.04283519596171511, -0.022069725663629344, 
       -0.003495182513846168, -0.03667010157317546, -0.016014759316500107, 
       0.5190937763254002}}, {{-0.02549968217197367, -0.024056731449076284, 
       0.41454906014564796, -0.05448594031858366, -0.0029496262974299937, 
       0.017622717246007006, 0.001303440387322748, -0.24239156667131823}, 
      {-0.03433415829461316, 0.009408751287990005, -0.3881417653259394, 
       -0.04755452557124544, -0.0463779675056481, -0.043114595441413564, 
       -0.02818165726969354, -0.21527988150356162}, {0.003445657037489771, 
       -0.08627550671484463, 0.04299483406170219, -0.02190801162961042, 
       0.0033829509168627116, -0.04578820351763344, -0.010408456326296268, 
       0.5187091185267552}}, {{-0.029105105150805315, -0.021182102788307546, 
       0.4141097047311418, -0.05291295456721604, 0.014017436675115015, 
       0.01563248836951806, 0.0011002428929589585, -0.24231143297217206}, 
      {-0.03416730996102428, 0.01829580186943977, -0.3878484191791568, 
       -0.05945979379876459, -0.02941097832525722, -0.04584829801549117, 
       -0.01821220403785318, -0.21475980900002004}, {-0.010190897320259242, 
       -0.081741345287857, 0.0431408433294257, -0.019656643443806056, 
       0.009843901006126069, -0.05358549396097878, -0.0023094816610465746, 
       0.5182986924345271}}, {{-0.0322233427667778, -0.017609785295661578, 
       0.4136821902077795, -0.04614790331484286, 0.029732353544115686, 
       0.013973442568196272, 0.0014825907352537268, -0.24220832357588717}, 
      {-0.03181105070848232, 0.027122661657679927, -0.3875511046993868, 
       -0.06553545597870376, -0.009619155916830961, -0.046262215343040106, 
       -0.008065886719032873, -0.21421838841916388}, 
      {-0.02218910973515105, -0.07467332896355429, 0.043271043373017994, 
       -0.015551157319763736, 0.015266307062236275, -0.059473907677543215, 
       0.007921698893642123, 0.5178694968256944}}, 
     {{-0.034706379591369324, -0.013453518583925605, 0.41327199902587325, 
       -0.03481331195778319, 0.042632655128439036, 0.012780831458412965, 
       0.0023287294651475996, -0.2420855662868651}, {-0.027322274626914025, 
       0.03536675882196697, -0.3872535365067154, -0.06520104195899054, 
       0.01105666386497747, -0.044390970495564744, 0.001716718074571591, 
       -0.21366334797139505}, {-0.03204343976530952, -0.065537711621602, 
       0.04338366636225302, -0.010009017680360797, 0.019132254148427858, 
       -0.06296471150942985, 0.01979354800445683, 0.5174287354190789}}, 
     {{-0.036436112480256494, -0.008858748022373552, 0.41288407955913525, 
       -0.019994234005182923, 0.05142112220634407, 0.012154815902511896, 
       0.003488024524378058, -0.24194687450404517}, {-0.02087999603888093, 
       0.04253171254974874, -0.3869593477555519, -0.058504284088839766, 
       0.030593773815346212, -0.0403944700525024, 0.010618529434960652, 
       -0.21310261258015747}, {-0.03937220307259674, -0.054902846084600124, 
       0.04347739707782725, -0.003588616732282736, 0.021080309338018362, 
       -0.06369685985322492, 0.03271036480865711, 0.5169836334299933}}, 
     {{-0.03733094981711724, -0.00399460501234084, 0.4125227258958254, 
       -0.003133357174234596, 0.05520018845799745, 0.012154644634972898, 
       0.004790382547329695, -0.24179626929458525}, {-0.012776089442423344, 
       0.04817540766010639, -0.3866719982154906, -0.04611477348393234, 
       0.047085336090586, -0.034549078024470686, 0.01817473097435506, 
       -0.21254411969459014}, {-0.04393769175339889, -0.043407346131364856, 
       0.04355140120107587, 0.003067245244279913, 0.020942815055387407, 
       -0.06145800245478991, 0.04600502771081014, 0.5165412528316302}}, 
     {{-0.03735034673747987, 0.000955363913080088, 0.41219147389465727, 
       0.01411201785701309, 0.0535666528354617, 0.01279522054959597, 
       0.006056716447539916, -0.24163799310290163}, {-0.0033995153949355717, 
       0.05193515538250939, -0.3863946866103869, -0.02925679578329082, 
       0.05892662285411653, -0.027232100423620998, 0.02399870941963973, 
       -0.21199563428189946}, {-0.04565839389753029, -0.03172449973551364, 
       0.04360534159714035, 0.009297387908817904, 0.018763182957578874, 
       -0.05619734564327928, 0.0589757008542088, 0.5161083108852672}}, 
     {{-0.036497007530919015, 0.005803334681973275, 0.4118930158200712, 
       0.030036598645132768, 0.046656210575432885, 0.014046267340275243, 
       0.0071099982966233355, -0.24147641600769565}, 
      {0.006784812857392007, 0.0535485080796823, -0.3861302688888281, 
       -0.009588728974934672, 0.06497076946137867, -0.018900714517443063, 
       0.027803687541370803, -0.21146456642963055}, {-0.044612562155323804, 
       -0.02052476975574477, 0.043639381950167665, 0.014491090816006394, 
       0.014790685510321602, -0.048029560045761366, 0.07092458994951394, 
       0.5156910066394841}}, {{-0.03481658144650912, 0.010367514224674164, 
       0.4116291354728346, 0.043059720908056334, 0.0351322941747843, 
       0.015834213949882575, 0.007786145474487624, -0.24131593737479498}, 
      {0.01726161455889665, 0.052868551958693985, -0.3858811847196349, 
       0.01096004167602904, 0.06463953116474433, -0.010066250369409321, 
       0.0294188194955134, -0.210957796719061}, {-0.041032895037008826, 
       -0.010438492183321662, 0.04365417812821117, 0.018151117261473237, 
       0.009452908986376768, -0.037229493202857386, 0.08119656560428791, 
       0.5152948600447127}}, {{-0.032394925812408035, 0.014482080523841204, 
       0.41140066570742395, 0.05188573373455799, 0.02012052754143954, 
       0.018046630937337618, 0.007944154075544997, -0.2411608844731673}, 
      {0.02749369789381261, 0.04987268938234654, -0.38564939440116724, 
       0.030377727951071014, 0.05797853200542676, -0.0012654101703188222, 
       0.028798708386655675, -0.2104815134809744}, {-0.03529264194902936, 
       -0.0020209158729127446, 0.043650857575154085, 0.019944604119328174, 
       0.0033088125862863857, -0.024217994174702755, 0.08921543106336165, 
       0.5149245675662087}}, {{-0.02935309093141447, 0.018006124505225027, 
       0.4112074691424914, 0.05563491927113133, 0.003095422865863361, 
       0.02053898257434877, 0.007474829470723807, -0.24101541092694187}, 
      {0.036951768626643226, 0.04466460123157478, -0.3854363272195907, 
       0.0467664305209692, 0.04565178392386232, 0.006970031777389002, 
       0.02602598770089355, -0.21004106562508063}, {-0.027883885058619974, 
       0.0042785188305425916, 0.04363098695851013, 0.019735265862956725, 
       -0.003011909197649727, -0.009539622525424582, 0.09451586223701056, 
       0.5145838778950412}}, {{-0.02584030956890038, 0.020831172406428768, 
       0.41104844229645704, 0.0539316730853724, -0.01426830491727724, 
       0.023143310918799002, 0.006307681807538227, -0.2408833965683423}, 
      {0.04514387610649292, 0.037469021731706846, -0.38524284332561165, 
       0.05852705864200559, 0.02887575019616205, 0.014143289284211536, 
       0.021306558770642272, -0.20964083483381232}, {-0.019389376377759802, 
       0.008141006389653288, 0.04359652991056541, 0.01759351339795544, 
       -0.00887643309034464, 0.006166344546031742, 0.09676931228694498, 
       0.5142754920525465}}, {{-0.02202549131292763, 0.022886741606054136, 
       0.41092154357602795, 0.04694037493130166, -0.030264166880055874, 
       0.025678257853592328, 0.004415463969665511, -0.24076835232544094}, 
      {0.05164281842776395, 0.02861985917047379, -0.3850692094613215, 
       0.06451463171281582, 0.009300291042318231, 0.019820662063601977, 
       0.014957990712272825, -0.2092841307446532}, {-0.010449182589463315, 
       0.009395854829054761, 0.043549794766704265, 0.013783833821983137, 
       -0.013715042471877631, 0.02220031277215764, 0.0958023746938161, 
       0.5140009891629108}}, {{-0.018087571602721113, 0.02414371578346797, 
       0.41082384394062194, 0.03534671542822276, -0.043324057895649255, 
       0.02795997895640207, 0.0018161718316780666, -0.24067333117724776}, 
      {0.05611007434938539, 0.01854205169832297, -0.3849150898025544, 
       0.06414982740549473, -0.01115270432467489, 0.023656184834834105, 
       0.007391461983386183, -0.20897311128425655}, {-0.001724309864819524, 
       0.008029736309540878, 0.043493374743343215, 0.008731486945192959, 
       -0.017078955919198915, 0.03783995725824177, 0.09160669349664348, 
       0.5137607810139908}}, {{-0.014205456810546687, 0.02461534834299409, 
       0.41075159903420566, 0.0202863734107814, -0.052172976948793304, 
       0.029813127565724976, -0.001427614949278512, -0.2406008479528366}, 
      {0.058314732017237345, 0.0077283402266312175, -0.3847795516889395, 
       0.05747494998680585, -0.030476717749607713, 0.025411240556295574, 
       -0.0009115721444982194, -0.20870873041525984}, 
      {0.006140846373737974, 0.004187147305080466, 0.0434300815361445, 
       0.002972504765643771, -0.018682438665993943, 0.05237909761984797, 
       0.08433983107128531, 0.5135540964946097}}, 
     {{-0.010548024852379611, 0.02435578622152562, 0.4107003414283303, 
       0.0032299423981403718, -0.05595232853257484, 0.031081382488338544, 
       -0.005212078899600139, -0.24055281003049261}, 
      {0.058146532407542764, -0.0032877355605976334, -0.384661086715069, 
       0.045149823581105426, -0.046776687966536314, 0.024968210217099468, 
       -0.009426656891155223, -0.20849071470534009}, 
      {0.012555184911036315, -0.001837957957433891, 0.04336287416814941, 
       -0.0029057955307630052, -0.018426074879211347, 0.0651657700310216, 
       0.07431704905577317, 0.5133789966153377}}, 
     {{-0.0072647962090219825, 0.023456293805805713, 0.41066499006830415, 
       -0.014163934267910029, -0.05430062644042113, 0.03163685715276809, 
       -0.009397916192953232, -0.24053046071508727}, 
      {0.05562211922320822, -0.013961209839936147, -0.3845576460359334, 
       0.028387504824655265, -0.05845400122750791, 0.02233720671554954, 
       -0.01761612002944719, -0.20831756913357535}, {0.01701453760427793, 
       -0.009618844827676882, 0.04329478484904011, -0.008327031951983631, 
       -0.0163988154374427, 0.07563726758090365, 0.06199451279256739, 
       0.5132324194818592}}, {{-0.004477838253370161, 0.022039375651920573, 
       0.41063997499840627, -0.030211307148198262, -0.0473840161682533, 
       0.031387808549963064, -0.013818184749328484, -0.24053433705926208}, 
      {0.05088425000909717, -0.023765728354940768, -0.3844666897168921, 
       0.008835948786295617, -0.06436289986850798, 0.01765562224148116, 
       -0.02495961310687357, -0.2081866121211571}, {0.019130514899371957, 
       -0.018620091124687835, 0.043228843599896545, -0.012783678402666693, 
       -0.012859824298450364, 0.08335035439292159, 0.04794481737836549, 
       0.5131102550452654}}, {{-0.0022753278790162367, 0.020251184328202207, 
       0.4106193735720157, -0.04336576371967877, -0.03587541481438786, 
       0.030284232176578486, -0.01828775123655464, -0.24056424266776733}, 
      {0.04419401453562727, -0.03222256010911298, -0.3843852483674205, 
       -0.011582893038102143, -0.06392301796733255, 0.01118051906452946, 
       -0.03098367273779, -0.2080940391935837}, {0.018652934305418957, 
       -0.028227797832167667, 0.04316800367681551, -0.015884177011864987, 
       -0.008204100106349033, 0.08800497866872811, 0.032826141273332374, 
       0.5130074472714474}}, {{-0.0007071214235859268, 0.018252644967711434, 
       0.41059705555371173, -0.05236528092134562, -0.02088521356976764, 
       0.02832102350418635, -0.022613789933089976, -0.24061923795245724}, 
      {0.035916398117196574, -0.03892689592987571, -0.38430999621826667, 
       -0.030861048395683134, -0.0571768440380731, 0.0032742061931023353, 
       -0.03528856982582425, -0.2080350132340362}, {0.015484570903832935, 
       -0.03778419259553852, 0.04311506954596564, -0.017385054529111106, 
       -0.0029159193034551346, 0.08946018339679253, 0.017346771617900405, 
       0.5129181213283913}}, {{0.00021738466537831545, 0.016209815821060576, 
       0.4105668330408618, -0.056349655357484575, -0.0038516078814559577, 
       0.02553849385981815, -0.02660671916207575, -0.24069764677151193}, 
      {0.026500132968788972, -0.043570161736137106, -0.3842373330676334, 
       -0.047101324714788485, -0.04478628203951168, -0.005616050147894945, 
       -0.03757112960113798, -0.208003779382888}, {0.009687360556098212, 
       -0.04662478477621419, 0.04307262890818227, -0.01720600238509635, 
       0.002482998476815241, 0.08774129674427528, 0.0022268617656610017, 
       0.512835733236355}}, {{0.0005290443866993611, 0.01428405341402475, 
       0.4105226118780476, -0.054938523424635864, 0.013597883073431327, 
       0.022020266523844978, -0.030090926139692328, -0.24079708100333624}, 
      {0.016452854664094806, -0.04595690020004514, -0.3841634738822246, 
       -0.058703873451964546, -0.02796866947182136, -0.014983131416963632, 
       -0.037642043079702835, -0.20799380153998215}, 
      {0.0014798392656954395, -0.05411597955031474, 0.04304299088558768, 
       -0.01542774366418541, 0.0074852797750113885, 0.0830381480691377, 
       -0.011840452790385498, 0.5127532372503898}}, 
     {{0.0002964665065103735, 0.012622606852416068, 0.41045854086291095, 
       -0.04826335882724352, 0.02980096110928946, 0.017888722861154175, 
       -0.03291459322276539, -0.24091448230297763}, {0.0063129917677291, 
       -0.04601535663341526, -0.38408454328933317, -0.06452376887966972, 
       -0.008377644814176978, -0.024288536435331468, -0.03543677931550829, 
       -0.2079979176719436}, {-0.008774215025357824, -0.05969098671480635, 
       0.04302813130783298, -0.012274797224331876, 0.011644343262547745, 
       0.07569423120218254, -0.024226380614646978, 0.5126632674468645}}, 
     {{-0.0003787393285303266, 0.011350056125855277, 0.41036915482182335, 
       -0.0369520141699334, 0.04321587537135506, 0.013298147660383215, 
       -0.03495819141308165, -0.2410461804794479}, {-0.0033800084526086596, 
       -0.043801213146753754, -0.38399667284889916, -0.06398446636687845, 
       0.012058745544090968, -0.032992573757344594, -0.031019527813876954, 
       -0.20800850924026598}, {-0.02058522595327603, -0.06288230220425294, 
       0.043029646908486575, -0.008086028982713116, 0.014611239064168988, 
       0.06618749738747005, -0.034400465972959426, 0.5125583285616678}}, 
     {{-0.001368488855912721, 0.010561208098782537, 0.4102495083841608, 
       -0.022068352638935917, 0.05256399568982047, 0.008426180153360444, 
       -0.03614102344558738, -0.2411879676637835}, {-0.012115480089516796, 
       -0.03949426880596725, -0.3838960988024725, -0.05713551031026948, 
       0.031327757220783355, -0.040584607831170405, -0.024579967287252598, 
       -0.20801768194430267}, {-0.03336437942979765, -0.0633486303067539, 
       0.043048719299722434, -0.0032778006198835815, 0.01615978116183415, 
       0.05510371829289577, -0.041959055092832646, 0.5124309908097995}}, 
     {{-0.0025262912707731226, 0.010315767204208869, 0.41009529722699495, 
       -0.0050122300405547856, 0.05694785508319333, 0.0034639175596733723, 
       -0.0364255361778085, -0.24133518704326662}, {-0.019439805154082255, 
       -0.0333881454571564, -0.38377925754764236, -0.04464820825396262, 
       0.04753053434315625, -0.04661176868796694, -0.016422940064419553, 
       -0.20801745200495167}, {-0.046455692604459295, -0.060894905388330124, 
       0.04308608920205807, 0.0016969196867712792, 0.016199154059896307, 
       0.04310401953612902, -0.04664682959017656, 0.5122740840160204}}, 
     {{-0.0036962939885607066, 0.010635127680465744, 0.4099029632992104, 
       0.012609848384218731, 0.05593382126325131, -0.0013946573531327248, 
       -0.03581911974344791, -0.24148283380868235}, {-0.024981340972232664, 
       -0.025873797661147627, -0.38364287653259216, -0.027750232851166966, 
       0.05906956596780481, -0.050704291163357625, -0.006951827099667267, 
       -0.20799993467995234}, {-0.05917202681469296, -0.055484356397120405, 
       0.043142042114792487, 0.006389009108667153, 0.01477407854140623, 
       0.030888148712299904, -0.04837027254448884, 0.5120808856079352}}, 
     {{-0.004722784030034857, 0.011501362202032631, 0.4096697820542337, 
       0.02913287793678726, 0.04959253128580456, -0.00596331798203086, 
       -0.03437340453052092, -0.24162566690822332}, {-0.028470976077039457, 
       -0.01741755221006768, -0.3834840586231698, -0.008104512199326551, 
       0.06480698256738124, -0.05259643362238308, 0.0033536405242694982, 
       -0.20795753039634005}, {-0.07083290035027752, -0.047241748307115694, 
       0.043216405450346766, 0.010390508217383954, 0.012054264729415268, 
       0.01915565305071461, -0.047202125158889274, 0.5118452976389054}}, 
     {{-0.005459671837880855, 0.012858591350068307, 0.40939392918833006, 
       0.042986676761088194, 0.03849456478865421, -0.010073770778260821, 
       -0.03218097345314073, -0.24175832849998893}, {-0.02975679582591719, 
       -0.008535015215060442, -0.38330035711438704, 0.012354888404064622, 
       0.06417708021362056, -0.052141444992314226, 0.01396377409260042, 
       -0.20788310379522415}, {-0.08080212537993614, -0.03644776136751382, 
       0.04330855680746758, 0.01336617346354142, 0.00831503628191102, 
       0.008566976882871046, -0.04337672334661146, 0.5115620081895811}}, 
     {{-0.005779261823341252, 0.01461644869717595, 0.40907452509088355, 
       0.052841804790532514, 0.023660620885509156, -0.013584643536369014, 
       -0.029369897895669763, -0.24187546880224367}, 
      {-0.02881238278129064, 0.00023775654335387423, -0.38308984006818064, 
       0.031614279963546744, 0.057242478023438875, -0.04932008861772587, 
       0.024328113532908743, -0.2077701517580726}, {-0.08852307664696407, 
       -0.023524628702450683, 0.043417443858707695, 0.01507795784580944, 
       0.003911054161765668, -0.0002932544001093184, -0.03727627433762599, 
       0.5112266324874469}}, {{-0.005579999775531014, 0.016655665159699122, 
       0.40871165662861253, 0.057734630041681834, 0.006470666563722613, 
       -0.0163889696651576, -0.026096185129476656, -0.24197187362839417}, 
      {-0.025738041978669714, 0.00837421812361358, -0.38285114175319307, 
       0.04777956568469942, 0.04468737038996148, -0.04424201791321388, 
       0.033905787932491396, -0.20761295697464147}, {-0.09354972608037855, 
       -0.009014007431327907, 0.04354161400599117, 0.015401400539517534, 
       -0.0007544961550699077, -0.0069488225303465205, -0.0294090006012117, 
       0.5108358302668207}}, {{-0.004792582920262915, 0.01883520300848817, 
       0.4083063742621408, 0.057160900640341926, -0.01146088077525106, 
       -0.018419585383777283, -0.022534825132619573, -0.24204259060332975}, 
      {-0.020755088253138675, 0.015386752150172342, -0.38258350013378173, 
       0.059263410724927724, 0.027749514364988556, -0.03714013107178746, 
       0.042195354040854643, -0.2074067225589381}, {-0.09557171405496634, 
       0.006451930438781791, 0.04367925475305173, 0.014333283787284408, 
       -0.005263434639277871, -0.011058550544266103, -0.020380116215121282, 
       0.5103873964175233}}, {{-0.0033842408512674334, 0.02100070345171046, 
       0.4078606663515194, 0.05112844953898514, -0.028433229170499858, 
       -0.019652298189645926, -0.018869773121236527, -0.242083051847026}, 
      {-0.014193308007112626, 0.020853986743941098, -0.3822867792394583, 
       0.06494189131193506, 0.008096658465729129, -0.028358013520896955, 
       0.04876255121719592, -0.2071476853851791}, {-0.09443186008564353, 
       0.0221844530265975, 0.043828241769349616, 0.011990490425571253, 
       -0.009216717824472384, -0.012435282294090418, -0.010857373279577026, 
       0.5098803223676844}}, {{-0.0013608063936199914, 0.022993608764058506, 
       0.40737740967550384, 0.040163459169207605, -0.04281795979756065, 
       -0.0201065295812487, -0.015283588436205933, -0.24208918984841002}, 
      {-0.00647245412991452, 0.0244443154762842, -0.38196147562885785, 
       0.06426448937318471, -0.012338755431988344, -0.018331331944285306, 
       0.053264256076521105, -0.2068332055064006}, {-0.09013543992777302, 
       0.03747540515459489, 0.043986194834764646, 0.008599839970780046, 
       -0.0122672707834478, -0.01105643868171104, -0.0015330707564336485, 
       0.5093148261994729}}, {{0.0012333908284930654, 0.024660579734892427, 
       0.4068602985014166, 0.025268647467398347, -0.053214105681673535, 
       -0.019843549652912473, -0.011947173323896748, -0.2420575433044457}, 
      {0.0019212933362406054, 0.02593461079104977, -0.3816087088909681, 
       0.05730714014736304, -0.03155132361365933, -0.00756410614621279, 
       0.05546761635467915, -0.2064618287675826}, {-0.08285039148343719, 
       0.05163556559102027, 0.044150539270962214, 0.00447951070943833, 
       -0.014149359590836534, -0.0070652194842778975, 0.006915445056853388, 
       0.5086923514121713}}, {{0.004317904532972034, 0.02586254649443698, 
       0.4063137530561974, 0.007835194042366388, -0.058585442988869314, 
       -0.018962311990730504, -0.009010306172302937, -0.24198535000499272}, 
      {0.01046259945888149, 0.025222835058832355, -0.3812301960601344, 
       0.044762802203902115, -0.04766056151860363, 0.003398839836915007, 
       0.05526305263258764, -0.20603332204017075}, {-0.07289860950599077, 
       0.0640320034322825, 0.04431857188534784, 0.000012503918965197252, 
       -0.014702264948649997, -0.0007625408606059372, 0.01386449368614287, 
       0.5080155339834944}}, {{0.0077806310194286745, 0.026482944314920667, 
       0.40574281048204064, -0.01048386951029071, -0.05836579321820704, 
       -0.01759319167505581, -0.006593432845450643, -0.24187062494999717}, 
      {0.01861648716929246, 0.022333885444578844, -0.38082821076238227, 
       0.02787120133032923, -0.05909586829535558, 0.01400174832236716, 
       0.05267044265582606, -0.20554867966640114}, {-0.06073873309690203, 
       0.07412240292078397, 0.04448752916175244, -0.0043863737233910665, 
       -0.013886026073844307, 0.007409931526704302, 0.018779849132103576, 
       0.5072881386604181}}, {{0.011484065619968974, 0.02643461991982934, 
       0.4051530004071154, -0.02792886265148237, -0.05252168528406189, 
       -0.015890006656761265, -0.004781210446489241, -0.2417122206030083}, 
      {0.0258684004001453, 0.01741848447069016, -0.3804055277608819, 
       0.008294459390621182, -0.06474961075093501, 0.023708429088204894, 
       0.047838286450442975, -0.20501010058149818}, {-0.046941356412441675, 
       0.08148444710249436, 0.044654656235177205, -0.008307486197553003, 
       -0.011787010449741137, 0.016894744901918227, 0.021247586890906833, 
       0.5065149662084095}}, {{0.015273054483295936, 0.025665053607854604, 
       0.40455020836311856, -0.042802511287754696, -0.04156480476624564, 
       -0.014020722450370985, -0.003618127133450536, -0.24150986801073562}, 
      {0.031753212000056964, 0.010744955254665794, -0.379965354381935, 
       -0.012047557647500875, -0.06408398059461652, 0.032031769269483625, 
       0.04103566704968211, -0.20442093712976322}, {-0.03215803851235108, 
       0.08583854799458195, 0.04481727490022715, -0.011384646138496797, 
       -0.008612556525353086, 0.02705021979479499, 0.020998156518639222, 
       0.5057017340060623}}, {{0.01898354515928431, 0.024159548546312574, 
       0.4039405308120129, -0.053636829580512274, -0.026511235214290586, 
       -0.012157415881559821, -0.0031064886013575303, -0.24126419781489694}, 
      {0.03588152215379155, 0.002684443953887425, -0.37951125069405495, 
       -0.03116666313705763, -0.057181128527134854, 0.038560582087144676, 
       0.03263755122288728, -0.2037856164608963}, {-0.017085840187682555, 
       0.08706279966040585, 0.04497284876345277, -0.013330897546787752, 
       -0.004673374547942032, 0.0371868410790575, 0.017922461911450374, 
       0.5048549330910432}}, {{0.022451804920114726, 0.021942324052362218, 
       0.4033301247784706, -0.05934118769852082, -0.008789632377082133, 
       -0.010466098042888674, -0.003206761019766303, -0.24097673921275703}, 
      {0.03796183042761229, -0.00630960079329515, -0.3790470400760413, 
       -0.047201195965196854, -0.044732331164499144, 0.04298235181584673, 
       0.02310422515019526, -0.20310953568800635}, {-0.002429323849595267, 
       0.08519910101157531, 0.04511904417898131, -0.013968152536867727, 
       -0.00035527218221385073, 0.04660646274831187, 0.012078799950532505, 
       0.5039816652430104}}, {{0.025523659238897413, 0.019075278598323243, 
       0.40272505642003087, -0.059315714183888264, 0.009893423372508647, 
       -0.009096886982902471, -0.0038404247130293017, -0.24064989825755903}, 
      {0.037817292349350565, -0.015726647095513236, -0.3785767128179829, 
       -0.058597143137857605, -0.02796741894563497, 0.04510055743648304, 
       0.01295590315022895, -0.20239893409695836}, {0.011137741898912762, 
       0.080450355070792, 0.045253785279362746, -0.013246674283207844, 
       0.003918036761334001, 0.054641996928083324, 0.0036905083331910597, 
       0.5030894643660312}}, {{0.02806313137841639, 0.015654633978430192, 
       0.4021311519699688, -0.05351796858460199, 0.027718756582535066, 
       -0.008175184469498395, -0.004895036838844591, -0.24028691413379027}, 
      {0.03539598482542297, -0.025027551035120915, -0.3781043249906301, 
       -0.06425789522751817, -0.008532483417926734, 0.044845463468662555, 
       0.002743948385408153, -0.20166074451964122}, {0.023009127899707528, 
       0.07316865116972211, 0.04537530190207197, -0.011252119678835605, 
       0.007727504754933304, 0.06069562996296723, -0.006865812404119674, 
       0.5021861067069741}}, {{0.029960049214558457, 0.011805635091902604, 
       0.40155385500027846, -0.04247436644673715, 0.042934227793242824, 
       -0.007794289352844923, -0.006231233747773867, -0.23989179539041658}, 
      {0.03077445862676275, -0.03367465340699921, -0.37763389526301944, 
       -0.06364918975947588, 0.011672074682389162, 0.042278119971379834, 
       -0.006979648756861389, -0.20090242806124842}, 
      {0.032678915808111886, 0.06383525586850301, 0.04548216914415165, 
       -0.008198110587665695, 0.010701970829243195, 0.06427303069021151, 
       -0.019080670710541085, 0.5012794141541256}}, 
     {{0.031136140525698335, 0.007675605537372801, 0.400998093304891, 
       -0.027234269117803106, 0.05403046295320023, -0.008009924252541207, 
       -0.007691281901405509, -0.2394692369073683}, {0.02415392161898984, 
       -0.041161975670189074, -0.3771693024791934, -0.056848119054808584, 
       0.03067734568431795, 0.03758688617161056, -0.015692996098940693, 
       -0.2001317957045152}, {0.039768775307183944, 0.05303354244269284, 
       0.04557333805571306, -0.004404649328312192, 0.012557340659701221, 
       0.0650119295136285, -0.032339501946363265, 0.5003770566421643}}, 
     {{0.03154924088643173, 0.0034257341754440557, 0.4004681589021002, 
       -0.009270373028589985, 0.05989433823256962, -0.008837011703364534, 
       -0.009108717823363598, -0.23902451935132285}, 
      {0.015849445277123335, -0.04704366441395667, -0.37671418631205494, 
       -0.04453335840503345, 0.046636952529917945, 0.031076838123910613, 
       -0.02293334268964352, -0.19935682115129502}, {0.044048150045045024, 
       0.04141611605002247, 0.04564815629136547, -0.0002646573921506259, 
       0.01312673686664029, 0.06270337354495213, -0.04595661257289534, 
       0.49948635731782837}}, {{0.031195530294403816, -0.0007778919798035889, 
       0.39996760403379955, 0.009665670199466951, 0.05992403127295701, 
       -0.010248737514877237, -0.010318480732729155, -0.23856339379205022}, 
      {0.006272906324538347, -0.0509591360877657, -0.3762718542581438, 
       -0.027917243648933738, 0.05800539069196019, 0.023152759775332554, 
       -0.02832285741457298, -0.1985854502975281}, {0.045446092992282895, 
       0.02966833681105597, 0.04570637910575492, 0.003798300234538797, 
       0.012378018594027741, 0.057304328992217116, -0.059212981910873715, 
       0.4986141060398689}}, {{0.03010943519447419, -0.004773454245768343, 
       0.399499155794275, 0.027716643057508195, 0.05409268309387154, 
       -0.01217820284656855, -0.011166916300718387, -0.238091953326723}, 
      {-0.0040896901090254215, -0.052653574584548314, -0.37584519640704794, 
       -0.008626794583548246, 0.06368653515981883, 0.01429635338940179, 
       -0.0315897446797926, -0.19782541027717732}, {0.044054322392750894, 
       0.018470000679810913, 0.045748169494183796, 0.00737560899485073, 
       0.01041599123947102, 0.04894115777235157, -0.0713960651729126, 
       0.49776638622989533}}, {{0.028361431306427147, -0.008412292028762256, 
       0.3990646511748, 0.04310564498602392, 0.04295388608570006, 
       -0.014522345595659625, -0.011521127224534597, -0.2376164954239115}, 
      {-0.01470499525061162, -0.0519924899132394, -0.37543661118977273, 
       0.011454555066763754, 0.06313869045105709, 0.005039188322417133, 
       -0.032583368977901046, -0.19708402495623747}, 
      {0.04012114821053852, 0.008457389190882297, 0.04577408889638342, 
       0.010117459588105894, 0.007469347224402908, 0.03790358910062898, 
       -0.08183930143168713, 0.4969484184733327}}, 
     {{0.0260537749116807, -0.011567018577772035, 0.39866499453046833, 
       0.054314317147453155, 0.02758807384214234, -0.01714801723158177, 
       -0.011277139930073298, -0.2371433773839613}, {-0.0250218348586367, 
       -0.04896962375233572, -0.37504794341596415, 0.03036947577821376, 
       0.05642546749399293, -0.004067213142460499, -0.031282626731552944, 
       -0.19636803983352571}, {0.03403670296194784, 0.00018785354678053825, 
       0.04578507776690663, 0.011769548611672178, 0.0038633618712523516, 
       0.024629629991994813, -0.08995905951706389, 0.496164425643898}}, 
     {{0.023314441399233252, -0.014138282432863745, 0.3983001378820568, 
       0.06023514309065866, 0.009495597857284354, -0.019899839532262438, 
       -0.010366289095858084, -0.23667886854690792}, 
      {-0.03450177931045711, -0.04370767677911954, -0.3746804364047921, 
       0.046275932010054394, 0.04420928658534179, -0.012482444311062574, 
       -0.02779700994230301, -0.19568346170898038}, {0.026310350040936698, 
       -0.005891183891212492, 0.04578242740414603, 0.012198075071725618, 
       -0.000017596496218301647, 0.00968230949760175, -0.09528706129858615, 
       0.4954175224936541}}, {{0.020289619306155467, -0.016059914302074853, 
       0.3979690848907031, 0.060281742486651364, -0.009553516673341759, 
       -0.022609394359105243, -0.008759576871497603, -0.23622900264135693}, 
      {-0.04264903263552199, -0.0364518315488186, -0.37433469938750463, 
       0.05762526487915569, 0.027686965640327143, -0.019707658474892767, 
       -0.022360311559494937, -0.19503541605591193}, 
      {0.017541374221502357, -0.009467064573209491, 0.045767743378212135, 
       0.011400359112964433, -0.003773508194824385, -0.006280596931780419, 
       -0.09749646375039892, 0.49470963354783243}}, 
     {{0.01713527888920615, -0.017302119171192447, 0.39766991831057624, 
       0.0544465607982433, -0.027695691177930935, -0.025105135510860598, 
       -0.006469689476442131, -0.23579943372364373}, 
      {-0.049038011365508116, -0.02755644244407761, -0.3740106912445786, 
       0.06331204629074004, 0.008473955850505128, -0.025313712631656507, 
       -0.01531733440159451, -0.19442802694830102}, {0.008384772996215801, 
       -0.010379141763883243, 0.045742901815413024, 0.009500235534405937, 
       -0.007032144928774383, -0.02254198548468842, -0.09642011588110164, 
       0.4940414402392115}}, {{0.014008222053264234, -0.01787251934034646, 
       0.39739984981105125, 0.043299515804610715, -0.043159230441951996, 
       -0.0272225230272943, -0.0035505356177027605, -0.2353952986619416}, 
      {-0.053336996112242185, -0.017465550681090555, -0.37370772056014334, 
       0.06278156805510383, -0.011551669721701604, -0.028965349456141935, 
       -0.007104269275008453, -0.1938643210822773}, {-0.0004861458080018002, 
       -0.008627511301914954, 0.04570999963050277, 0.006729407907078549, 
       -0.009487691741852598, -0.038364220455190945, -0.09206002568922254, 
       0.4934123597748342}}, {{0.011057157873723814, -0.017815054677487684, 
       0.3971552909629463, 0.027929433150800185, -0.05443832762638783, 
       -0.028813765181116325, -0.00009438610039171174, -0.2350210897690322}, 
      {-0.055326550183656016, -0.00668848386861051, -0.373424462380253, 
       0.05608470978716471, -0.030430914391527293, -0.030440066698655056, 
       0.0017759806685509808, -0.19334615916878334}, 
      {-0.00841802243586038, -0.004372827631540636, 0.045671300298717556, 
       0.0033973741885845667, -0.010929879029665577, -0.05302890392031737, 
       -0.08458761412850727, 0.49282055621620313}}, 
     {{0.008414422817799217, -0.017206780461487537, 0.3969319439873445, 
       0.009834130650585079, -0.06043997877308376, -0.029756492809888315, 
       0.0037732549229762, -0.2346805407789636}, {-0.054911685385603475, 
       0.004228291606231846, -0.37315899097735217, 0.043874180668583986, 
       -0.04631407681133063, -0.02964062013114141, 0.010782327014630945, 
       -0.19287419544059037}, {-0.014814735557935653, 0.002072940604399764, 
       0.045629175871418265, -0.00014509602135496125, -0.011260730465619664, 
       -0.06587573431375171, -0.07433460229635576, 0.4922629837384294}}, 
     {{0.006188649992921381, -0.01615281210368568, 0.3967249095976255, 
       -0.009228707731741436, -0.060587913098570784, -0.029961028374776363, 
       0.007900693208668078, -0.23437652862066338}, {-0.052127106053801234, 
       0.01473130708944751, -0.3729088281783831, 0.027342706614973615, 
       -0.05764122720927056, -0.02660046817588759, 0.019366079725711485, 
       -0.1924478668661208}, {-0.019171413674290816, 0.010264162571849896, 
       0.045586047462168294, -0.0035448815361017964, -0.010497890172757637, 
       -0.07633807767943376, -0.06177518251641798, 0.491735461212172}}, 
     {{0.00445898971804578, -0.014779682272013902, 0.39652880898608506, 
       -0.027414302985235794, -0.05487518150163436, -0.02937563862239986, 
       0.012118629307940864, -0.23411099360632465}, {-0.04713517946869892, 
       0.024290615194213855, -0.37267100543353593, 0.00810842705316384, 
       -0.0632953014120776, -0.021481798585057797, 0.027001941244772978, 
       -0.19206541150143303}, {-0.021103410285886106, 0.01964670368951366, 
       0.045544325328861684, -0.006482542366209187, -0.008765132049555603, 
       -0.08397344146304817, -0.0475003910694303, 0.4912327764324565}}, 
     {{0.003271019525838019, -0.01322754471235764, 0.3963379176107642, 
       -0.042969651964467025, -0.043860268438401954, -0.027989654732395595, 
       0.016249732351718442, -0.2338848805409998}, {-0.040216845076371514, 
       0.03242901768894338, -0.37244213868798876, -0.011941902404397497, 
       -0.06271306315311521, -0.014566350262025808, 0.03321768242215557, 
       -0.19172391585752913}, {-0.020368559233583956, 0.029589194205831833, 
       0.04550634995863521, -0.008701980434584748, -0.006272614897303398, 
       -0.08848711676830132, -0.03218609766414327, 0.4907488171839322}}, 
     {{0.0026346995555404447, -0.011641670761380807, 0.3961463070404396, 
       -0.054401805099484744, -0.02860921698121476, -0.025834152152542048, 
       0.02011865950496212, -0.23369810170835792}, {-0.03175594234613127, 
       0.03874825212728118, -0.3722185138194461, -0.030836711951482475, 
       -0.05594235146533817, -0.00623953083524433, 0.03762072060484009, 
       -0.19141938946497192}, {-0.016881601825737377, 0.03941865010636684, 
       0.045474335660417205, -0.010030601696522508, -0.0032897075233157724, 
       -0.08974783011372665, -0.01655639033442699, 0.49027672681037854}}, 
     {{0.002524434504365696, -0.010163774544094645, 0.3959479912445462, 
       -0.06061832621006815, -0.010589691971129063, -0.022980199172574933, 
       0.02356188986619025, -0.23354952428170084}, {-0.02221777973363167, 
       0.042950807806702775, -0.3719961804014652, -0.046713300354304, 
       -0.043639904273256716, 0.0030313241769814943, 0.039920235434191126, 
       -0.19114686523543953}, {-0.010719701146674877, 0.04845848281145009, 
       0.045450318038329655, -0.010389306288624467, -0.00011468515855544794, 
       -0.08779427936712197, -0.0013443542077917346, 0.48980907910640004}}, 
     {{0.0028811781634413267, -0.008923612769769223, 0.3957370743366763, 
       -0.06102832866427153, 0.008471701408057872, -0.019534831924946552, 
       0.02643686264303658, -0.23343698159981702}, {-0.01212331489077869, 
       0.04485608526930285, -0.371771052153153, -0.058001536785234446, 
       -0.02700913243656498, 0.012723148109516979, 0.039943522283593554, 
       -0.19090052264430535}, {-0.0021190945209392507, 0.056066822729646984, 
       0.0454361066978873, -0.009792282529157053, 0.0029552768710637825, 
       -0.08283256233712318, 0.012747640527580525, 0.48933806924843404}}, 
     {{0.0036164906275288544, -0.008031395806444143, 0.39550789553346377, 
       -0.05559506442362483, 0.02675450152378612, -0.01563496095335791, 
       0.02862982743870167, -0.23335730935802784}, {-0.002020189137372746, 
       0.04441000288719011, -0.37153901061152317, -0.06358023554386369, 
       -0.00768329227635868, 0.022286513980952126, 0.03764567211301834, 
       -0.19067383059338489}, {0.008537266763049485, 0.061672989285468785, 
       0.04543324395947011, -0.008337977328086407, 0.005650703778031237, 
       -0.07522431723148534, 0.02508593423890412, 0.4888557151170462}}, 
     {{0.004618232137435515, -0.007571431548227465, 0.39525516826702356, 
       -0.04483599422635933, 0.04251661068774787, -0.01143963409242312, 
       0.030061978563016633, -0.23330640616859732}, {0.007547536754630569, 
       0.041687665345245546, -0.3712960100628836, -0.06288964721387207, 
       0.01243435360757505, 0.03117630328646462, 0.03311219861395891, 
       -0.19045970716060712}, {0.020740222650570912, 0.06481018006594967, 
       0.04544297067727071, -0.006193653006030531, 0.007751086346895614, 
       -0.06546640907557448, 0.03513986685912821, 0.48835406388539343}}, 
     {{0.005757605520604475, -0.007597326329876019, 0.39497410976552266, 
       -0.02977149069273801, 0.05425717668126507, -0.007121073948812714, 
       0.030693557317087394, -0.23327931737409013}, {0.016069512709941326, 
       0.036888710974074965, -0.37103818110310116, -0.055988757297171246, 
       0.0313585241889773, 0.038882206208445805, 0.02655423785385463, 
       -0.19025069158163388}, {0.033882045591112714, 0.06514233443848963, 
       0.04546620021898909, -0.003575916908381618, 0.009099361392579034, 
       -0.05416315477842921, 0.04251026457309992, 0.487825398537323}}, 
     {{0.006897078546875294, -0.00812902548759638, 0.3946605582136276, 
       -0.011827660512173885, 0.06085619526786835, -0.0028550617399646515, 
       0.03052568547082945, -0.2332703409693034}, {0.023097157351753644, 
       0.030325908492684604, -0.37076192978515077, -0.04355127683438676, 
       0.047218588097981774, 0.044957093631016444, 0.018296912917454118, 
       -0.190039124786159}, {0.047289661396165895, 0.06248394964969179, 
       0.04550350045293377, -0.0007294885207419206, 0.009609850938062006, 
       -0.041992632617066025, 0.046950822549595775, 0.48726243886930204}}, 
     {{0.007898789442315667, -0.00915183792445178, 0.39431107426783246, 
       0.007297764334138988, 0.061678304056995745, 0.001188834835809713, 
       0.029599854876424286, -0.2332731528928326}, {0.028268338586161842, 
       0.02240743368445671, -0.37046403034824316, -0.026800005044935037, 
       0.05844507860738965, 0.04904194003147968, 0.00876130856794827, 
       -0.18981733444962343}, {0.060261540815514145, 0.05681155590528792, 
       0.04555508496182142, 0.0020938620791547064, 0.009270102921418288, 
       -0.02966900114872017, 0.048381018532659595, 0.48665853118732816}}, 
     {{0.008632839072984356, -0.010617524134305173, 0.39392302505422117, 
       0.0257937464863213, 0.05663130667113945, 0.004856513892292356, 
       0.027995088843083344, -0.2332809496800316}, {0.031327180777621644, 
       0.013613940548708183, -0.37014170890294, -0.007386069900829136, 
       0.06392603225349848, 0.05088579132701119, -0.0015587974446132657, 
       -0.18957781926201217}, {0.07210641853498662, 0.04826624775158669, 
       0.04562081273012945, 0.0046548255121088575, 0.008137518870138067, 
       -0.017902691100694233, 0.04688988462288412, 0.4860078227134141}}, 
     {{0.008985113137814133, -0.012447257168317028, 0.3934946478465827, 
       0.0419043337101619, 0.04617564206993684, 0.008017675262189208, 
       0.025823068504233077, -0.23328660508848234}, {0.032137907201220305, 
       0.004471625189775446, -0.36979271583199635, 0.012775036076791852, 
       0.0631182736679046, 0.050359686025861515, -0.012124236003429817, 
       -0.18931342958687358}, {0.08218153955174441, 0.03714705710764458, 
       0.04570019686682445, 0.006743706735312638, 0.006331697844462568, 
       -0.007360815303755933, 0.04273034084000376, 0.4853054145625053}}, 
     {{0.00886409419856653, -0.014536409177453666, 0.3930250923648358, 
       0.05409245937326323, 0.03128271121836043, 0.010572662912747895, 
       0.023221394153419773, -0.23328283670152056}, {0.03069206536155726, 
       -0.004477135950910502, -0.36941538519776457, 0.031694355017143884, 
       0.05610158877749328, 0.04746387926448736, -0.02238017339270618, 
       -0.18901753869066307}, {0.08992829509391291, 0.02389559247690072, 
       0.045792421714339525, 0.008194930935299386, 0.004023482074469681, 
       0.0013699911386956694, 0.036304466558358596, 0.48454749041367395}}, 
     {{0.008206346677638927, -0.016760765587514867, 0.39251444059533486, 
       0.06118418475804463, 0.01334654595425383, 0.012457520525848795, 
       0.020345489774564778, -0.2332623792835084}, {0.02710867019455013, 
       -0.012704023123057224, -0.3690086793956273, 0.047507145032952385, 
       0.043570250148942384, 0.04232791117637599, -0.03178670376510711, 
       -0.1886842018745715}, {0.0949033988920937, 0.00907273297056428, 
       0.0458963676817032, 0.008898169127233162, 0.0014211535998428083, 
       0.007816371910451534, 0.028140440974181172, 0.4837314171138967}}, 
     {{0.006980332517931021, -0.018983836462079386, 0.3919637033353994, 
       0.06248044585464697, -0.005943995532209676, 0.013646946767552034, 
       0.0173595982566038, -0.23321816005338025}, {0.02162722236056629, 
       -0.019724157605006114, -0.36857221806405877, 0.05865858143987679, 
       0.02676311897153609, 0.035203485249743975, -0.03984856205166332, 
       -0.18830829860323445}, {0.09680371835930325, -0.006671392921413961, 
       0.046010643610070054, 0.008806349683914853, -0.0012454278968168674, 
       0.011644713354777972, 0.018862369698634997, 0.482855814080762}}, 
     {{0.00518839354838917, -0.02106487913775098, 0.3913747938660902, 
       0.05782610011880991, -0.02476127027843421, 0.014155051370551288, 
       0.014427339435534354, -0.23314347184037396}, {0.01459421471469661, 
       -0.02512309770365817, -0.36810629001553274, 0.0640572736517844, 
       0.007339145499611051, 0.02645077696942462, -0.04614241749910214, 
       -0.18788565460589898}, {0.09548347155625798, -0.022632402552795177, 
       0.04613362503085335, 0.00793941994702108, -0.003742657874380024, 
       0.012679870006512465, 0.009154736080687797, 0.4819205910312403}}, 
     {{0.002866714282108343, -0.02286709657118901, 0.39075047922827005, 
       0.04762923427914509, -0.041309497309175006, 0.014033804876407976, 
       0.011702449793193065, -0.23303213997859942}, {0.006443520021090437, 
       -0.028579827922121978, -0.3676118482597076, 0.06318229713720476, 
       -0.012788619193628009, 0.016518570719915113, -0.05034011941249477, 
       -0.18741314179432222}, {0.09096273002012266, -0.03808975409595496, 
       0.04626349791284812, 0.006383696322092838, -0.0058516809261693475, 
       0.01091499612595332, -0.00027661351016934247, 0.4809269515566699}}, 
     {{0.00008341331805025479, -0.02426559948731072, 0.3900943104152862, 
       0.03282827848650498, -0.0539946908755063, 0.013369431209756281, 
       0.009320164572301202, -0.23287867800426423}, {-0.002327824464385458, 
       -0.029884629928465613, -0.36709048760625657, 0.05613229742235884, 
       -0.0316432935956471, 0.005919752823405056, -0.05222678090599862, 
       -0.18688875170327313}, {0.0834268236327931, -0.052345842798761845, 
       0.046398306072381074, 0.004286254030666021, -0.007387152245119144, 
       0.006511982256483039, -0.008744791738437457, 0.4798773636558705}}, 
     {{-0.003065251963832528, -0.025154636660041536, 0.3894105329379853, 
       0.01480845819464528, -0.061577993524696804, 0.012276828408553734, 
       0.007389765724953028, -0.2326784288354341}, {-0.011187545537581682, 
       -0.028950729761660368, -0.3665444060511676, 0.04361312086687371, 
       -0.04738020067483886, -0.0047969522411852525, -0.0517125828773162, 
       -0.18631164286578278}, {0.07321655871992014, -0.06476386561658158, 
       0.04653600199459307, 0.0018437583698464675, -0.008214204327426047, 
       -0.00020766480985602554, -0.01562118174370963, 0.4787754975016865}}, 
     {{-0.006460268074404245, -0.02545373367582362, 0.3887039803235589, 
       -0.004724654731013024, -0.06329777063305349, 0.010892422261890456, 
       0.005988654219165163, -0.23242768700495156}, {-0.019597865611111327, 
       -0.025819124924116046, -0.3659763496861737, 0.026864758295015626, 
       -0.05846779558785768, -0.01507707622269836, -0.04883769921309827, 
       -0.185682158394976}, {0.060809892726606876, -0.07480238198477383, 
       0.04667449824402546, -0.0007138336171731802, -0.008262462135161573, 
       -0.008780908196687108, -0.020371562313247504, 0.47762613319873337}}, 
     {{-0.009966523970493572, -0.02511232540218866, 0.38797995310392724, 
       -0.02390492889748677, -0.05894846884392456, 0.009365867592664168, 
       0.005158343097515317, -0.23212379952783294}, {-0.027045578612561523, 
       -0.020656322060762386, -0.3653895439300606, 0.007536441603798404, 
       -0.06383647622443886, -0.02439086930984389, -0.04377006172266779, 
       -0.18500181543567404}, {0.04679594782489251, -0.08204469501939055, 
       0.04681171970754421, -0.003143965412366352, -0.00753453405591634, 
       -0.018629367770984322, -0.022587049807075172, 0.47643503914893415}}, 
     {{-0.013440364589307788, -0.024112708951403345, 0.3872440864042993, 
       -0.04088312498439887, -0.048907076064597294, 0.00785106477329918, 
       0.004902496168548497, -0.2317652420501138}, {-0.03307082786495892, 
       -0.013745111762424012, -0.364787611709412, -0.01247757023347828, 
       -0.06298066948221345, -0.0322624754353869, -0.03679608756260356, 
       -0.18427326563482427}, {0.03184293876515318, -0.08622129604289544, 
       0.04694565418652345, -0.005214650225874672, -0.006108031879425448, 
       -0.029092017544705046, -0.022007983553506846, 0.4752088263312739}}, 
     {{-0.016737626431119756, -0.022471101295149204, 0.3865022091621161, 
       -0.05400591537093744, -0.03410389708246052, 0.006496984100790637, 
       0.005187163813380491, -0.23135166771983104}, {-0.03729286980426538, 
       -0.005468866732092442, -0.3641744809697077, -0.031224862022693933, 
       -0.056004435623627356, -0.038296085045838195, -0.028304845058072563, 
       -0.18350022688524698}, {0.016661622285246903, -0.08722413303599309, 
       0.047074400689002364, -0.00672816133283156, -0.004130042117211785, 
       -0.03946274454613381, -0.018539405039771705, 0.4739547812144256}}, 
     {{-0.019721662499755564, -0.020236710771889377, 0.3857601990275733, 
       -0.06197874268291054, -0.015938943199267808, 0.005438843401669391, 
       0.005943230823576649, -0.2308839287313178}, {-0.03943149840076665, 
       0.00370977029573624, -0.3635542842312979, -0.046885208860234194, 
       -0.04360728933763761, -0.0421977243335479, -0.018766524231267692, 
       -0.1826873897517162}, {0.001966531670698936, -0.08511209337421594, 
       0.04719621408513543, -0.007542274532719559, -0.0018034447222794784, 
       -0.049030424250213506, -0.01225741978276134, 0.4726806817374457}}, 
     {{-0.02227092715803923, -0.01748899135780508, 0.38502383631971465, 
       -0.06399643152674005, 0.0038490394079623404, 0.00479011530740023, 
       0.007070822137669427, -0.23036406855617703}, {-0.039322847854312976, 
       0.013274642031963301, -0.36293125242822416, -0.05794682113876198, 
       -0.027012576725661222, -0.04379137508810558, -0.008706381508277058, 
       -0.18184029933804163}, {-0.011563088324682535, -0.0801070821095842, 
       0.047309544989920155, -0.007586309544422855, 0.0006332971192715709, 
       -0.05711949883878608, -0.0034057625727667317, 0.4713946011860179}}, 
     {{-0.024285612661240318, -0.01433315077017991, 0.38429866094964565, 
       -0.059827333484493886, 0.02334899904865769, 0.0046358800793063, 
       0.008445500505194804, -0.22979528513927514}, {-0.036928799326546406, 
       0.022684831668458937, -0.362309605898459, -0.0633505869702053, 
       -0.007845451518764444, -0.043028626405766754, 0.0013243886498691402, 
       -0.18096521603159318}, {-0.02332033021373772, -0.07258114078029847, 
       0.047413073830224105, -0.006869683612191908, 0.002931322466288804, 
       -0.06312862941344914, 0.007617035697572013, 0.4701047055237511}}, 
     {{-0.025693090115161344, -0.010894225414191131, 0.3835898354249914, 
       -0.049842088249085835, 0.04066353533581172, 0.0050277810054523845, 
       0.009925852772357649, -0.2291818661161275}, {-0.0323393457434341, 
       0.031404805329177166, -0.3616934454393174, -0.06258975575084595, 
       0.012026333725271088, -0.039991192907916986, 0.010779226430196985, 
       -0.18006895912958612}, {-0.032803541136972654, -0.06303525726722205, 
       0.04750573889573678, -0.005481619505232466, 0.004858351790407915, 
       -0.06656518538288418, 0.020279231144945224, 0.46881904809557734}}, 
     {{-0.02645170087357072, -0.007310045004265431, 0.38290201821774056, 
       -0.034982852798672685, 0.05409574202840184, 0.005981003230214662, 
       0.01136205161489607, -0.22852909710590413}, {-0.0257677926110023, 
       0.03893433534430157, -0.3610866465796463, -0.05575565268880665, 
       0.030673752286277466, -0.03488616135896007, 0.019146589135555895, 
       -0.17915873682287956}, {-0.03964345471145037, -0.0520710087096143, 
       0.04758675724331649, -0.003581282079395296, 0.006224446142629682, 
       -0.06707380051611248, 0.03394503281393497, 0.4675453680829208}}, 
     {{-0.026552797116111856, -0.003723525712787734, 0.38223924990110736, 
       -0.01667517101810381, 0.062318461898990596, 0.007473342996332092, 
       0.012604874632487217, -0.22784314516443696}, {-0.017539151261665917, 
       0.04483646756077543, -0.3604927590380454, -0.04352628451607628, 
       0.04629232468929513, -0.02803430980964869, 0.02597838347755115, 
       -0.17824196715386176}, {-0.04362285461593407, -0.04035670971476739, 
       0.04765563801834878, -0.0013796872159050934, 0.0069029247845656325, 
       -0.0644572129619141, 0.04790961865318778, 0.4662908967447023}}, 
     {{-0.026020870881477868, -0.00027468766331902863, 0.38160485533975536, 
       0.0033094586959684156, 0.06450833141019711, 0.009446473186467592, 
       0.01351471057749506, -0.2271309206539131}, {-0.008072215759428427, 
       0.04876195153955304, -0.35991491517879703, -0.02709872417356486, 
       0.05737475203599959, -0.019851991596605806, 0.03091482603348684, 
       -0.17732609486776532}, {-0.04468775040446848, -0.02858983376519369, 
       0.04771218872045254, 0.0008845979051182184, 0.006843587998376549, 
       -0.058688289566164606, 0.061438157448481856, 0.4650621767607013}}, 
     {{-0.02491174065046863, 0.0029070346654434184, 0.3810013641197366, 
       0.023026794605838976, 0.06043025227282237, 0.011809356526957717, 
       0.013969930596758804, -0.2263999193774514}, {0.0021435577537835524, 
       0.0504688371933721, -0.359355748839845, -0.008072943055712326, 
       0.06285464179799981, -0.010827712021921036, 0.03370440512593505, 
       -0.17641840789765098}, {-0.04294945719356312, -0.01745795801030983, 
       0.047756513601518925, 0.0029728314818267742, 0.0060771444785971815, 
       -0.049912568420551646, 0.07380648514958986, 0.46386489946042037}}, 
     {{-0.023309025773657847, 0.005709857498874679, 0.3804304513288095, 
       0.04055158130079804, 0.050463582625906, 0.014443501588172983, 
       0.013874251339009623, -0.2256580503539201}, {0.012575200122606245, 
       0.04983609032028819, -0.3588173272440357, 0.011702520348281141, 
       0.06220772777918376, -0.0014945886470902675, 0.0342177629343398, 
       -0.17552585957950972}, {-0.03867748232252895, -0.00760024012976633, 
       0.04778900479663697, 0.004673108473619608, 0.004709372063428841, 
       -0.03844120128218859, 0.08434132705972058, 0.46270376272252256}}, 
     {{-0.02131901858926925, 0.00804562196659899, 0.3798928997286165, 
       0.05416813291519046, 0.03556687742930954, 0.017209859397892737, 
       0.01316260057103003, -0.2249134515482366}, {0.022675711952141988, 
       0.046870424803116886, -0.358301097675994, 0.03030786961849627, 
       0.05550176548130345, 0.007599580719443242, 0.032454676823712544, 
       -0.1746548999116579}, {-0.03228347045899588, 0.0004282635360966424, 
       0.04781032682878831, 0.005823299908218199, 0.0029067475587309425, 
       -0.024734549270034743, 0.09245764928351051, 0.46158235447065776}}, 
     {{-0.019064277103556505, 0.009854348955633993, 0.3793885846905404, 
       0.06254089983455328, 0.017184230480591572, 0.019956943431521476, 
       0.011805157943381325, -0.2241742990664117}, {0.031914440805643214, 
       0.041706051593433706, -0.357807850024629, 0.04593599121795883, 
       0.043390011460488945, 0.01592316586420109, 0.028543816805128894, 
       -0.17381132076162278}, {-0.02429738615052259, 0.006187561454962518, 
       0.04782139421549941, 0.00632725987761027, 0.0008751856731217069, 
       -0.009377637485298114, 0.097691166936411, 0.4605030637384252}}, 
     {{-0.016676379879909806, 0.011107074371632589, 0.3789164815837183, 
       0.064846744467062, -0.0028967953957112318, 0.022529640275284885, 
       0.009809288511655804, -0.22344861376419245}, {0.039806455206108406, 
       0.034597292084947974, -0.3573376966096562, 0.05706655538840035, 
       0.027049264616542543, 0.022990531062074264, 0.02273523336969752, 
       -0.17300011847604688}, {-0.015337010188689642, 0.009377241336611017, 
       0.047823343907348444, 0.006162364538139855, -0.0011650630909297239, 
       0.006951405191595963, 0.09972420219485612, 0.45946702188769223}}, 
     {{-0.014288241307828155, 0.011806918807043133, 0.3784746955945096, 
       0.06085612641382061, -0.02272159882709326, 0.024778222841777376, 
       0.0072193646242431145, -0.22274406942707703}, 
      {0.045939402341821554, 0.025904480793204954, -0.3568900692098608, 
       0.0626125304229192, 0.008067825174737862, 0.028389282214245807, 
       0.015386005236153624, -0.1722253773087752}, {-0.006072592232168312, 
       0.009853072386557294, 0.04781750249676186, 0.00537797671762067, 
       -0.0030045477418002967, 0.023518009678605695, 0.0984033627462644, 
       0.4584740753961761}}, {{-0.012026420441342106, 0.011988231084158772, 
       0.3780605130257453, 0.05095518488282575, -0.040361531046436125, 
       0.026567061369288526, 0.004114378511205992, -0.22206780777013574}, 
      {0.04999626775598836, 0.016073979341592787, -0.356463733911851, 
       0.06202660568321679, -0.011706163653261674, 0.03180332319535265, 
       0.006939891357694051, -0.1714901765691905}, {0.0028114296721931304, 
       0.007634973871670919, 0.04780534976751643, 0.004085341385817456, 
       -0.0044671919753200276, 0.03957095971698741, 0.09374827740111262, 
       0.45752279086718095}}, {{-0.01000389118180566, 0.011713938591861157, 
       0.37767047270374926, 0.03610630279403984, -0.05410310716918269, 
       0.02778249519291628, 0.0006035518189623905, -0.22142626399531162}, 
      {0.05177279089298628, 0.005613436678889753, -0.3560568229795256, 
       0.055356251071397584, -0.030342418955588018, 0.03303044246013168, 
       -0.0020978396215114922, -0.17079652283116345}, 
      {0.010655486943013114, 0.0029056367654066973, 0.04778847915718705, 
       0.0024411378674384543, -0.005427021589421085, 0.05438307280727337, 
       0.0859506542729548, 0.45661049269120213}}, 
     {{-0.008313741107882806, 0.011071281744609298, 0.37730045553378044, 
       0.017751924885281253, -0.0626152391454713, 0.028339368102291436, 
       -0.003179783344017544, -0.22082500728813106}, 
      {0.05118859737931584, -0.004936384487556134, -0.35566688296375, 
       0.04324232118887648, -0.04601524665516834, 0.031993476104889985, 
       -0.011189050533200979, -0.17014530954327337}, 
      {0.016862529462512512, -0.003999848247535641, 0.04776855631138023, 
       0.0006270548518760149, -0.005817688343334322, 0.06729051502123638, 
       0.07536400530033098, 0.45573333160564}}, 
     {{-0.007024061357298907, 0.01016615579305314, 0.3769457898240946, 
       -0.002328211192112051, -0.06507764768098316, 0.028185930735496384, 
       -0.007085711323088807, -0.22026860050414887}, 
      {0.048291346270819595, -0.015031479809990641, -0.3552909379303839, 
       0.026859694014450628, -0.05718191250400197, 0.028744344725599898, 
       -0.01979306040854842, -0.1695363040705523}, {0.020932190245775913, 
       -0.012612935646553206, 0.047747276987699906, -0.0011713649949953659, 
       -0.005634531333448413, 0.077728604110397, 0.06248447075078265, 
       0.4548863832768436}}, {{-0.006174402059164249, 0.009116431830697717, 
       0.37660136989707405, -0.022191729321902727, -0.061258445052432824, 
       0.02730675096366805, -0.010956189131729178, -0.2197604818448612}, 
      {0.043253796619902196, -0.02415464857229867, -0.35492556602941533, 
       0.007805924549940894, -0.06273465344838594, 0.02346087414440024, 
       -0.027397092578348624, -0.16896816239321732}, 
      {0.022489601607844068, -0.022358104151183878, 0.047726325013751944, 
       -0.002784265028231279, -0.004929207339000898, 0.08526217749184187, 
       0.0479238029433585, 0.4540637743499322}}, 
     {{-0.005773912186577331, 0.008044647783927808, 0.37626178470946026, 
       -0.03992290187312949, -0.05153324009651815, 0.02572354266065313, 
       -0.014633944391755029, -0.2193028721929178}, {0.03636388520946003, 
       -0.03184395446544709, -0.35456698743870224, -0.01205243546630098, 
       -0.062112273020558044, 0.016436515838599963, -0.03354504929225081, 
       -0.16843847050412392}, {0.02130714887956672, -0.03258534556646296, 
       0.04770733161065263, -0.004072865708375617, -0.0037989830940929684, 
       0.08960875234780724, 0.03237606011541909, 0.4532588326715904}}, 
     {{-0.005801372505777052, 0.007070598761078762, 0.3759214535890495, 
       -0.05381749296522634, -0.03684576415258218, 0.023493759629829348, 
       -0.017971189016262348, -0.2188967104718991}, {0.028008501770764384, 
       -0.03771802078485803, -0.3542111616848668, -0.030761838598062512, 
       -0.05535884769732876, 0.008063688318272618, -0.037863002751689925, 
       -0.1679438119628601}, {0.017318113965706025, -0.042606804320556003, 
       0.0476918369772282, -0.004939764833187403, -0.002372743946497348, 
       0.09065339251209627, 0.01657990611534711, 0.4524642576006582}}, 
     {{-0.0062068858445502965, 0.006304086422910407, 0.3755747653816369, 
       -0.06254546505254055, -0.018613501622434175, 0.020707262007311104, 
       -0.020837816071777048, -0.21854161860231489}, 
      {0.01865169520964684, -0.0414967692536899, -0.35385389143931023, 
       -0.046473798292741925, -0.04312320547668701, -0.0011884960541767462, 
       -0.04007999790681582, -0.167479858688841}, {0.010621251213464385, 
       -0.05173566927791279, 0.047681254939083956, -0.005333370256628028, 
       -0.0007952727797084637, 0.0884542792923882, 0.0012784527034041334, 
       0.45167230730743724}}, {{-0.006915351412933665, 0.005838375905679365, 
       0.3752162179483276, -0.0652762885783145, 0.0014107650682857378, 
       0.01748103208301948, -0.023128476661128366, -0.21823589799144577}, 
      {0.008808800084963599, -0.04301642936443665, -0.3534909306324776, 
       -0.05762869192995062, -0.02659853897131395, -0.01080058128906187, 
       -0.04004298719099514, -0.16704148365952023}, {0.001476202252710052, 
       -0.05932509399195684, 0.04767684156556068, -0.0052476816555577475, 
       0.0007871346169201079, 0.08323886527274285, -0.012821085361143987, 
       0.4508749965187372}}, {{-0.00783131158326638, 0.005744717315081556, 
       0.37484055421786655, -0.061755250818873716, 0.021308231449112085, 
       0.013952446905901902, -0.024768149733886854, -0.21797655717123887}, 
      {-0.0009822556383237923, -0.042238101169076725, -0.3531180937845388, 
       -0.06311189944785797, -0.007407069994043766, -0.020231902929537658, 
       -0.03772519107089422, -0.16662289179692785}, {-0.00971011732216934, 
       -0.06480500970954838, 0.04767966844808292, -0.004717427701760225, 
       0.0022394860275041202, 0.07539071337886431, -0.025085738104745823, 
       0.4500643014435489}}, {{-0.008844955409159175, 0.006068208493352949, 
       0.3744428918559078, -0.05232476038753508, 0.039177562928387574, 
       0.010271440848907095, -0.025715923918539434, -0.21775937126382292}, 
      {-0.010190772519278173, -0.03924932286766706, -0.3527313639709946, 
       -0.062367586324266124, 0.012558942886040746, -0.028950780204048895, 
       -0.03322735199874398, -0.16621776640882274}, {-0.022405379208063684, 
       -0.06771468472374464, 0.047690600996497565, -0.003811104846886721, 
       0.0034475675557100274, 0.06542778354017818, -0.03499093316876728, 
       0.44923236500744396}}, {{-0.009838935660018658, 0.006825225797795066, 
       0.37401884329069285, -0.03788876416560604, 0.05331512599298919, 
       0.006592004430109343, -0.025966791253013845, -0.2175789720424489}, 
      {-0.01832253787419024, -0.03425863151133961, -0.35232699682857505, 
       -0.055456416688525176, 0.03132492352230385, -0.03646405149014527, 
       -0.02677189632581703, -0.1658194275825277}, {-0.03598076812640874, 
       -0.06772935292963507, 0.047710282419293086, -0.0026221413833877956, 
       0.004324471078512028, 0.05397334027261483, -0.04214871619562989, 
       0.4483716979441492}}, {{-0.010695483832883067, 0.00800259956164254, 
       0.3735646229336484, -0.019824998542080217, 0.06237522222866574, 
       0.0030636318432203046, -0.025551326833246964, -0.2174289660063101}, 
      {-0.02494701392822979, -0.02758345249237589, -0.3519016176587576, 
       -0.043051998997282216, 0.04703074674599116, -0.0423444265105796, 
       -0.01869037135127352, -0.16542099832431295}, {-0.04974529610758509, 
       -0.06467937217886008, 0.04773912360652, -0.0012600747924736376, 
       0.004814162718512726, 0.04172115292396148, -0.04632843394369726, 
       0.44747537051987357}}, {{-0.011303559082133397, 0.009558462225138209, 
       0.37307713938263787, 0.0001467838947085245, 0.06549576823846558, 
       -0.00017693500445075254, -0.024533401768593824, -0.21730207957537473}, 
      {-0.029720836283634526, -0.01963201371052539, -0.35145230921217085, 
       -0.026375323412117957, 0.05811746360036992, -0.046254033717230573, 
       -0.009404884222614558, -0.16501557484445722}, 
      {-0.0629838266905567, -0.0585607589372791, 0.04777729871094374, 
       0.00015815866365091025, 0.004892958725583535, 0.029396681560590946, 
       -0.04746866005976014, 0.4465371895117383}}, 
     {{-0.011565506933798951, 0.011424818797537999, 0.37255407023204695, 
       0.020127509083112838, 0.06237810863036702, -0.003013084115188336, 
       -0.023005967613353474, -0.21719032666608057}, 
      {-0.03240644336393263, -0.010880317887398055, -0.35097668821972805, 
       -0.00707338203210704, 0.06348364273386242, -0.04796298383381222, 
       0.000595389682737266, -0.16459639695053196}, {-0.07499642277225307, 
       -0.049536652277134274, 0.047824746869091835, 0.0015162758868647087, 
       0.0045690660133111466, 0.01771666088035766, -0.045679849681328474, 
       0.4455518557434413}}, {{-0.011402877145143295, 0.013511596395245606, 
       0.3719939176245756, 0.038217829797612096, 0.05331411142943003, 
       -0.005354445321439611, -0.02108525965048207, -0.21708519579486496}, 
      {-0.0328847217050653, -0.001845423307095619, -0.3504729682240298, 
       0.012945256119290994, 0.06259649233454741, -0.047361846812694085, 
       0.010781359113031824, -0.16415701434744992}, {-0.08513706177134166, 
       -0.037929409378383495, 0.047881179480864795, 0.0027060107064884016, 
       0.003880936899503243, 0.007349083999480983, -0.04123735957708212, 
       0.4445150988360842}}, {{-0.01076113112420847, 0.015711900175901333, 
       0.3713960430795044, 0.052696395515486265, 0.03915854669804534, 
       -0.007141463331276096, -0.018903801333958886, -0.21697785169869074}, 
      {-0.031161153361561847, 0.006943416756022606, -0.3499400073153117, 
       0.03170161787053229, 0.055544604435260936, -0.044467543319744715, 
       0.020613250410199607, -0.16369144490580304}, {-0.09284944649316022, 
       -0.02420394279755002, 0.047946093117217974, 0.00363410162026609, 
       0.00289420117605591, -0.0011240791187829158, -0.03456538839972185, 
       0.443423784567168}}, {{-0.00961286228643796, 0.017908307569107676, 
       0.37076068122889394, 0.06218156912566014, 0.021248684890654304, 
       -0.008348069613398514, -0.016602477767449365, -0.21685934741552423}, 
      {-0.027364906012846215, 0.014974148563822317, -0.3493773394678258, 
       0.04734451652340581, 0.043028569964515526, -0.03942210920103132, 
       0.029570306898384805, -0.1631943209135905}, {-0.09769797451959042, 
       -0.008943060625531156, 0.0480187871203425, 0.004228784921377301, 
       0.0016974911669687387, -0.007239419035700264, -0.02621255814279853, 
       0.44227599322691175}}, {{-0.007959514815204493, 0.019979607981938107, 
       0.3700889315568696, 0.06576184890538965, 0.0012796329180664564, 
       -0.008982485564784778, -0.014322365643951703, -0.2167208407017509}, 
      {-0.02174125968187592, 0.021780345915793503, -0.3487851883053113, 
       0.058335054206464905, 0.026289292173953215, -0.03248475058906815, 
       0.03717944123110808, -0.16266102013499342}, {-0.09939206552414422, 
       0.007183750212901356, 0.04809838562985228, 0.004445563277105892, 
       0.00039642519524681107, -0.010677980262119965, -0.016820554478199082, 
       0.44107106595267603}}, {{-0.005831369724204658, 0.021807779736421385, 
       0.369382728669162, 0.06308260312987542, -0.018854362886343224, 
       -0.009085990317968194, -0.012196613687670606, -0.21655381005257524}, 
      {-0.014637531864752194, 0.026966983769722525, -0.3481644634509184, 
       0.06359895800748862, 0.006982225869222567, -0.02401736430546963, 
       0.04304114827515955, -0.16208777792014628}, {-0.09780265161831964, 
       0.023456430762566233, 0.048183863663166945, 0.004271669993166325, 
       -0.0008939289362696664, -0.011283223366006144, -0.0070874961448901, 
       0.43980961904361837}}, {{-0.00328591107809489, 0.023284767718506648, 
       0.36864479181968735, 0.05438151779017543, -0.03723735829112068, 
       -0.008729843988488624, -0.01034286069255206, -0.2163502647711199}, 
      {-0.006483415646728034, 0.03023215086478753, -0.3475167386433411, 
       0.06263131906102545, -0.012988966436977077, -0.014464463069603422, 
       0.046851274213623895, -0.16147177770499513}, {-0.09296961255124153, 
       0.039143316952029245, 0.0482740757050644, 0.0037284784064726597, 
       -0.00205846686860533, -0.00906974300603878, 0.0022719084345197314, 
       0.4384935251474292}}, {{-0.00040465240846429014, 0.024318591451249236, 
       0.36787855485734827, 0.040468725913988916, -0.05211262173027885, 
       -0.008010539967058918, -0.008856708132582165, -0.21610294416567763}, 
      {0.0022331410618616977, 0.031383619675468766, -0.34684421292520523, 
       0.055543320389841985, -0.03166288464814717, -0.0043286422586241964, 
       0.04841756150025875, -0.1608112181751653}, {-0.08509998872102284, 
       0.05354078929817275, 0.048367786949267584, 0.002871617462376934, 
       -0.0029921646237687075, -0.00422247875575677, 0.010567184959516803, 
       0.4371258619109715}}, {{0.002711399382577498, 0.024838551877148958, 
       0.36708807857388587, 0.022653198817596972, -0.06204932731713651, 
       -0.0070436585348194625, -0.007806488159490295, -0.21580549962066214}, 
      {0.010993285327145162, 0.030349308235582368, -0.3461496551495526, 
       0.043047447210055684, -0.047214442035676395, 0.005857165663153843, 
       0.04767000770257378, -0.1601053539061333}, {-0.07455697391876186, 
       0.06601148144069027, 0.048463705457077344, 0.0017870392290851743, 
       -0.0036108216698132654, 0.002913648716702158, 0.017171688675879166, 
       0.4357108311149948}}, {{0.005947372265094411, 0.02479915490709494, 
       0.3662779472626868, 0.0026218555414960383, -0.0660802001262216, 
       -0.005956686387286883, -0.007229704535647422, -0.2154526564556926}, 
      {0.019276193430192122, 0.02718106207303721, -0.34543633364575144, 
       0.0263828916057819, -0.0581338348736742, 0.015558991027147924, 
       0.044664471134390454, -0.15935451019465346}, {-0.06184019229182149, 
       0.07601882557774718, 0.04856051526447524, 0.0005839538155631251, 
       -0.003860332680890242, 0.011853222500020483, 0.021558658159560408, 
       0.4342536482362946}}, {{0.009180859795528176, 0.02418264071855121, 
       0.3654531525110623, -0.01771840116548887, -0.06379655441370195, 
       -0.004881279727961268, -0.007131224191917522, -0.2150403503068124}, 
      {0.026588112960495215, 0.022051491031619855, -0.3447079325109305, 
       0.007189992921752969, -0.0633720683138092, 0.024271193816974405, 
       0.03957926320635335, -0.15856007000653694}, {-0.04755849884997679, 
       0.08315602624934651, 0.04865690888127895, -0.0006155950966610574, 
       -0.003723643683276773, 0.021997718997862577, 0.023331696310007234, 
       0.4327604072947157}}, {{0.012288734947050432, 0.022999873835377535, 
       0.3646189670538474, -0.036420772036563805, -0.05539118203458871, 
       -0.003945267225084976, -0.007483420232567646, -0.21456583433634555}, 
      {0.032489858249251984, 0.015244252605806858, -0.3439684568399998, 
       -0.012653382758087242, -0.06243992833494815, 0.03154423146054132, 
       0.03270512718174821, -0.1577244342983897}, {-0.03239670187828069, 
       0.08716792758430357, 0.04875161866756313, -0.00168954144264961, 
       -0.0032240507146913218, 0.032669390008271, 0.02224803311077121, 
       0.43123792415839457}}, {{0.015153843255763435, 0.021289597582554373, 
       0.36378081192116263, -0.051684553213062305, -0.04164457064498327, 
       -0.003265057900960973, -0.008228196090672484, -0.21402775570371585}, 
      {0.0366211982380331, 0.007138147991470671, -0.3432221294119271, 
       -0.031216304356372116, -0.0554506589209028, 0.0370092537471844, 
       0.024428977159242433, -0.15685095639586305}, {-0.01707812084912645, 
       0.08796443646238318, 0.048843446372175074, -0.0025293950374305884, 
       -0.0024236327944121864, 0.043149684898924345, 0.018233122645135817, 
       0.42969356240781126}}, {{0.01767139857670911, 0.01911618115760107, 
       0.36294412012204497, -0.062028801513223514, -0.0238545511152146, 
       -0.002938678921034535, -0.009280690759773865, -0.21342619765288778}, 
      {0.0387208866838366, -0.0018141313695521765, -0.34247328121276266, 
       -0.04670256983969306, -0.04310442123205706, 0.0403982614746727, 
       0.015212244775213392, -0.15594385222529558}, {-0.0023249782128789524, 
       0.08562482530329352, 0.04893128997212843, -0.003052992324838495, 
       -0.0014170109901718987, 0.05272013755257866, 0.011385801714950057, 
       0.4281350459636256}}}
